[I 2026-04-12 09:51:50,784] Trial 20 finished with value: 6.4989340200190355 and parameters: {'n_estimators': 664, 'max_depth': 4, 'learning_rate': 0.04094030718485131, 'subsample': 0.7723549548402981, 'colsample_bytree': 0.9183605579136533, 'min_child_weight': 9, 'reg_alpha': 0.4563311160415649, 'reg_lambda': 0.14154007693398}. Best is trial 3 with value: 6.47628327912943.
[I 2026-04-12 09:51:53,882] Trial 21 finished with value: 6.476398857654478 and parameters: {'n_estimators': 441, 'max_depth': 3, 'learning_rate': 0.018974692815999988, 'subsample': 0.6051222357576463, 'colsample_bytree': 0.959898678322398, 'min_child_weight': 10, 'reg_alpha': 0.6747229607743114, 'reg_lambda': 0.814881984249313}. Best is trial 3 with value: 6.47628327912943.
[I 2026-04-12 09:51:58,685] Trial 22 finished with value: 6.482867653334194 and parameters: {'n_estimators': 489, 'max_depth': 5, 'learning_rate': 0.021320138691684372, 'subsample': 0.6385285703372797, 'colsample_bytree': 0.945370042207488, 'min_child_weight': 10, 'reg_alpha': 0.8120250624690164, 'reg_lambda': 0.7750448897040092}. Best is trial 3 with value: 6.47628327912943.
[I 2026-04-12 09:52:01,716] Trial 23 finished with value: 6.468924281271137 and parameters: {'n_estimators': 342, 'max_depth': 4, 'learning_rate': 0.020153784469336702, 'subsample': 0.7089567649590195, 'colsample_bytree': 0.9621646954865971, 'min_child_weight': 9, 'reg_alpha': 0.6590515985153338, 'reg_lambda': 0.4983353871705074}. Best is trial 23 with value: 6.468924281271137.
[I 2026-04-12 09:52:04,425] Trial 24 finished with value: 6.497494476913665 and parameters: {'n_estimators': 348, 'max_depth': 3, 'learning_rate': 0.010704629683028767, 'subsample': 0.7127748061197724, 'colsample_bytree': 0.9642068643031363, 'min_child_weight': 9, 'reg_alpha': 0.6062116384910718, 'reg_lambda': 0.5111874812104004}. Best is trial 23 with value: 6.468924281271137.
[I 2026-04-12 09:52:07,202] Trial 25 finished with value: 6.470673679685407 and parameters: {'n_estimators': 313, 'max_depth': 4, 'learning_rate': 0.018683724481040543, 'subsample': 0.7771108572015666, 'colsample_bytree': 0.8982573110613783, 'min_child_weight': 7, 'reg_alpha': 0.6436903489425598, 'reg_lambda': 0.7732561219667381}. Best is trial 23 with value: 6.468924281271137.
[I 2026-04-12 09:52:09,772] Trial 26 finished with value: 6.490118072689996 and parameters: {'n_estimators': 316, 'max_depth': 4, 'learning_rate': 0.04543524513934139, 'subsample': 0.7778460981527795, 'colsample_bytree': 0.9048190107666098, 'min_child_weight': 7, 'reg_alpha': 0.5344031575599066, 'reg_lambda': 0.44905568436673193}. Best is trial 23 with value: 6.468924281271137.
[I 2026-04-12 09:52:11,917] Trial 27 finished with value: 6.496478647431204 and parameters: {'n_estimators': 148, 'max_depth': 6, 'learning_rate': 0.01804948222184545, 'subsample': 0.7122734712117004, 'colsample_bytree': 0.8666827610568468, 'min_child_weight': 6, 'reg_alpha': 0.42797894263130043, 'reg_lambda': 0.5472137516075416}. Best is trial 23 with value: 6.468924281271137.
[I 2026-04-12 09:52:14,018] Trial 28 finished with value: 6.49785413964277 and parameters: {'n_estimators': 256, 'max_depth': 4, 'learning_rate': 0.09402104236967442, 'subsample': 0.7830201655195757, 'colsample_bytree': 0.9209386257076452, 'min_child_weight': 7, 'reg_alpha': 0.7902773961134487, 'reg_lambda': 0.7237656879094561}. Best is trial 23 with value: 6.468924281271137.
[I 2026-04-12 09:52:17,167] Trial 29 finished with value: 6.500723836131425 and parameters: {'n_estimators': 221, 'max_depth': 6, 'learning_rate': 0.011983830699063256, 'subsample': 0.7121692623913559, 'colsample_bytree': 0.8947697247646804, 'min_child_weight': 9, 'reg_alpha': 0.32314756548392476, 'reg_lambda': 0.36565771631246}. Best is trial 23 with value: 6.468924281271137.
[optuna] Best params: {'n_estimators': 342, 'max_depth': 4, 'learning_rate': 0.020153784469336702, 'subsample': 0.7089567649590195, 'colsample_bytree': 0.9621646954865971, 'min_child_weight': 9, 'reg_alpha': 0.6590515985153338, 'reg_lambda': 0.4983353871705074}
[optuna] Optimizing hyperparameters for points classification...
[I 2026-04-12 10:05:39,536] A new study created in memory with name: no-name-4c3cb0de-365b-47a0-8ff3-e06572d1f343
[I 2026-04-12 10:05:52,114] Trial 0 finished with value: 0.5875385076929336 and parameters: {'n_estimators': 380, 'max_depth': 8, 'learning_rate': 0.18243898858384958, 'subsample': 0.9973078251100236, 'colsample_bytree': 0.6028652230782697, 'min_child_weight': 4, 'reg_alpha': 0.5936217927369867, 'reg_lambda': 0.15368383925513862}. Best is trial 0 with value: 0.5875385076929336.
[I 2026-04-12 10:06:00,890] Trial 1 finished with value: 0.6052517076875246 and parameters: {'n_estimators': 418, 'max_depth': 4, 'learning_rate': 0.1681302591444261, 'subsample': 0.8096088049321225, 'colsample_bytree': 0.9389478298801976, 'min_child_weight': 5, 'reg_alpha': 0.7744496261280482, 'reg_lambda': 0.6670983703128279}. Best is trial 1 with value: 0.6052517076875246.
[I 2026-04-12 10:06:11,262] Trial 2 finished with value: 0.6142663507804688 and parameters: {'n_estimators': 484, 'max_depth': 4, 'learning_rate': 0.0568806695047538, 'subsample': 0.7518870517872166, 'colsample_bytree': 0.7046745001583407, 'min_child_weight': 8, 'reg_alpha': 0.25920439751784163, 'reg_lambda': 0.862979434470345}. Best is trial 2 with value: 0.6142663507804688.
[I 2026-04-12 10:06:31,713] Trial 3 finished with value: 0.6163093811367009 and parameters: {'n_estimators': 980, 'max_depth': 4, 'learning_rate': 0.028761742677073144, 'subsample': 0.9986808754841674, 'colsample_bytree': 0.6453606751597145, 'min_child_weight': 4, 'reg_alpha': 0.9544039231618137, 'reg_lambda': 0.372723050933624}. Best is trial 3 with value: 0.6163093811367009.
[I 2026-04-12 10:06:37,364] Trial 4 finished with value: 0.6051937072735871 and parameters: {'n_estimators': 233, 'max_depth': 4, 'learning_rate': 0.20491094676253166, 'subsample': 0.8002402429081885, 'colsample_bytree': 0.9200970666525492, 'min_child_weight': 10, 'reg_alpha': 0.9177451677125871, 'reg_lambda': 0.3512278400361559}. Best is trial 3 with value: 0.6163093811367009.
[I 2026-04-12 10:06:55,988] Trial 5 finished with value: 0.616341335844524 and parameters: {'n_estimators': 961, 'max_depth': 3, 'learning_rate': 0.029856457870343762, 'subsample': 0.7482353286429988, 'colsample_bytree': 0.670655297849936, 'min_child_weight': 9, 'reg_alpha': 0.6954065016656891, 'reg_lambda': 0.9969868785630646}. Best is trial 5 with value: 0.616341335844524.
[I 2026-04-12 10:07:18,435] Trial 6 finished with value: 0.5925105903838666 and parameters: {'n_estimators': 316, 'max_depth': 8, 'learning_rate': 0.12206414821625142, 'subsample': 0.8578014757904275, 'colsample_bytree': 0.9280734256094234, 'min_child_weight': 1, 'reg_alpha': 0.8131284235535137, 'reg_lambda': 0.4475489820368993}. Best is trial 5 with value: 0.616341335844524.
[I 2026-04-12 10:07:30,262] Trial 7 finished with value: 0.6186594875043193 and parameters: {'n_estimators': 432, 'max_depth': 5, 'learning_rate': 0.0438402741897058, 'subsample': 0.629838124165245, 'colsample_bytree': 0.6024111571591159, 'min_child_weight': 2, 'reg_alpha': 0.5953103221808309, 'reg_lambda': 0.05523305969434933}. Best is trial 7 with value: 0.6186594875043193.
[I 2026-04-12 10:08:05,924] Trial 8 finished with value: 0.5930112141397633 and parameters: {'n_estimators': 960, 'max_depth': 8, 'learning_rate': 0.16657505946364323, 'subsample': 0.8904394483222396, 'colsample_bytree': 0.6448187454096961, 'min_child_weight': 1, 'reg_alpha': 0.2031452764670708, 'reg_lambda': 0.816854925987082}. Best is trial 7 with value: 0.6186594875043193.
[I 2026-04-12 10:08:39,134] Trial 9 finished with value: 0.6098882065769117 and parameters: {'n_estimators': 877, 'max_depth': 8, 'learning_rate': 0.0203457214836192, 'subsample': 0.8556196349741749, 'colsample_bytree': 0.8208066038362445, 'min_child_weight': 5, 'reg_alpha': 0.4331549943839904, 'reg_lambda': 0.1493157874640011}. Best is trial 7 with value: 0.6186594875043193.
[I 2026-04-12 10:08:59,360] Trial 10 finished with value: 0.6132498837477253 and parameters: {'n_estimators': 672, 'max_depth': 6, 'learning_rate': 0.010636929257845165, 'subsample': 0.6005171725226991, 'colsample_bytree': 0.7774045921681836, 'min_child_weight': 2, 'reg_alpha': 0.013335211979789818, 'reg_lambda': 0.07833464146060559}. Best is trial 7 with value: 0.6186594875043193.
[I 2026-04-12 10:09:19,248] Trial 11 finished with value: 0.6111914173468398 and parameters: {'n_estimators': 726, 'max_depth': 6, 'learning_rate': 0.05489674826669926, 'subsample': 0.6350765332080258, 'colsample_bytree': 0.71358120933906, 'min_child_weight': 8, 'reg_alpha': 0.6079669217987365, 'reg_lambda': 0.9747493766083123}. Best is trial 7 with value: 0.6186594875043193.
[I 2026-04-12 10:09:22,920] Trial 12 finished with value: 0.5988170283348226 and parameters: {'n_estimators': 136, 'max_depth': 3, 'learning_rate': 0.03242899058672944, 'subsample': 0.6911068605560653, 'colsample_bytree': 0.6024949016523999, 'min_child_weight': 7, 'reg_alpha': 0.4707557495007526, 'reg_lambda': 0.6381849110951293}. Best is trial 7 with value: 0.6186594875043193.
[I 2026-04-12 10:09:53,200] Trial 13 finished with value: 0.5989917001016516 and parameters: {'n_estimators': 610, 'max_depth': 10, 'learning_rate': 0.0699326611606731, 'subsample': 0.706673250925413, 'colsample_bytree': 0.6908606980802774, 'min_child_weight': 10, 'reg_alpha': 0.7082120851847725, 'reg_lambda': 0.012584923707550502}. Best is trial 7 with value: 0.6186594875043193.
[I 2026-04-12 10:10:09,891] Trial 14 finished with value: 0.6142769988574254 and parameters: {'n_estimators': 791, 'max_depth': 3, 'learning_rate': 0.017033285991584858, 'subsample': 0.6747817601933056, 'colsample_bytree': 0.7858427535709789, 'min_child_weight': 3, 'reg_alpha': 0.6180190234759122, 'reg_lambda': 0.2804049163257775}. Best is trial 7 with value: 0.6186594875043193.
[I 2026-04-12 10:10:24,435] Trial 15 finished with value: 0.6142621111066657 and parameters: {'n_estimators': 552, 'max_depth': 5, 'learning_rate': 0.034151514639118995, 'subsample': 0.7540729393768564, 'colsample_bytree': 0.8370676644127633, 'min_child_weight': 7, 'reg_alpha': 0.3542417444598537, 'reg_lambda': 0.5830544047938113}. Best is trial 7 with value: 0.6186594875043193.
[I 2026-04-12 10:10:47,301] Trial 16 finished with value: 0.6035584608969926 and parameters: {'n_estimators': 820, 'max_depth': 5, 'learning_rate': 0.08492030924155296, 'subsample': 0.7421817829470014, 'colsample_bytree': 0.6590631052043114, 'min_child_weight': 9, 'reg_alpha': 0.7322559853166214, 'reg_lambda': 0.751873323066667}. Best is trial 7 with value: 0.6186594875043193.
[I 2026-04-12 10:10:59,752] Trial 17 finished with value: 0.6108500223284831 and parameters: {'n_estimators': 525, 'max_depth': 3, 'learning_rate': 0.020767536483613493, 'subsample': 0.6421274824798258, 'colsample_bytree': 0.7457724534609725, 'min_child_weight': 6, 'reg_alpha': 0.49460570169006984, 'reg_lambda': 0.5071025168296083}. Best is trial 7 with value: 0.6186594875043193.
[I 2026-04-12 10:11:08,388] Trial 18 finished with value: 0.6124922323867605 and parameters: {'n_estimators': 280, 'max_depth': 5, 'learning_rate': 0.03827439010509889, 'subsample': 0.9332042176323304, 'colsample_bytree': 0.9940397315345803, 'min_child_weight': 3, 'reg_alpha': 0.836773154775283, 'reg_lambda': 0.9923600304063851}. Best is trial 7 with value: 0.6186594875043193.
[I 2026-04-12 10:11:13,187] Trial 19 finished with value: 0.6058614698668293 and parameters: {'n_estimators': 114, 'max_depth': 7, 'learning_rate': 0.10113605688538156, 'subsample': 0.6007248780601079, 'colsample_bytree': 0.6605664547848528, 'min_child_weight': 7, 'reg_alpha': 0.6519868689366045, 'reg_lambda': 0.24568491247419577}. Best is trial 7 with value: 0.6186594875043193.
[I 2026-04-12 10:11:57,539] Trial 20 finished with value: 0.6102752182503053 and parameters: {'n_estimators': 623, 'max_depth': 10, 'learning_rate': 0.011803076119466493, 'subsample': 0.7307953809616166, 'colsample_bytree': 0.7387868657633316, 'min_child_weight': 2, 'reg_alpha': 0.36397707412430935, 'reg_lambda': 0.8797372388815987}. Best is trial 7 with value: 0.6186594875043193.
[I 2026-04-12 10:12:20,289] Trial 21 finished with value: 0.617555621726441 and parameters: {'n_estimators': 985, 'max_depth': 4, 'learning_rate': 0.025945763101693078, 'subsample': 0.9656514044445885, 'colsample_bytree': 0.641835698774671, 'min_child_weight': 4, 'reg_alpha': 0.9997433657596886, 'reg_lambda': 0.43761464382107285}. Best is trial 7 with value: 0.6186594875043193.
[I 2026-04-12 10:12:43,344] Trial 22 finished with value: 0.6128118947114798 and parameters: {'n_estimators': 906, 'max_depth': 5, 'learning_rate': 0.04581758570988295, 'subsample': 0.9297527143471283, 'colsample_bytree': 0.6172227651219686, 'min_child_weight': 3, 'reg_alpha': 0.8774582263735253, 'reg_lambda': 0.43671781022957445}. Best is trial 7 with value: 0.6186594875043193.
[I 2026-04-12 10:13:04,230] Trial 23 finished with value: 0.5932305945590024 and parameters: {'n_estimators': 997, 'max_depth': 3, 'learning_rate': 0.29649143791915494, 'subsample': 0.8343335836298135, 'colsample_bytree': 0.6763104642778232, 'min_child_weight': 4, 'reg_alpha': 0.9800262504426006, 'reg_lambda': 0.2022214003998627}. Best is trial 7 with value: 0.6186594875043193.
[I 2026-04-12 10:13:23,254] Trial 24 finished with value: 0.6170432637827534 and parameters: {'n_estimators': 794, 'max_depth': 4, 'learning_rate': 0.025209288733621767, 'subsample': 0.9538134814766409, 'colsample_bytree': 0.6353326961073384, 'min_child_weight': 2, 'reg_alpha': 0.5431583432065189, 'reg_lambda': 0.5529590330069079}. Best is trial 7 with value: 0.6186594875043193.
[I 2026-04-12 10:13:46,638] Trial 25 finished with value: 0.6150655851694171 and parameters: {'n_estimators': 749, 'max_depth': 6, 'learning_rate': 0.014650883363355106, 'subsample': 0.9522803953137853, 'colsample_bytree': 0.634495395560537, 'min_child_weight': 2, 'reg_alpha': 0.06623190253215233, 'reg_lambda': 0.5317095432100883}. Best is trial 7 with value: 0.6186594875043193.
[I 2026-04-12 10:14:07,115] Trial 26 finished with value: 0.6170079983576607 and parameters: {'n_estimators': 858, 'max_depth': 4, 'learning_rate': 0.023060550437629463, 'subsample': 0.9597417920575708, 'colsample_bytree': 0.7275408163891476, 'min_child_weight': 1, 'reg_alpha': 0.5432581224134371, 'reg_lambda': 0.6924652969416355}. Best is trial 7 with value: 0.6186594875043193.
[I 2026-04-12 10:14:18,480] Trial 27 finished with value: 0.6099333412920928 and parameters: {'n_estimators': 415, 'max_depth': 5, 'learning_rate': 0.04691045130111218, 'subsample': 0.8985994358481404, 'colsample_bytree': 0.6254005330651508, 'min_child_weight': 2, 'reg_alpha': 0.389330922181892, 'reg_lambda': 0.33335098934055973}. Best is trial 7 with value: 0.6186594875043193.
[I 2026-04-12 10:14:43,925] Trial 28 finished with value: 0.6109137641128753 and parameters: {'n_estimators': 691, 'max_depth': 7, 'learning_rate': 0.024002583374493916, 'subsample': 0.8844644569038478, 'colsample_bytree': 0.8521150553176093, 'min_child_weight': 3, 'reg_alpha': 0.2547657300586502, 'reg_lambda': 0.5945492656051756}. Best is trial 7 with value: 0.6186594875043193.
[I 2026-04-12 10:15:06,247] Trial 29 finished with value: 0.615131768083948 and parameters: {'n_estimators': 907, 'max_depth': 4, 'learning_rate': 0.01635659981316404, 'subsample': 0.9681550927949463, 'colsample_bytree': 0.6146213654696575, 'min_child_weight': 4, 'reg_alpha': 0.5125909922179024, 'reg_lambda': 0.1496482290098063}. Best is trial 7 with value: 0.6186594875043193.
[optuna] Best params: {'n_estimators': 432, 'max_depth': 5, 'learning_rate': 0.0438402741897058, 'subsample': 0.629838124165245, 'colsample_bytree': 0.6024111571591159, 'min_child_weight': 2, 'reg_alpha': 0.5953103221808309, 'reg_lambda': 0.05523305969434933}
[wf] assists: auc_raw=0.675 brier_raw=0.235 auc_cal=0.665 brier_cal=0.225 folds=5
[optuna] Optimizing hyperparameters for assists regression...
[I 2026-04-12 10:29:00,190] A new study created in memory with name: no-name-219e4c42-cddc-4952-98c3-8ff70e29cdca
[I 2026-04-12 10:29:05,251] Trial 0 finished with value: 1.964224175853865 and parameters: {'n_estimators': 689, 'max_depth': 4, 'learning_rate': 0.02363224371924855, 'subsample': 0.9210021847642182, 'colsample_bytree': 0.75328283675794, 'min_child_weight': 9, 'reg_alpha': 0.9943988495077435, 'reg_lambda': 0.9010102055564364}. Best is trial 0 with value: 1.964224175853865.
[I 2026-04-12 10:29:09,118] Trial 1 finished with value: 2.072705196468323 and parameters: {'n_estimators': 536, 'max_depth': 4, 'learning_rate': 0.24018210418317862, 'subsample': 0.9501392344244091, 'colsample_bytree': 0.9308532733146376, 'min_child_weight': 3, 'reg_alpha': 0.6406271632739708, 'reg_lambda': 0.021444716587398216}. Best is trial 0 with value: 1.964224175853865.
[I 2026-04-12 10:29:15,711] Trial 2 finished with value: 2.2005376247863495 and parameters: {'n_estimators': 558, 'max_depth': 6, 'learning_rate': 0.23200741989037932, 'subsample': 0.6632919744454854, 'colsample_bytree': 0.9929113694639833, 'min_child_weight': 4, 'reg_alpha': 0.5264852065708278, 'reg_lambda': 0.4797440339503367}. Best is trial 0 with value: 1.964224175853865.
[I 2026-04-12 10:29:21,467] Trial 3 finished with value: 2.1314396835238774 and parameters: {'n_estimators': 786, 'max_depth': 4, 'learning_rate': 0.23206552142814912, 'subsample': 0.6844490939575457, 'colsample_bytree': 0.7935396180498895, 'min_child_weight': 1, 'reg_alpha': 0.18257015289873102, 'reg_lambda': 0.7586558659506295}. Best is trial 0 with value: 1.964224175853865.
[I 2026-04-12 10:29:28,856] Trial 4 finished with value: 2.0282017568249535 and parameters: {'n_estimators': 985, 'max_depth': 4, 'learning_rate': 0.10379733944430865, 'subsample': 0.905630270102973, 'colsample_bytree': 0.8908650902158637, 'min_child_weight': 4, 'reg_alpha': 0.8619693181183878, 'reg_lambda': 0.11101999019470221}. Best is trial 0 with value: 1.964224175853865.
[I 2026-04-12 10:29:32,296] Trial 5 finished with value: 1.962491891688249 and parameters: {'n_estimators': 500, 'max_depth': 3, 'learning_rate': 0.012586458295629696, 'subsample': 0.8476229716748124, 'colsample_bytree': 0.6264743801732315, 'min_child_weight': 6, 'reg_alpha': 0.253305234928355, 'reg_lambda': 0.10813362120800851}. Best is trial 5 with value: 1.962491891688249.
[I 2026-04-12 10:29:36,758] Trial 6 finished with value: 1.9723652077856764 and parameters: {'n_estimators': 572, 'max_depth': 4, 'learning_rate': 0.038147180551357386, 'subsample': 0.6176436854369657, 'colsample_bytree': 0.7733792361223113, 'min_child_weight': 8, 'reg_alpha': 0.6924273033320104, 'reg_lambda': 0.16789834850733532}. Best is trial 5 with value: 1.962491891688249.
[I 2026-04-12 10:29:55,465] Trial 7 finished with value: 2.042971310468831 and parameters: {'n_estimators': 904, 'max_depth': 8, 'learning_rate': 0.04850782692674444, 'subsample': 0.609569822943034, 'colsample_bytree': 0.9930547944406205, 'min_child_weight': 6, 'reg_alpha': 0.815562062593632, 'reg_lambda': 0.9132456475947087}. Best is trial 5 with value: 1.962491891688249.
[I 2026-04-12 10:30:03,275] Trial 8 finished with value: 1.9941297464660557 and parameters: {'n_estimators': 556, 'max_depth': 7, 'learning_rate': 0.043201283523472814, 'subsample': 0.8346222019244975, 'colsample_bytree': 0.8544736278698924, 'min_child_weight': 6, 'reg_alpha': 0.2762977557475689, 'reg_lambda': 0.5416825791848974}. Best is trial 5 with value: 1.962491891688249.
[I 2026-04-12 10:30:08,329] Trial 9 finished with value: 1.96621223473339 and parameters: {'n_estimators': 466, 'max_depth': 6, 'learning_rate': 0.020423115293298884, 'subsample': 0.7251039758910668, 'colsample_bytree': 0.7077249243628755, 'min_child_weight': 10, 'reg_alpha': 0.11672439524542211, 'reg_lambda': 0.23063465679895812}. Best is trial 5 with value: 1.962491891688249.
[I 2026-04-12 10:30:15,144] Trial 10 finished with value: 1.9863134821603758 and parameters: {'n_estimators': 185, 'max_depth': 10, 'learning_rate': 0.010573945967392485, 'subsample': 0.8066356127463434, 'colsample_bytree': 0.6085596913078012, 'min_child_weight': 7, 'reg_alpha': 0.3665503833857937, 'reg_lambda': 0.36281870433733154}. Best is trial 5 with value: 1.962491891688249.
[I 2026-04-12 10:30:17,561] Trial 11 finished with value: 1.9699511536366785 and parameters: {'n_estimators': 326, 'max_depth': 3, 'learning_rate': 0.01015532434168609, 'subsample': 0.8853324390867763, 'colsample_bytree': 0.6061340181592889, 'min_child_weight': 10, 'reg_alpha': 0.9968211515871209, 'reg_lambda': 0.9837039497122162}. Best is trial 5 with value: 1.962491891688249.
[I 2026-04-12 10:30:22,719] Trial 12 finished with value: 1.9642640869718904 and parameters: {'n_estimators': 799, 'max_depth': 3, 'learning_rate': 0.02160753289676769, 'subsample': 0.9873485734309468, 'colsample_bytree': 0.6963147248732482, 'min_child_weight': 8, 'reg_alpha': 0.018338399647847226, 'reg_lambda': 0.7235489838159664}. Best is trial 5 with value: 1.962491891688249.
[I 2026-04-12 10:30:29,236] Trial 13 finished with value: 1.962798683890451 and parameters: {'n_estimators': 725, 'max_depth': 5, 'learning_rate': 0.019988241761791488, 'subsample': 0.8556084328304975, 'colsample_bytree': 0.7060018820701687, 'min_child_weight': 9, 'reg_alpha': 0.40999571355237496, 'reg_lambda': 0.6717754314796346}. Best is trial 5 with value: 1.962491891688249.
[I 2026-04-12 10:30:33,051] Trial 14 finished with value: 1.960340381672313 and parameters: {'n_estimators': 370, 'max_depth': 5, 'learning_rate': 0.014866713650486845, 'subsample': 0.7644809679201003, 'colsample_bytree': 0.6615809544244615, 'min_child_weight': 8, 'reg_alpha': 0.4093788437619409, 'reg_lambda': 0.6385623235963878}. Best is trial 14 with value: 1.960340381672313.
