[I 2026-04-12 10:30:39,453] Trial 15 finished with value: 2.0432797129961293 and parameters: {'n_estimators': 345, 'max_depth': 8, 'learning_rate': 0.09412121703045617, 'subsample': 0.7629005809203346, 'colsample_bytree': 0.6530886255781045, 'min_child_weight': 5, 'reg_alpha': 0.514805874422626, 'reg_lambda': 0.35723236139268155}. Best is trial 14 with value: 1.960340381672313.
[I 2026-04-12 10:30:40,764] Trial 16 finished with value: 2.0015320853087317 and parameters: {'n_estimators': 102, 'max_depth': 5, 'learning_rate': 0.015424525980515715, 'subsample': 0.7612577002718083, 'colsample_bytree': 0.666017017064992, 'min_child_weight': 7, 'reg_alpha': 0.28146607135232143, 'reg_lambda': 0.549422106955333}. Best is trial 14 with value: 1.960340381672313.
[I 2026-04-12 10:30:43,318] Trial 17 finished with value: 1.9657273140928881 and parameters: {'n_estimators': 357, 'max_depth': 3, 'learning_rate': 0.03324567925181379, 'subsample': 0.7770959610932853, 'colsample_bytree': 0.6472164307896199, 'min_child_weight': 2, 'reg_alpha': 0.4068064695930048, 'reg_lambda': 0.33776860120960533}. Best is trial 14 with value: 1.960340381672313.
[I 2026-04-12 10:30:45,664] Trial 18 finished with value: 1.973429995627226 and parameters: {'n_estimators': 239, 'max_depth': 5, 'learning_rate': 0.06937387263485696, 'subsample': 0.8202493087618137, 'colsample_bytree': 0.7398457187056411, 'min_child_weight': 5, 'reg_alpha': 0.21565549048299054, 'reg_lambda': 0.6534168086557508}. Best is trial 14 with value: 1.960340381672313.
[I 2026-04-12 10:31:00,663] Trial 19 finished with value: 1.9798111237126776 and parameters: {'n_estimators': 446, 'max_depth': 10, 'learning_rate': 0.01406231929262587, 'subsample': 0.7205172344034262, 'colsample_bytree': 0.8308643517684572, 'min_child_weight': 7, 'reg_alpha': 0.04137829265849147, 'reg_lambda': 0.46513767276836004}. Best is trial 14 with value: 1.960340381672313.
[I 2026-04-12 10:31:05,738] Trial 20 finished with value: 1.9703458163143543 and parameters: {'n_estimators': 436, 'max_depth': 6, 'learning_rate': 0.03000251828407093, 'subsample': 0.8586173214281596, 'colsample_bytree': 0.6357466925779608, 'min_child_weight': 8, 'reg_alpha': 0.5956080228206048, 'reg_lambda': 0.0001347812925158176}. Best is trial 14 with value: 1.960340381672313.
[I 2026-04-12 10:31:12,334] Trial 21 finished with value: 1.9612673729388064 and parameters: {'n_estimators': 673, 'max_depth': 5, 'learning_rate': 0.014407872069602175, 'subsample': 0.8681717847729882, 'colsample_bytree': 0.7005317864719165, 'min_child_weight': 9, 'reg_alpha': 0.39998790296364817, 'reg_lambda': 0.6653357374898888}. Best is trial 14 with value: 1.960340381672313.
[I 2026-04-12 10:31:21,981] Trial 22 finished with value: 1.9625890061158044 and parameters: {'n_estimators': 648, 'max_depth': 7, 'learning_rate': 0.012999837475073574, 'subsample': 0.8844382230351695, 'colsample_bytree': 0.6755983300118388, 'min_child_weight': 9, 'reg_alpha': 0.342837012758562, 'reg_lambda': 0.824720860625467}. Best is trial 14 with value: 1.960340381672313.
[I 2026-04-12 10:31:28,170] Trial 23 finished with value: 1.9616741179512447 and parameters: {'n_estimators': 614, 'max_depth': 5, 'learning_rate': 0.016656512033362054, 'subsample': 0.9518692691532064, 'colsample_bytree': 0.7364321810932454, 'min_child_weight': 7, 'reg_alpha': 0.46627043840274396, 'reg_lambda': 0.6150877503380875}. Best is trial 14 with value: 1.960340381672313.
[I 2026-04-12 10:31:34,491] Trial 24 finished with value: 1.9679688715829962 and parameters: {'n_estimators': 620, 'max_depth': 5, 'learning_rate': 0.02436336162008056, 'subsample': 0.9951733235917007, 'colsample_bytree': 0.7305453802050956, 'min_child_weight': 8, 'reg_alpha': 0.45834387339239124, 'reg_lambda': 0.611385238217387}. Best is trial 14 with value: 1.960340381672313.
[I 2026-04-12 10:31:43,733] Trial 25 finished with value: 1.9677794207679182 and parameters: {'n_estimators': 782, 'max_depth': 6, 'learning_rate': 0.017746392468408773, 'subsample': 0.9678398584758422, 'colsample_bytree': 0.8164653640217207, 'min_child_weight': 10, 'reg_alpha': 0.48858073047875306, 'reg_lambda': 0.7738232222616095}. Best is trial 14 with value: 1.960340381672313.
[I 2026-04-12 10:31:52,219] Trial 26 finished with value: 1.975337681141708 and parameters: {'n_estimators': 876, 'max_depth': 5, 'learning_rate': 0.027804398650406965, 'subsample': 0.943606383379292, 'colsample_bytree': 0.7770386521721406, 'min_child_weight': 9, 'reg_alpha': 0.5924660529849598, 'reg_lambda': 0.6004970278040991}. Best is trial 14 with value: 1.960340381672313.
[I 2026-04-12 10:31:58,696] Trial 27 finished with value: 1.9658493866275804 and parameters: {'n_estimators': 400, 'max_depth': 7, 'learning_rate': 0.016168065633512817, 'subsample': 0.7919309520138632, 'colsample_bytree': 0.6827636338050745, 'min_child_weight': 7, 'reg_alpha': 0.6956027738766453, 'reg_lambda': 0.4312471496665997}. Best is trial 14 with value: 1.960340381672313.
[I 2026-04-12 10:32:05,405] Trial 28 finished with value: 1.9690783094275108 and parameters: {'n_estimators': 278, 'max_depth': 8, 'learning_rate': 0.011963790987399574, 'subsample': 0.9246986053105206, 'colsample_bytree': 0.7283629567307272, 'min_child_weight': 8, 'reg_alpha': 0.355749930836795, 'reg_lambda': 0.8298873533379608}. Best is trial 14 with value: 1.960340381672313.
[I 2026-04-12 10:32:12,186] Trial 29 finished with value: 2.000710707818605 and parameters: {'n_estimators': 718, 'max_depth': 5, 'learning_rate': 0.06041482107509993, 'subsample': 0.8788384030400395, 'colsample_bytree': 0.7580183978948187, 'min_child_weight': 9, 'reg_alpha': 0.13666292385109935, 'reg_lambda': 0.6919145193978571}. Best is trial 14 with value: 1.960340381672313.
[optuna] Best params: {'n_estimators': 370, 'max_depth': 5, 'learning_rate': 0.014866713650486845, 'subsample': 0.7644809679201003, 'colsample_bytree': 0.6615809544244615, 'min_child_weight': 8, 'reg_alpha': 0.4093788437619409, 'reg_lambda': 0.6385623235963878}
[optuna] Optimizing hyperparameters for assists classification...
[I 2026-04-12 10:45:54,044] A new study created in memory with name: no-name-e407b576-6541-43d3-b7b8-71948e1bec5c
[I 2026-04-12 10:46:13,342] Trial 0 finished with value: 0.6944731552085551 and parameters: {'n_estimators': 611, 'max_depth': 7, 'learning_rate': 0.03351768967399445, 'subsample': 0.950545657190505, 'colsample_bytree': 0.9537998282927559, 'min_child_weight': 6, 'reg_alpha': 0.559902626267273, 'reg_lambda': 0.5729021340044872}. Best is trial 0 with value: 0.6944731552085551.
[I 2026-04-12 10:46:49,899] Trial 1 finished with value: 0.6932150026938178 and parameters: {'n_estimators': 682, 'max_depth': 10, 'learning_rate': 0.02632502443099308, 'subsample': 0.8150502850565404, 'colsample_bytree': 0.7374984791409852, 'min_child_weight': 4, 'reg_alpha': 0.04236987622053279, 'reg_lambda': 0.6886284350386155}. Best is trial 0 with value: 0.6944731552085551.
[I 2026-04-12 10:47:02,812] Trial 2 finished with value: 0.6820932370665065 and parameters: {'n_estimators': 355, 'max_depth': 8, 'learning_rate': 0.10739186783935332, 'subsample': 0.8496520074005516, 'colsample_bytree': 0.6939715853338542, 'min_child_weight': 10, 'reg_alpha': 0.9164418531340764, 'reg_lambda': 0.8803008191982957}. Best is trial 0 with value: 0.6944731552085551.
[I 2026-04-12 10:47:28,554] Trial 3 finished with value: 0.7016958579338886 and parameters: {'n_estimators': 705, 'max_depth': 7, 'learning_rate': 0.011058290334380397, 'subsample': 0.702597267224336, 'colsample_bytree': 0.7830438657079722, 'min_child_weight': 4, 'reg_alpha': 0.8636584948239759, 'reg_lambda': 0.5502255096170124}. Best is trial 3 with value: 0.7016958579338886.
[I 2026-04-12 10:47:40,034] Trial 4 finished with value: 0.6817865110612339 and parameters: {'n_estimators': 488, 'max_depth': 4, 'learning_rate': 0.18606268168971135, 'subsample': 0.6231220701634336, 'colsample_bytree': 0.9267951718392298, 'min_child_weight': 3, 'reg_alpha': 0.4167774922595887, 'reg_lambda': 0.5423966055059463}. Best is trial 3 with value: 0.7016958579338886.
[I 2026-04-12 10:48:16,094] Trial 5 finished with value: 0.7011849600522632 and parameters: {'n_estimators': 666, 'max_depth': 9, 'learning_rate': 0.011232779939626259, 'subsample': 0.8001566112660161, 'colsample_bytree': 0.7600983288332818, 'min_child_weight': 7, 'reg_alpha': 0.689816791057692, 'reg_lambda': 0.10519521498786844}. Best is trial 3 with value: 0.7016958579338886.
[I 2026-04-12 10:48:53,073] Trial 6 finished with value: 0.6819363320991159 and parameters: {'n_estimators': 691, 'max_depth': 9, 'learning_rate': 0.08750025042784743, 'subsample': 0.7227106042628938, 'colsample_bytree': 0.8716601184831715, 'min_child_weight': 4, 'reg_alpha': 0.263735918805203, 'reg_lambda': 0.7014452915711128}. Best is trial 3 with value: 0.7016958579338886.
[I 2026-04-12 10:49:18,584] Trial 7 finished with value: 0.7014604634716768 and parameters: {'n_estimators': 428, 'max_depth': 9, 'learning_rate': 0.01448215569450966, 'subsample': 0.8586280947968945, 'colsample_bytree': 0.7333122162988368, 'min_child_weight': 10, 'reg_alpha': 0.6753399197002153, 'reg_lambda': 0.03780768532770107}. Best is trial 3 with value: 0.7016958579338886.
[I 2026-04-12 10:49:23,635] Trial 8 finished with value: 0.701118488070041 and parameters: {'n_estimators': 157, 'max_depth': 4, 'learning_rate': 0.05305704309512258, 'subsample': 0.9404948859407002, 'colsample_bytree': 0.6652758171503615, 'min_child_weight': 9, 'reg_alpha': 0.012394719622992323, 'reg_lambda': 0.327419238164798}. Best is trial 3 with value: 0.7016958579338886.
[I 2026-04-12 10:49:49,146] Trial 9 finished with value: 0.6712071397837389 and parameters: {'n_estimators': 588, 'max_depth': 8, 'learning_rate': 0.15091552173311865, 'subsample': 0.8878047002078695, 'colsample_bytree': 0.8474184464901967, 'min_child_weight': 4, 'reg_alpha': 0.3071779480341824, 'reg_lambda': 0.7562595180596924}. Best is trial 3 with value: 0.7016958579338886.
[I 2026-04-12 10:50:21,121] Trial 10 finished with value: 0.6977534513023003 and parameters: {'n_estimators': 982, 'max_depth': 6, 'learning_rate': 0.02065189917884905, 'subsample': 0.7079552237179131, 'colsample_bytree': 0.630481186755255, 'min_child_weight': 1, 'reg_alpha': 0.9881009956609766, 'reg_lambda': 0.32428915539160486}. Best is trial 3 with value: 0.7016958579338886.
[I 2026-04-12 10:50:52,994] Trial 11 finished with value: 0.7027358076544219 and parameters: {'n_estimators': 914, 'max_depth': 6, 'learning_rate': 0.010005085840515042, 'subsample': 0.7352904862353256, 'colsample_bytree': 0.8021802767170283, 'min_child_weight': 8, 'reg_alpha': 0.7749030231205217, 'reg_lambda': 0.034419057801234255}. Best is trial 11 with value: 0.7027358076544219.
[I 2026-04-12 10:51:24,137] Trial 12 finished with value: 0.7019269517032638 and parameters: {'n_estimators': 910, 'max_depth': 6, 'learning_rate': 0.012218303845597113, 'subsample': 0.7115550992863846, 'colsample_bytree': 0.8010911789609153, 'min_child_weight': 8, 'reg_alpha': 0.8184315899078923, 'reg_lambda': 0.2786767873749681}. Best is trial 11 with value: 0.7027358076544219.
[I 2026-04-12 10:51:52,341] Trial 13 finished with value: 0.7022524349471724 and parameters: {'n_estimators': 952, 'max_depth': 5, 'learning_rate': 0.01810406872318601, 'subsample': 0.636601878836325, 'colsample_bytree': 0.8433087744874517, 'min_child_weight': 8, 'reg_alpha': 0.7990740891765247, 'reg_lambda': 0.22287325454255086}. Best is trial 11 with value: 0.7027358076544219.
[I 2026-04-12 10:52:16,261] Trial 14 finished with value: 0.6959946344822654 and parameters: {'n_estimators': 840, 'max_depth': 5, 'learning_rate': 0.0393597998683334, 'subsample': 0.6044366452271897, 'colsample_bytree': 0.8631614854298862, 'min_child_weight': 8, 'reg_alpha': 0.7239094011543873, 'reg_lambda': 0.15274788368000775}. Best is trial 11 with value: 0.7027358076544219.
[I 2026-04-12 10:52:36,234] Trial 15 finished with value: 0.7034156650271626 and parameters: {'n_estimators': 832, 'max_depth': 3, 'learning_rate': 0.01908704189576373, 'subsample': 0.6572010863405863, 'colsample_bytree': 0.9891165384616187, 'min_child_weight': 6, 'reg_alpha': 0.5747917521919557, 'reg_lambda': 0.26075009222284834}. Best is trial 15 with value: 0.7034156650271626.
[I 2026-04-12 10:52:55,706] Trial 16 finished with value: 0.7029962364422324 and parameters: {'n_estimators': 814, 'max_depth': 3, 'learning_rate': 0.02044643104613185, 'subsample': 0.7524810472643293, 'colsample_bytree': 0.9997378322088605, 'min_child_weight': 6, 'reg_alpha': 0.5186411764234818, 'reg_lambda': 0.39741912474430213}. Best is trial 15 with value: 0.7034156650271626.
[I 2026-04-12 10:53:14,454] Trial 17 finished with value: 0.6787259056089563 and parameters: {'n_estimators': 784, 'max_depth': 3, 'learning_rate': 0.28004404112630965, 'subsample': 0.653160749492011, 'colsample_bytree': 0.9958802057438768, 'min_child_weight': 6, 'reg_alpha': 0.5051761996224712, 'reg_lambda': 0.41745752043520046}. Best is trial 15 with value: 0.7034156650271626.
[I 2026-04-12 10:53:33,715] Trial 18 finished with value: 0.6990648924361932 and parameters: {'n_estimators': 809, 'max_depth': 3, 'learning_rate': 0.060675180578090286, 'subsample': 0.7628348272112009, 'colsample_bytree': 0.9992639399016547, 'min_child_weight': 5, 'reg_alpha': 0.5687667260702621, 'reg_lambda': 0.4175185617305719}. Best is trial 15 with value: 0.7034156650271626.
[I 2026-04-12 10:53:42,049] Trial 19 finished with value: 0.7019545990143552 and parameters: {'n_estimators': 267, 'max_depth': 4, 'learning_rate': 0.023472416161641262, 'subsample': 0.6715028269876704, 'colsample_bytree': 0.9280940267620398, 'min_child_weight': 2, 'reg_alpha': 0.358730860075974, 'reg_lambda': 0.9839563984856433}. Best is trial 15 with value: 0.7034156650271626.
[I 2026-04-12 10:54:00,304] Trial 20 finished with value: 0.7027880007442493 and parameters: {'n_estimators': 774, 'max_depth': 3, 'learning_rate': 0.03543420486100873, 'subsample': 0.7776048278183987, 'colsample_bytree': 0.9535577641189248, 'min_child_weight': 6, 'reg_alpha': 0.18216237581075906, 'reg_lambda': 0.43129199328853707}. Best is trial 15 with value: 0.7034156650271626.
[I 2026-04-12 10:54:18,646] Trial 21 finished with value: 0.7033854639483801 and parameters: {'n_estimators': 775, 'max_depth': 3, 'learning_rate': 0.03339351014737501, 'subsample': 0.7675546770726769, 'colsample_bytree': 0.9584066905460766, 'min_child_weight': 6, 'reg_alpha': 0.15199909433082864, 'reg_lambda': 0.4305712313041266}. Best is trial 15 with value: 0.7034156650271626.
[I 2026-04-12 10:54:39,976] Trial 22 finished with value: 0.7029850923922061 and parameters: {'n_estimators': 860, 'max_depth': 3, 'learning_rate': 0.01890176317814776, 'subsample': 0.7574528941938581, 'colsample_bytree': 0.966037925859917, 'min_child_weight': 5, 'reg_alpha': 0.15640019961077745, 'reg_lambda': 0.20193711224029426}. Best is trial 15 with value: 0.7034156650271626.
[I 2026-04-12 10:54:59,727] Trial 23 finished with value: 0.7037920903848411 and parameters: {'n_estimators': 742, 'max_depth': 4, 'learning_rate': 0.028336606041970195, 'subsample': 0.6770759760338787, 'colsample_bytree': 0.901913127798563, 'min_child_weight': 7, 'reg_alpha': 0.4562307800677479, 'reg_lambda': 0.45395690381272613}. Best is trial 23 with value: 0.7037920903848411.
[I 2026-04-12 10:55:18,859] Trial 24 finished with value: 0.6996475993044039 and parameters: {'n_estimators': 748, 'max_depth': 4, 'learning_rate': 0.049868639421155145, 'subsample': 0.6796338358995861, 'colsample_bytree': 0.903701481205107, 'min_child_weight': 7, 'reg_alpha': 0.44257025380620374, 'reg_lambda': 0.6245492791171663}. Best is trial 23 with value: 0.7037920903848411.
[I 2026-04-12 10:55:36,044] Trial 25 finished with value: 0.7035686468152015 and parameters: {'n_estimators': 549, 'max_depth': 5, 'learning_rate': 0.027823894220518734, 'subsample': 0.6712100718452259, 'colsample_bytree': 0.895744925223054, 'min_child_weight': 7, 'reg_alpha': 0.6334880910282894, 'reg_lambda': 0.4927608056691294}. Best is trial 23 with value: 0.7037920903848411.
[I 2026-04-12 10:55:52,296] Trial 26 finished with value: 0.7038867944539449 and parameters: {'n_estimators': 530, 'max_depth': 5, 'learning_rate': 0.026506607571515906, 'subsample': 0.6719991109832519, 'colsample_bytree': 0.8970881569321312, 'min_child_weight': 9, 'reg_alpha': 0.6126952524112463, 'reg_lambda': 0.4964110230106538}. Best is trial 26 with value: 0.7038867944539449.
[I 2026-04-12 10:56:07,781] Trial 27 finished with value: 0.702332001465759 and parameters: {'n_estimators': 512, 'max_depth': 5, 'learning_rate': 0.027533019099127264, 'subsample': 0.9999419728074387, 'colsample_bytree': 0.8937874082374954, 'min_child_weight': 7, 'reg_alpha': 0.6196393885802113, 'reg_lambda': 0.5218568831024991}. Best is trial 26 with value: 0.7038867944539449.
[I 2026-04-12 10:56:21,151] Trial 28 finished with value: 0.6981343735117826 and parameters: {'n_estimators': 448, 'max_depth': 5, 'learning_rate': 0.06419422470747391, 'subsample': 0.6064043928933726, 'colsample_bytree': 0.9038616730896273, 'min_child_weight': 9, 'reg_alpha': 0.4243836497296629, 'reg_lambda': 0.6266798767140965}. Best is trial 26 with value: 0.7038867944539449.
[I 2026-04-12 10:56:38,826] Trial 29 finished with value: 0.7003187738669946 and parameters: {'n_estimators': 589, 'max_depth': 5, 'learning_rate': 0.03972042737081456, 'subsample': 0.6737497509839525, 'colsample_bytree': 0.8232143971954508, 'min_child_weight': 9, 'reg_alpha': 0.6336262638690839, 'reg_lambda': 0.8083814600648631}. Best is trial 26 with value: 0.7038867944539449.
[optuna] Best params: {'n_estimators': 530, 'max_depth': 5, 'learning_rate': 0.026506607571515906, 'subsample': 0.6719991109832519, 'colsample_bytree': 0.8970881569321312, 'min_child_weight': 9, 'reg_alpha': 0.6126952524112463, 'reg_lambda': 0.4964110230106538}
[wf] rebounds: auc_raw=0.642 brier_raw=0.250 auc_cal=0.629 brier_cal=0.233 folds=5
[optuna] Optimizing hyperparameters for rebounds regression...
[I 2026-04-12 11:11:54,552] A new study created in memory with name: no-name-29c0154c-3de5-4e57-861b-b9f17f574df8
[I 2026-04-12 11:11:56,790] Trial 0 finished with value: 2.6317917401682185 and parameters: {'n_estimators': 249, 'max_depth': 4, 'learning_rate': 0.08542918904079232, 'subsample': 0.9707923893533342, 'colsample_bytree': 0.9185786576288125, 'min_child_weight': 2, 'reg_alpha': 0.08623456008906805, 'reg_lambda': 0.001742045694132055}. Best is trial 0 with value: 2.6317917401682185.
[I 2026-04-12 11:12:15,613] Trial 1 finished with value: 2.743781767982552 and parameters: {'n_estimators': 947, 'max_depth': 8, 'learning_rate': 0.05847436834526102, 'subsample': 0.7024680019334753, 'colsample_bytree': 0.9421887753310595, 'min_child_weight': 9, 'reg_alpha': 0.7900252546573638, 'reg_lambda': 0.9853577232760776}. Best is trial 0 with value: 2.6317917401682185.
[I 2026-04-12 11:12:23,345] Trial 2 finished with value: 2.93636331058364 and parameters: {'n_estimators': 670, 'max_depth': 6, 'learning_rate': 0.24888273284533355, 'subsample': 0.8600182539254377, 'colsample_bytree': 0.6734308773543228, 'min_child_weight': 6, 'reg_alpha': 0.9983838479537678, 'reg_lambda': 0.7034598859033003}. Best is trial 0 with value: 2.6317917401682185.
[I 2026-04-12 11:12:27,971] Trial 3 finished with value: 2.8059805263236863 and parameters: {'n_estimators': 167, 'max_depth': 9, 'learning_rate': 0.18220324798369775, 'subsample': 0.9786082955743366, 'colsample_bytree': 0.9299579239268814, 'min_child_weight': 6, 'reg_alpha': 0.5323987546854217, 'reg_lambda': 0.9663978413867979}. Best is trial 0 with value: 2.6317917401682185.
[I 2026-04-12 11:12:31,469] Trial 4 finished with value: 2.7232567124209726 and parameters: {'n_estimators': 118, 'max_depth': 9, 'learning_rate': 0.09713101084522402, 'subsample': 0.8019634822465811, 'colsample_bytree': 0.7909212359624794, 'min_child_weight': 3, 'reg_alpha': 0.22671727697759703, 'reg_lambda': 0.4817625590077296}. Best is trial 0 with value: 2.6317917401682185.
[I 2026-04-12 11:12:35,521] Trial 5 finished with value: 2.630296776580795 and parameters: {'n_estimators': 546, 'max_depth': 3, 'learning_rate': 0.011434617293468776, 'subsample': 0.8336654008440545, 'colsample_bytree': 0.6737638692693435, 'min_child_weight': 7, 'reg_alpha': 0.9088509288200113, 'reg_lambda': 0.883231157926259}. Best is trial 5 with value: 2.630296776580795.
[I 2026-04-12 11:12:38,976] Trial 6 finished with value: 2.6794021630158493 and parameters: {'n_estimators': 516, 'max_depth': 3, 'learning_rate': 0.17878599095747885, 'subsample': 0.6767450622495805, 'colsample_bytree': 0.9039031582997535, 'min_child_weight': 6, 'reg_alpha': 0.6798359087804051, 'reg_lambda': 0.28524376284792696}. Best is trial 5 with value: 2.630296776580795.
[I 2026-04-12 11:12:50,285] Trial 7 finished with value: 2.7058320654356223 and parameters: {'n_estimators': 947, 'max_depth': 6, 'learning_rate': 0.07206016413003825, 'subsample': 0.9355165359039006, 'colsample_bytree': 0.9188296582444532, 'min_child_weight': 2, 'reg_alpha': 0.2105373902111023, 'reg_lambda': 0.0629346091430989}. Best is trial 5 with value: 2.630296776580795.
[I 2026-04-12 11:13:05,579] Trial 8 finished with value: 2.89381896410956 and parameters: {'n_estimators': 483, 'max_depth': 9, 'learning_rate': 0.2182648274070683, 'subsample': 0.8896654786789686, 'colsample_bytree': 0.9174703025257714, 'min_child_weight': 10, 'reg_alpha': 0.8113771160582195, 'reg_lambda': 0.5690592061787252}. Best is trial 5 with value: 2.630296776580795.
[I 2026-04-12 11:13:21,977] Trial 9 finished with value: 2.9364410747057996 and parameters: {'n_estimators': 698, 'max_depth': 8, 'learning_rate': 0.25136640229485546, 'subsample': 0.9018233182711073, 'colsample_bytree': 0.7637286464214531, 'min_child_weight': 8, 'reg_alpha': 0.34096204819291265, 'reg_lambda': 0.8300278557430765}. Best is trial 5 with value: 2.630296776580795.
