[I 2026-04-12 16:31:19,356] Trial 27 finished with value: 8.278247035060112 and parameters: {'n_estimators': 996, 'max_depth': 4, 'learning_rate': 0.014775790547249725, 'subsample': 0.7898491876259371, 'colsample_bytree': 0.6775019190565088, 'min_child_weight': 5, 'reg_alpha': 0.9073550042713494, 'reg_lambda': 0.7225179714130959}. Best is trial 16 with value: 8.27205754217568.
[I 2026-04-12 16:31:30,035] Trial 28 finished with value: 8.307636063580322 and parameters: {'n_estimators': 931, 'max_depth': 5, 'learning_rate': 0.025526363584992523, 'subsample': 0.8901921024542081, 'colsample_bytree': 0.7439429620561835, 'min_child_weight': 1, 'reg_alpha': 0.8146649441635043, 'reg_lambda': 0.8959363140139733}. Best is trial 16 with value: 8.27205754217568.
[I 2026-04-12 16:31:43,095] Trial 29 finished with value: 8.532717634241106 and parameters: {'n_estimators': 593, 'max_depth': 8, 'learning_rate': 0.05716908041738207, 'subsample': 0.7403992327631393, 'colsample_bytree': 0.6373514627783085, 'min_child_weight': 5, 'reg_alpha': 0.7915720605927423, 'reg_lambda': 0.47793631083947036}. Best is trial 16 with value: 8.27205754217568.
[optuna] Best params: {'n_estimators': 973, 'max_depth': 3, 'learning_rate': 0.029471987873436273, 'subsample': 0.8303864234166802, 'colsample_bytree': 0.6992815591207767, 'min_child_weight': 2, 'reg_alpha': 0.9916026703412743, 'reg_lambda': 0.6177609254060781}
[optuna] Optimizing hyperparameters for pts_ast_reb classification...
[I 2026-04-12 16:46:03,463] A new study created in memory with name: no-name-e6a41dea-4f4a-49b8-ac2c-5c45e53ab5b5
[I 2026-04-12 16:46:16,654] Trial 0 finished with value: 0.5868361456230753 and parameters: {'n_estimators': 248, 'max_depth': 10, 'learning_rate': 0.13434900007839842, 'subsample': 0.9826156280814631, 'colsample_bytree': 0.6077658765732681, 'min_child_weight': 9, 'reg_alpha': 0.5647403513131165, 'reg_lambda': 0.6885568561118784}. Best is trial 0 with value: 0.5868361456230753.
[I 2026-04-12 16:46:51,382] Trial 1 finished with value: 0.5920581959611495 and parameters: {'n_estimators': 698, 'max_depth': 10, 'learning_rate': 0.05999602829072696, 'subsample': 0.8987738465190738, 'colsample_bytree': 0.892602977038969, 'min_child_weight': 6, 'reg_alpha': 0.014087163407249692, 'reg_lambda': 0.22463659507420863}. Best is trial 1 with value: 0.5920581959611495.
[I 2026-04-12 16:46:58,930] Trial 2 finished with value: 0.5899760393229996 and parameters: {'n_estimators': 153, 'max_depth': 9, 'learning_rate': 0.11299950201950532, 'subsample': 0.8900196829599056, 'colsample_bytree': 0.7899354236463971, 'min_child_weight': 9, 'reg_alpha': 0.6887932303836696, 'reg_lambda': 0.9506030473637846}. Best is trial 1 with value: 0.5920581959611495.
[I 2026-04-12 16:47:02,732] Trial 3 finished with value: 0.5932852351306444 and parameters: {'n_estimators': 142, 'max_depth': 3, 'learning_rate': 0.04782967590700877, 'subsample': 0.9030775048643019, 'colsample_bytree': 0.7883284875461848, 'min_child_weight': 3, 'reg_alpha': 0.20545088094307495, 'reg_lambda': 0.8789908525229864}. Best is trial 3 with value: 0.5932852351306444.
[I 2026-04-12 16:47:18,599] Trial 4 finished with value: 0.5939921727958601 and parameters: {'n_estimators': 650, 'max_depth': 3, 'learning_rate': 0.010173936321394727, 'subsample': 0.8068189281699706, 'colsample_bytree': 0.7490245320891326, 'min_child_weight': 7, 'reg_alpha': 0.9443445624474092, 'reg_lambda': 0.582091624795602}. Best is trial 4 with value: 0.5939921727958601.
[I 2026-04-12 16:47:32,760] Trial 5 finished with value: 0.5747773563301688 and parameters: {'n_estimators': 350, 'max_depth': 7, 'learning_rate': 0.25528063113711746, 'subsample': 0.6128971217601223, 'colsample_bytree': 0.7916854242949535, 'min_child_weight': 9, 'reg_alpha': 0.7358768159464446, 'reg_lambda': 0.20569181567066963}. Best is trial 4 with value: 0.5939921727958601.
[I 2026-04-12 16:47:57,524] Trial 6 finished with value: 0.5735202398903497 and parameters: {'n_estimators': 541, 'max_depth': 8, 'learning_rate': 0.22350386656941912, 'subsample': 0.8548029929103166, 'colsample_bytree': 0.7260578540021785, 'min_child_weight': 7, 'reg_alpha': 0.7156199589904336, 'reg_lambda': 0.5403961075850015}. Best is trial 4 with value: 0.5939921727958601.
[I 2026-04-12 16:48:42,230] Trial 7 finished with value: 0.5968859354430964 and parameters: {'n_estimators': 818, 'max_depth': 9, 'learning_rate': 0.04976340230036721, 'subsample': 0.8594038987831224, 'colsample_bytree': 0.7707870490609273, 'min_child_weight': 10, 'reg_alpha': 0.42628278954393894, 'reg_lambda': 0.2590489394146428}. Best is trial 7 with value: 0.5968859354430964.
[I 2026-04-12 16:49:17,381] Trial 8 finished with value: 0.591609316542026 and parameters: {'n_estimators': 860, 'max_depth': 7, 'learning_rate': 0.08099337260686378, 'subsample': 0.797281818033161, 'colsample_bytree': 0.6612634642552224, 'min_child_weight': 10, 'reg_alpha': 0.004511521211381653, 'reg_lambda': 0.2827535688065409}. Best is trial 7 with value: 0.5968859354430964.
[I 2026-04-12 16:49:39,074] Trial 9 finished with value: 0.6045435451250901 and parameters: {'n_estimators': 560, 'max_depth': 6, 'learning_rate': 0.017982244222939092, 'subsample': 0.8226380688671744, 'colsample_bytree': 0.8563225133643504, 'min_child_weight': 9, 'reg_alpha': 0.08693894409157821, 'reg_lambda': 0.600876171809353}. Best is trial 9 with value: 0.6045435451250901.
[I 2026-04-12 16:49:55,729] Trial 10 finished with value: 0.6003445918266267 and parameters: {'n_estimators': 461, 'max_depth': 5, 'learning_rate': 0.01393690209216657, 'subsample': 0.711082190167629, 'colsample_bytree': 0.9970231553839949, 'min_child_weight': 4, 'reg_alpha': 0.2852308439414469, 'reg_lambda': 0.018512015185114084}. Best is trial 9 with value: 0.6045435451250901.
[I 2026-04-12 16:50:12,698] Trial 11 finished with value: 0.5997684252045911 and parameters: {'n_estimators': 472, 'max_depth': 5, 'learning_rate': 0.01288421236932467, 'subsample': 0.696132433099615, 'colsample_bytree': 0.997665006639747, 'min_child_weight': 3, 'reg_alpha': 0.2645847117431147, 'reg_lambda': 0.04045952096162331}. Best is trial 9 with value: 0.6045435451250901.
[I 2026-04-12 16:50:27,271] Trial 12 finished with value: 0.6038974128278256 and parameters: {'n_estimators': 409, 'max_depth': 5, 'learning_rate': 0.02125705998443029, 'subsample': 0.7180213917585407, 'colsample_bytree': 0.9035741680224884, 'min_child_weight': 1, 'reg_alpha': 0.20238390591045952, 'reg_lambda': 0.7467431967294362}. Best is trial 9 with value: 0.6045435451250901.
[I 2026-04-12 16:50:41,236] Trial 13 finished with value: 0.6040713646963832 and parameters: {'n_estimators': 366, 'max_depth': 5, 'learning_rate': 0.025135961886251366, 'subsample': 0.7337331096902899, 'colsample_bytree': 0.8772467928204859, 'min_child_weight': 1, 'reg_alpha': 0.11934424014283232, 'reg_lambda': 0.7668296723789454}. Best is trial 9 with value: 0.6045435451250901.
[I 2026-04-12 16:51:20,165] Trial 14 finished with value: 0.6032522759134948 and parameters: {'n_estimators': 1000, 'max_depth': 6, 'learning_rate': 0.02615734647027217, 'subsample': 0.769184765911282, 'colsample_bytree': 0.8725374222868747, 'min_child_weight': 1, 'reg_alpha': 0.1026779682581824, 'reg_lambda': 0.42373684359804786}. Best is trial 9 with value: 0.6045435451250901.
[I 2026-04-12 16:51:29,475] Trial 15 finished with value: 0.6005224591000807 and parameters: {'n_estimators': 281, 'max_depth': 4, 'learning_rate': 0.024898551905128564, 'subsample': 0.6316960697332276, 'colsample_bytree': 0.8548713606685918, 'min_child_weight': 5, 'reg_alpha': 0.40518104322145077, 'reg_lambda': 0.798264514209589}. Best is trial 9 with value: 0.6045435451250901.
[I 2026-04-12 16:51:51,500] Trial 16 finished with value: 0.6001555595585881 and parameters: {'n_estimators': 618, 'max_depth': 6, 'learning_rate': 0.037429121363704056, 'subsample': 0.7576369810582014, 'colsample_bytree': 0.9398390296630901, 'min_child_weight': 7, 'reg_alpha': 0.12305701936751587, 'reg_lambda': 0.6481865066178935}. Best is trial 9 with value: 0.6045435451250901.
[I 2026-04-12 16:52:08,462] Trial 17 finished with value: 0.6020090913543872 and parameters: {'n_estimators': 580, 'max_depth': 4, 'learning_rate': 0.018109628684692642, 'subsample': 0.9490977788487925, 'colsample_bytree': 0.8385064303310391, 'min_child_weight': 2, 'reg_alpha': 0.32874741181291633, 'reg_lambda': 0.453216991969192}. Best is trial 9 with value: 0.6045435451250901.
[I 2026-04-12 16:52:21,026] Trial 18 finished with value: 0.6041520707622878 and parameters: {'n_estimators': 317, 'max_depth': 6, 'learning_rate': 0.031415592202962216, 'subsample': 0.6558574997281073, 'colsample_bytree': 0.9535079614191762, 'min_child_weight': 5, 'reg_alpha': 0.5570288017284161, 'reg_lambda': 0.8389512190536054}. Best is trial 9 with value: 0.6045435451250901.
[I 2026-04-12 16:52:53,033] Trial 19 finished with value: 0.6026863589513879 and parameters: {'n_estimators': 761, 'max_depth': 7, 'learning_rate': 0.03720371635878034, 'subsample': 0.671149863060088, 'colsample_bytree': 0.9358139379721099, 'min_child_weight': 5, 'reg_alpha': 0.5858885080085227, 'reg_lambda': 0.9332994392856315}. Best is trial 9 with value: 0.6045435451250901.
[I 2026-04-12 16:53:17,021] Trial 20 finished with value: 0.6038062830839968 and parameters: {'n_estimators': 503, 'max_depth': 8, 'learning_rate': 0.034556027314046785, 'subsample': 0.6581148232970365, 'colsample_bytree': 0.9451353481345555, 'min_child_weight': 8, 'reg_alpha': 0.9372061973496009, 'reg_lambda': 0.8141238521802208}. Best is trial 9 with value: 0.6045435451250901.
[I 2026-04-12 16:53:29,096] Trial 21 finished with value: 0.60046465728273 and parameters: {'n_estimators': 302, 'max_depth': 6, 'learning_rate': 0.01631555514699612, 'subsample': 0.745999488198409, 'colsample_bytree': 0.8266737291142691, 'min_child_weight': 4, 'reg_alpha': 0.47895567872353334, 'reg_lambda': 0.6688211217980263}. Best is trial 9 with value: 0.6045435451250901.
[I 2026-04-12 16:53:40,947] Trial 22 finished with value: 0.6045577797971136 and parameters: {'n_estimators': 404, 'max_depth': 4, 'learning_rate': 0.028064756992899526, 'subsample': 0.8026102902050085, 'colsample_bytree': 0.9090282962877528, 'min_child_weight': 2, 'reg_alpha': 0.10432977286054822, 'reg_lambda': 0.8355512978616629}. Best is trial 22 with value: 0.6045577797971136.
[I 2026-04-12 16:53:48,381] Trial 23 finished with value: 0.6003188267222284 and parameters: {'n_estimators': 240, 'max_depth': 4, 'learning_rate': 0.030533947573870016, 'subsample': 0.8142137957203267, 'colsample_bytree': 0.9168494844603721, 'min_child_weight': 6, 'reg_alpha': 0.8119330956739887, 'reg_lambda': 0.9858063949319276}. Best is trial 22 with value: 0.6045577797971136.
[I 2026-04-12 16:54:03,373] Trial 24 finished with value: 0.6044363883238854 and parameters: {'n_estimators': 393, 'max_depth': 6, 'learning_rate': 0.020074790052638312, 'subsample': 0.8372158730982477, 'colsample_bytree': 0.955834019973856, 'min_child_weight': 3, 'reg_alpha': 0.5911954602360018, 'reg_lambda': 0.8982187248871684}. Best is trial 22 with value: 0.6045577797971136.
[I 2026-04-12 16:54:16,557] Trial 25 finished with value: 0.5949643800128972 and parameters: {'n_estimators': 422, 'max_depth': 4, 'learning_rate': 0.010767919184326586, 'subsample': 0.8522312889955648, 'colsample_bytree': 0.9709798174322466, 'min_child_weight': 2, 'reg_alpha': 0.3643982487985668, 'reg_lambda': 0.8945960480755806}. Best is trial 22 with value: 0.6045577797971136.
[I 2026-04-12 16:54:43,350] Trial 26 finished with value: 0.6014895815112924 and parameters: {'n_estimators': 544, 'max_depth': 8, 'learning_rate': 0.017591119512347247, 'subsample': 0.8287469863773037, 'colsample_bytree': 0.822931734377781, 'min_child_weight': 3, 'reg_alpha': 0.19354293479192836, 'reg_lambda': 0.5765102359691068}. Best is trial 22 with value: 0.6045577797971136.
[I 2026-04-12 16:54:54,129] Trial 27 finished with value: 0.5965140972708945 and parameters: {'n_estimators': 404, 'max_depth': 3, 'learning_rate': 0.020653110929056726, 'subsample': 0.7866224895149974, 'colsample_bytree': 0.9176884258497136, 'min_child_weight': 2, 'reg_alpha': 0.07247582307582051, 'reg_lambda': 0.7304510120716184}. Best is trial 22 with value: 0.6045577797971136.
[I 2026-04-12 16:55:02,481] Trial 28 finished with value: 0.5937980557219961 and parameters: {'n_estimators': 215, 'max_depth': 5, 'learning_rate': 0.013894070601766546, 'subsample': 0.9419201534631002, 'colsample_bytree': 0.9716915441894913, 'min_child_weight': 4, 'reg_alpha': 0.644999668900322, 'reg_lambda': 0.6358437248043827}. Best is trial 22 with value: 0.6045577797971136.
[I 2026-04-12 16:55:29,196] Trial 29 finished with value: 0.5974225790980179 and parameters: {'n_estimators': 690, 'max_depth': 7, 'learning_rate': 0.043197962072167265, 'subsample': 0.8377017629628921, 'colsample_bytree': 0.8597340300348821, 'min_child_weight': 8, 'reg_alpha': 0.8447129260312533, 'reg_lambda': 0.36599345454357146}. Best is trial 22 with value: 0.6045577797971136.
[optuna] Best params: {'n_estimators': 404, 'max_depth': 4, 'learning_rate': 0.028064756992899526, 'subsample': 0.8026102902050085, 'colsample_bytree': 0.9090282962877528, 'min_child_weight': 2, 'reg_alpha': 0.10432977286054822, 'reg_lambda': 0.8355512978616629}
[wf] stl_blk: auc_raw=0.717 brier_raw=0.214 auc_cal=0.711 brier_cal=0.206 folds=5
[optuna] Optimizing hyperparameters for stl_blk regression...
[I 2026-04-12 17:09:56,871] A new study created in memory with name: no-name-1599f4f7-205b-4a48-9033-8439c0b5f7ef
[I 2026-04-12 17:09:59,390] Trial 0 finished with value: 1.2871626335197008 and parameters: {'n_estimators': 256, 'max_depth': 5, 'learning_rate': 0.19877834816142678, 'subsample': 0.9281621650513849, 'colsample_bytree': 0.8834789132902914, 'min_child_weight': 9, 'reg_alpha': 0.5766208671390316, 'reg_lambda': 0.6461591602752236}. Best is trial 0 with value: 1.2871626335197008.
[I 2026-04-12 17:10:06,611] Trial 1 finished with value: 1.2399690255424474 and parameters: {'n_estimators': 760, 'max_depth': 5, 'learning_rate': 0.01262062114458085, 'subsample': 0.7532499901515668, 'colsample_bytree': 0.9461552983760806, 'min_child_weight': 7, 'reg_alpha': 0.2571508014437349, 'reg_lambda': 0.23221462920521896}. Best is trial 1 with value: 1.2399690255424474.
[I 2026-04-12 17:10:10,716] Trial 2 finished with value: 1.3152591957059812 and parameters: {'n_estimators': 139, 'max_depth': 9, 'learning_rate': 0.1372736959415161, 'subsample': 0.8001675077406871, 'colsample_bytree': 0.7242899118501214, 'min_child_weight': 2, 'reg_alpha': 0.44879590664045144, 'reg_lambda': 0.3376566378250492}. Best is trial 1 with value: 1.2399690255424474.
[I 2026-04-12 17:10:25,091] Trial 3 finished with value: 1.3344196964055555 and parameters: {'n_estimators': 888, 'max_depth': 7, 'learning_rate': 0.08976465288983938, 'subsample': 0.6596093072408084, 'colsample_bytree': 0.9040593453075445, 'min_child_weight': 3, 'reg_alpha': 0.5933557866849647, 'reg_lambda': 0.2060029572432336}. Best is trial 1 with value: 1.2399690255424474.
[I 2026-04-12 17:10:33,178] Trial 4 finished with value: 1.2419624253242925 and parameters: {'n_estimators': 681, 'max_depth': 6, 'learning_rate': 0.010737783852341783, 'subsample': 0.9220806552820964, 'colsample_bytree': 0.7572754774371556, 'min_child_weight': 6, 'reg_alpha': 0.4661697746001393, 'reg_lambda': 0.6358943666150236}. Best is trial 1 with value: 1.2399690255424474.
[I 2026-04-12 17:10:56,937] Trial 5 finished with value: 1.2766299463860626 and parameters: {'n_estimators': 935, 'max_depth': 9, 'learning_rate': 0.025624175192226498, 'subsample': 0.8972636486325376, 'colsample_bytree': 0.6648262395865373, 'min_child_weight': 6, 'reg_alpha': 0.5439464062388142, 'reg_lambda': 0.18350860180005768}. Best is trial 1 with value: 1.2399690255424474.
[I 2026-04-12 17:11:05,911] Trial 6 finished with value: 1.322884590803901 and parameters: {'n_estimators': 649, 'max_depth': 6, 'learning_rate': 0.13020347794776227, 'subsample': 0.8244081408849109, 'colsample_bytree': 0.9152919214478227, 'min_child_weight': 4, 'reg_alpha': 0.0388398594970536, 'reg_lambda': 0.5546271210262743}. Best is trial 1 with value: 1.2399690255424474.
[I 2026-04-12 17:11:10,286] Trial 7 finished with value: 1.274375063754112 and parameters: {'n_estimators': 307, 'max_depth': 6, 'learning_rate': 0.09481405537512752, 'subsample': 0.6468811818669632, 'colsample_bytree': 0.8250887849127692, 'min_child_weight': 10, 'reg_alpha': 0.011491104612406766, 'reg_lambda': 0.10418423511509467}. Best is trial 1 with value: 1.2399690255424474.
[I 2026-04-12 17:11:18,581] Trial 8 finished with value: 1.304999121352255 and parameters: {'n_estimators': 750, 'max_depth': 5, 'learning_rate': 0.13584594639924016, 'subsample': 0.9925788191127931, 'colsample_bytree': 0.8209781535069395, 'min_child_weight': 5, 'reg_alpha': 0.5049814100963645, 'reg_lambda': 0.7311807293595722}. Best is trial 1 with value: 1.2399690255424474.
[I 2026-04-12 17:11:22,175] Trial 9 finished with value: 1.239458971474619 and parameters: {'n_estimators': 419, 'max_depth': 3, 'learning_rate': 0.028886275976309293, 'subsample': 0.7006440853998729, 'colsample_bytree': 0.8169140115350844, 'min_child_weight': 9, 'reg_alpha': 0.13110202667267268, 'reg_lambda': 0.7742147818279459}. Best is trial 9 with value: 1.239458971474619.
[I 2026-04-12 17:11:26,271] Trial 10 finished with value: 1.2393674840400026 and parameters: {'n_estimators': 451, 'max_depth': 3, 'learning_rate': 0.03674564830313146, 'subsample': 0.7108789752427924, 'colsample_bytree': 0.6378670573818452, 'min_child_weight': 8, 'reg_alpha': 0.9966213938572794, 'reg_lambda': 0.9631568695251409}. Best is trial 10 with value: 1.2393674840400026.
[I 2026-04-12 17:11:30,685] Trial 11 finished with value: 1.2393466339676293 and parameters: {'n_estimators': 447, 'max_depth': 3, 'learning_rate': 0.04077363087863679, 'subsample': 0.71899430124937, 'colsample_bytree': 0.6000398073323933, 'min_child_weight': 8, 'reg_alpha': 0.9735433921011105, 'reg_lambda': 0.9553777740330167}. Best is trial 11 with value: 1.2393466339676293.
[I 2026-04-12 17:11:34,864] Trial 12 finished with value: 1.2387149677331806 and parameters: {'n_estimators': 448, 'max_depth': 3, 'learning_rate': 0.03953730144178093, 'subsample': 0.6038787736405954, 'colsample_bytree': 0.6054885416015182, 'min_child_weight': 8, 'reg_alpha': 0.9976252596997751, 'reg_lambda': 0.9654723843875792}. Best is trial 12 with value: 1.2387149677331806.
[I 2026-04-12 17:11:39,616] Trial 13 finished with value: 1.2401183025528917 and parameters: {'n_estimators': 520, 'max_depth': 3, 'learning_rate': 0.0509603648115507, 'subsample': 0.6060120730949096, 'colsample_bytree': 0.6056381909539105, 'min_child_weight': 8, 'reg_alpha': 0.9861549644800554, 'reg_lambda': 0.9583686528544962}. Best is trial 12 with value: 1.2387149677331806.
[I 2026-04-12 17:11:43,324] Trial 14 finished with value: 1.239628233865347 and parameters: {'n_estimators': 339, 'max_depth': 4, 'learning_rate': 0.0200750954976804, 'subsample': 0.6016017910116659, 'colsample_bytree': 0.6821650441395081, 'min_child_weight': 10, 'reg_alpha': 0.8151453859265895, 'reg_lambda': 0.8542859607377739}. Best is trial 12 with value: 1.2387149677331806.
[I 2026-04-12 17:11:48,934] Trial 15 finished with value: 1.24727229858988 and parameters: {'n_estimators': 571, 'max_depth': 4, 'learning_rate': 0.053060224997062026, 'subsample': 0.7604877065120833, 'colsample_bytree': 0.6029516700556625, 'min_child_weight': 7, 'reg_alpha': 0.7995993948954698, 'reg_lambda': 0.42038523344660444}. Best is trial 12 with value: 1.2387149677331806.
[I 2026-04-12 17:11:53,968] Trial 16 finished with value: 1.2401121326744131 and parameters: {'n_estimators': 189, 'max_depth': 8, 'learning_rate': 0.017293598385969788, 'subsample': 0.6662286950378917, 'colsample_bytree': 0.7148171531997652, 'min_child_weight': 8, 'reg_alpha': 0.7835902502716035, 'reg_lambda': 0.8585831496211562}. Best is trial 12 with value: 1.2387149677331806.
[I 2026-04-12 17:11:58,325] Trial 17 finished with value: 1.2422823815456554 and parameters: {'n_estimators': 410, 'max_depth': 4, 'learning_rate': 0.03912916218195301, 'subsample': 0.8511032536941514, 'colsample_bytree': 0.98749400188437, 'min_child_weight': 1, 'reg_alpha': 0.9011060455329448, 'reg_lambda': 0.9997782267003179}. Best is trial 12 with value: 1.2387149677331806.
[I 2026-04-12 17:12:26,617] Trial 18 finished with value: 1.314444432735731 and parameters: {'n_estimators': 570, 'max_depth': 10, 'learning_rate': 0.08076184849788345, 'subsample': 0.745662368020381, 'colsample_bytree': 0.6522050260776913, 'min_child_weight': 5, 'reg_alpha': 0.679640216993467, 'reg_lambda': 0.8419027129573297}. Best is trial 12 with value: 1.2387149677331806.
[I 2026-04-12 17:12:30,899] Trial 19 finished with value: 1.2995797815660073 and parameters: {'n_estimators': 487, 'max_depth': 3, 'learning_rate': 0.27491509183739204, 'subsample': 0.7140293545839957, 'colsample_bytree': 0.7406988025303881, 'min_child_weight': 7, 'reg_alpha': 0.3521890564512892, 'reg_lambda': 0.4807684049002211}. Best is trial 12 with value: 1.2387149677331806.
[I 2026-04-12 17:12:34,548] Trial 20 finished with value: 1.2425605419350696 and parameters: {'n_estimators': 367, 'max_depth': 4, 'learning_rate': 0.06551934185108871, 'subsample': 0.6316958832872206, 'colsample_bytree': 0.7811616934038663, 'min_child_weight': 9, 'reg_alpha': 0.716619703797293, 'reg_lambda': 0.6840826264590298}. Best is trial 12 with value: 1.2387149677331806.
[I 2026-04-12 17:12:38,591] Trial 21 finished with value: 1.2398250207202461 and parameters: {'n_estimators': 449, 'max_depth': 3, 'learning_rate': 0.03680354576276613, 'subsample': 0.7017581581300454, 'colsample_bytree': 0.6336636193291421, 'min_child_weight': 8, 'reg_alpha': 0.985953384959859, 'reg_lambda': 0.9089837853063139}. Best is trial 12 with value: 1.2387149677331806.
