/Library/Frameworks/Python.framework/Versions/3.12/lib/python3.12/pickle.py:1753: UserWarning: [16:04:04] WARNING: /Users/runner/work/xgboost/xgboost/src/gbm/../common/error_msg.h:83: If you are loading a serialized model (like pickle in Python, RDS in R) or
configuration generated by an older version of XGBoost, please export the model by calling
`Booster.save_model` from that version first, then load it back in current version. See:

    https://xgboost.readthedocs.io/en/stable/tutorials/saving_model.html

for more details about differences between saving model and serializing.

  setstate(state)
/Users/rithv/Library/Python/3.12/lib/python/site-packages/sklearn/base.py:463: InconsistentVersionWarning: Trying to unpickle estimator IsotonicRegression from version 1.6.1 when using version 1.8.0. This might lead to breaking code or invalid results. Use at your own risk. For more info please refer to:
https://scikit-learn.org/stable/model_persistence.html#security-maintainability-limitations
  warnings.warn(
skipping incomplete per-prop bundle for 'triple_double': missing reg file
skipping incomplete per-prop bundle for 'double_double': missing reg file
[train] building examples seasons=['2021-22', '2022-23', '2023-24', '2024-25'] max_players=300 ...
[train] season 2021-22: building examples...
[train] players processed: 10/300
[train] players processed: 20/300
[train] players processed: 30/300
[train] players processed: 40/300
[train] players processed: 50/300
[train] players processed: 60/300
[train] players processed: 70/300
[train] players processed: 80/300
[train] players processed: 90/300
[train] players processed: 100/300
[train] players processed: 110/300
[train] players processed: 120/300
[train] players processed: 130/300
[train] players processed: 140/300
[train] players processed: 150/300
[train] players processed: 160/300
[train] players processed: 170/300
[train] players processed: 180/300
[train] players processed: 190/300
[train] players processed: 200/300
[train] players processed: 210/300
[train] players processed: 220/300
[train] players processed: 230/300
[train] Skipping player 1629604 after 3 failed attempts
[train] players processed: 240/300
[train] Skipping player 201580 after 3 failed attempts
[train] Skipping player 1628402 after 3 failed attempts
[train] Skipping player 202355 after 3 failed attempts
[train] Skipping player 1630200 after 3 failed attempts
[train] Skipping player 1627936 after 3 failed attempts
[train] Skipping player 1628963 after 3 failed attempts
[train] Skipping player 202357 after 3 failed attempts
[train] Skipping player 202397 after 3 failed attempts
[train] Skipping player 204060 after 3 failed attempts
[train] Skipping player 202066 after 3 failed attempts
[train] players processed: 250/300
[train] Skipping player 1626169 after 3 failed attempts
[train] Skipping player 202681 after 3 failed attempts
[train] Skipping player 1629642 after 3 failed attempts
[train] Skipping player 1630526 after 3 failed attempts
[train] Skipping player 203210 after 3 failed attempts
[train] Skipping player 202331 after 3 failed attempts
[train] players processed: 260/300
[train] players processed: 270/300
[train] players processed: 280/300
[train] players processed: 290/300
[train] players processed: 300/300
[train] season 2022-23: building examples...
[train] players processed: 10/300
[train] Skipping player 1630532 after 3 failed attempts
[train] Skipping player 1630224 after 3 failed attempts
[train] Skipping player 1628389 after 3 failed attempts
[train] Skipping player 1629027 after 3 failed attempts
[train] players processed: 20/300
[train] Skipping player 1627832 after 3 failed attempts
[train] Skipping player 1627741 after 3 failed attempts
[train] Skipping player 1629628 after 3 failed attempts
[train] Skipping player 1629673 after 3 failed attempts
[train] Skipping player 1628404 after 3 failed attempts
[train] Skipping player 1631095 after 3 failed attempts
[train] Skipping player 1630530 after 3 failed attempts
[train] Skipping player 1629636 after 3 failed attempts
[train] Skipping player 202699 after 3 failed attempts
[train] Skipping player 1628368 after 3 failed attempts
[train] players processed: 30/300
[train] Skipping player 1628378 after 3 failed attempts
[train] Skipping player 1631094 after 3 failed attempts
[train] Skipping player 1630183 after 3 failed attempts
[train] Skipping player 1628983 after 3 failed attempts
[train] Skipping player 1626220 after 3 failed attempts
[train] Skipping player 1627759 after 3 failed attempts
[train] players processed: 40/300
[train] players processed: 50/300
[train] players processed: 60/300
[train] players processed: 70/300
[train] players processed: 80/300
[train] players processed: 90/300
[train] players processed: 100/300
[train] players processed: 110/300
[train] players processed: 120/300
[train] players processed: 130/300
[train] players processed: 140/300
[train] players processed: 150/300
[train] players processed: 160/300
[train] players processed: 170/300
[train] players processed: 180/300
[train] players processed: 190/300
[train] players processed: 200/300
[train] players processed: 210/300
[train] players processed: 220/300
[train] players processed: 230/300
[train] players processed: 240/300
[train] players processed: 250/300
[train] players processed: 260/300
[train] players processed: 270/300
[train] players processed: 280/300
[train] players processed: 290/300
[train] players processed: 300/300
[train] season 2023-24: building examples...
[train] players processed: 10/300
[train] players processed: 20/300
[train] players processed: 30/300
[train] Skipping player 1631095 after 3 failed attempts
[train] Skipping player 201939 after 3 failed attempts
[train] Skipping player 1628389 after 3 failed attempts
[train] players processed: 40/300
[train] Skipping player 1631096 after 3 failed attempts
[train] Skipping player 201572 after 3 failed attempts
[train] Skipping player 203484 after 3 failed attempts
[train] Skipping player 203992 after 3 failed attempts
[train] Skipping player 1641706 after 3 failed attempts
[train] Skipping player 1628401 after 3 failed attempts
[train] Skipping player 203084 after 3 failed attempts
[train] Skipping player 202699 after 3 failed attempts
[train] Skipping player 1628978 after 3 failed attempts
[train] Skipping player 1629673 after 3 failed attempts
[train] players processed: 50/300
[train] Skipping player 1627759 after 3 failed attempts
[train] Skipping player 1630532 after 3 failed attempts
[train] players processed: 60/300
[train] players processed: 70/300
[train] players processed: 80/300
[train] players processed: 90/300
[train] players processed: 100/300
[train] players processed: 110/300
[train] Skipping player 1626220 after 3 failed attempts
[train] Skipping player 1630228 after 3 failed attempts
[train] Skipping player 1628378 after 3 failed attempts
[train] Skipping player 1629027 after 3 failed attempts
[train] Skipping player 1627827 after 3 failed attempts
[train] Skipping player 1626145 after 3 failed attempts
[train] Skipping player 202685 after 3 failed attempts
[train] Skipping player 1629638 after 3 failed attempts
[train] players processed: 120/300
[train] Skipping player 203952 after 3 failed attempts
[train] Skipping player 1629130 after 3 failed attempts
[train] Skipping player 1628381 after 3 failed attempts
[train] Skipping player 1629636 after 3 failed attempts
[train] Skipping player 1628392 after 3 failed attempts
[train] Skipping player 201569 after 3 failed attempts
[train] Skipping player 1630552 after 3 failed attempts
[train] Skipping player 1630171 after 3 failed attempts
[train] Skipping player 203991 after 3 failed attempts
[train] Skipping player 1629611 after 3 failed attempts
[train] players processed: 130/300
[train] Skipping player 1628370 after 3 failed attempts
[train] Skipping player 1628971 after 3 failed attempts
[train] players processed: 140/300
[train] players processed: 150/300
[train] players processed: 160/300
[train] players processed: 170/300
[train] players processed: 180/300
[train] players processed: 190/300
[train] players processed: 200/300
[train] players processed: 210/300
[train] players processed: 220/300
[train] players processed: 230/300
[train] players processed: 240/300
[train] players processed: 250/300
[train] players processed: 260/300
[train] players processed: 270/300
[train] players processed: 280/300
[train] players processed: 290/300
[train] players processed: 300/300
[train] season 2024-25: building examples...
[train] players processed: 10/300
[train] players processed: 20/300
[train] players processed: 30/300
[train] players processed: 40/300
[train] players processed: 50/300
[train] players processed: 60/300
[train] players processed: 70/300
[train] players processed: 80/300
[train] players processed: 90/300
[train] players processed: 100/300
[train] players processed: 110/300
[train] players processed: 120/300
[train] players processed: 130/300
[train] Skipping player 1630703 after 3 failed attempts
[train] Skipping player 1628976 after 3 failed attempts
[train] Skipping player 1629012 after 3 failed attempts
[train] Skipping player 201144 after 3 failed attempts[I 2026-04-11 22:20:59,903] A new study created in memory with name: no-name-3e325ce1-1364-4047-bb3c-f8151da0175f
[I 2026-04-11 22:21:03,775] Trial 0 finished with value: 6.614390809239533 and parameters: {'n_estimators': 651, 'max_depth': 3, 'learning_rate': 0.1903370788607763, 'subsample': 0.9373657051144123, 'colsample_bytree': 0.6615042109884964, 'min_child_weight': 5, 'reg_alpha': 0.855193848768304, 'reg_lambda': 0.5515890993139945}. Best is trial 0 with value: 6.614390809239533.
[I 2026-04-11 22:21:14,332] Trial 1 finished with value: 7.187482090316878 and parameters: {'n_estimators': 792, 'max_depth': 8, 'learning_rate': 0.2783299900314955, 'subsample': 0.9939768210479405, 'colsample_bytree': 0.6241875689863183, 'min_child_weight': 9, 'reg_alpha': 0.1803617195792725, 'reg_lambda': 0.09641318778064933}. Best is trial 0 with value: 6.614390809239533.
[I 2026-04-11 22:21:21,377] Trial 2 finished with value: 7.01889101797506 and parameters: {'n_estimators': 846, 'max_depth': 5, 'learning_rate': 0.18170832830617217, 'subsample': 0.6586728595184229, 'colsample_bytree': 0.653284028272277, 'min_child_weight': 9, 'reg_alpha': 0.5643097440603284, 'reg_lambda': 0.7642587310155757}. Best is trial 0 with value: 6.614390809239533.
[I 2026-04-11 22:21:30,459] Trial 3 finished with value: 6.466856133918722 and parameters: {'n_estimators': 689, 'max_depth': 7, 'learning_rate': 0.01930971610325235, 'subsample': 0.8268945239053608, 'colsample_bytree': 0.9779007288561662, 'min_child_weight': 6, 'reg_alpha': 0.052490900654707295, 'reg_lambda': 0.6876086836019636}. Best is trial 3 with value: 6.466856133918722.
[I 2026-04-11 22:21:32,874] Trial 4 finished with value: 6.500195081361817 and parameters: {'n_estimators': 272, 'max_depth': 5, 'learning_rate': 0.0749321211441658, 'subsample': 0.6073310114123325, 'colsample_bytree': 0.65497960421577, 'min_child_weight': 4, 'reg_alpha': 0.3202460973901786, 'reg_lambda': 0.8148761473861891}. Best is trial 3 with value: 6.466856133918722.
[I 2026-04-11 22:21:44,179] Trial 5 finished with value: 6.5869404574188115 and parameters: {'n_estimators': 664, 'max_depth': 8, 'learning_rate': 0.04022933927246897, 'subsample': 0.6187254355059375, 'colsample_bytree': 0.6065305526560647, 'min_child_weight': 3, 'reg_alpha': 0.33206096482172576, 'reg_lambda': 0.08015480237815265}. Best is trial 3 with value: 6.466856133918722.
[I 2026-04-11 22:21:47,006] Trial 6 finished with value: 6.770029460132938 and parameters: {'n_estimators': 110, 'max_depth': 8, 'learning_rate': 0.010381886184601216, 'subsample': 0.8746424896016634, 'colsample_bytree': 0.7902501709083491, 'min_child_weight': 1, 'reg_alpha': 0.050281821410849914, 'reg_lambda': 0.6099229125797095}. Best is trial 3 with value: 6.466856133918722.
[I 2026-04-11 22:21:48,432] Trial 7 finished with value: 6.445844333559572 and parameters: {'n_estimators': 103, 'max_depth': 5, 'learning_rate': 0.029059462410640596, 'subsample': 0.9486758185378404, 'colsample_bytree': 0.9853983462709268, 'min_child_weight': 5, 'reg_alpha': 0.8278174446287585, 'reg_lambda': 0.3161629798453325}. Best is trial 7 with value: 6.445844333559572.
[I 2026-04-11 22:21:50,544] Trial 8 finished with value: 6.491201462237974 and parameters: {'n_estimators': 199, 'max_depth': 5, 'learning_rate': 0.06703743159938592, 'subsample': 0.6112098278888057, 'colsample_bytree': 0.9004890387540025, 'min_child_weight': 5, 'reg_alpha': 0.11287997013619333, 'reg_lambda': 0.06771155451133526}. Best is trial 7 with value: 6.445844333559572.
[I 2026-04-11 22:22:06,288] Trial 9 finished with value: 6.935329689907252 and parameters: {'n_estimators': 809, 'max_depth': 8, 'learning_rate': 0.109490488057392, 'subsample': 0.7354326154170193, 'colsample_bytree': 0.9529148937885867, 'min_child_weight': 10, 'reg_alpha': 0.32883225971432284, 'reg_lambda': 0.24050628327637957}. Best is trial 7 with value: 6.445844333559572.
[I 2026-04-11 22:22:21,741] Trial 10 finished with value: 6.5301363921746605 and parameters: {'n_estimators': 413, 'max_depth': 10, 'learning_rate': 0.03200518343549014, 'subsample': 0.9042560489199685, 'colsample_bytree': 0.8248838879721644, 'min_child_weight': 7, 'reg_alpha': 0.9898189552539756, 'reg_lambda': 0.3472773772008938}. Best is trial 7 with value: 6.445844333559572.
[I 2026-04-11 22:22:28,507] Trial 11 finished with value: 6.447118652755306 and parameters: {'n_estimators': 479, 'max_depth': 6, 'learning_rate': 0.018675081801285697, 'subsample': 0.793075615158626, 'colsample_bytree': 0.9963327303782209, 'min_child_weight': 7, 'reg_alpha': 0.6377576058628482, 'reg_lambda': 0.39437573238997176}. Best is trial 7 with value: 6.445844333559572.
[I 2026-04-11 22:22:36,704] Trial 12 finished with value: 6.4352157881940215 and parameters: {'n_estimators': 985, 'max_depth': 3, 'learning_rate': 0.02041806203243328, 'subsample': 0.7479972522336252, 'colsample_bytree': 0.9966012544811887, 'min_child_weight': 7, 'reg_alpha': 0.6817501807319376, 'reg_lambda': 0.3810581900869974}. Best is trial 12 with value: 6.4352157881940215.
[I 2026-04-11 22:22:45,139] Trial 13 finished with value: 6.43617689035982 and parameters: {'n_estimators': 938, 'max_depth': 3, 'learning_rate': 0.02250495796925273, 'subsample': 0.7280580174797789, 'colsample_bytree': 0.8973904439301941, 'min_child_weight': 7, 'reg_alpha': 0.7399944975281176, 'reg_lambda': 0.9422857185244047}. Best is trial 12 with value: 6.4352157881940215.
[I 2026-04-11 22:22:52,330] Trial 14 finished with value: 6.432380831815983 and parameters: {'n_estimators': 987, 'max_depth': 3, 'learning_rate': 0.010205024153045106, 'subsample': 0.7187450864457477, 'colsample_bytree': 0.8864021112558317, 'min_child_weight': 8, 'reg_alpha': 0.7063006905177782, 'reg_lambda': 0.9851753150065141}. Best is trial 14 with value: 6.432380831815983.
[I 2026-04-11 22:22:59,708] Trial 15 finished with value: 6.431723301143668 and parameters: {'n_estimators': 995, 'max_depth': 3, 'learning_rate': 0.011310844699369287, 'subsample': 0.7173771752944155, 'colsample_bytree': 0.8215351661512151, 'min_child_weight': 8, 'reg_alpha': 0.4769515364996312, 'reg_lambda': 0.9741447823184786}. Best is trial 15 with value: 6.431723301143668.
[I 2026-04-11 22:23:07,795] Trial 16 finished with value: 6.436148305121775 and parameters: {'n_estimators': 893, 'max_depth': 4, 'learning_rate': 0.012904644970384314, 'subsample': 0.6850383308727153, 'colsample_bytree': 0.784136839678508, 'min_child_weight': 9, 'reg_alpha': 0.4294223310780726, 'reg_lambda': 0.9599104134412864}. Best is trial 15 with value: 6.431723301143668.
[I 2026-04-11 22:23:16,421] Trial 17 finished with value: 6.432174468858591 and parameters: {'n_estimators': 983, 'max_depth': 4, 'learning_rate': 0.013310142947880382, 'subsample': 0.796470200852057, 'colsample_bytree': 0.7382324686744954, 'min_child_weight': 8, 'reg_alpha': 0.47449524773179447, 'reg_lambda': 0.8666601096008881}. Best is trial 15 with value: 6.431723301143668.
[I 2026-04-11 22:23:26,651] Trial 18 finished with value: 6.453333004833434 and parameters: {'n_estimators': 751, 'max_depth': 6, 'learning_rate': 0.015220655045007955, 'subsample': 0.8109445472777204, 'colsample_bytree': 0.7241901745395621, 'min_child_weight': 10, 'reg_alpha': 0.47743373864524047, 'reg_lambda': 0.8501679814482075}. Best is trial 15 with value: 6.431723301143668.
[I 2026-04-11 22:23:31,961] Trial 19 finished with value: 6.4451542213509 and parameters: {'n_estimators': 543, 'max_depth': 4, 'learning_rate': 0.040113375240753577, 'subsample': 0.781525623387862, 'colsample_bytree': 0.7270284221130816, 'min_child_weight': 8, 'reg_alpha': 0.5569467447627645, 'reg_lambda': 0.702309977824207}. Best is trial 15 with value: 6.431723301143668.
[I 2026-04-11 22:23:39,340] Trial 20 finished with value: 6.434579757111318 and parameters: {'n_estimators': 888, 'max_depth': 4, 'learning_rate': 0.014060474434988215, 'subsample': 0.8517563779781498, 'colsample_bytree': 0.7409676924071771, 'min_child_weight': 8, 'reg_alpha': 0.20374235166850507, 'reg_lambda': 0.8793165681224144}. Best is trial 15 with value: 6.431723301143668.
[I 2026-04-11 22:23:46,357] Trial 21 finished with value: 6.428886447107508 and parameters: {'n_estimators': 984, 'max_depth': 3, 'learning_rate': 0.011825920057722003, 'subsample': 0.6936391308986062, 'colsample_bytree': 0.8457574258086606, 'min_child_weight': 8, 'reg_alpha': 0.44062311512228736, 'reg_lambda': 0.9806274750607692}. Best is trial 21 with value: 6.428886447107508.
[I 2026-04-11 22:23:54,067] Trial 22 finished with value: 6.429288039083111 and parameters: {'n_estimators': 982, 'max_depth': 4, 'learning_rate': 0.013129146852110413, 'subsample': 0.6615529445588871, 'colsample_bytree': 0.8421576150039081, 'min_child_weight': 6, 'reg_alpha': 0.4204456808802369, 'reg_lambda': 0.914135872191302}. Best is trial 21 with value: 6.428886447107508.
[I 2026-04-11 22:23:59,895] Trial 23 finished with value: 6.436517435704686 and parameters: {'n_estimators': 885, 'max_depth': 3, 'learning_rate': 0.025547445819971867, 'subsample': 0.6686637208992585, 'colsample_bytree': 0.8306529480679583, 'min_child_weight': 6, 'reg_alpha': 0.3919033756941322, 'reg_lambda': 0.764788872408069}. Best is trial 21 with value: 6.428886447107508.
[I 2026-04-11 22:24:07,333] Trial 24 finished with value: 6.42797349984461 and parameters: {'n_estimators': 927, 'max_depth': 4, 'learning_rate': 0.010184934566363373, 'subsample': 0.6914019219266989, 'colsample_bytree': 0.8468150134319077, 'min_child_weight': 6, 'reg_alpha': 0.248403321943874, 'reg_lambda': 0.9999847654777212}. Best is trial 24 with value: 6.42797349984461.
[I 2026-04-11 22:24:12,954] Trial 25 finished with value: 6.430125045578268 and parameters: {'n_estimators': 723, 'max_depth': 4, 'learning_rate': 0.01724798407931239, 'subsample': 0.6475001716072828, 'colsample_bytree': 0.8556638107034605, 'min_child_weight': 3, 'reg_alpha': 0.25777385470658676, 'reg_lambda': 0.9106158090106385}. Best is trial 24 with value: 6.42797349984461.
[I 2026-04-11 22:24:19,621] Trial 26 finished with value: 6.522114824885802 and parameters: {'n_estimators': 597, 'max_depth': 6, 'learning_rate': 0.048424571966272374, 'subsample': 0.693594448502623, 'colsample_bytree': 0.9290660358136374, 'min_child_weight': 6, 'reg_alpha': 0.5743846107792392, 'reg_lambda': 0.7880150969011418}. Best is trial 24 with value: 6.42797349984461.
[I 2026-04-11 22:24:51,021] Trial 27 finished with value: 6.544610430007967 and parameters: {'n_estimators': 926, 'max_depth': 10, 'learning_rate': 0.01561504567029819, 'subsample': 0.7613235508261454, 'colsample_bytree': 0.8506472223857656, 'min_child_weight': 4, 'reg_alpha': 0.23789773779320111, 'reg_lambda': 0.6687965124866329}. Best is trial 24 with value: 6.42797349984461.
[I 2026-04-11 22:24:58,728] Trial 28 finished with value: 6.434434849529338 and parameters: {'n_estimators': 800, 'max_depth': 4, 'learning_rate': 0.010831791481702912, 'subsample': 0.6979760918296622, 'colsample_bytree': 0.8689745354295366, 'min_child_weight': 4, 'reg_alpha': 0.3850537303065176, 'reg_lambda': 0.9949968958193101}. Best is trial 24 with value: 6.42797349984461.
[I 2026-04-11 22:25:02,528] Trial 29 finished with value: 6.60749836711733 and parameters: {'n_estimators': 343, 'max_depth': 5, 'learning_rate': 0.11671928004083144, 'subsample': 0.6410464997598269, 'colsample_bytree': 0.7598922043111844, 'min_child_weight': 6, 'reg_alpha': 0.13040643564203513, 'reg_lambda': 0.5177609730898032}. Best is trial 24 with value: 6.42797349984461.
[I 2026-04-11 22:32:32,304] A new study created in memory with name: no-name-c6f74679-542a-493d-b67d-8d8e58cc5db8
[I 2026-04-11 22:32:52,635] Trial 0 finished with value: 0.5933592082612142 and parameters: {'n_estimators': 494, 'max_depth': 9, 'learning_rate': 0.08998169883804524, 'subsample': 0.8670537772459406, 'colsample_bytree': 0.7207519373007807, 'min_child_weight': 5, 'reg_alpha': 0.13429415407518952, 'reg_lambda': 0.9649894512673779}. Best is trial 0 with value: 0.5933592082612142.
[I 2026-04-11 22:33:32,971] Trial 1 finished with value: 0.5949978238625284 and parameters: {'n_estimators': 953, 'max_depth': 8, 'learning_rate': 0.050420750336013995, 'subsample': 0.7357744661023707, 'colsample_bytree': 0.8907669646166816, 'min_child_weight': 5, 'reg_alpha': 0.10660063477687698, 'reg_lambda': 0.3691178327381126}. Best is trial 1 with value: 0.5949978238625284.
