[I 2026-04-11 23:01:46,104] Trial 29 finished with value: 2.009387955450644 and parameters: {'n_estimators': 134, 'max_depth': 4, 'learning_rate': 0.07147254282440797, 'subsample': 0.7700735906064605, 'colsample_bytree': 0.7186820724528111, 'min_child_weight': 5, 'reg_alpha': 0.4851963389154432, 'reg_lambda': 0.7310705477065033}. Best is trial 12 with value: 2.006511266756791.
[I 2026-04-11 23:10:06,751] A new study created in memory with name: no-name-a78a97f9-66eb-42d3-ac77-70b6a53d00f0
[I 2026-04-11 23:10:31,266] Trial 0 finished with value: 0.6790393925794718 and parameters: {'n_estimators': 877, 'max_depth': 4, 'learning_rate': 0.17404130392025827, 'subsample': 0.840033406006589, 'colsample_bytree': 0.7549054509792574, 'min_child_weight': 9, 'reg_alpha': 0.7452552976742645, 'reg_lambda': 0.5920424158841491}. Best is trial 0 with value: 0.6790393925794718.
[I 2026-04-11 23:10:50,645] Trial 1 finished with value: 0.7061018821774174 and parameters: {'n_estimators': 608, 'max_depth': 3, 'learning_rate': 0.07958137359736449, 'subsample': 0.8936606496629091, 'colsample_bytree': 0.7932727009114201, 'min_child_weight': 7, 'reg_alpha': 0.9534325341005134, 'reg_lambda': 0.5644442099317976}. Best is trial 1 with value: 0.7061018821774174.
[I 2026-04-11 23:11:37,570] Trial 2 finished with value: 0.7045921280225398 and parameters: {'n_estimators': 545, 'max_depth': 10, 'learning_rate': 0.010795849910472223, 'subsample': 0.7029572736368708, 'colsample_bytree': 0.6269571259984423, 'min_child_weight': 5, 'reg_alpha': 0.8105574138361294, 'reg_lambda': 0.9359465195585728}. Best is trial 1 with value: 0.7061018821774174.
[I 2026-04-11 23:12:18,983] Trial 3 finished with value: 0.7027475280261062 and parameters: {'n_estimators': 644, 'max_depth': 9, 'learning_rate': 0.011601697447421816, 'subsample': 0.9071841439030262, 'colsample_bytree': 0.8366353086912603, 'min_child_weight': 4, 'reg_alpha': 0.4782067917270595, 'reg_lambda': 0.29633542928107726}. Best is trial 1 with value: 0.7061018821774174.
[I 2026-04-11 23:12:32,500] Trial 4 finished with value: 0.7072336405406691 and parameters: {'n_estimators': 392, 'max_depth': 5, 'learning_rate': 0.029780640646498546, 'subsample': 0.82030504894447, 'colsample_bytree': 0.9009395295401237, 'min_child_weight': 3, 'reg_alpha': 0.44662401298670373, 'reg_lambda': 0.3615280592887129}. Best is trial 4 with value: 0.7072336405406691.
[I 2026-04-11 23:12:39,209] Trial 5 finished with value: 0.694945300054685 and parameters: {'n_estimators': 203, 'max_depth': 3, 'learning_rate': 0.017390581578191167, 'subsample': 0.612525470635039, 'colsample_bytree': 0.869786814163082, 'min_child_weight': 9, 'reg_alpha': 0.8360098143269336, 'reg_lambda': 0.6578073571071358}. Best is trial 4 with value: 0.7072336405406691.
[I 2026-04-11 23:12:46,342] Trial 6 finished with value: 0.7042076086568868 and parameters: {'n_estimators': 148, 'max_depth': 5, 'learning_rate': 0.02305849883109343, 'subsample': 0.8038911749950453, 'colsample_bytree': 0.842890617977341, 'min_child_weight': 4, 'reg_alpha': 0.24101149094207275, 'reg_lambda': 0.5939951550287759}. Best is trial 4 with value: 0.7072336405406691.
[I 2026-04-11 23:12:57,730] Trial 7 finished with value: 0.7045554756413609 and parameters: {'n_estimators': 260, 'max_depth': 6, 'learning_rate': 0.05408571112513301, 'subsample': 0.6600243172847492, 'colsample_bytree': 0.8950401056922976, 'min_child_weight': 1, 'reg_alpha': 0.43056761343243, 'reg_lambda': 0.5834409365159261}. Best is trial 4 with value: 0.7072336405406691.
[I 2026-04-11 23:13:34,687] Trial 8 finished with value: 0.6782807150372095 and parameters: {'n_estimators': 610, 'max_depth': 10, 'learning_rate': 0.25314638444465787, 'subsample': 0.945407838602429, 'colsample_bytree': 0.6173564847920716, 'min_child_weight': 6, 'reg_alpha': 0.06920658322853279, 'reg_lambda': 0.44844445659715626}. Best is trial 4 with value: 0.7072336405406691.
[I 2026-04-11 23:13:52,660] Trial 9 finished with value: 0.7090769142751847 and parameters: {'n_estimators': 456, 'max_depth': 6, 'learning_rate': 0.02031986405050486, 'subsample': 0.8013250102384131, 'colsample_bytree': 0.750402275877384, 'min_child_weight': 4, 'reg_alpha': 0.5049495226142884, 'reg_lambda': 0.39412197302191476}. Best is trial 9 with value: 0.7090769142751847.
[I 2026-04-11 23:14:39,460] Trial 10 finished with value: 0.685806657017523 and parameters: {'n_estimators': 988, 'max_depth': 8, 'learning_rate': 0.05858375419838025, 'subsample': 0.724848167970186, 'colsample_bytree': 0.7093304824649331, 'min_child_weight': 1, 'reg_alpha': 0.6236012459886002, 'reg_lambda': 0.0787784746681699}. Best is trial 9 with value: 0.7090769142751847.
[I 2026-04-11 23:14:56,473] Trial 11 finished with value: 0.7039692010033525 and parameters: {'n_estimators': 391, 'max_depth': 7, 'learning_rate': 0.02850437107846096, 'subsample': 0.7541000850332961, 'colsample_bytree': 0.9941568768663857, 'min_child_weight': 3, 'reg_alpha': 0.3232326918803824, 'reg_lambda': 0.23714202447957802}. Best is trial 9 with value: 0.7090769142751847.
[I 2026-04-11 23:15:11,929] Trial 12 finished with value: 0.7074436282959652 and parameters: {'n_estimators': 406, 'max_depth': 6, 'learning_rate': 0.03682159582791173, 'subsample': 0.8271246051392885, 'colsample_bytree': 0.9384987953560001, 'min_child_weight': 3, 'reg_alpha': 0.6253294761826383, 'reg_lambda': 0.3134281282550945}. Best is trial 9 with value: 0.7090769142751847.
[I 2026-04-11 23:15:29,462] Trial 13 finished with value: 0.7004352516702728 and parameters: {'n_estimators': 421, 'max_depth': 7, 'learning_rate': 0.043219268033078934, 'subsample': 0.9982796864115988, 'colsample_bytree': 0.9908881728445511, 'min_child_weight': 2, 'reg_alpha': 0.6096662025374009, 'reg_lambda': 0.14340360956977516}. Best is trial 9 with value: 0.7090769142751847.
[I 2026-04-11 23:15:53,425] Trial 14 finished with value: 0.683231754796833 and parameters: {'n_estimators': 743, 'max_depth': 6, 'learning_rate': 0.10068880224132103, 'subsample': 0.8675590562391797, 'colsample_bytree': 0.7229697732054616, 'min_child_weight': 7, 'reg_alpha': 0.6281522815789227, 'reg_lambda': 0.004446803592981441}. Best is trial 9 with value: 0.7090769142751847.
[I 2026-04-11 23:16:05,487] Trial 15 finished with value: 0.7076964019294325 and parameters: {'n_estimators': 316, 'max_depth': 5, 'learning_rate': 0.01899964119905968, 'subsample': 0.7636415020697337, 'colsample_bytree': 0.6771935844034316, 'min_child_weight': 5, 'reg_alpha': 0.29817014971173084, 'reg_lambda': 0.7721080330937797}. Best is trial 9 with value: 0.7090769142751847.
[I 2026-04-11 23:16:16,361] Trial 16 finished with value: 0.7065534427827576 and parameters: {'n_estimators': 286, 'max_depth': 5, 'learning_rate': 0.01721757428373595, 'subsample': 0.7692866205181951, 'colsample_bytree': 0.6830931729196711, 'min_child_weight': 6, 'reg_alpha': 0.17695847555793326, 'reg_lambda': 0.8046325140213658}. Best is trial 9 with value: 0.7090769142751847.
[I 2026-04-11 23:16:31,320] Trial 17 finished with value: 0.7082294366247415 and parameters: {'n_estimators': 460, 'max_depth': 4, 'learning_rate': 0.01824123081718825, 'subsample': 0.7636634695077441, 'colsample_bytree': 0.6520350681988137, 'min_child_weight': 5, 'reg_alpha': 0.3293688271321468, 'reg_lambda': 0.776234733747284}. Best is trial 9 with value: 0.7090769142751847.
[I 2026-04-11 23:16:48,865] Trial 18 finished with value: 0.7084755789486198 and parameters: {'n_estimators': 521, 'max_depth': 4, 'learning_rate': 0.015073706858801404, 'subsample': 0.7024913588638099, 'colsample_bytree': 0.772109252533555, 'min_child_weight': 8, 'reg_alpha': 0.01036466525245322, 'reg_lambda': 0.9926533854121569}. Best is trial 9 with value: 0.7090769142751847.
[I 2026-04-11 23:17:13,136] Trial 19 finished with value: 0.7082357707327801 and parameters: {'n_estimators': 745, 'max_depth': 4, 'learning_rate': 0.010069527759971239, 'subsample': 0.6780295207897227, 'colsample_bytree': 0.7872504528321755, 'min_child_weight': 10, 'reg_alpha': 0.026267084559999487, 'reg_lambda': 0.9779464049177992}. Best is trial 9 with value: 0.7090769142751847.
[I 2026-04-11 23:17:40,649] Trial 20 finished with value: 0.7074043531111058 and parameters: {'n_estimators': 500, 'max_depth': 8, 'learning_rate': 0.0142844125390583, 'subsample': 0.6456192763877426, 'colsample_bytree': 0.7622382582686981, 'min_child_weight': 8, 'reg_alpha': 0.17964191082677203, 'reg_lambda': 0.44435498274050816}. Best is trial 9 with value: 0.7090769142751847.
[I 2026-04-11 23:18:04,452] Trial 21 finished with value: 0.7087518277895337 and parameters: {'n_estimators': 759, 'max_depth': 4, 'learning_rate': 0.010015648127387408, 'subsample': 0.691625287584248, 'colsample_bytree': 0.795727202110806, 'min_child_weight': 10, 'reg_alpha': 0.03803799540734021, 'reg_lambda': 0.9974618734463299}. Best is trial 9 with value: 0.7090769142751847.
[I 2026-04-11 23:18:23,725] Trial 22 finished with value: 0.7098708064861267 and parameters: {'n_estimators': 729, 'max_depth': 3, 'learning_rate': 0.023811964545997686, 'subsample': 0.7107792835518009, 'colsample_bytree': 0.8230159759651913, 'min_child_weight': 10, 'reg_alpha': 0.10178624146499052, 'reg_lambda': 0.8886002514299974}. Best is trial 22 with value: 0.7098708064861267.
[I 2026-04-11 23:18:44,428] Trial 23 finished with value: 0.7095527562471765 and parameters: {'n_estimators': 744, 'max_depth': 3, 'learning_rate': 0.0256404716239938, 'subsample': 0.618750837098233, 'colsample_bytree': 0.828713465716428, 'min_child_weight': 10, 'reg_alpha': 0.15811276700729662, 'reg_lambda': 0.8863783541099916}. Best is trial 22 with value: 0.7098708064861267.
[I 2026-04-11 23:19:05,009] Trial 24 finished with value: 0.7104915230687843 and parameters: {'n_estimators': 845, 'max_depth': 3, 'learning_rate': 0.025994939883610457, 'subsample': 0.6076058297988078, 'colsample_bytree': 0.7317029541372053, 'min_child_weight': 9, 'reg_alpha': 0.12838102010749614, 'reg_lambda': 0.8920645911735742}. Best is trial 24 with value: 0.7104915230687843.
[I 2026-04-11 23:19:25,521] Trial 25 finished with value: 0.7094742244525547 and parameters: {'n_estimators': 852, 'max_depth': 3, 'learning_rate': 0.02825231296369216, 'subsample': 0.6043603476108057, 'colsample_bytree': 0.8254758349867343, 'min_child_weight': 9, 'reg_alpha': 0.1274949832320871, 'reg_lambda': 0.8832048581651222}. Best is trial 24 with value: 0.7104915230687843.
[I 2026-04-11 23:19:45,979] Trial 26 finished with value: 0.7085903879074633 and parameters: {'n_estimators': 865, 'max_depth': 3, 'learning_rate': 0.03790849868957073, 'subsample': 0.6410113781173076, 'colsample_bytree': 0.8216180238577724, 'min_child_weight': 10, 'reg_alpha': 0.13701881512368658, 'reg_lambda': 0.6959701132539846}. Best is trial 24 with value: 0.7104915230687843.
[I 2026-04-11 23:20:13,353] Trial 27 finished with value: 0.7101957257959057 and parameters: {'n_estimators': 999, 'max_depth': 3, 'learning_rate': 0.025484258321610498, 'subsample': 0.6294126150482404, 'colsample_bytree': 0.7317465990693401, 'min_child_weight': 8, 'reg_alpha': 0.2444465347004297, 'reg_lambda': 0.8939526800734158}. Best is trial 24 with value: 0.7104915230687843.
[I 2026-04-11 23:20:40,720] Trial 28 finished with value: 0.7088880426900306 and parameters: {'n_estimators': 981, 'max_depth': 3, 'learning_rate': 0.050050960716433376, 'subsample': 0.6649547201136791, 'colsample_bytree': 0.7242411761669454, 'min_child_weight': 8, 'reg_alpha': 0.27777780744904773, 'reg_lambda': 0.8821385245150818}. Best is trial 24 with value: 0.7104915230687843.
[I 2026-04-11 23:21:07,227] Trial 29 finished with value: 0.6962004193513873 and parameters: {'n_estimators': 914, 'max_depth': 4, 'learning_rate': 0.07216527524389163, 'subsample': 0.6309604828255237, 'colsample_bytree': 0.7442314663566508, 'min_child_weight': 9, 'reg_alpha': 0.2149723423044562, 'reg_lambda': 0.6998311513080006}. Best is trial 24 with value: 0.7104915230687843.
[I 2026-04-11 23:39:15,734] A new study created in memory with name: no-name-d9152409-3fd0-4cc8-901e-02d44f8bb056
[I 2026-04-11 23:39:20,446] Trial 0 finished with value: 2.626508124526699 and parameters: {'n_estimators': 159, 'max_depth': 8, 'learning_rate': 0.014172642840051144, 'subsample': 0.7306529004942944, 'colsample_bytree': 0.631184470917166, 'min_child_weight': 7, 'reg_alpha': 0.7259310991249022, 'reg_lambda': 0.8196277905273742}. Best is trial 0 with value: 2.626508124526699.
[I 2026-04-11 23:39:35,717] Trial 1 finished with value: 2.616278413356574 and parameters: {'n_estimators': 480, 'max_depth': 8, 'learning_rate': 0.011492951443223508, 'subsample': 0.9409512728316949, 'colsample_bytree': 0.9189426700289272, 'min_child_weight': 3, 'reg_alpha': 0.5141430269052694, 'reg_lambda': 0.4165853365357858}. Best is trial 1 with value: 2.616278413356574.
[I 2026-04-11 23:39:42,652] Trial 2 finished with value: 2.653906240892959 and parameters: {'n_estimators': 544, 'max_depth': 6, 'learning_rate': 0.0490521468487813, 'subsample': 0.9593854925299672, 'colsample_bytree': 0.7854905363002868, 'min_child_weight': 10, 'reg_alpha': 0.19092079796494632, 'reg_lambda': 0.14117537144693804}. Best is trial 1 with value: 2.616278413356574.
[I 2026-04-11 23:39:47,067] Trial 3 finished with value: 2.609514429356267 and parameters: {'n_estimators': 448, 'max_depth': 4, 'learning_rate': 0.02539397478156201, 'subsample': 0.8950520115136826, 'colsample_bytree': 0.8264106021759923, 'min_child_weight': 2, 'reg_alpha': 0.14744977480492172, 'reg_lambda': 0.2865342729503717}. Best is trial 3 with value: 2.609514429356267.
[I 2026-04-11 23:39:59,832] Trial 4 finished with value: 2.6274507461278667 and parameters: {'n_estimators': 715, 'max_depth': 7, 'learning_rate': 0.015688736633799716, 'subsample': 0.8948472148993658, 'colsample_bytree': 0.8565756722343746, 'min_child_weight': 2, 'reg_alpha': 0.3851570726302461, 'reg_lambda': 0.26710220278139074}. Best is trial 3 with value: 2.609514429356267.
[I 2026-04-11 23:40:06,911] Trial 5 finished with value: 2.719957841270196 and parameters: {'n_estimators': 353, 'max_depth': 8, 'learning_rate': 0.0868158511362926, 'subsample': 0.8281227153209647, 'colsample_bytree': 0.6353683603954741, 'min_child_weight': 9, 'reg_alpha': 0.8352186605030003, 'reg_lambda': 0.5378742753875511}. Best is trial 3 with value: 2.609514429356267.
[I 2026-04-11 23:40:14,663] Trial 6 finished with value: 2.68275360123476 and parameters: {'n_estimators': 395, 'max_depth': 8, 'learning_rate': 0.06906919052680768, 'subsample': 0.7595692113210898, 'colsample_bytree': 0.7475006177056368, 'min_child_weight': 9, 'reg_alpha': 0.9961763796125729, 'reg_lambda': 0.6934875557404448}. Best is trial 3 with value: 2.609514429356267.
[I 2026-04-11 23:40:48,086] Trial 7 finished with value: 2.9813125868883583 and parameters: {'n_estimators': 968, 'max_depth': 9, 'learning_rate': 0.27563348586801545, 'subsample': 0.7358007825288492, 'colsample_bytree': 0.9257679555852648, 'min_child_weight': 5, 'reg_alpha': 0.792915046383622, 'reg_lambda': 0.6136390186237242}. Best is trial 3 with value: 2.609514429356267.
[I 2026-04-11 23:40:54,686] Trial 8 finished with value: 2.6310263069421214 and parameters: {'n_estimators': 358, 'max_depth': 6, 'learning_rate': 0.041631979893323214, 'subsample': 0.6726083186189074, 'colsample_bytree': 0.6820297600857245, 'min_child_weight': 7, 'reg_alpha': 0.9496053028910741, 'reg_lambda': 0.9192793928577204}. Best is trial 3 with value: 2.609514429356267.
[I 2026-04-11 23:40:57,624] Trial 9 finished with value: 2.612491681058684 and parameters: {'n_estimators': 177, 'max_depth': 6, 'learning_rate': 0.039577901301740964, 'subsample': 0.7793234701108562, 'colsample_bytree': 0.9372973444017729, 'min_child_weight': 6, 'reg_alpha': 0.989905955587295, 'reg_lambda': 0.0995650005301224}. Best is trial 3 with value: 2.609514429356267.
[I 2026-04-11 23:41:04,347] Trial 10 finished with value: 2.7077623429089086 and parameters: {'n_estimators': 780, 'max_depth': 3, 'learning_rate': 0.14311525718548165, 'subsample': 0.8683909205327949, 'colsample_bytree': 0.9921622198561255, 'min_child_weight': 1, 'reg_alpha': 0.037198112082906076, 'reg_lambda': 0.3657635706951421}. Best is trial 3 with value: 2.609514429356267.
[I 2026-04-11 23:41:07,001] Trial 11 finished with value: 2.6037289172409768 and parameters: {'n_estimators': 201, 'max_depth': 4, 'learning_rate': 0.0275250631843145, 'subsample': 0.6247459585056104, 'colsample_bytree': 0.8531682620571118, 'min_child_weight': 4, 'reg_alpha': 0.5298723482233456, 'reg_lambda': 0.06910893284747441}. Best is trial 11 with value: 2.6037289172409768.
[I 2026-04-11 23:41:09,604] Trial 12 finished with value: 2.6016943103531815 and parameters: {'n_estimators': 255, 'max_depth': 3, 'learning_rate': 0.024175269597637206, 'subsample': 0.6021074662982713, 'colsample_bytree': 0.8357813050553922, 'min_child_weight': 4, 'reg_alpha': 0.4819854475931729, 'reg_lambda': 0.020109374053331165}. Best is trial 12 with value: 2.6016943103531815.
[I 2026-04-11 23:41:12,568] Trial 13 finished with value: 2.603993203323239 and parameters: {'n_estimators': 255, 'max_depth': 4, 'learning_rate': 0.02418759781006634, 'subsample': 0.6193402260691421, 'colsample_bytree': 0.8686870939853841, 'min_child_weight': 4, 'reg_alpha': 0.5210802752447738, 'reg_lambda': 0.0511970261997928}. Best is trial 12 with value: 2.6016943103531815.
[I 2026-04-11 23:41:15,087] Trial 14 finished with value: 2.601447655879213 and parameters: {'n_estimators': 253, 'max_depth': 3, 'learning_rate': 0.024802744311628443, 'subsample': 0.6015364821252972, 'colsample_bytree': 0.7544203137971697, 'min_child_weight': 4, 'reg_alpha': 0.371353982502313, 'reg_lambda': 0.014882292288035063}. Best is trial 14 with value: 2.601447655879213.
[I 2026-04-11 23:41:22,665] Trial 15 finished with value: 2.6044847751363482 and parameters: {'n_estimators': 675, 'max_depth': 3, 'learning_rate': 0.02325219709188447, 'subsample': 0.6744701821351056, 'colsample_bytree': 0.7313689320553223, 'min_child_weight': 5, 'reg_alpha': 0.3478563153011541, 'reg_lambda': 0.004236320122555991}. Best is trial 14 with value: 2.601447655879213.
[I 2026-04-11 23:41:27,183] Trial 16 finished with value: 2.6035353644214885 and parameters: {'n_estimators': 302, 'max_depth': 5, 'learning_rate': 0.0178703222041665, 'subsample': 0.6751885188687005, 'colsample_bytree': 0.776782744803434, 'min_child_weight': 3, 'reg_alpha': 0.6534567123443884, 'reg_lambda': 0.22258609718778488}. Best is trial 14 with value: 2.601447655879213.
[I 2026-04-11 23:41:29,246] Trial 17 finished with value: 2.6079136748495295 and parameters: {'n_estimators': 101, 'max_depth': 3, 'learning_rate': 0.036734128862117986, 'subsample': 0.6036844778493319, 'colsample_bytree': 0.7089066679688381, 'min_child_weight': 6, 'reg_alpha': 0.3239096185824743, 'reg_lambda': 0.1977964591002397}. Best is trial 14 with value: 2.601447655879213.
[I 2026-04-11 23:41:58,650] Trial 18 finished with value: 2.6256769111124965 and parameters: {'n_estimators': 580, 'max_depth': 10, 'learning_rate': 0.010305615683375931, 'subsample': 0.6525317165956853, 'colsample_bytree': 0.8083991396544518, 'min_child_weight': 4, 'reg_alpha': 0.6295631998716902, 'reg_lambda': 0.3595494621307207}. Best is trial 14 with value: 2.601447655879213.
[I 2026-04-11 23:42:02,047] Trial 19 finished with value: 2.6351763072634284 and parameters: {'n_estimators': 276, 'max_depth': 5, 'learning_rate': 0.08501046590636348, 'subsample': 0.7206660627534806, 'colsample_bytree': 0.6772667462154056, 'min_child_weight': 1, 'reg_alpha': 0.24718377765237404, 'reg_lambda': 0.1601520015589794}. Best is trial 14 with value: 2.601447655879213.
[I 2026-04-11 23:42:12,608] Trial 20 finished with value: 2.785561083721117 and parameters: {'n_estimators': 980, 'max_depth': 5, 'learning_rate': 0.1380558778072812, 'subsample': 0.8152238414499557, 'colsample_bytree': 0.8889415794942412, 'min_child_weight': 7, 'reg_alpha': 0.40724834711091623, 'reg_lambda': 0.481349677211241}. Best is trial 14 with value: 2.601447655879213.
[I 2026-04-11 23:42:16,507] Trial 21 finished with value: 2.605478586819155 and parameters: {'n_estimators': 286, 'max_depth': 5, 'learning_rate': 0.01704385457801319, 'subsample': 0.6925836339728637, 'colsample_bytree': 0.7710188789172929, 'min_child_weight': 3, 'reg_alpha': 0.6274153870991759, 'reg_lambda': 0.2249253464224258}. Best is trial 14 with value: 2.601447655879213.
[I 2026-04-11 23:42:17,817] Trial 22 finished with value: 2.6349246318016175 and parameters: {'n_estimators': 101, 'max_depth': 4, 'learning_rate': 0.018715264217249936, 'subsample': 0.6420897426353313, 'colsample_bytree': 0.8232342954796675, 'min_child_weight': 3, 'reg_alpha': 0.611053703235531, 'reg_lambda': 0.005534629267760159}. Best is trial 14 with value: 2.601447655879213.
[I 2026-04-11 23:42:20,473] Trial 23 finished with value: 2.6018432468099104 and parameters: {'n_estimators': 310, 'max_depth': 3, 'learning_rate': 0.030864864932573274, 'subsample': 0.6015307932222062, 'colsample_bytree': 0.7596925444286642, 'min_child_weight': 2, 'reg_alpha': 0.4147526202037894, 'reg_lambda': 0.13014735819160217}. Best is trial 14 with value: 2.601447655879213.
[I 2026-04-11 23:42:22,414] Trial 24 finished with value: 2.6044024482011596 and parameters: {'n_estimators': 220, 'max_depth': 3, 'learning_rate': 0.03191772821515957, 'subsample': 0.6061237477807869, 'colsample_bytree': 0.7479216556324808, 'min_child_weight': 2, 'reg_alpha': 0.4113891692185992, 'reg_lambda': 0.10606155952825082}. Best is trial 14 with value: 2.601447655879213.
[I 2026-04-11 23:42:25,894] Trial 25 finished with value: 2.622007085218007 and parameters: {'n_estimators': 438, 'max_depth': 3, 'learning_rate': 0.06333666288473169, 'subsample': 0.6423483764828062, 'colsample_bytree': 0.7082845897591526, 'min_child_weight': 4, 'reg_alpha': 0.2748371079248375, 'reg_lambda': 0.0023593985931352757}. Best is trial 14 with value: 2.601447655879213.
