[I 2026-04-12 02:32:34,932] Trial 29 finished with value: 0.6010584422126148 and parameters: {'n_estimators': 363, 'max_depth': 4, 'learning_rate': 0.0423994933780393, 'subsample': 0.7700690155117791, 'colsample_bytree': 0.7128788263153519, 'min_child_weight': 7, 'reg_alpha': 0.8943073852956707, 'reg_lambda': 0.5537612222696067}. Best is trial 0 with value: 0.6053677987423979.

[train] Skipping player 1629599 after 3 failed attempts
[train] Skipping player 202710 after 3 failed attempts
[train] Skipping player 1630598 after 3 failed attempts
[train] players processed: 140/300
[train] Skipping player 1631117 after 3 failed attempts
[train] Skipping player 1629631 after 3 failed attempts
[train] Skipping player 1630534 after 3 failed attempts
[train] Skipping player 1641764 after 3 failed attempts
[train] Skipping player 1631095 after 3 failed attempts
[train] Skipping player 203076 after 3 failed attempts
[train] Skipping player 203078 after 3 failed attempts
[train] Skipping player 1627777 after 3 failed attempts
[train] Skipping player 1627751 after 3 failed attempts
[train] Skipping player 1630590 after 3 failed attempts
[train] players processed: 150/300
[train] Skipping player 1628989 after 3 failed attempts
[train] players processed: 160/300
[train] players processed: 170/300
[train] players processed: 180/300
[train] players processed: 190/300
[train] players processed: 200/300
[train] players processed: 210/300
[train] Skipping player 1642270 after 3 failed attempts
[train] Skipping player 1641722 after 3 failed attempts
[train] Skipping player 1631213 after 3 failed attempts
[train] Skipping player 203486 after 3 failed attempts
[train] Skipping player 1642367 after 3 failed attempts
[train] Skipping player 1630552 after 3 failed attempts
[train] Skipping player 1629622 after 3 failed attempts
[train] Skipping player 1630548 after 3 failed attempts
[train] Skipping player 1641842 after 3 failed attempts
[train] players processed: 220/300
[train] Skipping player 1629750 after 3 failed attempts
[train] Skipping player 1630208 after 3 failed attempts
[train] Skipping player 1629731 after 3 failed attempts
[train] Skipping player 1641741 after 3 failed attempts
[train] Skipping player 1642275 after 3 failed attempts
[train] Skipping player 1626171 after 3 failed attempts
[train] Skipping player 1631217 after 3 failed attempts
[train] Skipping player 1630526 after 3 failed attempts
[train] Skipping player 1631323 after 3 failed attempts
[train] Skipping player 1630175 after 3 failed attempts
[train] players processed: 230/300
[train] Skipping player 1641767 after 3 failed attempts
[train] players processed: 240/300
[train] players processed: 250/300
[train] players processed: 260/300
[train] players processed: 270/300
[train] players processed: 280/300
[train] players processed: 290/300
[train] players processed: 300/300
[train] total examples: 840728
[train] training + saving models ...
[wf] points: auc_raw=0.572 brier_raw=0.269 auc_cal=0.567 brier_cal=0.249 folds=5
[optuna] Optimizing hyperparameters for points regression...
[optuna] Best params: {'n_estimators': 927, 'max_depth': 4, 'learning_rate': 0.010184934566363373, 'subsample': 0.6914019219266989, 'colsample_bytree': 0.8468150134319077, 'min_child_weight': 6, 'reg_alpha': 0.248403321943874, 'reg_lambda': 0.9999847654777212}
[optuna] Optimizing hyperparameters for points classification...
[optuna] Best params: {'n_estimators': 921, 'max_depth': 4, 'learning_rate': 0.02112538181891555, 'subsample': 0.6553044193583468, 'colsample_bytree': 0.7944155663200462, 'min_child_weight': 4, 'reg_alpha': 0.4829390837070894, 'reg_lambda': 0.09952244910273533}
[wf] assists: auc_raw=0.674 brier_raw=0.235 auc_cal=0.668 brier_cal=0.224 folds=5
[optuna] Optimizing hyperparameters for assists regression...
[optuna] Best params: {'n_estimators': 975, 'max_depth': 4, 'learning_rate': 0.01630451034947239, 'subsample': 0.7619481980534394, 'colsample_bytree': 0.9034021136411018, 'min_child_weight': 4, 'reg_alpha': 0.21755525929620345, 'reg_lambda': 0.7241874002415322}
[optuna] Optimizing hyperparameters for assists classification...
[optuna] Best params: {'n_estimators': 845, 'max_depth': 3, 'learning_rate': 0.025994939883610457, 'subsample': 0.6076058297988078, 'colsample_bytree': 0.7317029541372053, 'min_child_weight': 9, 'reg_alpha': 0.12838102010749614, 'reg_lambda': 0.8920645911735742}
[wf] rebounds: auc_raw=0.641 brier_raw=0.247 auc_cal=0.624 brier_cal=0.237 folds=5
[optuna] Optimizing hyperparameters for rebounds regression...
[optuna] Best params: {'n_estimators': 253, 'max_depth': 3, 'learning_rate': 0.024802744311628443, 'subsample': 0.6015364821252972, 'colsample_bytree': 0.7544203137971697, 'min_child_weight': 4, 'reg_alpha': 0.371353982502313, 'reg_lambda': 0.014882292288035063}
[optuna] Optimizing hyperparameters for rebounds classification...
[optuna] Best params: {'n_estimators': 468, 'max_depth': 4, 'learning_rate': 0.02473262008392927, 'subsample': 0.9047370778936332, 'colsample_bytree': 0.8897799952928089, 'min_child_weight': 8, 'reg_alpha': 0.6608876760707791, 'reg_lambda': 0.8777884224156213}
[wf] steals: auc_raw=0.727 brier_raw=0.197 auc_cal=0.720 brier_cal=0.190 folds=5
[optuna] Optimizing hyperparameters for steals regression...
[optuna] Best params: {'n_estimators': 902, 'max_depth': 4, 'learning_rate': 0.010003959194208193, 'subsample': 0.7532089111103364, 'colsample_bytree': 0.9581147435920354, 'min_child_weight': 1, 'reg_alpha': 0.995440570543306, 'reg_lambda': 0.8839519885549316}
[optuna] Optimizing hyperparameters for steals classification...
[optuna] Best params: {'n_estimators': 751, 'max_depth': 3, 'learning_rate': 0.02498048524374565, 'subsample': 0.7853136495994841, 'colsample_bytree': 0.6041017980893417, 'min_child_weight': 2, 'reg_alpha': 0.721977287659129, 'reg_lambda': 0.8351782291219739}
[wf] blocks: auc_raw=0.733 brier_raw=0.161 auc_cal=0.725 brier_cal=0.154 folds=5
[optuna] Optimizing hyperparameters for blocks regression...
[optuna] Best params: {'n_estimators': 155, 'max_depth': 4, 'learning_rate': 0.08013634860499078, 'subsample': 0.8017515518482472, 'colsample_bytree': 0.7857194812955188, 'min_child_weight': 4, 'reg_alpha': 0.6679216950521069, 'reg_lambda': 0.8299469424818872}
[optuna] Optimizing hyperparameters for blocks classification...
[optuna] Best params: {'n_estimators': 789, 'max_depth': 5, 'learning_rate': 0.01970594794915588, 'subsample': 0.6326712293950653, 'colsample_bytree': 0.9441415354970164, 'min_child_weight': 10, 'reg_alpha': 0.15250631003528559, 'reg_lambda': 0.705728418063056}
[wf] turnovers: auc_raw=0.729 brier_raw=0.208 auc_cal=0.717 brier_cal=0.203 folds=5
[optuna] Optimizing hyperparameters for turnovers regression...
[optuna] Best params: {'n_estimators': 465, 'max_depth': 4, 'learning_rate': 0.01485137265737071, 'subsample': 0.7571861937350701, 'colsample_bytree': 0.6542692756881696, 'min_child_weight': 4, 'reg_alpha': 0.7287940991684763, 'reg_lambda': 0.4296540660049556}
[optuna] Optimizing hyperparameters for turnovers classification...
[optuna] Best params: {'n_estimators': 667, 'max_depth': 4, 'learning_rate': 0.017563759065670228, 'subsample': 0.8491783884325945, 'colsample_bytree': 0.8979274787255259, 'min_child_weight': 4, 'reg_alpha': 0.7308176303849423, 'reg_lambda': 0.020868951512712466}
[wf] three_pointers: auc_raw=0.730 brier_raw=0.203 auc_cal=0.724 brier_cal=0.197 folds=5
[optuna] Optimizing hyperparameters for three_pointers regression...
[optuna] Best params: {'n_estimators': 456, 'max_depth': 4, 'learning_rate': 0.01581597499421989, 'subsample': 0.8791099692296874, 'colsample_bytree': 0.9280786449995801, 'min_child_weight': 2, 'reg_alpha': 0.8112706679002741, 'reg_lambda': 0.02497843137203054}
[optuna] Optimizing hyperparameters for three_pointers classification...
[optuna] Best params: {'n_estimators': 305, 'max_depth': 3, 'learning_rate': 0.03767874321693769, 'subsample': 0.8426746189553938, 'colsample_bytree': 0.8864597789846773, 'min_child_weight': 8, 'reg_alpha': 0.5228628420231322, 'reg_lambda': 0.8778475163634919}
[wf] pts_reb: auc_raw=0.564 brier_raw=0.273 auc_cal=0.559 brier_cal=0.250 folds=5
[optuna] Optimizing hyperparameters for pts_reb regression...
[optuna] Best params: {'n_estimators': 275, 'max_depth': 4, 'learning_rate': 0.02588416033392408, 'subsample': 0.8719473526350849, 'colsample_bytree': 0.9252890035640596, 'min_child_weight': 7, 'reg_alpha': 0.16898785553253182, 'reg_lambda': 0.8415862429356589}
[optuna] Optimizing hyperparameters for pts_reb classification...
[optuna] Best params: {'n_estimators': 311, 'max_depth': 3, 'learning_rate': 0.11597536059652687, 'subsample': 0.7897438419991172, 'colsample_bytree': 0.6342235376923991, 'min_child_weight': 8, 'reg_alpha': 0.8411264846195504, 'reg_lambda': 0.3793813689755873}[I 2026-04-12 02:47:12,158] A new study created in memory with name: no-name-284b6418-0204-4d60-9874-a83962762286
[I 2026-04-12 02:47:13,775] Trial 0 finished with value: 7.029836868175124 and parameters: {'n_estimators': 287, 'max_depth': 3, 'learning_rate': 0.07429161103423902, 'subsample': 0.9343818945370651, 'colsample_bytree': 0.8453993411364547, 'min_child_weight': 5, 'reg_alpha': 0.9851733726239161, 'reg_lambda': 0.8461758989617524}. Best is trial 0 with value: 7.029836868175124.
[I 2026-04-12 02:47:15,270] Trial 1 finished with value: 7.164081664254349 and parameters: {'n_estimators': 286, 'max_depth': 3, 'learning_rate': 0.25195187727429763, 'subsample': 0.757078071027039, 'colsample_bytree': 0.8662070032067131, 'min_child_weight': 8, 'reg_alpha': 0.8729806139929162, 'reg_lambda': 0.40202178492486085}. Best is trial 0 with value: 7.029836868175124.
[I 2026-04-12 02:47:28,169] Trial 2 finished with value: 7.100446055746204 and parameters: {'n_estimators': 570, 'max_depth': 10, 'learning_rate': 0.015182719169145384, 'subsample': 0.6567374632440112, 'colsample_bytree': 0.6367519701216864, 'min_child_weight': 4, 'reg_alpha': 0.8696008206037832, 'reg_lambda': 0.1824542502489902}. Best is trial 0 with value: 7.029836868175124.
[I 2026-04-12 02:47:44,384] Trial 3 finished with value: 7.3189710046401215 and parameters: {'n_estimators': 597, 'max_depth': 10, 'learning_rate': 0.07110665251539382, 'subsample': 0.8390234382253072, 'colsample_bytree': 0.8298132587262113, 'min_child_weight': 3, 'reg_alpha': 0.15167264201826058, 'reg_lambda': 0.40400082707255347}. Best is trial 0 with value: 7.029836868175124.
[I 2026-04-12 02:47:47,229] Trial 4 finished with value: 7.022052823461944 and parameters: {'n_estimators': 522, 'max_depth': 3, 'learning_rate': 0.015463632183761901, 'subsample': 0.6235611195867632, 'colsample_bytree': 0.6080017043593956, 'min_child_weight': 1, 'reg_alpha': 0.2662012974298993, 'reg_lambda': 0.7756464079816744}. Best is trial 4 with value: 7.022052823461944.
[I 2026-04-12 02:47:52,591] Trial 5 finished with value: 7.084706793045024 and parameters: {'n_estimators': 383, 'max_depth': 8, 'learning_rate': 0.02321968180067502, 'subsample': 0.7614180268510817, 'colsample_bytree': 0.6345153017327495, 'min_child_weight': 2, 'reg_alpha': 0.40202847704397005, 'reg_lambda': 0.3487772104805069}. Best is trial 4 with value: 7.022052823461944.
[I 2026-04-12 02:47:56,798] Trial 6 finished with value: 7.022001594027995 and parameters: {'n_estimators': 666, 'max_depth': 4, 'learning_rate': 0.013162708285933829, 'subsample': 0.8031417497139823, 'colsample_bytree': 0.6434545277263976, 'min_child_weight': 10, 'reg_alpha': 0.6618486847919431, 'reg_lambda': 0.4905077789366429}. Best is trial 6 with value: 7.022001594027995.
[I 2026-04-12 02:48:00,021] Trial 7 finished with value: 7.33024741995127 and parameters: {'n_estimators': 519, 'max_depth': 4, 'learning_rate': 0.18601596642037824, 'subsample': 0.6519445989945652, 'colsample_bytree': 0.8952735163657701, 'min_child_weight': 4, 'reg_alpha': 0.28192861483963194, 'reg_lambda': 0.5859395195878482}. Best is trial 6 with value: 7.022001594027995.
[I 2026-04-12 02:48:09,836] Trial 8 finished with value: 7.08695272077577 and parameters: {'n_estimators': 435, 'max_depth': 9, 'learning_rate': 0.01504581933570477, 'subsample': 0.6922137480867827, 'colsample_bytree': 0.971007329002471, 'min_child_weight': 3, 'reg_alpha': 0.14466295925169548, 'reg_lambda': 0.8600701852146261}. Best is trial 6 with value: 7.022001594027995.
[I 2026-04-12 02:48:19,288] Trial 9 finished with value: 7.780563946649022 and parameters: {'n_estimators': 819, 'max_depth': 7, 'learning_rate': 0.17371454690762975, 'subsample': 0.719761199375298, 'colsample_bytree': 0.7368367098783956, 'min_child_weight': 3, 'reg_alpha': 0.28981899040598535, 'reg_lambda': 0.45717730481043506}. Best is trial 6 with value: 7.022001594027995.
[I 2026-04-12 02:48:25,232] Trial 10 finished with value: 7.098935934145222 and parameters: {'n_estimators': 838, 'max_depth': 5, 'learning_rate': 0.040441513410242415, 'subsample': 0.8622050537366925, 'colsample_bytree': 0.7241248633530829, 'min_child_weight': 10, 'reg_alpha': 0.646408926963527, 'reg_lambda': 0.06019775687138845}. Best is trial 6 with value: 7.022001594027995.
[I 2026-04-12 02:48:31,134] Trial 11 finished with value: 7.024754259807175 and parameters: {'n_estimators': 693, 'max_depth': 5, 'learning_rate': 0.010457691870886208, 'subsample': 0.9861944445606027, 'colsample_bytree': 0.621531218264601, 'min_child_weight': 7, 'reg_alpha': 0.6064082592484001, 'reg_lambda': 0.6612040598446378}. Best is trial 6 with value: 7.022001594027995.
[I 2026-04-12 02:48:38,120] Trial 12 finished with value: 7.051822981154533 and parameters: {'n_estimators': 972, 'max_depth': 5, 'learning_rate': 0.03121198676946665, 'subsample': 0.6092416650464231, 'colsample_bytree': 0.70585860369666, 'min_child_weight': 1, 'reg_alpha': 0.009582551351255408, 'reg_lambda': 0.7269829215675379}. Best is trial 6 with value: 7.022001594027995.
[I 2026-04-12 02:48:39,066] Trial 13 finished with value: 7.343181144071077 and parameters: {'n_estimators': 125, 'max_depth': 3, 'learning_rate': 0.01114105651871098, 'subsample': 0.8288415648914516, 'colsample_bytree': 0.6030435675824023, 'min_child_weight': 10, 'reg_alpha': 0.556315087647853, 'reg_lambda': 0.9460295558943408}. Best is trial 6 with value: 7.022001594027995.
[I 2026-04-12 02:48:45,221] Trial 14 finished with value: 7.045689595258527 and parameters: {'n_estimators': 711, 'max_depth': 6, 'learning_rate': 0.023562309336032476, 'subsample': 0.8939353083966992, 'colsample_bytree': 0.6855312154379711, 'min_child_weight': 7, 'reg_alpha': 0.6945274647787231, 'reg_lambda': 0.5635552695313064}. Best is trial 6 with value: 7.022001594027995.
[I 2026-04-12 02:48:49,616] Trial 15 finished with value: 7.024052069559056 and parameters: {'n_estimators': 701, 'max_depth': 4, 'learning_rate': 0.01810345275173201, 'subsample': 0.7764219142968414, 'colsample_bytree': 0.7693267175951943, 'min_child_weight': 8, 'reg_alpha': 0.43560358693553924, 'reg_lambda': 0.7540375454789496}. Best is trial 6 with value: 7.022001594027995.
[I 2026-04-12 02:48:52,660] Trial 16 finished with value: 7.055235995384852 and parameters: {'n_estimators': 493, 'max_depth': 4, 'learning_rate': 0.04716675072655347, 'subsample': 0.7159500827406392, 'colsample_bytree': 0.669215672139426, 'min_child_weight': 1, 'reg_alpha': 0.7592822787883506, 'reg_lambda': 0.20117380157613918}. Best is trial 6 with value: 7.022001594027995.
[I 2026-04-12 02:48:59,776] Trial 17 finished with value: 7.3442669270472125 and parameters: {'n_estimators': 824, 'max_depth': 6, 'learning_rate': 0.09121681763592007, 'subsample': 0.8018137815408116, 'colsample_bytree': 0.7713011649470557, 'min_child_weight': 6, 'reg_alpha': 0.4940484224964086, 'reg_lambda': 0.9869591064761596}. Best is trial 6 with value: 7.022001594027995.
[I 2026-04-12 02:49:03,623] Trial 18 finished with value: 7.032368185138043 and parameters: {'n_estimators': 623, 'max_depth': 4, 'learning_rate': 0.030123957802738292, 'subsample': 0.602314509138369, 'colsample_bytree': 0.6791391798443218, 'min_child_weight': 9, 'reg_alpha': 0.35340786076645875, 'reg_lambda': 0.2791290945150745}. Best is trial 6 with value: 7.022001594027995.
[I 2026-04-12 02:49:14,106] Trial 19 finished with value: 7.040117861910635 and parameters: {'n_estimators': 973, 'max_depth': 7, 'learning_rate': 0.01021208772566046, 'subsample': 0.8991142984997235, 'colsample_bytree': 0.6020311585408602, 'min_child_weight': 6, 'reg_alpha': 0.166597355637906, 'reg_lambda': 0.5458494266911218}. Best is trial 6 with value: 7.022001594027995.
[I 2026-04-12 02:49:16,645] Trial 20 finished with value: 7.023667072782481 and parameters: {'n_estimators': 408, 'max_depth': 3, 'learning_rate': 0.020153657722790253, 'subsample': 0.6671123296203688, 'colsample_bytree': 0.995584253622841, 'min_child_weight': 5, 'reg_alpha': 0.042541973677385686, 'reg_lambda': 0.6714936296212695}. Best is trial 6 with value: 7.022001594027995.
[I 2026-04-12 02:49:18,960] Trial 21 finished with value: 7.030878675575734 and parameters: {'n_estimators': 354, 'max_depth': 3, 'learning_rate': 0.01750461093865346, 'subsample': 0.6540317815145138, 'colsample_bytree': 0.9703895815446457, 'min_child_weight': 5, 'reg_alpha': 0.00785032757511387, 'reg_lambda': 0.6645674557370018}. Best is trial 6 with value: 7.022001594027995.
[I 2026-04-12 02:49:21,799] Trial 22 finished with value: 7.02951193433781 and parameters: {'n_estimators': 451, 'max_depth': 3, 'learning_rate': 0.013595232958137518, 'subsample': 0.6829435619682277, 'colsample_bytree': 0.9225818068261029, 'min_child_weight': 2, 'reg_alpha': 0.22371941534657036, 'reg_lambda': 0.7720499849280025}. Best is trial 6 with value: 7.022001594027995.
[I 2026-04-12 02:49:23,375] Trial 23 finished with value: 7.0318763623460185 and parameters: {'n_estimators': 191, 'max_depth': 4, 'learning_rate': 0.02290375276121229, 'subsample': 0.6255227646381558, 'colsample_bytree': 0.9989703886202971, 'min_child_weight': 9, 'reg_alpha': 0.07786395403271901, 'reg_lambda': 0.6348163837258}. Best is trial 6 with value: 7.022001594027995.
[I 2026-04-12 02:49:28,536] Trial 24 finished with value: 7.036424818090099 and parameters: {'n_estimators': 669, 'max_depth': 5, 'learning_rate': 0.034129962370373475, 'subsample': 0.7287334585347134, 'colsample_bytree': 0.6529135232737502, 'min_child_weight': 7, 'reg_alpha': 0.5249835326241276, 'reg_lambda': 0.4796240001848167}. Best is trial 6 with value: 7.022001594027995.
[I 2026-04-12 02:49:32,020] Trial 25 finished with value: 7.021153672911639 and parameters: {'n_estimators': 537, 'max_depth': 3, 'learning_rate': 0.020626500153904624, 'subsample': 0.792535185942524, 'colsample_bytree': 0.7870832894479051, 'min_child_weight': 4, 'reg_alpha': 0.3169166983259083, 'reg_lambda': 0.8433219523038735}. Best is trial 25 with value: 7.021153672911639.
[I 2026-04-12 02:49:35,905] Trial 26 finished with value: 7.019970849896755 and parameters: {'n_estimators': 526, 'max_depth': 4, 'learning_rate': 0.012662745009557368, 'subsample': 0.8055052819719124, 'colsample_bytree': 0.7909505880108226, 'min_child_weight': 2, 'reg_alpha': 0.35766661786304593, 'reg_lambda': 0.8748760114996412}. Best is trial 26 with value: 7.019970849896755.
[I 2026-04-12 02:49:43,389] Trial 27 finished with value: 7.039603109027656 and parameters: {'n_estimators': 765, 'max_depth': 6, 'learning_rate': 0.013455086755056845, 'subsample': 0.7999719535707297, 'colsample_bytree': 0.796073332686477, 'min_child_weight': 4, 'reg_alpha': 0.3716301689365782, 'reg_lambda': 0.8956147757997407}. Best is trial 26 with value: 7.019970849896755.
[I 2026-04-12 02:49:47,542] Trial 28 finished with value: 7.03690273095585 and parameters: {'n_estimators': 621, 'max_depth': 4, 'learning_rate': 0.027027105953761208, 'subsample': 0.8101556560249811, 'colsample_bytree': 0.7549631345252761, 'min_child_weight': 2, 'reg_alpha': 0.4509310114582659, 'reg_lambda': 0.8300737720952511}. Best is trial 26 with value: 7.019970849896755.
[I 2026-04-12 02:49:49,889] Trial 29 finished with value: 7.054997317669898 and parameters: {'n_estimators': 276, 'max_depth': 5, 'learning_rate': 0.05627254872372207, 'subsample': 0.8609781785140287, 'colsample_bytree': 0.8249553981037965, 'min_child_weight': 4, 'reg_alpha': 0.7654806289065709, 'reg_lambda': 0.9343097709214045}. Best is trial 26 with value: 7.019970849896755.
[I 2026-04-12 02:59:54,889] A new study created in memory with name: no-name-ac7c6da7-3cd0-4ca7-9b1d-aac7d75f3617
[I 2026-04-12 03:00:13,397] Trial 0 finished with value: 0.5923000595032597 and parameters: {'n_estimators': 694, 'max_depth': 7, 'learning_rate': 0.13758823427648723, 'subsample': 0.8315904359418411, 'colsample_bytree': 0.6367836843957098, 'min_child_weight': 6, 'reg_alpha': 0.7946028198785002, 'reg_lambda': 0.9747351618038326}. Best is trial 0 with value: 0.5923000595032597.
[I 2026-04-12 03:00:26,882] Trial 1 finished with value: 0.6104080290924896 and parameters: {'n_estimators': 618, 'max_depth': 4, 'learning_rate': 0.01477478082084325, 'subsample': 0.6962833693417013, 'colsample_bytree': 0.70602023668752, 'min_child_weight': 9, 'reg_alpha': 0.12341955232485746, 'reg_lambda': 0.17267908463254078}. Best is trial 1 with value: 0.6104080290924896.
[I 2026-04-12 03:00:37,575] Trial 2 finished with value: 0.6117295362583559 and parameters: {'n_estimators': 431, 'max_depth': 5, 'learning_rate': 0.02173870219224529, 'subsample': 0.8056743739551999, 'colsample_bytree': 0.7635114388690489, 'min_child_weight': 1, 'reg_alpha': 0.5534841177853164, 'reg_lambda': 0.7341922642315708}. Best is trial 2 with value: 0.6117295362583559.
[I 2026-04-12 03:00:50,150] Trial 3 finished with value: 0.5967016894952052 and parameters: {'n_estimators': 331, 'max_depth': 9, 'learning_rate': 0.058816892341884724, 'subsample': 0.7090744449686966, 'colsample_bytree': 0.8006947275967232, 'min_child_weight': 10, 'reg_alpha': 0.06610884143852525, 'reg_lambda': 0.7646230553720931}. Best is trial 2 with value: 0.6117295362583559.
