[I 2026-04-12 03:01:20,466] Trial 4 finished with value: 0.5955489222925674 and parameters: {'n_estimators': 606, 'max_depth': 10, 'learning_rate': 0.11381045030598468, 'subsample': 0.8554579427363175, 'colsample_bytree': 0.9832445215776969, 'min_child_weight': 3, 'reg_alpha': 0.15344329714371618, 'reg_lambda': 0.7534891031319597}. Best is trial 2 with value: 0.6117295362583559.
[I 2026-04-12 03:01:36,235] Trial 5 finished with value: 0.6011127032215283 and parameters: {'n_estimators': 476, 'max_depth': 7, 'learning_rate': 0.0418091557376722, 'subsample': 0.9019211034162721, 'colsample_bytree': 0.8638419490295098, 'min_child_weight': 3, 'reg_alpha': 0.2678701800904004, 'reg_lambda': 0.5889401559190924}. Best is trial 2 with value: 0.6117295362583559.
[I 2026-04-12 03:02:17,684] Trial 6 finished with value: 0.5927708037896404 and parameters: {'n_estimators': 960, 'max_depth': 9, 'learning_rate': 0.19779180227938062, 'subsample': 0.9423142893680324, 'colsample_bytree': 0.8431484881203761, 'min_child_weight': 6, 'reg_alpha': 0.46615508678176865, 'reg_lambda': 0.8321926062448808}. Best is trial 2 with value: 0.6117295362583559.
[I 2026-04-12 03:02:21,440] Trial 7 finished with value: 0.6115378125922105 and parameters: {'n_estimators': 117, 'max_depth': 4, 'learning_rate': 0.09054639122490077, 'subsample': 0.6051995018985739, 'colsample_bytree': 0.8110680433234284, 'min_child_weight': 3, 'reg_alpha': 0.14707718243220624, 'reg_lambda': 0.8333271656105653}. Best is trial 2 with value: 0.6117295362583559.
[I 2026-04-12 03:02:40,219] Trial 8 finished with value: 0.6072133605923674 and parameters: {'n_estimators': 414, 'max_depth': 8, 'learning_rate': 0.023372482394105543, 'subsample': 0.8573752836919006, 'colsample_bytree': 0.6798166610896674, 'min_child_weight': 8, 'reg_alpha': 0.04772874990614828, 'reg_lambda': 0.0680771425199681}. Best is trial 2 with value: 0.6117295362583559.
[I 2026-04-12 03:03:00,886] Trial 9 finished with value: 0.6135807348455704 and parameters: {'n_estimators': 603, 'max_depth': 5, 'learning_rate': 0.01285339010910938, 'subsample': 0.6292197971559967, 'colsample_bytree': 0.953807038131259, 'min_child_weight': 5, 'reg_alpha': 0.13269250981876013, 'reg_lambda': 0.9244051252114391}. Best is trial 9 with value: 0.6135807348455704.
[I 2026-04-12 03:03:23,036] Trial 10 finished with value: 0.6069280121363987 and parameters: {'n_estimators': 826, 'max_depth': 3, 'learning_rate': 0.010883987882281265, 'subsample': 0.6033498741125325, 'colsample_bytree': 0.9944783565110109, 'min_child_weight': 5, 'reg_alpha': 0.8987603035356684, 'reg_lambda': 0.33851178556126915}. Best is trial 9 with value: 0.6135807348455704.
[I 2026-04-12 03:03:33,979] Trial 11 finished with value: 0.6109279186405351 and parameters: {'n_estimators': 275, 'max_depth': 5, 'learning_rate': 0.02154752953216851, 'subsample': 0.7677116242394635, 'colsample_bytree': 0.9051425271967954, 'min_child_weight': 1, 'reg_alpha': 0.6016373671658389, 'reg_lambda': 0.5957180781440962}. Best is trial 9 with value: 0.6135807348455704.
[I 2026-04-12 03:03:58,422] Trial 12 finished with value: 0.6131553551480731 and parameters: {'n_estimators': 731, 'max_depth': 5, 'learning_rate': 0.030237212045696415, 'subsample': 0.7615245089167162, 'colsample_bytree': 0.7350906936526409, 'min_child_weight': 1, 'reg_alpha': 0.416847048749437, 'reg_lambda': 0.9740242891403406}. Best is trial 9 with value: 0.6135807348455704.
[I 2026-04-12 03:04:25,949] Trial 13 finished with value: 0.6095314356809054 and parameters: {'n_estimators': 753, 'max_depth': 6, 'learning_rate': 0.03558241391472443, 'subsample': 0.6952620077363993, 'colsample_bytree': 0.9292589314137684, 'min_child_weight': 4, 'reg_alpha': 0.36032982615083486, 'reg_lambda': 0.9948352077991387}. Best is trial 9 with value: 0.6135807348455704.
[I 2026-04-12 03:04:57,963] Trial 14 finished with value: 0.6128949800394067 and parameters: {'n_estimators': 909, 'max_depth': 6, 'learning_rate': 0.01083072659971664, 'subsample': 0.7494699147170135, 'colsample_bytree': 0.7404046940843265, 'min_child_weight': 7, 'reg_alpha': 0.28519592662330595, 'reg_lambda': 0.3707087523769149}. Best is trial 9 with value: 0.6135807348455704.
[I 2026-04-12 03:05:17,031] Trial 15 finished with value: 0.6145484442134274 and parameters: {'n_estimators': 765, 'max_depth': 3, 'learning_rate': 0.03141300795534552, 'subsample': 0.6586395670023512, 'colsample_bytree': 0.6437028080570993, 'min_child_weight': 2, 'reg_alpha': 0.68194919256738, 'reg_lambda': 0.9136856051009111}. Best is trial 15 with value: 0.6145484442134274.
[I 2026-04-12 03:05:37,528] Trial 16 finished with value: 0.613356535722908 and parameters: {'n_estimators': 840, 'max_depth': 3, 'learning_rate': 0.06045199977685521, 'subsample': 0.6489057889770746, 'colsample_bytree': 0.6080692110786239, 'min_child_weight': 4, 'reg_alpha': 0.7399167569482105, 'reg_lambda': 0.5688375387102333}. Best is trial 15 with value: 0.6145484442134274.
[I 2026-04-12 03:05:53,673] Trial 17 finished with value: 0.6116179210412797 and parameters: {'n_estimators': 541, 'max_depth': 4, 'learning_rate': 0.016177785706346287, 'subsample': 0.6459021259039045, 'colsample_bytree': 0.9382813005585915, 'min_child_weight': 2, 'reg_alpha': 0.6581215592089323, 'reg_lambda': 0.8780830420556401}. Best is trial 15 with value: 0.6145484442134274.
[I 2026-04-12 03:06:10,142] Trial 18 finished with value: 0.6063825603620647 and parameters: {'n_estimators': 659, 'max_depth': 3, 'learning_rate': 0.014515824724203737, 'subsample': 0.6479697802270552, 'colsample_bytree': 0.6589769204903814, 'min_child_weight': 5, 'reg_alpha': 0.9983957979273258, 'reg_lambda': 0.6762735667411651}. Best is trial 15 with value: 0.6145484442134274.
[I 2026-04-12 03:06:29,059] Trial 19 finished with value: 0.6119412643875768 and parameters: {'n_estimators': 806, 'max_depth': 4, 'learning_rate': 0.04985675408055074, 'subsample': 0.9955494147100417, 'colsample_bytree': 0.882989821274722, 'min_child_weight': 7, 'reg_alpha': 0.7233268583433502, 'reg_lambda': 0.406248380683795}. Best is trial 15 with value: 0.6145484442134274.
[I 2026-04-12 03:06:45,423] Trial 20 finished with value: 0.6110727724176664 and parameters: {'n_estimators': 556, 'max_depth': 5, 'learning_rate': 0.029155772312093053, 'subsample': 0.7267044207700033, 'colsample_bytree': 0.839648089331147, 'min_child_weight': 4, 'reg_alpha': 0.5246129437681388, 'reg_lambda': 0.8887966547724037}. Best is trial 15 with value: 0.6145484442134274.
[I 2026-04-12 03:07:04,577] Trial 21 finished with value: 0.615695632745906 and parameters: {'n_estimators': 877, 'max_depth': 3, 'learning_rate': 0.06497830596703798, 'subsample': 0.6539113083776065, 'colsample_bytree': 0.6206639638733443, 'min_child_weight': 4, 'reg_alpha': 0.7771232965464777, 'reg_lambda': 0.625962958455492}. Best is trial 21 with value: 0.615695632745906.
[I 2026-04-12 03:07:25,476] Trial 22 finished with value: 0.6009687972259604 and parameters: {'n_estimators': 994, 'max_depth': 3, 'learning_rate': 0.2779948517037253, 'subsample': 0.6664154219760945, 'colsample_bytree': 0.6121022432456905, 'min_child_weight': 2, 'reg_alpha': 0.845525514495316, 'reg_lambda': 0.48302408405947256}. Best is trial 21 with value: 0.615695632745906.
[I 2026-04-12 03:07:46,845] Trial 23 finished with value: 0.609231389641719 and parameters: {'n_estimators': 899, 'max_depth': 4, 'learning_rate': 0.08172423770061993, 'subsample': 0.6119166148054157, 'colsample_bytree': 0.6866790631808679, 'min_child_weight': 2, 'reg_alpha': 0.6597525710157195, 'reg_lambda': 0.6791756595670155}. Best is trial 21 with value: 0.615695632745906.
[I 2026-04-12 03:08:02,840] Trial 24 finished with value: 0.6106617418542826 and parameters: {'n_estimators': 762, 'max_depth': 3, 'learning_rate': 0.07451239015238262, 'subsample': 0.6747747318274093, 'colsample_bytree': 0.642510609058628, 'min_child_weight': 5, 'reg_alpha': 0.9373591868848312, 'reg_lambda': 0.26175625994021867}. Best is trial 21 with value: 0.615695632745906.
[I 2026-04-12 03:08:28,013] Trial 25 finished with value: 0.6083165748478886 and parameters: {'n_estimators': 879, 'max_depth': 6, 'learning_rate': 0.04538644439858494, 'subsample': 0.6389597032858104, 'colsample_bytree': 0.7663766824537958, 'min_child_weight': 4, 'reg_alpha': 0.7606068522702752, 'reg_lambda': 0.9134220769733121}. Best is trial 21 with value: 0.615695632745906.
[I 2026-04-12 03:08:45,975] Trial 26 finished with value: 0.6149601751595108 and parameters: {'n_estimators': 687, 'max_depth': 4, 'learning_rate': 0.028921448428804508, 'subsample': 0.7315625107829564, 'colsample_bytree': 0.60168614010471, 'min_child_weight': 3, 'reg_alpha': 0.6344270517855899, 'reg_lambda': 0.4690041672383157}. Best is trial 21 with value: 0.615695632745906.
[I 2026-04-12 03:09:03,109] Trial 27 finished with value: 0.6137891108944082 and parameters: {'n_estimators': 691, 'max_depth': 3, 'learning_rate': 0.029714874825890147, 'subsample': 0.7319598677545481, 'colsample_bytree': 0.612032946319002, 'min_child_weight': 3, 'reg_alpha': 0.6387864588221327, 'reg_lambda': 0.4769086388121924}. Best is trial 21 with value: 0.615695632745906.
[I 2026-04-12 03:09:22,240] Trial 28 finished with value: 0.6124583872497344 and parameters: {'n_estimators': 777, 'max_depth': 4, 'learning_rate': 0.03900540126275106, 'subsample': 0.6843698827671241, 'colsample_bytree': 0.6547277118389783, 'min_child_weight': 2, 'reg_alpha': 0.851851211470396, 'reg_lambda': 0.27756797383235565}. Best is trial 21 with value: 0.615695632745906.
[I 2026-04-12 03:09:38,683] Trial 29 finished with value: 0.6100464887553836 and parameters: {'n_estimators': 709, 'max_depth': 3, 'learning_rate': 0.1422945518271256, 'subsample': 0.790642218651427, 'colsample_bytree': 0.6328136996642559, 'min_child_weight': 3, 'reg_alpha': 0.8118305398133381, 'reg_lambda': 0.5320623290001735}. Best is trial 21 with value: 0.615695632745906.
