[I 2026-04-12 12:22:31,282] Trial 0 finished with value: 0.7891211202440953 and parameters: {'n_estimators': 627, 'max_depth': 7, 'learning_rate': 0.05091841150133878, 'subsample': 0.6782608552998544, 'colsample_bytree': 0.870211743850417, 'min_child_weight': 8, 'reg_alpha': 0.6510352258611433, 'reg_lambda': 0.7706073258277191}. Best is trial 0 with value: 0.7891211202440953.
[I 2026-04-12 12:22:52,215] Trial 1 finished with value: 0.8935591987821978 and parameters: {'n_estimators': 678, 'max_depth': 8, 'learning_rate': 0.2152504229168485, 'subsample': 0.665255313665137, 'colsample_bytree': 0.8147411400345559, 'min_child_weight': 1, 'reg_alpha': 0.19310975776004635, 'reg_lambda': 0.09273116968194706}. Best is trial 0 with value: 0.7891211202440953.
[I 2026-04-12 12:22:57,404] Trial 2 finished with value: 0.7606119827467093 and parameters: {'n_estimators': 602, 'max_depth': 3, 'learning_rate': 0.039891435968169756, 'subsample': 0.6920548457813961, 'colsample_bytree': 0.9443048995758709, 'min_child_weight': 9, 'reg_alpha': 0.8926666023300408, 'reg_lambda': 0.604695973850408}. Best is trial 2 with value: 0.7606119827467093.
[I 2026-04-12 12:23:09,810] Trial 3 finished with value: 0.820149635165381 and parameters: {'n_estimators': 612, 'max_depth': 7, 'learning_rate': 0.11538400479087794, 'subsample': 0.895046432903416, 'colsample_bytree': 0.9079057532957061, 'min_child_weight': 6, 'reg_alpha': 0.5933832127740902, 'reg_lambda': 0.8345229781218303}. Best is trial 2 with value: 0.7606119827467093.
[I 2026-04-12 12:23:19,115] Trial 4 finished with value: 0.7647916044250915 and parameters: {'n_estimators': 919, 'max_depth': 4, 'learning_rate': 0.023569224555850837, 'subsample': 0.8146533052220021, 'colsample_bytree': 0.965931143376579, 'min_child_weight': 3, 'reg_alpha': 0.15448521048137198, 'reg_lambda': 0.03223985650607042}. Best is trial 2 with value: 0.7606119827467093.
[I 2026-04-12 12:23:27,525] Trial 5 finished with value: 0.7822191389710922 and parameters: {'n_estimators': 458, 'max_depth': 7, 'learning_rate': 0.0533539369729428, 'subsample': 0.9056286698526789, 'colsample_bytree': 0.8303911695305471, 'min_child_weight': 7, 'reg_alpha': 0.1897933506552022, 'reg_lambda': 0.07674384827287328}. Best is trial 2 with value: 0.7606119827467093.
[I 2026-04-12 12:23:49,265] Trial 6 finished with value: 0.8035685742262122 and parameters: {'n_estimators': 707, 'max_depth': 8, 'learning_rate': 0.05384707119478201, 'subsample': 0.6576397542128557, 'colsample_bytree': 0.8701577150139552, 'min_child_weight': 1, 'reg_alpha': 0.8689546057648369, 'reg_lambda': 0.7193415992695098}. Best is trial 2 with value: 0.7606119827467093.
[I 2026-04-12 12:24:02,051] Trial 7 finished with value: 0.7908610418876516 and parameters: {'n_estimators': 567, 'max_depth': 8, 'learning_rate': 0.044513323997008414, 'subsample': 0.6883831667708625, 'colsample_bytree': 0.6558124014100136, 'min_child_weight': 10, 'reg_alpha': 0.8536286654050149, 'reg_lambda': 0.030025824798985745}. Best is trial 2 with value: 0.7606119827467093.
[I 2026-04-12 12:24:12,320] Trial 8 finished with value: 0.7822478096467996 and parameters: {'n_estimators': 641, 'max_depth': 7, 'learning_rate': 0.03838949273298834, 'subsample': 0.8882282851526057, 'colsample_bytree': 0.6168837364492362, 'min_child_weight': 8, 'reg_alpha': 0.09706488352743115, 'reg_lambda': 0.2174197509864486}. Best is trial 2 with value: 0.7606119827467093.
[I 2026-04-12 12:24:15,927] Trial 9 finished with value: 0.8008931200971018 and parameters: {'n_estimators': 295, 'max_depth': 5, 'learning_rate': 0.16072430697480922, 'subsample': 0.6679975270540924, 'colsample_bytree': 0.9065043414967205, 'min_child_weight': 8, 'reg_alpha': 0.7043139293692862, 'reg_lambda': 0.9462838983076942}. Best is trial 2 with value: 0.7606119827467093.
[I 2026-04-12 12:24:17,395] Trial 10 finished with value: 0.7631196996943219 and parameters: {'n_estimators': 137, 'max_depth': 3, 'learning_rate': 0.011453353453532685, 'subsample': 0.769990200634536, 'colsample_bytree': 0.7142972473701669, 'min_child_weight': 10, 'reg_alpha': 0.4106969550870638, 'reg_lambda': 0.4764985137293357}. Best is trial 2 with value: 0.7606119827467093.
[I 2026-04-12 12:24:18,897] Trial 11 finished with value: 0.7628334908855683 and parameters: {'n_estimators': 146, 'max_depth': 3, 'learning_rate': 0.011107424871602434, 'subsample': 0.7643275930988283, 'colsample_bytree': 0.7329629598086285, 'min_child_weight': 10, 'reg_alpha': 0.407655274421261, 'reg_lambda': 0.4959008133642149}. Best is trial 2 with value: 0.7606119827467093.
[I 2026-04-12 12:24:34,472] Trial 12 finished with value: 0.7663694002160235 and parameters: {'n_estimators': 412, 'max_depth': 10, 'learning_rate': 0.011462277599898468, 'subsample': 0.7630649676126132, 'colsample_bytree': 0.7431769778884668, 'min_child_weight': 10, 'reg_alpha': 0.4064266372431196, 'reg_lambda': 0.4997036965703254}. Best is trial 2 with value: 0.7606119827467093.
[I 2026-04-12 12:24:41,129] Trial 13 finished with value: 0.7600841009364716 and parameters: {'n_estimators': 825, 'max_depth': 3, 'learning_rate': 0.02246001421102644, 'subsample': 0.8269987032601966, 'colsample_bytree': 0.7616558721310136, 'min_child_weight': 4, 'reg_alpha': 0.981366792584419, 'reg_lambda': 0.33391372351732246}. Best is trial 13 with value: 0.7600841009364716.
[I 2026-04-12 12:24:50,797] Trial 14 finished with value: 0.7677805131795575 and parameters: {'n_estimators': 848, 'max_depth': 5, 'learning_rate': 0.022311720293631758, 'subsample': 0.9675940726266224, 'colsample_bytree': 0.9937613046609542, 'min_child_weight': 4, 'reg_alpha': 0.9494527323741409, 'reg_lambda': 0.3308021734535648}. Best is trial 13 with value: 0.7600841009364716.
[I 2026-04-12 12:24:59,575] Trial 15 finished with value: 0.7672671511504799 and parameters: {'n_estimators': 800, 'max_depth': 5, 'learning_rate': 0.02285721391224456, 'subsample': 0.6140782470337053, 'colsample_bytree': 0.7874918913078705, 'min_child_weight': 4, 'reg_alpha': 0.7832002827081617, 'reg_lambda': 0.6426854995646597}. Best is trial 13 with value: 0.7600841009364716.
[I 2026-04-12 12:25:06,609] Trial 16 finished with value: 0.7844640429407104 and parameters: {'n_estimators': 778, 'max_depth': 4, 'learning_rate': 0.08269368255809285, 'subsample': 0.8279851468160584, 'colsample_bytree': 0.6810989756696243, 'min_child_weight': 5, 'reg_alpha': 0.9712212713784754, 'reg_lambda': 0.3323899249420708}. Best is trial 13 with value: 0.7600841009364716.
[I 2026-04-12 12:25:13,859] Trial 17 finished with value: 0.7626313079868632 and parameters: {'n_estimators': 969, 'max_depth': 3, 'learning_rate': 0.030704312484013726, 'subsample': 0.7257675155202796, 'colsample_bytree': 0.7709107075069065, 'min_child_weight': 3, 'reg_alpha': 0.9844142957054469, 'reg_lambda': 0.5993498041922602}. Best is trial 13 with value: 0.7600841009364716.
[I 2026-04-12 12:25:18,489] Trial 18 finished with value: 0.7594108962480973 and parameters: {'n_estimators': 474, 'max_depth': 4, 'learning_rate': 0.016403028437870462, 'subsample': 0.856963691294316, 'colsample_bytree': 0.9495417305661122, 'min_child_weight': 6, 'reg_alpha': 0.769263520490812, 'reg_lambda': 0.330471411496684}. Best is trial 18 with value: 0.7594108962480973.
[I 2026-04-12 12:25:22,643] Trial 19 finished with value: 0.7586474549452921 and parameters: {'n_estimators': 422, 'max_depth': 4, 'learning_rate': 0.016847439350813887, 'subsample': 0.8577145344393686, 'colsample_bytree': 0.8527684823475836, 'min_child_weight': 6, 'reg_alpha': 0.7644878932907029, 'reg_lambda': 0.333360067761331}. Best is trial 19 with value: 0.7586474549452921.
[I 2026-04-12 12:25:29,137] Trial 20 finished with value: 0.7623788395764591 and parameters: {'n_estimators': 450, 'max_depth': 6, 'learning_rate': 0.0172791029781329, 'subsample': 0.9862752226860537, 'colsample_bytree': 0.9239127974024008, 'min_child_weight': 6, 'reg_alpha': 0.5387330593857598, 'reg_lambda': 0.20118448844496736}. Best is trial 19 with value: 0.7586474549452921.
[I 2026-04-12 12:25:32,355] Trial 21 finished with value: 0.7590084218958484 and parameters: {'n_estimators': 319, 'max_depth': 4, 'learning_rate': 0.017090744343174424, 'subsample': 0.8554648371734971, 'colsample_bytree': 0.8439127767849807, 'min_child_weight': 5, 'reg_alpha': 0.7538258227748816, 'reg_lambda': 0.3720691594822828}. Best is trial 19 with value: 0.7586474549452921.
[I 2026-04-12 12:25:35,574] Trial 22 finished with value: 0.7583570692512255 and parameters: {'n_estimators': 306, 'max_depth': 4, 'learning_rate': 0.015978886571679826, 'subsample': 0.8589789545028976, 'colsample_bytree': 0.8550354850556162, 'min_child_weight': 5, 'reg_alpha': 0.7118177784164199, 'reg_lambda': 0.4189212590683599}. Best is trial 22 with value: 0.7583570692512255.
[I 2026-04-12 12:25:38,539] Trial 23 finished with value: 0.758055655670056 and parameters: {'n_estimators': 281, 'max_depth': 4, 'learning_rate': 0.01554636834777709, 'subsample': 0.8577449651568424, 'colsample_bytree': 0.8634983028493138, 'min_child_weight': 5, 'reg_alpha': 0.7424184181468789, 'reg_lambda': 0.40560961286374814}. Best is trial 23 with value: 0.758055655670056.
[I 2026-04-12 12:25:42,762] Trial 24 finished with value: 0.7614953658728834 and parameters: {'n_estimators': 268, 'max_depth': 6, 'learning_rate': 0.014948571299857808, 'subsample': 0.9571321912871219, 'colsample_bytree': 0.8704145387762768, 'min_child_weight': 7, 'reg_alpha': 0.6502684665095223, 'reg_lambda': 0.2245415089089886}. Best is trial 23 with value: 0.758055655670056.
[I 2026-04-12 12:25:46,910] Trial 25 finished with value: 0.7629927810793345 and parameters: {'n_estimators': 363, 'max_depth': 5, 'learning_rate': 0.030480972486828923, 'subsample': 0.9339718295094966, 'colsample_bytree': 0.851647986346155, 'min_child_weight': 3, 'reg_alpha': 0.559156473975909, 'reg_lambda': 0.42390129780150076}. Best is trial 23 with value: 0.758055655670056.
[I 2026-04-12 12:25:49,234] Trial 26 finished with value: 0.7584817516267249 and parameters: {'n_estimators': 213, 'max_depth': 4, 'learning_rate': 0.014564932225149013, 'subsample': 0.8630915327528532, 'colsample_bytree': 0.8046051702868701, 'min_child_weight': 5, 'reg_alpha': 0.8153749039913248, 'reg_lambda': 0.42551016491371785}. Best is trial 23 with value: 0.758055655670056.
[I 2026-04-12 12:25:52,204] Trial 27 finished with value: 0.7769134974356495 and parameters: {'n_estimators': 215, 'max_depth': 6, 'learning_rate': 0.07640787317960433, 'subsample': 0.9230015455705965, 'colsample_bytree': 0.8040776776363233, 'min_child_weight': 5, 'reg_alpha': 0.6601044941009812, 'reg_lambda': 0.4170809088413406}. Best is trial 23 with value: 0.758055655670056.
[I 2026-04-12 12:25:55,233] Trial 28 finished with value: 0.7586507474010828 and parameters: {'n_estimators': 235, 'max_depth': 5, 'learning_rate': 0.013613672222958575, 'subsample': 0.7917121720487018, 'colsample_bytree': 0.7916356202937347, 'min_child_weight': 2, 'reg_alpha': 0.8258727025171899, 'reg_lambda': 0.5719232860890662}. Best is trial 23 with value: 0.758055655670056.
[I 2026-04-12 12:25:57,303] Trial 29 finished with value: 0.7600125924643168 and parameters: {'n_estimators': 196, 'max_depth': 4, 'learning_rate': 0.028589480865881582, 'subsample': 0.8768608903272868, 'colsample_bytree': 0.8756270548146841, 'min_child_weight': 7, 'reg_alpha': 0.46944750637404953, 'reg_lambda': 0.7089338391892792}. Best is trial 23 with value: 0.758055655670056.
[optuna] Best params: {'n_estimators': 281, 'max_depth': 4, 'learning_rate': 0.01554636834777709, 'subsample': 0.8577449651568424, 'colsample_bytree': 0.8634983028493138, 'min_child_weight': 5, 'reg_alpha': 0.7424184181468789, 'reg_lambda': 0.40560961286374814}
[optuna] Optimizing hyperparameters for blocks classification...
[I 2026-04-12 12:32:23,557] A new study created in memory with name: no-name-ded01e05-de72-4252-affa-b59f12f08dd1
[I 2026-04-12 12:32:26,893] Trial 0 finished with value: 0.7570455370548793 and parameters: {'n_estimators': 162, 'max_depth': 4, 'learning_rate': 0.11081803680428647, 'subsample': 0.7180962620338365, 'colsample_bytree': 0.9532982462036077, 'min_child_weight': 9, 'reg_alpha': 0.6243545204037456, 'reg_lambda': 0.2574524185683873}. Best is trial 0 with value: 0.7570455370548793.
[I 2026-04-12 12:32:59,255] Trial 1 finished with value: 0.7266185348142504 and parameters: {'n_estimators': 783, 'max_depth': 10, 'learning_rate': 0.06143007463253679, 'subsample': 0.9565163549506525, 'colsample_bytree': 0.9667572299045635, 'min_child_weight': 7, 'reg_alpha': 0.5006721583012704, 'reg_lambda': 0.021633192269033374}. Best is trial 0 with value: 0.7570455370548793.
[I 2026-04-12 12:33:17,286] Trial 2 finished with value: 0.7530235865073098 and parameters: {'n_estimators': 651, 'max_depth': 7, 'learning_rate': 0.021334243248086138, 'subsample': 0.630547865168025, 'colsample_bytree': 0.715315399661561, 'min_child_weight': 8, 'reg_alpha': 0.6863531588133739, 'reg_lambda': 0.5736460798503572}. Best is trial 0 with value: 0.7570455370548793.
[I 2026-04-12 12:33:27,079] Trial 3 finished with value: 0.7495176615255256 and parameters: {'n_estimators': 216, 'max_depth': 9, 'learning_rate': 0.03810946940795637, 'subsample': 0.7884152079295156, 'colsample_bytree': 0.9118358724657901, 'min_child_weight': 7, 'reg_alpha': 0.955003684381912, 'reg_lambda': 0.8388428271638545}. Best is trial 0 with value: 0.7570455370548793.
[I 2026-04-12 12:33:39,307] Trial 4 finished with value: 0.7558175405393067 and parameters: {'n_estimators': 615, 'max_depth': 4, 'learning_rate': 0.03749305319174429, 'subsample': 0.9567315174444024, 'colsample_bytree': 0.8542103793794126, 'min_child_weight': 2, 'reg_alpha': 0.6236481679467334, 'reg_lambda': 0.8828021743201674}. Best is trial 0 with value: 0.7570455370548793.
[I 2026-04-12 12:33:51,317] Trial 5 finished with value: 0.735008728898711 and parameters: {'n_estimators': 725, 'max_depth': 3, 'learning_rate': 0.2142501265674111, 'subsample': 0.8247382958426288, 'colsample_bytree': 0.8886803810847523, 'min_child_weight': 2, 'reg_alpha': 0.5669494386675117, 'reg_lambda': 0.8661474146758054}. Best is trial 0 with value: 0.7570455370548793.
[I 2026-04-12 12:34:04,095] Trial 6 finished with value: 0.7564196576857465 and parameters: {'n_estimators': 407, 'max_depth': 6, 'learning_rate': 0.010064300964185579, 'subsample': 0.648193435401153, 'colsample_bytree': 0.6629639610996696, 'min_child_weight': 3, 'reg_alpha': 0.31082904398190314, 'reg_lambda': 0.028600242268487786}. Best is trial 0 with value: 0.7570455370548793.
[I 2026-04-12 12:34:37,495] Trial 7 finished with value: 0.7292250275559816 and parameters: {'n_estimators': 866, 'max_depth': 8, 'learning_rate': 0.05585373399154945, 'subsample': 0.6805366234910931, 'colsample_bytree': 0.6896044623730025, 'min_child_weight': 3, 'reg_alpha': 0.3988944834638323, 'reg_lambda': 0.0676145326186417}. Best is trial 0 with value: 0.7570455370548793.
[I 2026-04-12 12:34:56,752] Trial 8 finished with value: 0.7500303745766257 and parameters: {'n_estimators': 734, 'max_depth': 4, 'learning_rate': 0.07777613163744662, 'subsample': 0.8131343411417074, 'colsample_bytree': 0.7268576841126412, 'min_child_weight': 7, 'reg_alpha': 0.21356352946819734, 'reg_lambda': 0.15351728281583954}. Best is trial 0 with value: 0.7570455370548793.
[I 2026-04-12 12:35:17,556] Trial 9 finished with value: 0.756247111161858 and parameters: {'n_estimators': 411, 'max_depth': 7, 'learning_rate': 0.011204580379738168, 'subsample': 0.7038110726197632, 'colsample_bytree': 0.6559858552244918, 'min_child_weight': 8, 'reg_alpha': 0.43303320778795795, 'reg_lambda': 0.5182720845389707}. Best is trial 0 with value: 0.7570455370548793.
[I 2026-04-12 12:35:22,172] Trial 10 finished with value: 0.7490251615742416 and parameters: {'n_estimators': 124, 'max_depth': 5, 'learning_rate': 0.16434684592397378, 'subsample': 0.7517180794679322, 'colsample_bytree': 0.9894668309209649, 'min_child_weight': 10, 'reg_alpha': 0.9005447480688094, 'reg_lambda': 0.28843934042563}. Best is trial 0 with value: 0.7570455370548793.
[I 2026-04-12 12:35:34,734] Trial 11 finished with value: 0.7361847054132523 and parameters: {'n_estimators': 400, 'max_depth': 5, 'learning_rate': 0.12512926827607385, 'subsample': 0.6250260621929326, 'colsample_bytree': 0.6027985740329334, 'min_child_weight': 4, 'reg_alpha': 0.2091506549937446, 'reg_lambda': 0.29911997155096537}. Best is trial 0 with value: 0.7570455370548793.
[I 2026-04-12 12:35:50,697] Trial 12 finished with value: 0.7564055456971626 and parameters: {'n_estimators': 341, 'max_depth': 6, 'learning_rate': 0.01032003969522026, 'subsample': 0.7048733789151695, 'colsample_bytree': 0.8020189130898134, 'min_child_weight': 5, 'reg_alpha': 0.09890180183313615, 'reg_lambda': 0.28806884171286246}. Best is trial 0 with value: 0.7570455370548793.
[I 2026-04-12 12:35:57,546] Trial 13 finished with value: 0.7440461984930795 and parameters: {'n_estimators': 289, 'max_depth': 3, 'learning_rate': 0.2946460779816323, 'subsample': 0.6086666462562379, 'colsample_bytree': 0.7856333260011092, 'min_child_weight': 1, 'reg_alpha': 0.7236590490804387, 'reg_lambda': 0.1829000501010128}. Best is trial 0 with value: 0.7570455370548793.
[I 2026-04-12 12:36:13,570] Trial 14 finished with value: 0.7331404706160596 and parameters: {'n_estimators': 500, 'max_depth': 6, 'learning_rate': 0.10350400973419292, 'subsample': 0.7472378001447816, 'colsample_bytree': 0.790387715039242, 'min_child_weight': 10, 'reg_alpha': 0.3425920494940303, 'reg_lambda': 0.40903137419405733}. Best is trial 0 with value: 0.7570455370548793.
[I 2026-04-12 12:36:19,422] Trial 15 finished with value: 0.7543226668839405 and parameters: {'n_estimators': 138, 'max_depth': 5, 'learning_rate': 0.020379779226474534, 'subsample': 0.8880573910642828, 'colsample_bytree': 0.6052752494203841, 'min_child_weight': 5, 'reg_alpha': 0.834439684230622, 'reg_lambda': 0.004078315509502942}. Best is trial 0 with value: 0.7570455370548793.
[I 2026-04-12 12:36:33,588] Trial 16 finished with value: 0.7577983736195117 and parameters: {'n_estimators': 495, 'max_depth': 4, 'learning_rate': 0.01844326054483768, 'subsample': 0.666324767883174, 'colsample_bytree': 0.842857988134392, 'min_child_weight': 4, 'reg_alpha': 0.013406009775382144, 'reg_lambda': 0.6725561897667138}. Best is trial 16 with value: 0.7577983736195117.
[I 2026-04-12 12:36:47,594] Trial 17 finished with value: 0.756841056875387 and parameters: {'n_estimators': 538, 'max_depth': 4, 'learning_rate': 0.02349200401532124, 'subsample': 0.7518478331209726, 'colsample_bytree': 0.9361747343077822, 'min_child_weight': 9, 'reg_alpha': 0.008974481047249589, 'reg_lambda': 0.6753272501317806}. Best is trial 16 with value: 0.7577983736195117.
[I 2026-04-12 12:37:10,086] Trial 18 finished with value: 0.7525246474330909 and parameters: {'n_estimators': 953, 'max_depth': 4, 'learning_rate': 0.03566974018651714, 'subsample': 0.6826782023353519, 'colsample_bytree': 0.8517562023153653, 'min_child_weight': 6, 'reg_alpha': 0.5331044410339518, 'reg_lambda': 0.6939700067541424}. Best is trial 16 with value: 0.7577983736195117.
[I 2026-04-12 12:37:15,300] Trial 19 finished with value: 0.7560014358061103 and parameters: {'n_estimators': 222, 'max_depth': 3, 'learning_rate': 0.09832788514374792, 'subsample': 0.8527344498663543, 'colsample_bytree': 0.8496763657720544, 'min_child_weight': 4, 'reg_alpha': 0.7898856644463212, 'reg_lambda': 0.4214255110515209}. Best is trial 16 with value: 0.7577983736195117.
[I 2026-04-12 12:37:38,643] Trial 20 finished with value: 0.7578570017493289 and parameters: {'n_estimators': 480, 'max_depth': 5, 'learning_rate': 0.014555192191012074, 'subsample': 0.7261678296738285, 'colsample_bytree': 0.9466162526572649, 'min_child_weight': 6, 'reg_alpha': 0.0010860179292557226, 'reg_lambda': 0.706697664989426}. Best is trial 20 with value: 0.7578570017493289.
[I 2026-04-12 12:37:53,622] Trial 21 finished with value: 0.7580000314012871 and parameters: {'n_estimators': 487, 'max_depth': 5, 'learning_rate': 0.01653677580474115, 'subsample': 0.725643424118126, 'colsample_bytree': 0.946028031290856, 'min_child_weight': 6, 'reg_alpha': 0.013672027771084554, 'reg_lambda': 0.7207540678211111}. Best is trial 21 with value: 0.7580000314012871.
[I 2026-04-12 12:38:08,938] Trial 22 finished with value: 0.7572781567086138 and parameters: {'n_estimators': 492, 'max_depth': 5, 'learning_rate': 0.015938207408634518, 'subsample': 0.6585637556429552, 'colsample_bytree': 0.8982854993946643, 'min_child_weight': 6, 'reg_alpha': 0.030683248682876352, 'reg_lambda': 0.7361650038234138}. Best is trial 21 with value: 0.7580000314012871.
[I 2026-04-12 12:38:26,419] Trial 23 finished with value: 0.7573819601024845 and parameters: {'n_estimators': 582, 'max_depth': 5, 'learning_rate': 0.016119531714741255, 'subsample': 0.7646967652269284, 'colsample_bytree': 0.9935343115014404, 'min_child_weight': 4, 'reg_alpha': 0.12435160786504262, 'reg_lambda': 0.9662252739185327}. Best is trial 21 with value: 0.7580000314012871.
[I 2026-04-12 12:38:42,309] Trial 24 finished with value: 0.7532526232369965 and parameters: {'n_estimators': 470, 'max_depth': 6, 'learning_rate': 0.02818968571365586, 'subsample': 0.7147840891560839, 'colsample_bytree': 0.9353388245533333, 'min_child_weight': 5, 'reg_alpha': 0.14496977278028103, 'reg_lambda': 0.5701529209537657}. Best is trial 21 with value: 0.7580000314012871.
[I 2026-04-12 12:38:56,915] Trial 25 finished with value: 0.7547744871268158 and parameters: {'n_estimators': 323, 'max_depth': 7, 'learning_rate': 0.014494065764024237, 'subsample': 0.6768004327903023, 'colsample_bytree': 0.8697092676094943, 'min_child_weight': 6, 'reg_alpha': 0.004024430159259733, 'reg_lambda': 0.7590588608131368}. Best is trial 21 with value: 0.7580000314012871.
