/Library/Frameworks/Python.framework/Versions/3.12/lib/python3.12/pickle.py:1753: UserWarning: [03:35:16] WARNING: /Users/runner/work/xgboost/xgboost/src/gbm/../common/error_msg.h:83: If you are loading a serialized model (like pickle in Python, RDS in R) or
configuration generated by an older version of XGBoost, please export the model by calling
`Booster.save_model` from that version first, then load it back in current version. See:

    https://xgboost.readthedocs.io/en/stable/tutorials/saving_model.html

for more details about differences between saving model and serializing.

  setstate(state)
/Users/rithv/Library/Python/3.12/lib/python/site-packages/sklearn/base.py:463: InconsistentVersionWarning: Trying to unpickle estimator IsotonicRegression from version 1.6.1 when using version 1.8.0. This might lead to breaking code or invalid results. Use at your own risk. For more info please refer to:
https://scikit-learn.org/stable/model_persistence.html#security-maintainability-limitations
  warnings.warn(
skipping incomplete per-prop bundle for 'triple_double': missing reg file
skipping incomplete per-prop bundle for 'double_double': missing reg file
[train] building examples seasons=['2022-23', '2023-24', '2024-25', '2025-26'] max_players=300 ...
[train] season 2022-23: building examples...
[train] precomputed data loaded: {'advanced': 579, 'clutch': 487, 'hustle': 576, 'shot_prof': 570, 'play_types': 427, 'on_off': 579, 'shot_zones': 397, 'q_splits': 388, 'tracking': 579, 'scoring': 579, 'yoy': 400, 'team_stats': 30, 'team_foul': 30, 'rest_splits': 30, 'standings': 30, 'opp_shot_zones': 30, 'opp_synergy': 30, 'home_away': 29, 'lineup_stats': 30, 'injury_status': 30, 'vs_opponent': 8653, 'dvp_rolling': 60, 'referee': 222}
[train] players processed: 10/300
[train] players processed: 20/300
[train] players processed: 30/300
[train] players processed: 40/300
[train] players processed: 50/300
[train] players processed: 60/300
[train] players processed: 70/300
[train] players processed: 80/300
[train] players processed: 90/300
[train] players processed: 100/300
[train] players processed: 110/300
[train] players processed: 120/300
[train] players processed: 130/300
[train] players processed: 140/300
[train] players processed: 150/300
[train] players processed: 160/300
[train] players processed: 170/300
[train] players processed: 180/300
[train] players processed: 190/300
[train] players processed: 200/300
[train] players processed: 210/300
[train] players processed: 220/300
[train] players processed: 230/300
[train] players processed: 240/300
[train] players processed: 250/300
[train] Skipping player 201145 after 3 failed attempts
[train] Skipping player 1629634 after 3 failed attempts
[train] Skipping player 1630538 after 3 failed attempts
[train] Skipping player 1629052 after 3 failed attempts
[train] Skipping player 1628418 after 3 failed attempts
[train] Skipping player 1630167 after 3 failed attempts
[train] Skipping player 204060 after 3 failed attempts
[train] Skipping player 1630543 after 3 failed attempts
[train] players processed: 260/300
[train] Skipping player 1630700 after 3 failed attempts
[train] Skipping player 1630552 after 3 failed attempts
[train] Skipping player 1629117 after 3 failed attempts
[train] Skipping player 203085 after 3 failed attempts
[train] Skipping player 1628977 after 3 failed attempts
[train] Skipping player 203115 after 3 failed attempts
[train] Skipping player 1628963 after 3 failed attempts
[train] Skipping player 1629629 after 3 failed attempts
[train] Skipping player 1629111 after 3 failed attempts
[train] Skipping player 1629642 after 3 failed attempts
[train] players processed: 270/300
[train] Skipping player 1630586 after 3 failed attempts
[train] players processed: 280/300
[train] players processed: 290/300
[train] players processed: 300/300
[train] season 2023-24: building examples...
[train] precomputed data loaded: {'advanced': 579, 'clutch': 487, 'hustle': 576, 'shot_prof': 570, 'play_types': 427, 'on_off': 579, 'shot_zones': 397, 'q_splits': 388, 'tracking': 579, 'scoring': 579, 'yoy': 400, 'team_stats': 30, 'team_foul': 30, 'rest_splits': 30, 'standings': 30, 'opp_shot_zones': 30, 'opp_synergy': 30, 'home_away': 29, 'lineup_stats': 30, 'injury_status': 30, 'vs_opponent': 8653, 'dvp_rolling': 60, 'referee': 222}
[train] players processed: 10/300
[train] players processed: 20/300
[train] players processed: 30/300
[train] Skipping player 202331 after 3 failed attempts
[train] Skipping player 203471 after 3 failed attempts
[train] Skipping player 1626156 after 3 failed attempts
[train] Skipping player 201935 after 3 failed attempts
[train] Skipping player 1626164 after 3 failed attempts
[train] Skipping player 1628386 after 3 failed attempts
[train] Skipping player 1631095 after 3 failed attempts
[train] Skipping player 201939 after 3 failed attempts
[train] Skipping player 1628389 after 3 failed attempts
[train] players processed: 40/300
[train] Skipping player 1631096 after 3 failed attempts
[train] Skipping player 201572 after 3 failed attempts
[train] Skipping player 203484 after 3 failed attempts
[train] Skipping player 203992 after 3 failed attempts
[train] Skipping player 1641706 after 3 failed attempts
[train] Skipping player 1628401 after 3 failed attempts
[train] Skipping player 203084 after 3 failed attempts
[train] Skipping player 202699 after 3 failed attempts
[train] Skipping player 1628978 after 3 failed attempts
[train] Skipping player 1629673 after 3 failed attempts
[train] players processed: 50/300
[train] Skipping player 1627759 after 3 failed attempts
[train] Skipping player 1630532 after 3 failed attempts
[train] players processed: 60/300
[train] players processed: 70/300
[train] players processed: 80/300
[train] players processed: 90/300
[train] players processed: 100/300
[train] players processed: 110/300
[train] players processed: 120/300
[train] players processed: 130/300
[train] players processed: 140/300
[train] players processed: 150/300
[train] players processed: 160/300
[train] players processed: 170/300
[train] players processed: 180/300
[train] players processed: 190/300
[train] players processed: 200/300
[train] players processed: 210/300
[train] players processed: 220/300
[train] players processed: 230/300
[train] players processed: 240/300
[train] players processed: 250/300
[train] players processed: 260/300
[train] players processed: 270/300
[train] players processed: 280/300
[train] players processed: 290/300
[train] players processed: 300/300
[train] season 2024-25: building examples...
[train] precomputed data loaded: {'advanced': 579, 'clutch': 487, 'hustle': 576, 'shot_prof': 570, 'play_types': 427, 'on_off': 579, 'shot_zones': 397, 'q_splits': 388, 'tracking': 579, 'scoring': 579, 'yoy': 400, 'team_stats': 30, 'team_foul': 30, 'rest_splits': 30, 'standings': 30, 'opp_shot_zones': 30, 'opp_synergy': 30, 'home_away': 29, 'lineup_stats': 30, 'injury_status': 30, 'vs_opponent': 8653, 'dvp_rolling': 60, 'referee': 222}
[train] players processed: 10/300
[train] players processed: 20/300
[train] players processed: 30/300
[train] players processed: 40/300
[train] players processed: 50/300
[train] Skipping player 1631114 after 3 failed attempts
[train] Skipping player 1628378 after 3 failed attempts
[train] Skipping player 203084 after 3 failed attempts
[train] Skipping player 203944 after 3 failed attempts
[train] Skipping player 1641708 after 3 failed attempts
[train] Skipping player 1628991 after 3 failed attempts
[train] Skipping player 1630217 after 3 failed attempts
[train] players processed: 60/300
[train] Skipping player 1629675 after 3 failed attempts
[train] Skipping player 1626167 after 3 failed attempts
[train] Skipping player 1626145 after 3 failed attempts
[train] Skipping player 1630596 after 3 failed attempts
[train] Skipping player 1627752 after 3 failed attempts
[train] Skipping player 1642264 after 3 failed attempts
[train] Skipping player 1630166 after 3 failed attempts
[train] Skipping player 1627759 after 3 failed attempts
[train] Skipping player 203501 after 3 failed attempts
[train] Skipping player 1631097 after 3 failed attempts
[train] players processed: 70/300
[train] players processed: 80/300
[train] players processed: 90/300
[train] players processed: 100/300
[train] players processed: 110/300
[train] players processed: 120/300
[train] players processed: 130/300
[train] Skipping player 1629130 after 3 failed attempts
[train] Skipping player 1627739 after 3 failed attempts
[train] Skipping player 1629029 after 3 failed attempts
[train] Skipping player 1630703 after 3 failed attempts
[train] Skipping player 1628976 after 3 failed attempts
[train] Skipping player 1629012 after 3 failed attempts
[train] Skipping player 201144 after 3 failed attempts
[train] Skipping player 1629599 after 3 failed attempts
[train] Skipping player 202710 after 3 failed attempts
[train] Skipping player 1630598 after 3 failed attempts
[train] players processed: 140/300
[train] Skipping player 1631117 after 3 failed attempts
[train] Skipping player 1629631 after 3 failed attempts
[train] Skipping player 1630534 after 3 failed attempts
[train] Skipping player 1641764 after 3 failed attempts
[train] Skipping player 1631095 after 3 failed attempts
[train] Skipping player 203076 after 3 failed attempts
[train] Skipping player 203078 after 3 failed attempts
[train] Skipping player 1627777 after 3 failed attempts
[train] Skipping player 1627751 after 3 failed attempts
[train] Skipping player 1630590 after 3 failed attempts
[train] players processed: 150/300
[train] Skipping player 1628989 after 3 failed attempts
[train] players processed: 160/300
[train] players processed: 170/300
[train] players processed: 180/300
[train] players processed: 190/300
[train] players processed: 200/300
[train] players processed: 210/300
[train] players processed: 220/300
[train] players processed: 230/300
[train] players processed: 240/300
[train] players processed: 250/300
[train] players processed: 260/300
[train] players processed: 270/300
[train] players processed: 280/300
[train] players processed: 290/300
[train] players processed: 300/300
[train] season 2025-26: building examples...
[train] precomputed data loaded: {'advanced': 579, 'clutch': 487, 'hustle': 576, 'shot_prof': 570, 'play_types': 427, 'on_off': 579, 'shot_zones': 397, 'q_splits': 388, 'tracking': 579, 'scoring': 579, 'yoy': 400, 'team_stats': 30, 'team_foul': 30, 'rest_splits': 30, 'standings': 30, 'opp_shot_zones': 30, 'opp_synergy': 30, 'home_away': 29, 'lineup_stats': 30, 'injury_status': 30, 'vs_opponent': 8653, 'dvp_rolling': 60, 'referee': 222}
[train] players processed: 10/300
[train] players processed: 20/300
[train] players processed: 30/300
[train] players processed: 40/300
[train] players processed: 50/300
[train] players processed: 60/300
[train] players processed: 70/300
[train] players processed: 80/300
[train] players processed: 90/300
[train] players processed: 100/300
[train] players processed: 110/300
[train] players processed: 120/300
[train] players processed: 130/300
[train] players processed: 140/300
[train] players processed: 150/300
[train] Skipping player 1630541 after 3 failed attempts
[train] Skipping player 1642844 after 3 failed attempts
[train] Skipping player 1630591 after 3 failed attempts
[train] Skipping player 1641842 after 3 failed attempts
[train] Skipping player 1629611 after 3 failed attempts
[train] Skipping player 1628989 after 3 failed attempts
[train] Skipping player 201950 after 3 failed attempts
[train] Skipping player 1631106 after 3 failed attempts
[train] players processed: 160/300
[train] Skipping player 1628386 after 3 failed attempts
[train] Skipping player 1642268 after 3 failed attempts
[train] Skipping player 1630198 after 3 failed attempts
[train] Skipping player 1629111 after 3 failed attempts
[train] Skipping player 202691 after 3 failed attempts
[train] Skipping player 1642258 after 3 failed attempts
[train] Skipping player 1631165 after 3 failed attempts
[train] Skipping player 1642349 after 3 failed attempts
[train] Skipping player 1641731 after 3 failed attempts
[train] Skipping player 1628960 after 3 failed attempts
[train] players processed: 170/300
[train] players processed: 180/300
[train] players processed: 190/300
[train] players processed: 200/300
[train] players processed: 210/300
[train] players processed: 220/300
[train] players processed: 230/300
[train] Skipping player 1628963 after 3 failed attempts
[train] Skipping player 203954 after 3 failed attempts
[train] Skipping player 1630583 after 3 failed attempts
[train] Skipping player 1629655 after 3 failed attempts
[train] Skipping player 1642874 after 3 failed attempts
[train] Skipping player 202710 after 3 failed attempts
[train] Skipping player 1641775 after 3 failed attempts
[train] Skipping player 1631243 after 3 failed attempts
[train] Skipping player 1641713 after 3 failed attempts
[train] Skipping player 1630538 after 3 failed attempts
[train] players processed: 240/300
[train] Skipping player 1629631 after 3 failed attempts
[train] Skipping player 1629011 after 3 failed attempts
[train] Skipping player 1631323 after 3 failed attempts
[train] Skipping player 1629013 after 3 failed attempts
[train] Skipping player 1630549 after 3 failed attempts
[train] Skipping player 1642366 after 3 failed attempts
[train] Skipping player 1629004 after 3 failed attempts
[train] Skipping player 1630696 after 3 failed attempts
[train] Skipping player 1627747 after 3 failed attempts
[train] players processed: 250/300
[train] players processed: 260/300
[train] players processed: 270/300
[train] players processed: 280/300
[train] players processed: 290/300
[train] players processed: 300/300
[train] total examples: 839692
[train] training + saving models ...
[wf] points: auc_raw=0.574 brier_raw=0.271 auc_cal=0.569 brier_cal=0.253 folds=5
[optuna] Optimizing hyperparameters for points regression...
[I 2026-04-12 09:49:25,616] A new study created in memory with name: no-name-3a45a2fd-d4c0-4114-bef9-366d8a5c7254
[I 2026-04-12 09:49:28,362] Trial 0 finished with value: 6.548640491828023 and parameters: {'n_estimators': 221, 'max_depth': 6, 'learning_rate': 0.05741256039471255, 'subsample': 0.6902265479411887, 'colsample_bytree': 0.9061437670348574, 'min_child_weight': 1, 'reg_alpha': 0.35496647365980694, 'reg_lambda': 0.40586762047927716}. Best is trial 0 with value: 6.548640491828023.
[I 2026-04-12 09:49:47,047] Trial 1 finished with value: 7.0049221412418206 and parameters: {'n_estimators': 925, 'max_depth': 8, 'learning_rate': 0.15900992109265763, 'subsample': 0.9003301922871079, 'colsample_bytree': 0.9900924821845439, 'min_child_weight': 5, 'reg_alpha': 0.564128875970151, 'reg_lambda': 0.18417003818403332}. Best is trial 0 with value: 6.548640491828023.
[I 2026-04-12 09:49:52,083] Trial 2 finished with value: 6.547499037575477 and parameters: {'n_estimators': 710, 'max_depth': 4, 'learning_rate': 0.06549282183629776, 'subsample': 0.7372120312988623, 'colsample_bytree': 0.6283660651671807, 'min_child_weight': 6, 'reg_alpha': 0.09867248696267195, 'reg_lambda': 0.6653145699336855}. Best is trial 2 with value: 6.547499037575477.
[I 2026-04-12 09:49:56,117] Trial 3 finished with value: 6.47628327912943 and parameters: {'n_estimators': 629, 'max_depth': 3, 'learning_rate': 0.02134813088635803, 'subsample': 0.7081645478683941, 'colsample_bytree': 0.9527438826806622, 'min_child_weight': 10, 'reg_alpha': 0.7249124957136976, 'reg_lambda': 0.4331898792794353}. Best is trial 3 with value: 6.47628327912943.
[I 2026-04-12 09:50:05,216] Trial 4 finished with value: 6.624505520232399 and parameters: {'n_estimators': 824, 'max_depth': 6, 'learning_rate': 0.054904869567858165, 'subsample': 0.8323508713271853, 'colsample_bytree': 0.8807267744171591, 'min_child_weight': 3, 'reg_alpha': 0.3953339749346545, 'reg_lambda': 0.7860103140761727}. Best is trial 3 with value: 6.47628327912943.
[I 2026-04-12 09:50:11,882] Trial 5 finished with value: 7.028645068166859 and parameters: {'n_estimators': 781, 'max_depth': 5, 'learning_rate': 0.20500163401439606, 'subsample': 0.8619888727586347, 'colsample_bytree': 0.6248588449096066, 'min_child_weight': 1, 'reg_alpha': 0.9254272952448449, 'reg_lambda': 0.6124512336798215}. Best is trial 3 with value: 6.47628327912943.
[I 2026-04-12 09:50:16,150] Trial 6 finished with value: 6.550073114427695 and parameters: {'n_estimators': 638, 'max_depth': 3, 'learning_rate': 0.1110875725341477, 'subsample': 0.8198826512795071, 'colsample_bytree': 0.7926628273047783, 'min_child_weight': 2, 'reg_alpha': 0.21144461716370688, 'reg_lambda': 0.642101576639624}. Best is trial 3 with value: 6.47628327912943.
[I 2026-04-12 09:50:20,748] Trial 7 finished with value: 6.634897446040674 and parameters: {'n_estimators': 183, 'max_depth': 9, 'learning_rate': 0.06276739821884791, 'subsample': 0.8293776078299375, 'colsample_bytree': 0.7690851931516298, 'min_child_weight': 5, 'reg_alpha': 0.9203937610957987, 'reg_lambda': 0.05109439939457183}. Best is trial 3 with value: 6.47628327912943.
[I 2026-04-12 09:50:48,886] Trial 8 finished with value: 6.974429993992487 and parameters: {'n_estimators': 921, 'max_depth': 9, 'learning_rate': 0.15764027209548212, 'subsample': 0.8683095923256383, 'colsample_bytree': 0.8578952843665771, 'min_child_weight': 4, 'reg_alpha': 0.5937916381312066, 'reg_lambda': 0.41204023961266734}. Best is trial 3 with value: 6.47628327912943.
[I 2026-04-12 09:50:54,468] Trial 9 finished with value: 6.510371941919377 and parameters: {'n_estimators': 764, 'max_depth': 4, 'learning_rate': 0.057766588249910926, 'subsample': 0.8348439334694978, 'colsample_bytree': 0.8302682748876058, 'min_child_weight': 8, 'reg_alpha': 0.2570280517711685, 'reg_lambda': 0.6593794578548157}. Best is trial 3 with value: 6.47628327912943.
[I 2026-04-12 09:50:57,345] Trial 10 finished with value: 6.482954669426898 and parameters: {'n_estimators': 400, 'max_depth': 3, 'learning_rate': 0.015000070816405236, 'subsample': 0.6021139635248767, 'colsample_bytree': 0.9869911148632965, 'min_child_weight': 10, 'reg_alpha': 0.7233818891469779, 'reg_lambda': 0.9161904484161525}. Best is trial 3 with value: 6.47628327912943.
[I 2026-04-12 09:51:00,427] Trial 11 finished with value: 6.48378713234463 and parameters: {'n_estimators': 433, 'max_depth': 3, 'learning_rate': 0.013973950804546845, 'subsample': 0.6001383805384309, 'colsample_bytree': 0.99612912360355, 'min_child_weight': 10, 'reg_alpha': 0.7322663725302959, 'reg_lambda': 0.9917603385274065}. Best is trial 3 with value: 6.47628327912943.
[I 2026-04-12 09:51:03,658] Trial 12 finished with value: 6.485127104415035 and parameters: {'n_estimators': 445, 'max_depth': 3, 'learning_rate': 0.015322257576782647, 'subsample': 0.9828229496640044, 'colsample_bytree': 0.9394105299999083, 'min_child_weight': 10, 'reg_alpha': 0.7508547492004672, 'reg_lambda': 0.9576223708582947}. Best is trial 3 with value: 6.47628327912943.
[I 2026-04-12 09:51:08,285] Trial 13 finished with value: 6.481918311763077 and parameters: {'n_estimators': 506, 'max_depth': 5, 'learning_rate': 0.025411188653554125, 'subsample': 0.6423369301741061, 'colsample_bytree': 0.727058134661185, 'min_child_weight': 8, 'reg_alpha': 0.7034072545611253, 'reg_lambda': 0.3179214746773904}. Best is trial 3 with value: 6.47628327912943.
[I 2026-04-12 09:51:13,234] Trial 14 finished with value: 6.483204414055903 and parameters: {'n_estimators': 547, 'max_depth': 5, 'learning_rate': 0.028284982943986015, 'subsample': 0.6852532535284541, 'colsample_bytree': 0.710865600038656, 'min_child_weight': 8, 'reg_alpha': 0.8302568112683006, 'reg_lambda': 0.24277939690091832}. Best is trial 3 with value: 6.47628327912943.
[I 2026-04-12 09:51:21,112] Trial 15 finished with value: 6.51932161055947 and parameters: {'n_estimators': 582, 'max_depth': 7, 'learning_rate': 0.027569065414931433, 'subsample': 0.7466322430301414, 'colsample_bytree': 0.700538997795458, 'min_child_weight': 8, 'reg_alpha': 0.6042662808554005, 'reg_lambda': 0.28755994694252807}. Best is trial 3 with value: 6.47628327912943.
[I 2026-04-12 09:51:23,801] Trial 16 finished with value: 6.486047355058323 and parameters: {'n_estimators': 272, 'max_depth': 5, 'learning_rate': 0.03207156564071361, 'subsample': 0.673012027705149, 'colsample_bytree': 0.7361705697935523, 'min_child_weight': 9, 'reg_alpha': 0.49262447198155046, 'reg_lambda': 0.47162249121130795}. Best is trial 3 with value: 6.47628327912943.
[I 2026-04-12 09:51:26,845] Trial 17 finished with value: 6.49168400324376 and parameters: {'n_estimators': 339, 'max_depth': 4, 'learning_rate': 0.010370883238076537, 'subsample': 0.7460955241272064, 'colsample_bytree': 0.6685823617163655, 'min_child_weight': 7, 'reg_alpha': 0.981800256017912, 'reg_lambda': 0.042151809997088396}. Best is trial 3 with value: 6.47628327912943.
[I 2026-04-12 09:51:29,016] Trial 18 finished with value: 6.5228251487803925 and parameters: {'n_estimators': 108, 'max_depth': 7, 'learning_rate': 0.02081981316360797, 'subsample': 0.6458691779324909, 'colsample_bytree': 0.7674019354055862, 'min_child_weight': 7, 'reg_alpha': 0.67901889036588, 'reg_lambda': 0.33087465089952417}. Best is trial 3 with value: 6.47628327912943.
[I 2026-04-12 09:51:45,778] Trial 19 finished with value: 6.6389913395041225 and parameters: {'n_estimators': 557, 'max_depth': 10, 'learning_rate': 0.03499466837109479, 'subsample': 0.6425956107298566, 'colsample_bytree': 0.8257928133918399, 'min_child_weight': 9, 'reg_alpha': 0.8375659930616358, 'reg_lambda': 0.5616149992931607}. Best is trial 3 with value: 6.47628327912943.
