[I 2026-04-12 17:46:29,135] Trial 17 finished with value: 0.8665292123558608 and parameters: {'n_estimators': 644, 'max_depth': 5, 'learning_rate': 0.07443389393050251, 'subsample': 0.8341179666795393, 'colsample_bytree': 0.6823154955083511, 'min_child_weight': 7, 'reg_alpha': 0.7923112515528212, 'reg_lambda': 0.49920670831057556}. Best is trial 15 with value: 0.8741988093186067.
[I 2026-04-12 17:46:35,318] Trial 18 finished with value: 0.8729106723769873 and parameters: {'n_estimators': 427, 'max_depth': 5, 'learning_rate': 0.03241066584890062, 'subsample': 0.8611148953989055, 'colsample_bytree': 0.8497302944060716, 'min_child_weight': 8, 'reg_alpha': 0.3176948355104958, 'reg_lambda': 0.23147377077735276}. Best is trial 15 with value: 0.8741988093186067.
[I 2026-04-12 17:46:41,020] Trial 19 finished with value: 0.8751167919666574 and parameters: {'n_estimators': 616, 'max_depth': 3, 'learning_rate': 0.016936189595142842, 'subsample': 0.7813568771694719, 'colsample_bytree': 0.7149063569641253, 'min_child_weight': 6, 'reg_alpha': 0.6374244696987708, 'reg_lambda': 0.7637509544213089}. Best is trial 19 with value: 0.8751167919666574.
[I 2026-04-12 17:46:42,857] Trial 20 finished with value: 0.8709838811616877 and parameters: {'n_estimators': 176, 'max_depth': 3, 'learning_rate': 0.03235406701859134, 'subsample': 0.7569618900928484, 'colsample_bytree': 0.6620304379950392, 'min_child_weight': 3, 'reg_alpha': 0.6518047370939739, 'reg_lambda': 0.7906977745614645}. Best is trial 19 with value: 0.8751167919666574.
[I 2026-04-12 17:46:50,036] Trial 21 finished with value: 0.8748692858121517 and parameters: {'n_estimators': 643, 'max_depth': 4, 'learning_rate': 0.01658457499838726, 'subsample': 0.7826956375126133, 'colsample_bytree': 0.7277070813134247, 'min_child_weight': 6, 'reg_alpha': 0.7955974177041236, 'reg_lambda': 0.6123298544643405}. Best is trial 19 with value: 0.8751167919666574.
[I 2026-04-12 17:46:57,101] Trial 22 finished with value: 0.8750730364143431 and parameters: {'n_estimators': 633, 'max_depth': 4, 'learning_rate': 0.015406861205218897, 'subsample': 0.7988037723231617, 'colsample_bytree': 0.7444889010879445, 'min_child_weight': 6, 'reg_alpha': 0.6163426755857551, 'reg_lambda': 0.6183855997034469}. Best is trial 19 with value: 0.8751167919666574.
[I 2026-04-12 17:47:04,008] Trial 23 finished with value: 0.8748882907490155 and parameters: {'n_estimators': 659, 'max_depth': 4, 'learning_rate': 0.015860660124231624, 'subsample': 0.7844010327914691, 'colsample_bytree': 0.7561466258643773, 'min_child_weight': 6, 'reg_alpha': 0.6245456650855726, 'reg_lambda': 0.6445214690321299}. Best is trial 19 with value: 0.8751167919666574.
[I 2026-04-12 17:47:11,498] Trial 24 finished with value: 0.8755132437891424 and parameters: {'n_estimators': 866, 'max_depth': 3, 'learning_rate': 0.015390264460485588, 'subsample': 0.6762950418909374, 'colsample_bytree': 0.7539474107603671, 'min_child_weight': 6, 'reg_alpha': 0.3170518242314255, 'reg_lambda': 0.8034488997510942}. Best is trial 24 with value: 0.8755132437891424.
[I 2026-04-12 17:47:19,773] Trial 25 finished with value: 0.875414683302616 and parameters: {'n_estimators': 956, 'max_depth': 3, 'learning_rate': 0.016601893078334786, 'subsample': 0.67126040831494, 'colsample_bytree': 0.8274520253797071, 'min_child_weight': 3, 'reg_alpha': 0.24876979106020858, 'reg_lambda': 0.8238470212672624}. Best is trial 24 with value: 0.8755132437891424.
[I 2026-04-12 17:47:28,306] Trial 26 finished with value: 0.8758747795648311 and parameters: {'n_estimators': 985, 'max_depth': 3, 'learning_rate': 0.028770587138427596, 'subsample': 0.6585154505488585, 'colsample_bytree': 0.8706494475920988, 'min_child_weight': 3, 'reg_alpha': 0.23510449766185687, 'reg_lambda': 0.8225565566249871}. Best is trial 26 with value: 0.8758747795648311.
[I 2026-04-12 17:47:36,879] Trial 27 finished with value: 0.8753147968902619 and parameters: {'n_estimators': 996, 'max_depth': 3, 'learning_rate': 0.02809326055188137, 'subsample': 0.6513535637880226, 'colsample_bytree': 0.8624998572919353, 'min_child_weight': 2, 'reg_alpha': 0.212071822750171, 'reg_lambda': 0.8820784401293473}. Best is trial 26 with value: 0.8758747795648311.
[I 2026-04-12 17:47:44,263] Trial 28 finished with value: 0.8741148340161851 and parameters: {'n_estimators': 893, 'max_depth': 3, 'learning_rate': 0.04215872061512455, 'subsample': 0.6697293766198011, 'colsample_bytree': 0.8235491801917073, 'min_child_weight': 3, 'reg_alpha': 0.18587092064545152, 'reg_lambda': 0.8908041577082674}. Best is trial 26 with value: 0.8758747795648311.
[I 2026-04-12 17:47:51,740] Trial 29 finished with value: 0.870900789809818 and parameters: {'n_estimators': 904, 'max_depth': 3, 'learning_rate': 0.059096345737802265, 'subsample': 0.6651410136086914, 'colsample_bytree': 0.8801432214626921, 'min_child_weight': 1, 'reg_alpha': 0.21039936813837185, 'reg_lambda': 0.9920596822781744}. Best is trial 26 with value: 0.8758747795648311.
[optuna] Best params: {'n_estimators': 985, 'max_depth': 3, 'learning_rate': 0.028770587138427596, 'subsample': 0.6585154505488585, 'colsample_bytree': 0.8706494475920988, 'min_child_weight': 3, 'reg_alpha': 0.23510449766185687, 'reg_lambda': 0.8225565566249871}
[wf] triple_double: auc_raw=0.840 brier_raw=0.007 auc_cal=0.810 brier_cal=0.006 folds=5
[optuna] Optimizing hyperparameters for triple_double classification...
[I 2026-04-12 17:52:23,906] A new study created in memory with name: no-name-f01d7339-95e5-4347-a733-93af3f8c03f1
[I 2026-04-12 17:52:30,097] Trial 0 finished with value: 0.9585250505401622 and parameters: {'n_estimators': 688, 'max_depth': 5, 'learning_rate': 0.01188538944804366, 'subsample': 0.6492720644327126, 'colsample_bytree': 0.7434868386732982, 'min_child_weight': 8, 'reg_alpha': 0.4864512047042845, 'reg_lambda': 0.2994138411833618}. Best is trial 0 with value: 0.9585250505401622.
[I 2026-04-12 17:52:34,715] Trial 1 finished with value: 0.9302682973682525 and parameters: {'n_estimators': 616, 'max_depth': 3, 'learning_rate': 0.11493675582489371, 'subsample': 0.691898208071164, 'colsample_bytree': 0.808417543133848, 'min_child_weight': 2, 'reg_alpha': 0.7590287126751479, 'reg_lambda': 0.12565988731696442}. Best is trial 0 with value: 0.9585250505401622.
[I 2026-04-12 17:52:43,017] Trial 2 finished with value: 0.9494918541150211 and parameters: {'n_estimators': 830, 'max_depth': 8, 'learning_rate': 0.10080564475134941, 'subsample': 0.8011639205044943, 'colsample_bytree': 0.7843512851172133, 'min_child_weight': 9, 'reg_alpha': 0.7661066710528719, 'reg_lambda': 0.23965085269708608}. Best is trial 0 with value: 0.9585250505401622.
[I 2026-04-12 17:52:49,036] Trial 3 finished with value: 0.933588854636431 and parameters: {'n_estimators': 598, 'max_depth': 5, 'learning_rate': 0.18162026554797253, 'subsample': 0.8433442355975895, 'colsample_bytree': 0.7712558818335071, 'min_child_weight': 4, 'reg_alpha': 0.8417131099552628, 'reg_lambda': 0.8889699393845901}. Best is trial 0 with value: 0.9585250505401622.
[I 2026-04-12 17:52:52,684] Trial 4 finished with value: 0.9420137396061068 and parameters: {'n_estimators': 315, 'max_depth': 9, 'learning_rate': 0.1197921267966493, 'subsample': 0.88977120430819, 'colsample_bytree': 0.6651834289043911, 'min_child_weight': 8, 'reg_alpha': 0.2798750689591719, 'reg_lambda': 0.7637691096372407}. Best is trial 0 with value: 0.9585250505401622.
[I 2026-04-12 17:52:58,160] Trial 5 finished with value: 0.9529724933451642 and parameters: {'n_estimators': 520, 'max_depth': 6, 'learning_rate': 0.01268536895202357, 'subsample': 0.8752239499080636, 'colsample_bytree': 0.6991598884046992, 'min_child_weight': 6, 'reg_alpha': 0.5643925271431737, 'reg_lambda': 0.39293325394067347}. Best is trial 0 with value: 0.9585250505401622.
[I 2026-04-12 17:53:05,668] Trial 6 finished with value: 0.9501230344221956 and parameters: {'n_estimators': 689, 'max_depth': 6, 'learning_rate': 0.07814072018503221, 'subsample': 0.7437640101434179, 'colsample_bytree': 0.9404305343373462, 'min_child_weight': 6, 'reg_alpha': 0.6482237196656804, 'reg_lambda': 0.9727383659685358}. Best is trial 0 with value: 0.9585250505401622.
[I 2026-04-12 17:53:13,478] Trial 7 finished with value: 0.9468848050201704 and parameters: {'n_estimators': 774, 'max_depth': 7, 'learning_rate': 0.12141444449998152, 'subsample': 0.9562833700455043, 'colsample_bytree': 0.7175256176964875, 'min_child_weight': 10, 'reg_alpha': 0.06506934587304525, 'reg_lambda': 0.17861818408356267}. Best is trial 0 with value: 0.9585250505401622.
[I 2026-04-12 17:53:21,913] Trial 8 finished with value: 0.925342346710087 and parameters: {'n_estimators': 829, 'max_depth': 5, 'learning_rate': 0.29577477898646104, 'subsample': 0.6402015531666474, 'colsample_bytree': 0.9901162951876806, 'min_child_weight': 3, 'reg_alpha': 0.7136954658164819, 'reg_lambda': 0.29726221017394017}. Best is trial 0 with value: 0.9585250505401622.
[I 2026-04-12 17:53:29,388] Trial 9 finished with value: 0.9428461658083225 and parameters: {'n_estimators': 646, 'max_depth': 10, 'learning_rate': 0.1246283281981504, 'subsample': 0.6528524462895609, 'colsample_bytree': 0.7166100091647876, 'min_child_weight': 6, 'reg_alpha': 0.008361973183952487, 'reg_lambda': 0.7051695144034128}. Best is trial 0 with value: 0.9585250505401622.
[I 2026-04-12 17:53:38,553] Trial 10 finished with value: 0.960080132456389 and parameters: {'n_estimators': 992, 'max_depth': 3, 'learning_rate': 0.012045083449061255, 'subsample': 0.6003799627352004, 'colsample_bytree': 0.8750089749155652, 'min_child_weight': 8, 'reg_alpha': 0.3697784604986847, 'reg_lambda': 0.5125516640355537}. Best is trial 10 with value: 0.960080132456389.
[I 2026-04-12 17:53:47,388] Trial 11 finished with value: 0.9580356571135851 and parameters: {'n_estimators': 985, 'max_depth': 3, 'learning_rate': 0.011230758176171602, 'subsample': 0.6245498475886605, 'colsample_bytree': 0.8673107159200514, 'min_child_weight': 8, 'reg_alpha': 0.3791491432138263, 'reg_lambda': 0.553442598272109}. Best is trial 10 with value: 0.960080132456389.
[I 2026-04-12 17:53:57,860] Trial 12 finished with value: 0.9538506572507982 and parameters: {'n_estimators': 998, 'max_depth': 4, 'learning_rate': 0.02460205073981346, 'subsample': 0.7143756224966255, 'colsample_bytree': 0.6111117978027825, 'min_child_weight': 8, 'reg_alpha': 0.4031904743044862, 'reg_lambda': 0.5104143250429104}. Best is trial 10 with value: 0.960080132456389.
[I 2026-04-12 17:53:59,221] Trial 13 finished with value: 0.9622252307467137 and parameters: {'n_estimators': 106, 'max_depth': 4, 'learning_rate': 0.024001910912058784, 'subsample': 0.6018110480171417, 'colsample_bytree': 0.8739976236336279, 'min_child_weight': 10, 'reg_alpha': 0.21965130900875696, 'reg_lambda': 0.009250730946080032}. Best is trial 13 with value: 0.9622252307467137.
[I 2026-04-12 17:54:00,583] Trial 14 finished with value: 0.9611869848791152 and parameters: {'n_estimators': 114, 'max_depth': 3, 'learning_rate': 0.025705934321981608, 'subsample': 0.6028279160145911, 'colsample_bytree': 0.8712750663658774, 'min_child_weight': 10, 'reg_alpha': 0.18901082962577873, 'reg_lambda': 0.002681699714479932}. Best is trial 13 with value: 0.9622252307467137.
[I 2026-04-12 17:54:01,919] Trial 15 finished with value: 0.9612052799604826 and parameters: {'n_estimators': 103, 'max_depth': 4, 'learning_rate': 0.035032025120468165, 'subsample': 0.7528418110195686, 'colsample_bytree': 0.871751581252372, 'min_child_weight': 10, 'reg_alpha': 0.17507562948205643, 'reg_lambda': 0.045122293912476685}. Best is trial 13 with value: 0.9622252307467137.
[I 2026-04-12 17:54:03,897] Trial 16 finished with value: 0.9605329357202317 and parameters: {'n_estimators': 163, 'max_depth': 4, 'learning_rate': 0.03527851356219982, 'subsample': 0.7663268955443561, 'colsample_bytree': 0.9291516165101495, 'min_child_weight': 10, 'reg_alpha': 0.15549139518197808, 'reg_lambda': 0.008640979265729964}. Best is trial 13 with value: 0.9622252307467137.
[I 2026-04-12 17:54:06,702] Trial 17 finished with value: 0.9461895919282102 and parameters: {'n_estimators': 257, 'max_depth': 4, 'learning_rate': 0.048898859713580996, 'subsample': 0.9898706068436613, 'colsample_bytree': 0.8449927477942049, 'min_child_weight': 4, 'reg_alpha': 0.20444744044502475, 'reg_lambda': 0.10859711725019607}. Best is trial 13 with value: 0.9622252307467137.
[I 2026-04-12 17:54:12,777] Trial 18 finished with value: 0.9564622801159909 and parameters: {'n_estimators': 434, 'max_depth': 7, 'learning_rate': 0.01991323444854335, 'subsample': 0.7992273393991758, 'colsample_bytree': 0.9352769223879636, 'min_child_weight': 9, 'reg_alpha': 0.973561492998031, 'reg_lambda': 0.39077590748640545}. Best is trial 13 with value: 0.9622252307467137.
[I 2026-04-12 17:54:16,805] Trial 19 finished with value: 0.9504706409681757 and parameters: {'n_estimators': 287, 'max_depth': 5, 'learning_rate': 0.04882111388007507, 'subsample': 0.6929645345812638, 'colsample_bytree': 0.8219884138322203, 'min_child_weight': 1, 'reg_alpha': 0.27823158363538975, 'reg_lambda': 0.046529344590794885}. Best is trial 13 with value: 0.9622252307467137.
[I 2026-04-12 17:54:21,366] Trial 20 finished with value: 0.9545092801800237 and parameters: {'n_estimators': 401, 'max_depth': 4, 'learning_rate': 0.01718717900374895, 'subsample': 0.9107047967409854, 'colsample_bytree': 0.9033380135450059, 'min_child_weight': 7, 'reg_alpha': 0.09130856013759336, 'reg_lambda': 0.16513654163266694}. Best is trial 13 with value: 0.9622252307467137.
[I 2026-04-12 17:54:22,839] Trial 21 finished with value: 0.9613562143817634 and parameters: {'n_estimators': 123, 'max_depth': 3, 'learning_rate': 0.030453049907574962, 'subsample': 0.6091486008690238, 'colsample_bytree': 0.9900557999649001, 'min_child_weight': 10, 'reg_alpha': 0.21336352092964428, 'reg_lambda': 0.008963119976284887}. Best is trial 13 with value: 0.9622252307467137.
[I 2026-04-12 17:54:25,301] Trial 22 finished with value: 0.9597782636138275 and parameters: {'n_estimators': 204, 'max_depth': 4, 'learning_rate': 0.035425244302901136, 'subsample': 0.6728610240463991, 'colsample_bytree': 0.9974426660135686, 'min_child_weight': 9, 'reg_alpha': 0.27245269500267477, 'reg_lambda': 0.0928052591906924}. Best is trial 13 with value: 0.9622252307467137.
[I 2026-04-12 17:54:26,795] Trial 23 finished with value: 0.9616077717505649 and parameters: {'n_estimators': 122, 'max_depth': 3, 'learning_rate': 0.03241827668538367, 'subsample': 0.7367405436980554, 'colsample_bytree': 0.9565625798386035, 'min_child_weight': 10, 'reg_alpha': 0.114705947944721, 'reg_lambda': 0.21578398444420493}. Best is trial 13 with value: 0.9622252307467137.
[I 2026-04-12 17:54:29,621] Trial 24 finished with value: 0.956718411255134 and parameters: {'n_estimators': 201, 'max_depth': 3, 'learning_rate': 0.06499059926446538, 'subsample': 0.7242555256452755, 'colsample_bytree': 0.9589461036559018, 'min_child_weight': 9, 'reg_alpha': 0.09758615526763205, 'reg_lambda': 0.22305670878644326}. Best is trial 13 with value: 0.9622252307467137.
[I 2026-04-12 17:54:33,300] Trial 25 finished with value: 0.9570797391121397 and parameters: {'n_estimators': 344, 'max_depth': 3, 'learning_rate': 0.018338804663111052, 'subsample': 0.6758496882912006, 'colsample_bytree': 0.9656245529990486, 'min_child_weight': 7, 'reg_alpha': 0.01730059413644544, 'reg_lambda': 0.38959017652063455}. Best is trial 13 with value: 0.9622252307467137.
[I 2026-04-12 17:54:36,539] Trial 26 finished with value: 0.9622526733687647 and parameters: {'n_estimators': 229, 'max_depth': 6, 'learning_rate': 0.026294962399519103, 'subsample': 0.6248523444287142, 'colsample_bytree': 0.9061306020956896, 'min_child_weight': 10, 'reg_alpha': 0.45892364983945266, 'reg_lambda': 0.28227396757334866}. Best is trial 26 with value: 0.9622526733687647.
[I 2026-04-12 17:54:39,588] Trial 27 finished with value: 0.9586531161097339 and parameters: {'n_estimators': 217, 'max_depth': 6, 'learning_rate': 0.04426178389309081, 'subsample': 0.6359507562970692, 'colsample_bytree': 0.9109206853418145, 'min_child_weight': 9, 'reg_alpha': 0.48615041525943575, 'reg_lambda': 0.3070566873895626}. Best is trial 26 with value: 0.9622526733687647.
[I 2026-04-12 17:54:45,694] Trial 28 finished with value: 0.9566772473220575 and parameters: {'n_estimators': 387, 'max_depth': 8, 'learning_rate': 0.023836277986788806, 'subsample': 0.7985889015758356, 'colsample_bytree': 0.8946021853656203, 'min_child_weight': 7, 'reg_alpha': 0.5744526096224323, 'reg_lambda': 0.6009691062727431}. Best is trial 26 with value: 0.9622526733687647.
[I 2026-04-12 17:54:55,024] Trial 29 finished with value: 0.9441817067481407 and parameters: {'n_estimators': 479, 'max_depth': 5, 'learning_rate': 0.06901175427654482, 'subsample': 0.661232147507408, 'colsample_bytree': 0.8492602077815049, 'min_child_weight': 5, 'reg_alpha': 0.4593879902136521, 'reg_lambda': 0.3141035344122856}. Best is trial 26 with value: 0.9622526733687647.
[optuna] Best params: {'n_estimators': 229, 'max_depth': 6, 'learning_rate': 0.026294962399519103, 'subsample': 0.6248523444287142, 'colsample_bytree': 0.9061306020956896, 'min_child_weight': 10, 'reg_alpha': 0.45892364983945266, 'reg_lambda': 0.28227396757334866}
[train] done. props trained: ['points', 'assists', 'rebounds', 'steals', 'blocks', 'turnovers', 'three_pointers', 'pts_reb', 'pts_ast', 'ast_reb', 'pts_ast_reb', 'stl_blk', 'double_double', 'triple_double']
