[I 2026-04-12 14:36:03,361] Trial 11 finished with value: 0.6057570254989589 and parameters: {'n_estimators': 632, 'max_depth': 5, 'learning_rate': 0.010463951876879513, 'subsample': 0.693907868490075, 'colsample_bytree': 0.7145591454803478, 'min_child_weight': 3, 'reg_alpha': 0.4575432834669264, 'reg_lambda': 0.9921136386781823}. Best is trial 1 with value: 0.6089303469844671.
[I 2026-04-12 14:36:21,917] Trial 12 finished with value: 0.603291148106526 and parameters: {'n_estimators': 555, 'max_depth': 5, 'learning_rate': 0.010441994518788255, 'subsample': 0.7106492599902626, 'colsample_bytree': 0.7829332279058765, 'min_child_weight': 3, 'reg_alpha': 0.4377588192675324, 'reg_lambda': 0.7782846407090882}. Best is trial 1 with value: 0.6089303469844671.
[I 2026-04-12 14:36:34,101] Trial 13 finished with value: 0.6094342280183641 and parameters: {'n_estimators': 362, 'max_depth': 5, 'learning_rate': 0.030542980619208713, 'subsample': 0.7082811102770838, 'colsample_bytree': 0.7053813056308987, 'min_child_weight': 1, 'reg_alpha': 0.6022756330852943, 'reg_lambda': 0.812717406636046}. Best is trial 13 with value: 0.6094342280183641.
[I 2026-04-12 14:36:44,888] Trial 14 finished with value: 0.6035621914991854 and parameters: {'n_estimators': 325, 'max_depth': 5, 'learning_rate': 0.028926610875479045, 'subsample': 0.870008259798482, 'colsample_bytree': 0.6577334162931111, 'min_child_weight': 1, 'reg_alpha': 0.6208287682075108, 'reg_lambda': 0.7874113824640374}. Best is trial 13 with value: 0.6094342280183641.
[I 2026-04-12 14:36:54,389] Trial 15 finished with value: 0.6051640662432812 and parameters: {'n_estimators': 323, 'max_depth': 4, 'learning_rate': 0.03260626517832157, 'subsample': 0.7160842536951905, 'colsample_bytree': 0.8366739570385974, 'min_child_weight': 1, 'reg_alpha': 0.33106136292435623, 'reg_lambda': 0.5767142358646242}. Best is trial 13 with value: 0.6094342280183641.
[I 2026-04-12 14:37:05,851] Trial 16 finished with value: 0.609455268361951 and parameters: {'n_estimators': 416, 'max_depth': 4, 'learning_rate': 0.05672930696959928, 'subsample': 0.8464721403310379, 'colsample_bytree': 0.7554303145587824, 'min_child_weight': 4, 'reg_alpha': 0.6423528272259313, 'reg_lambda': 0.7935260991505789}. Best is trial 16 with value: 0.609455268361951.
[I 2026-04-12 14:37:15,732] Trial 17 finished with value: 0.5985125857007204 and parameters: {'n_estimators': 280, 'max_depth': 6, 'learning_rate': 0.06389645050334211, 'subsample': 0.9321250114750499, 'colsample_bytree': 0.6670776181521159, 'min_child_weight': 2, 'reg_alpha': 0.6551080447317911, 'reg_lambda': 0.8296942142574117}. Best is trial 16 with value: 0.609455268361951.
[I 2026-04-12 14:37:41,581] Trial 18 finished with value: 0.6065450487416042 and parameters: {'n_estimators': 547, 'max_depth': 4, 'learning_rate': 0.020524595239620594, 'subsample': 0.8437831433091202, 'colsample_bytree': 0.7975289712297057, 'min_child_weight': 9, 'reg_alpha': 0.6998204881929654, 'reg_lambda': 0.48126795948751266}. Best is trial 16 with value: 0.609455268361951.
[I 2026-04-12 14:37:51,043] Trial 19 finished with value: 0.6062799048689334 and parameters: {'n_estimators': 242, 'max_depth': 6, 'learning_rate': 0.047357835789951105, 'subsample': 0.7392444165214606, 'colsample_bytree': 0.7551688163775099, 'min_child_weight': 4, 'reg_alpha': 0.9336439293664588, 'reg_lambda': 0.8662130924654707}. Best is trial 16 with value: 0.609455268361951.
[I 2026-04-12 14:38:03,234] Trial 20 finished with value: 0.6094651543266341 and parameters: {'n_estimators': 433, 'max_depth': 4, 'learning_rate': 0.08579424156101585, 'subsample': 0.6792730534033468, 'colsample_bytree': 0.8239421497625137, 'min_child_weight': 2, 'reg_alpha': 0.5302075620198549, 'reg_lambda': 0.7107940924992259}. Best is trial 20 with value: 0.6094651543266341.
[I 2026-04-12 14:38:15,723] Trial 21 finished with value: 0.6064068891618535 and parameters: {'n_estimators': 445, 'max_depth': 4, 'learning_rate': 0.08379410041876437, 'subsample': 0.677066515229684, 'colsample_bytree': 0.8324024109151226, 'min_child_weight': 2, 'reg_alpha': 0.5536229482322224, 'reg_lambda': 0.7437746686299443}. Best is trial 20 with value: 0.6094651543266341.
[I 2026-04-12 14:38:32,812] Trial 22 finished with value: 0.5986297850839366 and parameters: {'n_estimators': 412, 'max_depth': 4, 'learning_rate': 0.13956292198235637, 'subsample': 0.7421674001846399, 'colsample_bytree': 0.940440729709831, 'min_child_weight': 2, 'reg_alpha': 0.6863998842891166, 'reg_lambda': 0.7063983027543836}. Best is trial 20 with value: 0.6094651543266341.
[I 2026-04-12 14:38:57,062] Trial 23 finished with value: 0.6068620477571893 and parameters: {'n_estimators': 538, 'max_depth': 5, 'learning_rate': 0.05683885320882807, 'subsample': 0.6825853173470721, 'colsample_bytree': 0.8128913296925014, 'min_child_weight': 4, 'reg_alpha': 0.553674041185736, 'reg_lambda': 0.5868368549947538}. Best is trial 20 with value: 0.6094651543266341.
[I 2026-04-12 14:39:14,918] Trial 24 finished with value: 0.5887659479566857 and parameters: {'n_estimators': 368, 'max_depth': 6, 'learning_rate': 0.19225260076606074, 'subsample': 0.604553004418074, 'colsample_bytree': 0.7809830179388726, 'min_child_weight': 2, 'reg_alpha': 0.7432341524340894, 'reg_lambda': 0.9069378242531758}. Best is trial 20 with value: 0.6094651543266341.
[I 2026-04-12 14:39:31,572] Trial 25 finished with value: 0.6076632290550489 and parameters: {'n_estimators': 497, 'max_depth': 4, 'learning_rate': 0.07197510086234535, 'subsample': 0.6612684685669441, 'colsample_bytree': 0.6690693147960152, 'min_child_weight': 1, 'reg_alpha': 0.8672778055043832, 'reg_lambda': 0.8572327213803911}. Best is trial 20 with value: 0.6094651543266341.
[I 2026-04-12 14:39:56,131] Trial 26 finished with value: 0.6050145641132861 and parameters: {'n_estimators': 617, 'max_depth': 5, 'learning_rate': 0.04675728380948274, 'subsample': 0.88950370248507, 'colsample_bytree': 0.7328521803721995, 'min_child_weight': 4, 'reg_alpha': 0.5314893864511359, 'reg_lambda': 0.4837509216878555}. Best is trial 20 with value: 0.6094651543266341.
[I 2026-04-12 14:40:03,727] Trial 27 finished with value: 0.6096159039629232 and parameters: {'n_estimators': 246, 'max_depth': 3, 'learning_rate': 0.09422734026209485, 'subsample': 0.8255801351712314, 'colsample_bytree': 0.8615349796480778, 'min_child_weight': 2, 'reg_alpha': 0.34750045721388495, 'reg_lambda': 0.7495653776784963}. Best is trial 27 with value: 0.6096159039629232.
[I 2026-04-12 14:40:10,523] Trial 28 finished with value: 0.6093133802019357 and parameters: {'n_estimators': 228, 'max_depth': 3, 'learning_rate': 0.10160963080009247, 'subsample': 0.8233028757606115, 'colsample_bytree': 0.885041362455609, 'min_child_weight': 5, 'reg_alpha': 0.35423330757408183, 'reg_lambda': 0.5463076302576539}. Best is trial 27 with value: 0.6096159039629232.
[I 2026-04-12 14:40:17,840] Trial 29 finished with value: 0.6078247079423986 and parameters: {'n_estimators': 227, 'max_depth': 3, 'learning_rate': 0.1360986869763387, 'subsample': 0.9440928502060995, 'colsample_bytree': 0.9264826629992896, 'min_child_weight': 7, 'reg_alpha': 0.27028076863473427, 'reg_lambda': 0.6524233345117305}. Best is trial 27 with value: 0.6096159039629232.
[optuna] Best params: {'n_estimators': 246, 'max_depth': 3, 'learning_rate': 0.09422734026209485, 'subsample': 0.8255801351712314, 'colsample_bytree': 0.8615349796480778, 'min_child_weight': 2, 'reg_alpha': 0.34750045721388495, 'reg_lambda': 0.7495653776784963}
[wf] pts_ast: auc_raw=0.567 brier_raw=0.274 auc_cal=0.559 brier_cal=0.256 folds=5
[optuna] Optimizing hyperparameters for pts_ast regression...
[I 2026-04-12 14:55:57,364] A new study created in memory with name: no-name-b48cb6e3-9068-41ea-b454-7adc16f8daca
[I 2026-04-12 14:56:01,795] Trial 0 finished with value: 7.511968700529045 and parameters: {'n_estimators': 437, 'max_depth': 5, 'learning_rate': 0.1797433036550995, 'subsample': 0.6296722400771917, 'colsample_bytree': 0.8219682096327585, 'min_child_weight': 4, 'reg_alpha': 0.16602769463517375, 'reg_lambda': 0.782637686931922}. Best is trial 0 with value: 7.511968700529045.
[I 2026-04-12 14:56:08,872] Trial 1 finished with value: 7.158858164518896 and parameters: {'n_estimators': 452, 'max_depth': 7, 'learning_rate': 0.031206023015857544, 'subsample': 0.9952490285730267, 'colsample_bytree': 0.9811329110887789, 'min_child_weight': 3, 'reg_alpha': 0.503402247213226, 'reg_lambda': 0.09744831486809225}. Best is trial 1 with value: 7.158858164518896.
[I 2026-04-12 14:56:15,595] Trial 2 finished with value: 7.220864653695966 and parameters: {'n_estimators': 904, 'max_depth': 4, 'learning_rate': 0.08316429553025606, 'subsample': 0.9151197748160756, 'colsample_bytree': 0.7275013270934386, 'min_child_weight': 5, 'reg_alpha': 0.22651613384659397, 'reg_lambda': 0.18825603007492475}. Best is trial 1 with value: 7.158858164518896.
[I 2026-04-12 14:56:21,037] Trial 3 finished with value: 7.136614033745802 and parameters: {'n_estimators': 580, 'max_depth': 5, 'learning_rate': 0.04431244121444127, 'subsample': 0.8627177574786475, 'colsample_bytree': 0.8236337803535149, 'min_child_weight': 3, 'reg_alpha': 0.3444778996230684, 'reg_lambda': 0.048876677885026365}. Best is trial 3 with value: 7.136614033745802.
[I 2026-04-12 14:56:29,721] Trial 4 finished with value: 7.128178770770987 and parameters: {'n_estimators': 720, 'max_depth': 6, 'learning_rate': 0.022585422870625184, 'subsample': 0.6322704567813767, 'colsample_bytree': 0.7128962872726953, 'min_child_weight': 6, 'reg_alpha': 0.21717426811055207, 'reg_lambda': 0.891705334814457}. Best is trial 4 with value: 7.128178770770987.
[I 2026-04-12 14:56:50,763] Trial 5 finished with value: 7.637619988907764 and parameters: {'n_estimators': 636, 'max_depth': 9, 'learning_rate': 0.17258836219851298, 'subsample': 0.8825726869549246, 'colsample_bytree': 0.9282452101692964, 'min_child_weight': 6, 'reg_alpha': 0.5986054977224882, 'reg_lambda': 0.08061675642431743}. Best is trial 4 with value: 7.128178770770987.
[I 2026-04-12 14:56:58,355] Trial 6 finished with value: 7.312607077532904 and parameters: {'n_estimators': 995, 'max_depth': 3, 'learning_rate': 0.16778012245297322, 'subsample': 0.9400817548642122, 'colsample_bytree': 0.8464865692974849, 'min_child_weight': 2, 'reg_alpha': 0.9325360851705908, 'reg_lambda': 0.2499910485314264}. Best is trial 4 with value: 7.128178770770987.
[I 2026-04-12 14:57:10,740] Trial 7 finished with value: 7.072463476770806 and parameters: {'n_estimators': 867, 'max_depth': 6, 'learning_rate': 0.01005764234083177, 'subsample': 0.8291883599005143, 'colsample_bytree': 0.6236263414755088, 'min_child_weight': 7, 'reg_alpha': 0.8856511183428222, 'reg_lambda': 0.8862697151318879}. Best is trial 7 with value: 7.072463476770806.
[I 2026-04-12 14:57:21,780] Trial 8 finished with value: 7.7298871453377975 and parameters: {'n_estimators': 739, 'max_depth': 6, 'learning_rate': 0.15717601861562644, 'subsample': 0.6820745894876805, 'colsample_bytree': 0.6050248652115479, 'min_child_weight': 7, 'reg_alpha': 0.9260183640630415, 'reg_lambda': 0.6883701877072513}. Best is trial 7 with value: 7.072463476770806.
[I 2026-04-12 14:57:49,705] Trial 9 finished with value: 7.321969085333917 and parameters: {'n_estimators': 568, 'max_depth': 10, 'learning_rate': 0.07444117572535122, 'subsample': 0.8224510254293481, 'colsample_bytree': 0.7831499517595297, 'min_child_weight': 5, 'reg_alpha': 0.30384971615775036, 'reg_lambda': 0.870521506680581}. Best is trial 7 with value: 7.072463476770806.
[I 2026-04-12 14:57:54,179] Trial 10 finished with value: 7.244792464129053 and parameters: {'n_estimators': 145, 'max_depth': 8, 'learning_rate': 0.01173054515061264, 'subsample': 0.741434665489049, 'colsample_bytree': 0.6192436977845903, 'min_child_weight': 10, 'reg_alpha': 0.723090053595138, 'reg_lambda': 0.5245468313322581}. Best is trial 7 with value: 7.072463476770806.
[I 2026-04-12 14:58:09,645] Trial 11 finished with value: 7.0925463543415335 and parameters: {'n_estimators': 806, 'max_depth': 7, 'learning_rate': 0.010388733243803506, 'subsample': 0.759166405154315, 'colsample_bytree': 0.6900289634030338, 'min_child_weight': 8, 'reg_alpha': 0.05782645387967819, 'reg_lambda': 0.9994976103837275}. Best is trial 7 with value: 7.072463476770806.
[I 2026-04-12 14:58:31,215] Trial 12 finished with value: 7.09996870507074 and parameters: {'n_estimators': 850, 'max_depth': 8, 'learning_rate': 0.010579209757554772, 'subsample': 0.7598553414348118, 'colsample_bytree': 0.6778382528026891, 'min_child_weight': 9, 'reg_alpha': 0.02187828793745493, 'reg_lambda': 0.9932495000538223}. Best is trial 7 with value: 7.072463476770806.
[I 2026-04-12 14:58:46,518] Trial 13 finished with value: 7.117396545584825 and parameters: {'n_estimators': 825, 'max_depth': 7, 'learning_rate': 0.018331353622327223, 'subsample': 0.8039858076393346, 'colsample_bytree': 0.6634190570347354, 'min_child_weight': 8, 'reg_alpha': 0.7295623986493195, 'reg_lambda': 0.6077900363990845}. Best is trial 7 with value: 7.072463476770806.
[I 2026-04-12 14:58:58,406] Trial 14 finished with value: 7.082353034058465 and parameters: {'n_estimators': 998, 'max_depth': 5, 'learning_rate': 0.017151009649271087, 'subsample': 0.7455795336477671, 'colsample_bytree': 0.7520421464962346, 'min_child_weight': 8, 'reg_alpha': 0.018882886263489385, 'reg_lambda': 0.3548754081857063}. Best is trial 7 with value: 7.072463476770806.
[I 2026-04-12 14:59:08,542] Trial 15 finished with value: 7.07426559644769 and parameters: {'n_estimators': 999, 'max_depth': 4, 'learning_rate': 0.01763462274736282, 'subsample': 0.6744968249399597, 'colsample_bytree': 0.7505396357119531, 'min_child_weight': 10, 'reg_alpha': 0.8052373396356878, 'reg_lambda': 0.36024424690506607}. Best is trial 7 with value: 7.072463476770806.
[I 2026-04-12 14:59:10,649] Trial 16 finished with value: 7.090229399026938 and parameters: {'n_estimators': 205, 'max_depth': 3, 'learning_rate': 0.031536413910405, 'subsample': 0.6888478389320419, 'colsample_bytree': 0.8844789676825474, 'min_child_weight': 10, 'reg_alpha': 0.8212946584983335, 'reg_lambda': 0.39267098603563094}. Best is trial 7 with value: 7.072463476770806.
[I 2026-04-12 14:59:20,076] Trial 17 finished with value: 7.072238384583245 and parameters: {'n_estimators': 930, 'max_depth': 4, 'learning_rate': 0.014988238821069503, 'subsample': 0.688518391519131, 'colsample_bytree': 0.6502862226093901, 'min_child_weight': 9, 'reg_alpha': 0.8059282354574799, 'reg_lambda': 0.42007818366240723}. Best is trial 17 with value: 7.072238384583245.
[I 2026-04-12 14:59:26,763] Trial 18 finished with value: 7.64693464917759 and parameters: {'n_estimators': 696, 'max_depth': 4, 'learning_rate': 0.2935042470028229, 'subsample': 0.8496353652079722, 'colsample_bytree': 0.653651288617976, 'min_child_weight': 7, 'reg_alpha': 0.5912704980549299, 'reg_lambda': 0.5130313636373771}. Best is trial 17 with value: 7.072238384583245.
[I 2026-04-12 14:59:33,598] Trial 19 finished with value: 7.079954536038269 and parameters: {'n_estimators': 395, 'max_depth': 6, 'learning_rate': 0.014071748474325364, 'subsample': 0.7144471746205794, 'colsample_bytree': 0.6263406533342649, 'min_child_weight': 9, 'reg_alpha': 0.9982020081457755, 'reg_lambda': 0.6367938102027333}. Best is trial 17 with value: 7.072238384583245.
[I 2026-04-12 14:59:44,644] Trial 20 finished with value: 7.121973638802049 and parameters: {'n_estimators': 906, 'max_depth': 5, 'learning_rate': 0.02733438836978491, 'subsample': 0.6000346850224285, 'colsample_bytree': 0.6426193796588244, 'min_child_weight': 1, 'reg_alpha': 0.6574695102993445, 'reg_lambda': 0.7162054331846677}. Best is trial 17 with value: 7.072238384583245.
[I 2026-04-12 14:59:54,021] Trial 21 finished with value: 7.069089068558306 and parameters: {'n_estimators': 917, 'max_depth': 4, 'learning_rate': 0.01640203892612112, 'subsample': 0.6705348385796718, 'colsample_bytree': 0.7576628354873732, 'min_child_weight': 9, 'reg_alpha': 0.8542724936582053, 'reg_lambda': 0.39207217036996217}. Best is trial 21 with value: 7.069089068558306.
[I 2026-04-12 15:00:01,531] Trial 22 finished with value: 7.102672784576049 and parameters: {'n_estimators': 901, 'max_depth': 3, 'learning_rate': 0.04709883607192852, 'subsample': 0.787973748114801, 'colsample_bytree': 0.7008541173618434, 'min_child_weight': 9, 'reg_alpha': 0.8433880411561375, 'reg_lambda': 0.45916236448451747}. Best is trial 21 with value: 7.069089068558306.
[I 2026-04-12 15:00:10,042] Trial 23 finished with value: 7.072681046705535 and parameters: {'n_estimators': 792, 'max_depth': 4, 'learning_rate': 0.013945487080211545, 'subsample': 0.6521195838848561, 'colsample_bytree': 0.7683100156887502, 'min_child_weight': 7, 'reg_alpha': 0.8996563969836178, 'reg_lambda': 0.26863671226616137}. Best is trial 21 with value: 7.069089068558306.
[I 2026-04-12 15:00:19,505] Trial 24 finished with value: 7.078897696246353 and parameters: {'n_estimators': 926, 'max_depth': 4, 'learning_rate': 0.023139902045285245, 'subsample': 0.7130033451895884, 'colsample_bytree': 0.6600340456773585, 'min_child_weight': 8, 'reg_alpha': 0.7350352527481612, 'reg_lambda': 0.4390452708638455}. Best is trial 21 with value: 7.069089068558306.
[I 2026-04-12 15:00:27,418] Trial 25 finished with value: 7.070813301104856 and parameters: {'n_estimators': 668, 'max_depth': 5, 'learning_rate': 0.013779124435606112, 'subsample': 0.8216551361701102, 'colsample_bytree': 0.6000194776233482, 'min_child_weight': 9, 'reg_alpha': 0.9940058889576102, 'reg_lambda': 0.5769039758682061}. Best is trial 21 with value: 7.069089068558306.
[I 2026-04-12 15:00:31,221] Trial 26 finished with value: 7.080246865512109 and parameters: {'n_estimators': 307, 'max_depth': 5, 'learning_rate': 0.03795406992518865, 'subsample': 0.7844087195019765, 'colsample_bytree': 0.6063582501400958, 'min_child_weight': 9, 'reg_alpha': 0.9793474198930017, 'reg_lambda': 0.6043751730671808}. Best is trial 21 with value: 7.069089068558306.
[I 2026-04-12 15:00:36,667] Trial 27 finished with value: 7.0783966636996105 and parameters: {'n_estimators': 618, 'max_depth': 3, 'learning_rate': 0.01478279330406739, 'subsample': 0.6060751683557002, 'colsample_bytree': 0.7269086229081739, 'min_child_weight': 10, 'reg_alpha': 0.7824843933235298, 'reg_lambda': 0.29148288413226914}. Best is trial 21 with value: 7.069089068558306.
[I 2026-04-12 15:00:43,482] Trial 28 finished with value: 7.064018426212957 and parameters: {'n_estimators': 678, 'max_depth': 4, 'learning_rate': 0.020992914835212796, 'subsample': 0.7113938832875506, 'colsample_bytree': 0.8848961807759441, 'min_child_weight': 9, 'reg_alpha': 0.4773975007995952, 'reg_lambda': 0.549385974366389}. Best is trial 28 with value: 7.064018426212957.
[I 2026-04-12 15:00:49,380] Trial 29 finished with value: 7.084831032531226 and parameters: {'n_estimators': 478, 'max_depth': 5, 'learning_rate': 0.021083576769379362, 'subsample': 0.6475327261741868, 'colsample_bytree': 0.8926154730592635, 'min_child_weight': 8, 'reg_alpha': 0.42853489495199804, 'reg_lambda': 0.548374612908496}. Best is trial 28 with value: 7.064018426212957.
[optuna] Best params: {'n_estimators': 678, 'max_depth': 4, 'learning_rate': 0.020992914835212796, 'subsample': 0.7113938832875506, 'colsample_bytree': 0.8848961807759441, 'min_child_weight': 9, 'reg_alpha': 0.4773975007995952, 'reg_lambda': 0.549385974366389}
[optuna] Optimizing hyperparameters for pts_ast classification...
[I 2026-04-12 15:15:45,206] A new study created in memory with name: no-name-a2103dec-0356-4fdc-b309-f03fd9868906
[I 2026-04-12 15:15:50,947] Trial 0 finished with value: 0.5706963730930241 and parameters: {'n_estimators': 111, 'max_depth': 9, 'learning_rate': 0.24386311570710376, 'subsample': 0.9771646521237461, 'colsample_bytree': 0.9574804211387419, 'min_child_weight': 3, 'reg_alpha': 0.07098985608623332, 'reg_lambda': 0.3520987821746927}. Best is trial 0 with value: 0.5706963730930241.
[I 2026-04-12 15:16:19,659] Trial 1 finished with value: 0.5859228111472301 and parameters: {'n_estimators': 887, 'max_depth': 7, 'learning_rate': 0.15384136528007483, 'subsample': 0.6015450051706871, 'colsample_bytree': 0.889057736668598, 'min_child_weight': 5, 'reg_alpha': 0.911483110604307, 'reg_lambda': 0.6078660132171447}. Best is trial 1 with value: 0.5859228111472301.
[I 2026-04-12 15:16:54,430] Trial 2 finished with value: 0.6036595087817089 and parameters: {'n_estimators': 645, 'max_depth': 9, 'learning_rate': 0.016518801008751124, 'subsample': 0.9836621490125997, 'colsample_bytree': 0.6378598933666214, 'min_child_weight': 3, 'reg_alpha': 0.7968435093320451, 'reg_lambda': 0.5278254172938898}. Best is trial 2 with value: 0.6036595087817089.
[I 2026-04-12 15:17:02,867] Trial 3 finished with value: 0.5995509542482742 and parameters: {'n_estimators': 108, 'max_depth': 9, 'learning_rate': 0.029385275334035777, 'subsample': 0.7680344113309349, 'colsample_bytree': 0.8905931057384457, 'min_child_weight': 2, 'reg_alpha': 0.7168988874238976, 'reg_lambda': 0.015525169486540702}. Best is trial 2 with value: 0.6036595087817089.
[I 2026-04-12 15:17:08,098] Trial 4 finished with value: 0.6078209579535824 and parameters: {'n_estimators': 178, 'max_depth': 3, 'learning_rate': 0.043630823042115706, 'subsample': 0.6950604778151734, 'colsample_bytree': 0.8184423899628683, 'min_child_weight': 7, 'reg_alpha': 0.13338495055406652, 'reg_lambda': 0.897765839289302}. Best is trial 4 with value: 0.6078209579535824.
[I 2026-04-12 15:17:31,228] Trial 5 finished with value: 0.6124571205607278 and parameters: {'n_estimators': 809, 'max_depth': 4, 'learning_rate': 0.017762607553844453, 'subsample': 0.931074986036469, 'colsample_bytree': 0.9934248412672663, 'min_child_weight': 2, 'reg_alpha': 0.7985153232416395, 'reg_lambda': 0.7836876518304391}. Best is trial 5 with value: 0.6124571205607278.
