[I 2026-04-12 13:19:11,215] Trial 21 finished with value: 0.7515928635038203 and parameters: {'n_estimators': 449, 'max_depth': 4, 'learning_rate': 0.013815475788310237, 'subsample': 0.6189534149593326, 'colsample_bytree': 0.9347921575221797, 'min_child_weight': 2, 'reg_alpha': 0.4662893035547431, 'reg_lambda': 0.522620393679988}. Best is trial 8 with value: 0.7525441658802164.
[I 2026-04-12 13:19:23,543] Trial 22 finished with value: 0.7512460180054549 and parameters: {'n_estimators': 465, 'max_depth': 3, 'learning_rate': 0.021231273362952722, 'subsample': 0.7724423460589872, 'colsample_bytree': 0.9872886784475039, 'min_child_weight': 2, 'reg_alpha': 0.2221672858939085, 'reg_lambda': 0.6099171861464192}. Best is trial 8 with value: 0.7525441658802164.
[I 2026-04-12 13:19:42,039] Trial 23 finished with value: 0.7527516179636787 and parameters: {'n_estimators': 610, 'max_depth': 4, 'learning_rate': 0.01603350093578852, 'subsample': 0.7152598698220346, 'colsample_bytree': 0.9227193949260691, 'min_child_weight': 2, 'reg_alpha': 0.5281959271100883, 'reg_lambda': 0.7504997128846209}. Best is trial 23 with value: 0.7527516179636787.
[I 2026-04-12 13:20:03,723] Trial 24 finished with value: 0.7508197502003005 and parameters: {'n_estimators': 603, 'max_depth': 6, 'learning_rate': 0.026800999455702985, 'subsample': 0.7271520972115666, 'colsample_bytree': 0.9109698492970979, 'min_child_weight': 6, 'reg_alpha': 0.5381953375655724, 'reg_lambda': 0.7662819107758533}. Best is trial 23 with value: 0.7527516179636787.
[I 2026-04-12 13:20:24,381] Trial 25 finished with value: 0.7504053715195369 and parameters: {'n_estimators': 800, 'max_depth': 3, 'learning_rate': 0.010575020113126435, 'subsample': 0.9557464968605726, 'colsample_bytree': 0.8518853526949459, 'min_child_weight': 3, 'reg_alpha': 0.10208758441218967, 'reg_lambda': 0.7149686726468846}. Best is trial 23 with value: 0.7527516179636787.
[I 2026-04-12 13:20:32,725] Trial 26 finished with value: 0.7514354188182178 and parameters: {'n_estimators': 228, 'max_depth': 5, 'learning_rate': 0.046373170902805974, 'subsample': 0.8112413602655163, 'colsample_bytree': 0.968851337754048, 'min_child_weight': 4, 'reg_alpha': 0.2399329087444551, 'reg_lambda': 0.8076570039666789}. Best is trial 23 with value: 0.7527516179636787.
[I 2026-04-12 13:20:51,166] Trial 27 finished with value: 0.7529731842769942 and parameters: {'n_estimators': 609, 'max_depth': 4, 'learning_rate': 0.02005906810631835, 'subsample': 0.7184456467558655, 'colsample_bytree': 0.9268879172362599, 'min_child_weight': 5, 'reg_alpha': 0.3693207599593977, 'reg_lambda': 0.9968896693065301}. Best is trial 27 with value: 0.7529731842769942.
[I 2026-04-12 13:21:10,669] Trial 28 finished with value: 0.7525921493352846 and parameters: {'n_estimators': 632, 'max_depth': 4, 'learning_rate': 0.016719683726334006, 'subsample': 0.6971226340206731, 'colsample_bytree': 0.758394065941051, 'min_child_weight': 5, 'reg_alpha': 0.39734683550106376, 'reg_lambda': 0.959602227225343}. Best is trial 27 with value: 0.7529731842769942.
[I 2026-04-12 13:21:38,463] Trial 29 finished with value: 0.7519584910270775 and parameters: {'n_estimators': 743, 'max_depth': 6, 'learning_rate': 0.018420126544775716, 'subsample': 0.7164258239508179, 'colsample_bytree': 0.7639233994653157, 'min_child_weight': 7, 'reg_alpha': 0.36434816737148146, 'reg_lambda': 0.9731013654400971}. Best is trial 27 with value: 0.7529731842769942.
[optuna] Best params: {'n_estimators': 609, 'max_depth': 4, 'learning_rate': 0.02005906810631835, 'subsample': 0.7184456467558655, 'colsample_bytree': 0.9268879172362599, 'min_child_weight': 5, 'reg_alpha': 0.3693207599593977, 'reg_lambda': 0.9968896693065301}
[wf] three_pointers: auc_raw=0.734 brier_raw=0.203 auc_cal=0.727 brier_cal=0.197 folds=5
[optuna] Optimizing hyperparameters for three_pointers regression...
[I 2026-04-12 13:35:31,414] A new study created in memory with name: no-name-b7cba7d6-de44-47c1-8c32-88f55082e9c9
[I 2026-04-12 13:35:36,709] Trial 0 finished with value: 1.3486703243713027 and parameters: {'n_estimators': 162, 'max_depth': 10, 'learning_rate': 0.02866313920446222, 'subsample': 0.6662621504204064, 'colsample_bytree': 0.9962833262075166, 'min_child_weight': 9, 'reg_alpha': 0.010203415391874637, 'reg_lambda': 0.2124670530460151}. Best is trial 0 with value: 1.3486703243713027.
[I 2026-04-12 13:35:39,748] Trial 1 finished with value: 1.3437057991500116 and parameters: {'n_estimators': 326, 'max_depth': 5, 'learning_rate': 0.04639663727055722, 'subsample': 0.6951767239911885, 'colsample_bytree': 0.6938589635409488, 'min_child_weight': 1, 'reg_alpha': 0.7698336524499001, 'reg_lambda': 0.9089233581025624}. Best is trial 1 with value: 1.3437057991500116.
[I 2026-04-12 13:35:56,612] Trial 2 finished with value: 1.3713188119536943 and parameters: {'n_estimators': 492, 'max_depth': 10, 'learning_rate': 0.028413494037797294, 'subsample': 0.8965536398736055, 'colsample_bytree': 0.9760592981516185, 'min_child_weight': 5, 'reg_alpha': 0.18701276167692304, 'reg_lambda': 0.5612079724119788}. Best is trial 1 with value: 1.3437057991500116.
[I 2026-04-12 13:35:58,094] Trial 3 finished with value: 1.3403140620278937 and parameters: {'n_estimators': 155, 'max_depth': 4, 'learning_rate': 0.04003778582091012, 'subsample': 0.6139916608421142, 'colsample_bytree': 0.9285880788165075, 'min_child_weight': 3, 'reg_alpha': 0.248059652143499, 'reg_lambda': 0.7440654664918736}. Best is trial 3 with value: 1.3403140620278937.
[I 2026-04-12 13:36:05,859] Trial 4 finished with value: 1.3709153240444558 and parameters: {'n_estimators': 258, 'max_depth': 10, 'learning_rate': 0.04466903735089326, 'subsample': 0.7160264016494352, 'colsample_bytree': 0.7572391392805419, 'min_child_weight': 8, 'reg_alpha': 0.28166684068493775, 'reg_lambda': 0.7845833415113483}. Best is trial 3 with value: 1.3403140620278937.
[I 2026-04-12 13:36:09,019] Trial 5 finished with value: 1.3498505121181648 and parameters: {'n_estimators': 106, 'max_depth': 9, 'learning_rate': 0.03236716431754832, 'subsample': 0.6346333357320578, 'colsample_bytree': 0.8403504252169425, 'min_child_weight': 6, 'reg_alpha': 0.23258365100063894, 'reg_lambda': 0.25528887567409386}. Best is trial 3 with value: 1.3403140620278937.
[I 2026-04-12 13:36:23,395] Trial 6 finished with value: 1.3980676582894387 and parameters: {'n_estimators': 949, 'max_depth': 7, 'learning_rate': 0.06017328256140942, 'subsample': 0.7097306511654572, 'colsample_bytree': 0.7576867268463848, 'min_child_weight': 2, 'reg_alpha': 0.24058529253739303, 'reg_lambda': 0.782026242542744}. Best is trial 3 with value: 1.3403140620278937.
[I 2026-04-12 13:36:29,441] Trial 7 finished with value: 1.3809290699485943 and parameters: {'n_estimators': 551, 'max_depth': 5, 'learning_rate': 0.09780293698831005, 'subsample': 0.7146955813321183, 'colsample_bytree': 0.8482071238423952, 'min_child_weight': 7, 'reg_alpha': 0.25189843732802164, 'reg_lambda': 0.9041993432304458}. Best is trial 3 with value: 1.3403140620278937.
[I 2026-04-12 13:36:31,482] Trial 8 finished with value: 1.3422241676918978 and parameters: {'n_estimators': 199, 'max_depth': 4, 'learning_rate': 0.032725342284791674, 'subsample': 0.8804459587946731, 'colsample_bytree': 0.944705270259891, 'min_child_weight': 2, 'reg_alpha': 0.5098083932528296, 'reg_lambda': 0.24569815483671886}. Best is trial 3 with value: 1.3403140620278937.
[I 2026-04-12 13:36:32,754] Trial 9 finished with value: 1.3412340414096444 and parameters: {'n_estimators': 130, 'max_depth': 4, 'learning_rate': 0.052560552837669895, 'subsample': 0.7067435868657325, 'colsample_bytree': 0.876279427903362, 'min_child_weight': 3, 'reg_alpha': 0.4932220817607944, 'reg_lambda': 0.5880422014152192}. Best is trial 3 with value: 1.3403140620278937.
[I 2026-04-12 13:36:38,260] Trial 10 finished with value: 1.3398907095879122 and parameters: {'n_estimators': 782, 'max_depth': 3, 'learning_rate': 0.01015639717275588, 'subsample': 0.8346217534938134, 'colsample_bytree': 0.6028763804423831, 'min_child_weight': 4, 'reg_alpha': 0.9650715154237223, 'reg_lambda': 0.45917374457995686}. Best is trial 10 with value: 1.3398907095879122.
[I 2026-04-12 13:36:43,967] Trial 11 finished with value: 1.339377490949282 and parameters: {'n_estimators': 819, 'max_depth': 3, 'learning_rate': 0.01033542050198558, 'subsample': 0.8107657460767808, 'colsample_bytree': 0.6280580668761521, 'min_child_weight': 4, 'reg_alpha': 0.9633988222408366, 'reg_lambda': 0.40649267484562235}. Best is trial 11 with value: 1.339377490949282.
[I 2026-04-12 13:36:49,819] Trial 12 finished with value: 1.3395459514855281 and parameters: {'n_estimators': 830, 'max_depth': 3, 'learning_rate': 0.010217191620541835, 'subsample': 0.8161957731108693, 'colsample_bytree': 0.6051385748636153, 'min_child_weight': 5, 'reg_alpha': 0.9980292949996739, 'reg_lambda': 0.4197631182352685}. Best is trial 11 with value: 1.339377490949282.
[I 2026-04-12 13:37:01,736] Trial 13 finished with value: 1.3452108969337377 and parameters: {'n_estimators': 802, 'max_depth': 7, 'learning_rate': 0.010317569713829728, 'subsample': 0.7944323153439963, 'colsample_bytree': 0.6052012989478134, 'min_child_weight': 5, 'reg_alpha': 0.9827281343656911, 'reg_lambda': 0.03222615866839762}. Best is trial 11 with value: 1.339377490949282.
[I 2026-04-12 13:37:08,735] Trial 14 finished with value: 1.3392875558350412 and parameters: {'n_estimators': 982, 'max_depth': 3, 'learning_rate': 0.016371748879299264, 'subsample': 0.9525595603659222, 'colsample_bytree': 0.669599985437677, 'min_child_weight': 10, 'reg_alpha': 0.8097879453755082, 'reg_lambda': 0.4082998600355646}. Best is trial 14 with value: 1.3392875558350412.
[I 2026-04-12 13:37:24,255] Trial 15 finished with value: 1.346462526848286 and parameters: {'n_estimators': 1000, 'max_depth': 6, 'learning_rate': 0.018457268180198282, 'subsample': 0.986230893082507, 'colsample_bytree': 0.6851887330802007, 'min_child_weight': 10, 'reg_alpha': 0.7641117219278598, 'reg_lambda': 0.3634764377749508}. Best is trial 14 with value: 1.3392875558350412.
[I 2026-04-12 13:37:29,751] Trial 16 finished with value: 1.4015401440578794 and parameters: {'n_estimators': 656, 'max_depth': 3, 'learning_rate': 0.2890748023760963, 'subsample': 0.9791439604867167, 'colsample_bytree': 0.6795805200286991, 'min_child_weight': 7, 'reg_alpha': 0.7919965992992423, 'reg_lambda': 0.09772391958612375}. Best is trial 14 with value: 1.3392875558350412.
[I 2026-04-12 13:37:39,843] Trial 17 finished with value: 1.3424785803577297 and parameters: {'n_estimators': 901, 'max_depth': 5, 'learning_rate': 0.01782165598800131, 'subsample': 0.9126819040820083, 'colsample_bytree': 0.6524583149003446, 'min_child_weight': 10, 'reg_alpha': 0.6318234779417716, 'reg_lambda': 0.6403327077163183}. Best is trial 14 with value: 1.3392875558350412.
[I 2026-04-12 13:37:49,870] Trial 18 finished with value: 1.3421361421012945 and parameters: {'n_estimators': 706, 'max_depth': 6, 'learning_rate': 0.017042910821732787, 'subsample': 0.7623269439147942, 'colsample_bytree': 0.7430190255708843, 'min_child_weight': 8, 'reg_alpha': 0.8903113995687606, 'reg_lambda': 0.3287411765581388}. Best is trial 14 with value: 1.3392875558350412.
[I 2026-04-12 13:38:11,406] Trial 19 finished with value: 1.418865827377421 and parameters: {'n_estimators': 894, 'max_depth': 8, 'learning_rate': 0.10455085089721018, 'subsample': 0.9470867685326382, 'colsample_bytree': 0.6515848362009231, 'min_child_weight': 6, 'reg_alpha': 0.6594053026998852, 'reg_lambda': 0.4696816239873824}. Best is trial 14 with value: 1.3392875558350412.
[I 2026-04-12 13:38:18,136] Trial 20 finished with value: 1.3395875658216594 and parameters: {'n_estimators': 670, 'max_depth': 4, 'learning_rate': 0.014293883060169266, 'subsample': 0.8521267666224086, 'colsample_bytree': 0.7186454994914835, 'min_child_weight': 4, 'reg_alpha': 0.8538136473063666, 'reg_lambda': 0.15119952159817257}. Best is trial 14 with value: 1.3392875558350412.
[I 2026-04-12 13:38:24,630] Trial 21 finished with value: 1.3393420046181355 and parameters: {'n_estimators': 823, 'max_depth': 3, 'learning_rate': 0.013315931310059153, 'subsample': 0.7735239555340334, 'colsample_bytree': 0.6368519556336427, 'min_child_weight': 4, 'reg_alpha': 0.9886304735467284, 'reg_lambda': 0.3650008358214647}. Best is trial 14 with value: 1.3392875558350412.
[I 2026-04-12 13:38:32,281] Trial 22 finished with value: 1.3387783486250466 and parameters: {'n_estimators': 882, 'max_depth': 3, 'learning_rate': 0.01388628285965747, 'subsample': 0.7641564722559148, 'colsample_bytree': 0.6525351657122402, 'min_child_weight': 4, 'reg_alpha': 0.8831046794499079, 'reg_lambda': 0.29381863036235056}. Best is trial 22 with value: 1.3387783486250466.
[I 2026-04-12 13:38:39,659] Trial 23 finished with value: 1.3399705661798023 and parameters: {'n_estimators': 970, 'max_depth': 3, 'learning_rate': 0.02303356568923863, 'subsample': 0.7589825899672589, 'colsample_bytree': 0.7984883934329925, 'min_child_weight': 3, 'reg_alpha': 0.6556866952981548, 'reg_lambda': 0.3341636983597957}. Best is trial 22 with value: 1.3387783486250466.
[I 2026-04-12 13:38:47,687] Trial 24 finished with value: 1.3398855365902738 and parameters: {'n_estimators': 887, 'max_depth': 4, 'learning_rate': 0.014381815877331826, 'subsample': 0.7697052629329381, 'colsample_bytree': 0.6485118153759263, 'min_child_weight': 4, 'reg_alpha': 0.8676755472789519, 'reg_lambda': 0.5462753708970122}. Best is trial 22 with value: 1.3387783486250466.
[I 2026-04-12 13:38:56,131] Trial 25 finished with value: 1.3437751038160497 and parameters: {'n_estimators': 718, 'max_depth': 5, 'learning_rate': 0.021598825896597625, 'subsample': 0.8625525821904523, 'colsample_bytree': 0.723680765020744, 'min_child_weight': 7, 'reg_alpha': 0.8872729443690118, 'reg_lambda': 0.2610313601725775}. Best is trial 22 with value: 1.3387783486250466.
[I 2026-04-12 13:39:01,445] Trial 26 finished with value: 1.3401268981098662 and parameters: {'n_estimators': 594, 'max_depth': 3, 'learning_rate': 0.014436212289044284, 'subsample': 0.9322432432555716, 'colsample_bytree': 0.680452560780467, 'min_child_weight': 1, 'reg_alpha': 0.7009689000256409, 'reg_lambda': 0.1425409357516643}. Best is trial 22 with value: 1.3387783486250466.
[I 2026-04-12 13:39:05,346] Trial 27 finished with value: 1.3478520565935181 and parameters: {'n_estimators': 379, 'max_depth': 4, 'learning_rate': 0.07101482853953521, 'subsample': 0.7447081525516424, 'colsample_bytree': 0.7834264414308283, 'min_child_weight': 6, 'reg_alpha': 0.5345484211971949, 'reg_lambda': 0.659284852934928}. Best is trial 22 with value: 1.3387783486250466.
[I 2026-04-12 13:39:11,310] Trial 28 finished with value: 1.3401403123333206 and parameters: {'n_estimators': 751, 'max_depth': 3, 'learning_rate': 0.012967174215500267, 'subsample': 0.7848054214351118, 'colsample_bytree': 0.6360228547892393, 'min_child_weight': 2, 'reg_alpha': 0.8159583650165007, 'reg_lambda': 0.3080909436748263}. Best is trial 22 with value: 1.3387783486250466.
[I 2026-04-12 13:39:22,761] Trial 29 finished with value: 1.352071261002345 and parameters: {'n_estimators': 867, 'max_depth': 6, 'learning_rate': 0.024885749227336627, 'subsample': 0.6726224970981439, 'colsample_bytree': 0.7070880359883123, 'min_child_weight': 9, 'reg_alpha': 0.4063508948739754, 'reg_lambda': 0.18151433935625816}. Best is trial 22 with value: 1.3387783486250466.
[optuna] Best params: {'n_estimators': 882, 'max_depth': 3, 'learning_rate': 0.01388628285965747, 'subsample': 0.7641564722559148, 'colsample_bytree': 0.6525351657122402, 'min_child_weight': 4, 'reg_alpha': 0.8831046794499079, 'reg_lambda': 0.29381863036235056}
[optuna] Optimizing hyperparameters for three_pointers classification...
[I 2026-04-12 13:47:55,088] A new study created in memory with name: no-name-11646bf5-aa12-4282-99a9-fc07179ca22a
[I 2026-04-12 13:48:10,828] Trial 0 finished with value: 0.7474028783232695 and parameters: {'n_estimators': 334, 'max_depth': 10, 'learning_rate': 0.10555794870694957, 'subsample': 0.9007207971402891, 'colsample_bytree': 0.7102503675104709, 'min_child_weight': 6, 'reg_alpha': 0.3960972004555582, 'reg_lambda': 0.939713755012924}. Best is trial 0 with value: 0.7474028783232695.
[I 2026-04-12 13:48:26,056] Trial 1 finished with value: 0.7640777584694232 and parameters: {'n_estimators': 833, 'max_depth': 3, 'learning_rate': 0.04583258920110466, 'subsample': 0.8190433130675898, 'colsample_bytree': 0.666242389782982, 'min_child_weight': 9, 'reg_alpha': 0.111062848924385, 'reg_lambda': 0.4310325735055941}. Best is trial 1 with value: 0.7640777584694232.
[I 2026-04-12 13:48:35,511] Trial 2 finished with value: 0.7596093204688608 and parameters: {'n_estimators': 469, 'max_depth': 3, 'learning_rate': 0.16392459477547394, 'subsample': 0.7649119403274712, 'colsample_bytree': 0.9473853210027233, 'min_child_weight': 3, 'reg_alpha': 0.2233745905843716, 'reg_lambda': 0.20958078456526463}. Best is trial 1 with value: 0.7640777584694232.
[I 2026-04-12 13:48:54,692] Trial 3 finished with value: 0.7394039852237384 and parameters: {'n_estimators': 467, 'max_depth': 9, 'learning_rate': 0.12195785239937872, 'subsample': 0.8240463010245063, 'colsample_bytree': 0.7315308966239015, 'min_child_weight': 7, 'reg_alpha': 0.5254489052242398, 'reg_lambda': 0.9228213401173547}. Best is trial 1 with value: 0.7640777584694232.
[I 2026-04-12 13:49:10,613] Trial 4 finished with value: 0.755846751826867 and parameters: {'n_estimators': 351, 'max_depth': 9, 'learning_rate': 0.037501549288390966, 'subsample': 0.6141350393132304, 'colsample_bytree': 0.8693523523197216, 'min_child_weight': 5, 'reg_alpha': 0.9264551848883752, 'reg_lambda': 0.6895866782733281}. Best is trial 1 with value: 0.7640777584694232.
[I 2026-04-12 13:49:23,230] Trial 5 finished with value: 0.7608750421066222 and parameters: {'n_estimators': 244, 'max_depth': 9, 'learning_rate': 0.014048086315422599, 'subsample': 0.8762797917680969, 'colsample_bytree': 0.6212484796000833, 'min_child_weight': 9, 'reg_alpha': 0.7584562015658156, 'reg_lambda': 0.13493953181147977}. Best is trial 1 with value: 0.7640777584694232.
[I 2026-04-12 13:49:38,888] Trial 6 finished with value: 0.752543355313717 and parameters: {'n_estimators': 775, 'max_depth': 3, 'learning_rate': 0.17453144785125357, 'subsample': 0.9787580735025034, 'colsample_bytree': 0.6948094300596726, 'min_child_weight': 3, 'reg_alpha': 0.3279767778162128, 'reg_lambda': 0.1742438017585134}. Best is trial 1 with value: 0.7640777584694232.
[I 2026-04-12 13:49:56,405] Trial 7 finished with value: 0.7603344320041037 and parameters: {'n_estimators': 623, 'max_depth': 5, 'learning_rate': 0.04577017590878238, 'subsample': 0.7897089932642998, 'colsample_bytree': 0.6956821451079908, 'min_child_weight': 1, 'reg_alpha': 0.06728028546418652, 'reg_lambda': 0.21582420749714903}. Best is trial 1 with value: 0.7640777584694232.
[I 2026-04-12 13:50:13,452] Trial 8 finished with value: 0.736067605340082 and parameters: {'n_estimators': 396, 'max_depth': 8, 'learning_rate': 0.13406385208674332, 'subsample': 0.691153685619177, 'colsample_bytree': 0.8246337840652354, 'min_child_weight': 8, 'reg_alpha': 0.16192502887154536, 'reg_lambda': 0.6263602776247077}. Best is trial 1 with value: 0.7640777584694232.
[I 2026-04-12 13:50:22,049] Trial 9 finished with value: 0.75912120623209 and parameters: {'n_estimators': 211, 'max_depth': 7, 'learning_rate': 0.05976195040979138, 'subsample': 0.6589982490244956, 'colsample_bytree': 0.6302895893875106, 'min_child_weight': 6, 'reg_alpha': 0.15745747461088433, 'reg_lambda': 0.9560378842704637}. Best is trial 1 with value: 0.7640777584694232.
[I 2026-04-12 13:50:51,215] Trial 10 finished with value: 0.7620381147738036 and parameters: {'n_estimators': 992, 'max_depth': 5, 'learning_rate': 0.016493776511913454, 'subsample': 0.9982551402382939, 'colsample_bytree': 0.789158755933898, 'min_child_weight': 10, 'reg_alpha': 0.5890331726368236, 'reg_lambda': 0.41539080703021747}. Best is trial 1 with value: 0.7640777584694232.
[I 2026-04-12 13:51:19,827] Trial 11 finished with value: 0.7627977910431709 and parameters: {'n_estimators': 992, 'max_depth': 5, 'learning_rate': 0.013931259222370316, 'subsample': 0.9499893340808293, 'colsample_bytree': 0.7876471812143536, 'min_child_weight': 10, 'reg_alpha': 0.6232969676519529, 'reg_lambda': 0.4145679631362257}. Best is trial 1 with value: 0.7640777584694232.
[I 2026-04-12 13:51:47,723] Trial 12 finished with value: 0.761722517846612 and parameters: {'n_estimators': 988, 'max_depth': 5, 'learning_rate': 0.024285293843051184, 'subsample': 0.9261569994873147, 'colsample_bytree': 0.9933479442737306, 'min_child_weight': 10, 'reg_alpha': 0.6919931621096875, 'reg_lambda': 0.4121289925927983}. Best is trial 1 with value: 0.7640777584694232.
[I 2026-04-12 13:52:07,084] Trial 13 finished with value: 0.7368736097065559 and parameters: {'n_estimators': 804, 'max_depth': 4, 'learning_rate': 0.27344723270990057, 'subsample': 0.8486667448550491, 'colsample_bytree': 0.7831833328916752, 'min_child_weight': 8, 'reg_alpha': 0.7934360591163744, 'reg_lambda': 0.5487786557044178}. Best is trial 1 with value: 0.7640777584694232.
[I 2026-04-12 13:52:34,703] Trial 14 finished with value: 0.761680181453681 and parameters: {'n_estimators': 858, 'max_depth': 6, 'learning_rate': 0.023730582984159226, 'subsample': 0.7545132563407448, 'colsample_bytree': 0.8810016800470022, 'min_child_weight': 10, 'reg_alpha': 0.4027098547465656, 'reg_lambda': 0.35673199400942174}. Best is trial 1 with value: 0.7640777584694232.
[I 2026-04-12 13:52:53,588] Trial 15 finished with value: 0.7627881406703223 and parameters: {'n_estimators': 696, 'max_depth': 4, 'learning_rate': 0.011367682277681826, 'subsample': 0.9250859071831121, 'colsample_bytree': 0.6463406210249893, 'min_child_weight': 8, 'reg_alpha': 0.019350169218848703, 'reg_lambda': 0.021235438398301998}. Best is trial 1 with value: 0.7640777584694232.
