[I 2026-04-12 15:17:55,279] Trial 6 finished with value: 0.5835730896001927 and parameters: {'n_estimators': 828, 'max_depth': 4, 'learning_rate': 0.24075856393568745, 'subsample': 0.7516240626028423, 'colsample_bytree': 0.6722849143639267, 'min_child_weight': 1, 'reg_alpha': 0.5453358164774055, 'reg_lambda': 0.5701362509893757}. Best is trial 5 with value: 0.6124571205607278.
[I 2026-04-12 15:18:21,162] Trial 7 finished with value: 0.6030016140723814 and parameters: {'n_estimators': 792, 'max_depth': 5, 'learning_rate': 0.07730584787832719, 'subsample': 0.7027753769823472, 'colsample_bytree': 0.7844729734825371, 'min_child_weight': 5, 'reg_alpha': 0.5940176500965255, 'reg_lambda': 0.9443590763882596}. Best is trial 5 with value: 0.6124571205607278.
[I 2026-04-12 15:18:43,605] Trial 8 finished with value: 0.6134855948908763 and parameters: {'n_estimators': 728, 'max_depth': 4, 'learning_rate': 0.03374898122135166, 'subsample': 0.6896505627869379, 'colsample_bytree': 0.6986145960020043, 'min_child_weight': 10, 'reg_alpha': 0.08383632336452784, 'reg_lambda': 0.040093783503501235}. Best is trial 8 with value: 0.6134855948908763.
[I 2026-04-12 15:19:07,892] Trial 9 finished with value: 0.6065640507195769 and parameters: {'n_estimators': 336, 'max_depth': 9, 'learning_rate': 0.01059156139839363, 'subsample': 0.677717840927955, 'colsample_bytree': 0.75192659798057, 'min_child_weight': 4, 'reg_alpha': 0.027768604367768845, 'reg_lambda': 0.11930212457122225}. Best is trial 8 with value: 0.6134855948908763.
[I 2026-04-12 15:19:26,552] Trial 10 finished with value: 0.5980112417539325 and parameters: {'n_estimators': 521, 'max_depth': 6, 'learning_rate': 0.08338158356251081, 'subsample': 0.8527691535018969, 'colsample_bytree': 0.7065264396329154, 'min_child_weight': 10, 'reg_alpha': 0.3289489346458576, 'reg_lambda': 0.24326239909027877}. Best is trial 8 with value: 0.6134855948908763.
[I 2026-04-12 15:19:51,015] Trial 11 finished with value: 0.6138073784497101 and parameters: {'n_estimators': 977, 'max_depth': 3, 'learning_rate': 0.020959358753856943, 'subsample': 0.863272035062107, 'colsample_bytree': 0.6068109111914552, 'min_child_weight': 8, 'reg_alpha': 0.3560738441271205, 'reg_lambda': 0.7770544199276026}. Best is trial 11 with value: 0.6138073784497101.
[I 2026-04-12 15:20:15,590] Trial 12 finished with value: 0.6174564184355474 and parameters: {'n_estimators': 959, 'max_depth': 3, 'learning_rate': 0.02898068959624707, 'subsample': 0.8442052413923691, 'colsample_bytree': 0.6068697887560747, 'min_child_weight': 10, 'reg_alpha': 0.30923048291800637, 'reg_lambda': 0.7437257808050881}. Best is trial 12 with value: 0.6174564184355474.
[I 2026-04-12 15:20:40,049] Trial 13 finished with value: 0.6144598990052211 and parameters: {'n_estimators': 971, 'max_depth': 3, 'learning_rate': 0.020886164692951844, 'subsample': 0.8582018035127462, 'colsample_bytree': 0.601444671504728, 'min_child_weight': 8, 'reg_alpha': 0.32974063640334395, 'reg_lambda': 0.7497133654774929}. Best is trial 12 with value: 0.6174564184355474.
[I 2026-04-12 15:21:20,654] Trial 14 finished with value: 0.6154381030405262 and parameters: {'n_estimators': 1000, 'max_depth': 7, 'learning_rate': 0.01146020192760849, 'subsample': 0.850491765600855, 'colsample_bytree': 0.6051374458887157, 'min_child_weight': 8, 'reg_alpha': 0.3055466125558779, 'reg_lambda': 0.7373498982258362}. Best is trial 12 with value: 0.6174564184355474.
[I 2026-04-12 15:21:45,419] Trial 15 finished with value: 0.6096973636241554 and parameters: {'n_estimators': 541, 'max_depth': 7, 'learning_rate': 0.01163378925949202, 'subsample': 0.8146784052896606, 'colsample_bytree': 0.6591726363020645, 'min_child_weight': 9, 'reg_alpha': 0.42910134472751116, 'reg_lambda': 0.6969313169177891}. Best is trial 12 with value: 0.6174564184355474.
[I 2026-04-12 15:22:19,870] Trial 16 finished with value: 0.599594857111845 and parameters: {'n_estimators': 995, 'max_depth': 6, 'learning_rate': 0.055636912981103875, 'subsample': 0.9085562948416182, 'colsample_bytree': 0.7363668304624345, 'min_child_weight': 7, 'reg_alpha': 0.22021666204762347, 'reg_lambda': 0.4048090032537218}. Best is trial 12 with value: 0.6174564184355474.
[I 2026-04-12 15:22:51,361] Trial 17 finished with value: 0.6056381941488137 and parameters: {'n_estimators': 664, 'max_depth': 8, 'learning_rate': 0.02922680302414127, 'subsample': 0.8138237218198044, 'colsample_bytree': 0.6394343202319998, 'min_child_weight': 9, 'reg_alpha': 0.23284015575151115, 'reg_lambda': 0.656356450903353}. Best is trial 12 with value: 0.6174564184355474.
[I 2026-04-12 15:23:23,194] Trial 18 finished with value: 0.6057609911238915 and parameters: {'n_estimators': 410, 'max_depth': 10, 'learning_rate': 0.014298142143687308, 'subsample': 0.9127134380354253, 'colsample_bytree': 0.8280093120872344, 'min_child_weight': 7, 'reg_alpha': 0.46160201243200283, 'reg_lambda': 0.8651728992915646}. Best is trial 12 with value: 0.6174564184355474.
[I 2026-04-12 15:23:50,737] Trial 19 finished with value: 0.5966572338069043 and parameters: {'n_estimators': 910, 'max_depth': 5, 'learning_rate': 0.0705414801066242, 'subsample': 0.7841364872619637, 'colsample_bytree': 0.6953631540402624, 'min_child_weight': 9, 'reg_alpha': 0.19519133406277112, 'reg_lambda': 0.4421703141973353}. Best is trial 12 with value: 0.6174564184355474.
[I 2026-04-12 15:24:29,063] Trial 20 finished with value: 0.5951877617120551 and parameters: {'n_estimators': 877, 'max_depth': 8, 'learning_rate': 0.1205493584791729, 'subsample': 0.883790878641596, 'colsample_bytree': 0.6042240577007303, 'min_child_weight': 6, 'reg_alpha': 0.6219630171558541, 'reg_lambda': 0.9959348068167757}. Best is trial 12 with value: 0.6174564184355474.
[I 2026-04-12 15:24:53,614] Trial 21 finished with value: 0.6149477690103093 and parameters: {'n_estimators': 970, 'max_depth': 3, 'learning_rate': 0.022625864914950077, 'subsample': 0.8435660330987911, 'colsample_bytree': 0.6012789489663558, 'min_child_weight': 8, 'reg_alpha': 0.3144976942304933, 'reg_lambda': 0.7468617239264346}. Best is trial 12 with value: 0.6174564184355474.
[I 2026-04-12 15:25:22,222] Trial 22 finished with value: 0.614255207175163 and parameters: {'n_estimators': 922, 'max_depth': 5, 'learning_rate': 0.02433430049270183, 'subsample': 0.8092881865536294, 'colsample_bytree': 0.629997470190072, 'min_child_weight': 8, 'reg_alpha': 0.3834349581502685, 'reg_lambda': 0.8146385853073753}. Best is trial 12 with value: 0.6174564184355474.
[I 2026-04-12 15:25:42,576] Trial 23 finished with value: 0.6146004285967828 and parameters: {'n_estimators': 736, 'max_depth': 4, 'learning_rate': 0.0423551311066597, 'subsample': 0.9407652496476115, 'colsample_bytree': 0.6620708533865403, 'min_child_weight': 10, 'reg_alpha': 0.2776418811762223, 'reg_lambda': 0.6828634842885938}. Best is trial 12 with value: 0.6174564184355474.
[I 2026-04-12 15:26:17,508] Trial 24 finished with value: 0.6125957089047693 and parameters: {'n_estimators': 988, 'max_depth': 6, 'learning_rate': 0.013273637455540076, 'subsample': 0.8311623051850086, 'colsample_bytree': 0.6381999500961693, 'min_child_weight': 9, 'reg_alpha': 0.4561898809617696, 'reg_lambda': 0.8496751305302291}. Best is trial 12 with value: 0.6174564184355474.
[I 2026-04-12 15:26:40,734] Trial 25 finished with value: 0.6083598475680866 and parameters: {'n_estimators': 859, 'max_depth': 3, 'learning_rate': 0.010141169805673398, 'subsample': 0.7328371140557278, 'colsample_bytree': 0.7392917248624712, 'min_child_weight': 6, 'reg_alpha': 0.18599017513910784, 'reg_lambda': 0.4923533565695227}. Best is trial 12 with value: 0.6174564184355474.
[I 2026-04-12 15:27:09,974] Trial 26 finished with value: 0.6029321299578294 and parameters: {'n_estimators': 756, 'max_depth': 7, 'learning_rate': 0.03580818663732165, 'subsample': 0.8778423993276956, 'colsample_bytree': 0.6862962006055264, 'min_child_weight': 8, 'reg_alpha': 0.31235372106478426, 'reg_lambda': 0.6245472612863017}. Best is trial 12 with value: 0.6174564184355474.
[I 2026-04-12 15:27:31,835] Trial 27 finished with value: 0.6127881816795222 and parameters: {'n_estimators': 666, 'max_depth': 5, 'learning_rate': 0.023914986616532075, 'subsample': 0.8360647469578679, 'colsample_bytree': 0.6239479220808474, 'min_child_weight': 10, 'reg_alpha': 0.4045532614331352, 'reg_lambda': 0.7096613694973277}. Best is trial 12 with value: 0.6174564184355474.
[I 2026-04-12 15:28:15,941] Trial 28 finished with value: 0.6066569413302583 and parameters: {'n_estimators': 937, 'max_depth': 8, 'learning_rate': 0.016173601365342734, 'subsample': 0.893523219428019, 'colsample_bytree': 0.6607306708448987, 'min_child_weight': 7, 'reg_alpha': 0.5521928345116357, 'reg_lambda': 0.9299536459111944}. Best is trial 12 with value: 0.6174564184355474.
[I 2026-04-12 15:28:29,733] Trial 29 finished with value: 0.6108069521280555 and parameters: {'n_estimators': 434, 'max_depth': 4, 'learning_rate': 0.0193022503140737, 'subsample': 0.9598651318585798, 'colsample_bytree': 0.9150824113693256, 'min_child_weight': 9, 'reg_alpha': 0.12733738764296815, 'reg_lambda': 0.3338684613585974}. Best is trial 12 with value: 0.6174564184355474.
[optuna] Best params: {'n_estimators': 959, 'max_depth': 3, 'learning_rate': 0.02898068959624707, 'subsample': 0.8442052413923691, 'colsample_bytree': 0.6068697887560747, 'min_child_weight': 10, 'reg_alpha': 0.30923048291800637, 'reg_lambda': 0.7437257808050881}
[wf] ast_reb: auc_raw=0.603 brier_raw=0.263 auc_cal=0.593 brier_cal=0.241 folds=5
[optuna] Optimizing hyperparameters for ast_reb regression...
[I 2026-04-12 15:44:34,899] A new study created in memory with name: no-name-dacaf88f-c713-4d0d-aa3b-4401d5b9cc85
[I 2026-04-12 15:44:45,306] Trial 0 finished with value: 3.7497727783540795 and parameters: {'n_estimators': 660, 'max_depth': 7, 'learning_rate': 0.0724405876538052, 'subsample': 0.7443393253410014, 'colsample_bytree': 0.9487547932527036, 'min_child_weight': 3, 'reg_alpha': 0.5928354236082142, 'reg_lambda': 0.10792046137235611}. Best is trial 0 with value: 3.7497727783540795.
[I 2026-04-12 15:44:49,352] Trial 1 finished with value: 3.7390984575906128 and parameters: {'n_estimators': 145, 'max_depth': 9, 'learning_rate': 0.11541891324776365, 'subsample': 0.7898769517354342, 'colsample_bytree': 0.788908142869497, 'min_child_weight': 4, 'reg_alpha': 0.8501032495992685, 'reg_lambda': 0.6822079038650646}. Best is trial 1 with value: 3.7390984575906128.
[I 2026-04-12 15:45:15,583] Trial 2 finished with value: 3.7612294036585734 and parameters: {'n_estimators': 951, 'max_depth': 9, 'learning_rate': 0.06201715941338536, 'subsample': 0.796224292323162, 'colsample_bytree': 0.8398133832242448, 'min_child_weight': 7, 'reg_alpha': 0.9990058114319953, 'reg_lambda': 0.7044170621572039}. Best is trial 1 with value: 3.7390984575906128.
[I 2026-04-12 15:45:30,444] Trial 3 finished with value: 3.736499448221663 and parameters: {'n_estimators': 651, 'max_depth': 8, 'learning_rate': 0.057607442540694394, 'subsample': 0.7497543951320232, 'colsample_bytree': 0.7532018269253408, 'min_child_weight': 1, 'reg_alpha': 0.12010961400373332, 'reg_lambda': 0.4746019842257563}. Best is trial 3 with value: 3.736499448221663.
[I 2026-04-12 15:45:39,341] Trial 4 finished with value: 3.7390613894184264 and parameters: {'n_estimators': 841, 'max_depth': 5, 'learning_rate': 0.1125419304995673, 'subsample': 0.9859630971918802, 'colsample_bytree': 0.9464662542030918, 'min_child_weight': 1, 'reg_alpha': 0.8560102275047704, 'reg_lambda': 0.769863874590453}. Best is trial 3 with value: 3.736499448221663.
[I 2026-04-12 15:45:58,808] Trial 5 finished with value: 3.7543859184629875 and parameters: {'n_estimators': 826, 'max_depth': 8, 'learning_rate': 0.049540972968766535, 'subsample': 0.6110863820943404, 'colsample_bytree': 0.918565733570048, 'min_child_weight': 7, 'reg_alpha': 0.2981991477525162, 'reg_lambda': 0.4278730114727296}. Best is trial 3 with value: 3.736499448221663.
[I 2026-04-12 15:46:04,572] Trial 6 finished with value: 3.7351150194760483 and parameters: {'n_estimators': 624, 'max_depth': 4, 'learning_rate': 0.184830334884637, 'subsample': 0.9386001152739297, 'colsample_bytree': 0.9888531166022624, 'min_child_weight': 9, 'reg_alpha': 0.7127978161744091, 'reg_lambda': 0.1215464640851821}. Best is trial 6 with value: 3.7351150194760483.
[I 2026-04-12 15:46:07,378] Trial 7 finished with value: 3.6037267317676758 and parameters: {'n_estimators': 190, 'max_depth': 6, 'learning_rate': 0.053541682464004904, 'subsample': 0.7729999789388183, 'colsample_bytree': 0.7435256201166255, 'min_child_weight': 9, 'reg_alpha': 0.03348837670122096, 'reg_lambda': 0.9042755879520396}. Best is trial 7 with value: 3.6037267317676758.
[I 2026-04-12 15:46:13,489] Trial 8 finished with value: 3.5989030372966893 and parameters: {'n_estimators': 747, 'max_depth': 3, 'learning_rate': 0.07562692559550019, 'subsample': 0.6214413110590031, 'colsample_bytree': 0.7639289233984252, 'min_child_weight': 3, 'reg_alpha': 0.8159826442313785, 'reg_lambda': 0.9150276589329691}. Best is trial 8 with value: 3.5989030372966893.
[I 2026-04-12 15:46:15,420] Trial 9 finished with value: 3.6354806398164694 and parameters: {'n_estimators': 148, 'max_depth': 5, 'learning_rate': 0.11505137331359792, 'subsample': 0.7772189390891034, 'colsample_bytree': 0.9061807400709823, 'min_child_weight': 1, 'reg_alpha': 0.7233917533429322, 'reg_lambda': 0.46475699371509216}. Best is trial 8 with value: 3.5989030372966893.
[I 2026-04-12 15:46:18,929] Trial 10 finished with value: 3.593188507431861 and parameters: {'n_estimators': 397, 'max_depth': 3, 'learning_rate': 0.017580920481527207, 'subsample': 0.6160188208378027, 'colsample_bytree': 0.6245779710168808, 'min_child_weight': 5, 'reg_alpha': 0.41311086890975024, 'reg_lambda': 0.9573661525772288}. Best is trial 10 with value: 3.593188507431861.
[I 2026-04-12 15:46:22,712] Trial 11 finished with value: 3.597977787854601 and parameters: {'n_estimators': 392, 'max_depth': 3, 'learning_rate': 0.015038580596400035, 'subsample': 0.6072837118817566, 'colsample_bytree': 0.604304978723973, 'min_child_weight': 4, 'reg_alpha': 0.37905790750745855, 'reg_lambda': 0.9492218384812027}. Best is trial 10 with value: 3.593188507431861.
[I 2026-04-12 15:46:26,552] Trial 12 finished with value: 3.599156783982632 and parameters: {'n_estimators': 419, 'max_depth': 3, 'learning_rate': 0.013919277051852266, 'subsample': 0.6861999850632544, 'colsample_bytree': 0.6025006630304595, 'min_child_weight': 5, 'reg_alpha': 0.3580834717877181, 'reg_lambda': 0.9935696083996961}. Best is trial 10 with value: 3.593188507431861.
[I 2026-04-12 15:46:30,431] Trial 13 finished with value: 3.6035002138564955 and parameters: {'n_estimators': 398, 'max_depth': 3, 'learning_rate': 0.011295090283232442, 'subsample': 0.6696459118323492, 'colsample_bytree': 0.605411933976922, 'min_child_weight': 6, 'reg_alpha': 0.41825021326097506, 'reg_lambda': 0.7938115370999811}. Best is trial 10 with value: 3.593188507431861.
[I 2026-04-12 15:46:34,826] Trial 14 finished with value: 3.5889725436800117 and parameters: {'n_estimators': 420, 'max_depth': 4, 'learning_rate': 0.022932054466453394, 'subsample': 0.8773147854956507, 'colsample_bytree': 0.6698382266985943, 'min_child_weight': 4, 'reg_alpha': 0.17934394948908364, 'reg_lambda': 0.6066735204659326}. Best is trial 14 with value: 3.5889725436800117.
[I 2026-04-12 15:46:38,560] Trial 15 finished with value: 3.592376930165853 and parameters: {'n_estimators': 292, 'max_depth': 5, 'learning_rate': 0.025066014324795903, 'subsample': 0.8910446887010917, 'colsample_bytree': 0.6807800162717446, 'min_child_weight': 6, 'reg_alpha': 0.20964363835897587, 'reg_lambda': 0.25721703426332254}. Best is trial 14 with value: 3.5889725436800117.
[I 2026-04-12 15:46:41,998] Trial 16 finished with value: 3.591603892503399 and parameters: {'n_estimators': 271, 'max_depth': 5, 'learning_rate': 0.026989933454199883, 'subsample': 0.8885164193394814, 'colsample_bytree': 0.6725713858713273, 'min_child_weight': 7, 'reg_alpha': 0.1829919036604791, 'reg_lambda': 0.28386546773549626}. Best is trial 14 with value: 3.5889725436800117.
[I 2026-04-12 15:46:49,696] Trial 17 finished with value: 3.6088373353279266 and parameters: {'n_estimators': 519, 'max_depth': 6, 'learning_rate': 0.027572614544135718, 'subsample': 0.8627305114484811, 'colsample_bytree': 0.6864043474410304, 'min_child_weight': 10, 'reg_alpha': 0.15617961101613817, 'reg_lambda': 0.30944906664729377}. Best is trial 14 with value: 3.5889725436800117.
[I 2026-04-12 15:46:52,640] Trial 18 finished with value: 3.5836786676977774 and parameters: {'n_estimators': 265, 'max_depth': 4, 'learning_rate': 0.032652422513114863, 'subsample': 0.8588577076776004, 'colsample_bytree': 0.6862654184297845, 'min_child_weight': 8, 'reg_alpha': 0.01938003666685975, 'reg_lambda': 0.5941433489264591}. Best is trial 18 with value: 3.5836786676977774.
[I 2026-04-12 15:46:57,531] Trial 19 finished with value: 3.5923356168400917 and parameters: {'n_estimators': 496, 'max_depth': 4, 'learning_rate': 0.03714881674596458, 'subsample': 0.8432656633591703, 'colsample_bytree': 0.717342819805987, 'min_child_weight': 8, 'reg_alpha': 0.03229446161936022, 'reg_lambda': 0.5927916282198964}. Best is trial 18 with value: 3.5836786676977774.
[I 2026-04-12 15:47:00,218] Trial 20 finished with value: 3.5922331606992786 and parameters: {'n_estimators': 247, 'max_depth': 4, 'learning_rate': 0.03638975455799426, 'subsample': 0.9402620835547902, 'colsample_bytree': 0.830380344546491, 'min_child_weight': 3, 'reg_alpha': 0.2818862185861503, 'reg_lambda': 0.5863185634354497}. Best is trial 18 with value: 3.5836786676977774.
[I 2026-04-12 15:47:03,873] Trial 21 finished with value: 3.5910290462899486 and parameters: {'n_estimators': 281, 'max_depth': 5, 'learning_rate': 0.02196847467095293, 'subsample': 0.8469461590846963, 'colsample_bytree': 0.6662631614152806, 'min_child_weight': 7, 'reg_alpha': 0.10788829865373692, 'reg_lambda': 0.28822158129032044}. Best is trial 18 with value: 3.5836786676977774.
[I 2026-04-12 15:47:07,296] Trial 22 finished with value: 3.588614509395912 and parameters: {'n_estimators': 320, 'max_depth': 4, 'learning_rate': 0.02023621483600043, 'subsample': 0.8448459147014229, 'colsample_bytree': 0.6567098503101274, 'min_child_weight': 8, 'reg_alpha': 0.009234168247444469, 'reg_lambda': 0.35887551765479886}. Best is trial 18 with value: 3.5836786676977774.
[I 2026-04-12 15:47:10,595] Trial 23 finished with value: 3.583161729900819 and parameters: {'n_estimators': 325, 'max_depth': 4, 'learning_rate': 0.0355669295758479, 'subsample': 0.8320234079274598, 'colsample_bytree': 0.6443902175627024, 'min_child_weight': 10, 'reg_alpha': 0.0178874745928993, 'reg_lambda': 0.38763498895773235}. Best is trial 23 with value: 3.583161729900819.
[I 2026-04-12 15:47:13,711] Trial 24 finished with value: 3.592289241994317 and parameters: {'n_estimators': 211, 'max_depth': 6, 'learning_rate': 0.03812712837750148, 'subsample': 0.8267119826416136, 'colsample_bytree': 0.6380157839654795, 'min_child_weight': 10, 'reg_alpha': 0.004576174979764364, 'reg_lambda': 0.38000513578887}. Best is trial 23 with value: 3.583161729900819.
[I 2026-04-12 15:47:17,311] Trial 25 finished with value: 3.5911230926895548 and parameters: {'n_estimators': 331, 'max_depth': 4, 'learning_rate': 0.01782099404820277, 'subsample': 0.9285252668945125, 'colsample_bytree': 0.7119973984947877, 'min_child_weight': 9, 'reg_alpha': 0.08458914027227854, 'reg_lambda': 0.19759340425360714}. Best is trial 23 with value: 3.583161729900819.
[I 2026-04-12 15:47:23,008] Trial 26 finished with value: 3.783909878486312 and parameters: {'n_estimators': 107, 'max_depth': 10, 'learning_rate': 0.010253615582276466, 'subsample': 0.8209357534260151, 'colsample_bytree': 0.6380282409185172, 'min_child_weight': 8, 'reg_alpha': 0.5165537940658755, 'reg_lambda': 0.024128069463952073}. Best is trial 23 with value: 3.583161729900819.
[I 2026-04-12 15:47:29,028] Trial 27 finished with value: 3.613283896187853 and parameters: {'n_estimators': 326, 'max_depth': 7, 'learning_rate': 0.03337607268116017, 'subsample': 0.9059539376047201, 'colsample_bytree': 0.7252967351618401, 'min_child_weight': 8, 'reg_alpha': 0.2603579121308741, 'reg_lambda': 0.38247350241698286}. Best is trial 23 with value: 3.583161729900819.
[I 2026-04-12 15:47:33,661] Trial 28 finished with value: 3.5965133258281465 and parameters: {'n_estimators': 487, 'max_depth': 4, 'learning_rate': 0.04623588567535081, 'subsample': 0.9793236732412436, 'colsample_bytree': 0.6418928456296185, 'min_child_weight': 10, 'reg_alpha': 0.007734528070360805, 'reg_lambda': 0.5624074952927347}. Best is trial 23 with value: 3.583161729900819.
[I 2026-04-12 15:47:41,230] Trial 29 finished with value: 3.67905582309968 and parameters: {'n_estimators': 571, 'max_depth': 6, 'learning_rate': 0.07203223152649044, 'subsample': 0.7036999888401806, 'colsample_bytree': 0.6966778050566308, 'min_child_weight': 9, 'reg_alpha': 0.5463489410569595, 'reg_lambda': 0.5385571486536459}. Best is trial 23 with value: 3.583161729900819.
[optuna] Best params: {'n_estimators': 325, 'max_depth': 4, 'learning_rate': 0.0355669295758479, 'subsample': 0.8320234079274598, 'colsample_bytree': 0.6443902175627024, 'min_child_weight': 10, 'reg_alpha': 0.0178874745928993, 'reg_lambda': 0.38763498895773235}
[optuna] Optimizing hyperparameters for ast_reb classification...
[I 2026-04-12 16:01:29,515] A new study created in memory with name: no-name-041bc2a0-1088-400d-ac49-3ff452f0840d
[I 2026-04-12 16:01:54,161] Trial 0 finished with value: 0.6313719885427376 and parameters: {'n_estimators': 724, 'max_depth': 7, 'learning_rate': 0.015193701088617577, 'subsample': 0.851231477268132, 'colsample_bytree': 0.9557859562266435, 'min_child_weight': 10, 'reg_alpha': 0.5055779352602495, 'reg_lambda': 0.7575896275016564}. Best is trial 0 with value: 0.6313719885427376.
