[I 2026-04-12 11:49:59,822] Trial 5 finished with value: 0.9791205042191562 and parameters: {'n_estimators': 793, 'max_depth': 6, 'learning_rate': 0.03924760051262504, 'subsample': 0.7056556580555543, 'colsample_bytree': 0.8719001755047545, 'min_child_weight': 5, 'reg_alpha': 0.3648020493702523, 'reg_lambda': 0.7163121708411123}. Best is trial 2 with value: 0.9696852466919859.
[I 2026-04-12 11:50:01,911] Trial 6 finished with value: 0.9671793848388343 and parameters: {'n_estimators': 276, 'max_depth': 3, 'learning_rate': 0.09877177791512011, 'subsample': 0.6693068290731601, 'colsample_bytree': 0.7992835516082623, 'min_child_weight': 7, 'reg_alpha': 0.3133840739205985, 'reg_lambda': 0.6458298771504642}. Best is trial 6 with value: 0.9671793848388343.
[I 2026-04-12 11:50:07,862] Trial 7 finished with value: 0.9855640021993181 and parameters: {'n_estimators': 721, 'max_depth': 4, 'learning_rate': 0.09540508122142008, 'subsample': 0.7430206767942826, 'colsample_bytree': 0.7321665641534304, 'min_child_weight': 2, 'reg_alpha': 0.9682035739182436, 'reg_lambda': 0.38494412842002934}. Best is trial 6 with value: 0.9671793848388343.
[I 2026-04-12 11:50:40,025] Trial 8 finished with value: 1.0124703018181047 and parameters: {'n_estimators': 589, 'max_depth': 10, 'learning_rate': 0.07881276390170251, 'subsample': 0.9664413980915366, 'colsample_bytree': 0.8986840793006852, 'min_child_weight': 3, 'reg_alpha': 0.37599465330475756, 'reg_lambda': 0.6996722962820123}. Best is trial 6 with value: 0.9671793848388343.
[I 2026-04-12 11:50:53,630] Trial 9 finished with value: 0.9649432393084257 and parameters: {'n_estimators': 739, 'max_depth': 7, 'learning_rate': 0.010243766015139039, 'subsample': 0.7074496472528464, 'colsample_bytree': 0.8680118239390748, 'min_child_weight': 9, 'reg_alpha': 0.536027097895102, 'reg_lambda': 0.36808843920388}. Best is trial 9 with value: 0.9649432393084257.
[I 2026-04-12 11:51:24,441] Trial 10 finished with value: 0.9738005131183064 and parameters: {'n_estimators': 907, 'max_depth': 10, 'learning_rate': 0.010096601553857576, 'subsample': 0.8259410895772403, 'colsample_bytree': 0.6051999990326898, 'min_child_weight': 10, 'reg_alpha': 0.01856606225296986, 'reg_lambda': 0.9064243497167843}. Best is trial 9 with value: 0.9649432393084257.
[I 2026-04-12 11:51:26,104] Trial 11 finished with value: 0.9670903417826883 and parameters: {'n_estimators': 144, 'max_depth': 3, 'learning_rate': 0.010110682335712676, 'subsample': 0.6018002496550426, 'colsample_bytree': 0.6819582957788825, 'min_child_weight': 8, 'reg_alpha': 0.7473196295469766, 'reg_lambda': 0.3872649340168022}. Best is trial 9 with value: 0.9649432393084257.
[I 2026-04-12 11:51:29,326] Trial 12 finished with value: 0.9676203432957505 and parameters: {'n_estimators': 100, 'max_depth': 8, 'learning_rate': 0.011277316942184843, 'subsample': 0.6044406023289659, 'colsample_bytree': 0.668543900403481, 'min_child_weight': 8, 'reg_alpha': 0.7188712076217201, 'reg_lambda': 0.3385334527953742}. Best is trial 9 with value: 0.9649432393084257.
[I 2026-04-12 11:51:33,543] Trial 13 finished with value: 0.9614130564991472 and parameters: {'n_estimators': 455, 'max_depth': 3, 'learning_rate': 0.01766634651124881, 'subsample': 0.8169106308773436, 'colsample_bytree': 0.6933717624732092, 'min_child_weight': 8, 'reg_alpha': 0.7840179806312928, 'reg_lambda': 0.4117212137882506}. Best is trial 13 with value: 0.9614130564991472.
[I 2026-04-12 11:51:43,698] Trial 14 finished with value: 0.9707148022545674 and parameters: {'n_estimators': 400, 'max_depth': 8, 'learning_rate': 0.018644582725146946, 'subsample': 0.8114867092112774, 'colsample_bytree': 0.9223102049926774, 'min_child_weight': 9, 'reg_alpha': 0.8545589279108509, 'reg_lambda': 0.4938223824012648}. Best is trial 13 with value: 0.9614130564991472.
[I 2026-04-12 11:51:53,503] Trial 15 finished with value: 0.9641263235645918 and parameters: {'n_estimators': 972, 'max_depth': 4, 'learning_rate': 0.018233119243488916, 'subsample': 0.8526406268404018, 'colsample_bytree': 0.8382129824392655, 'min_child_weight': 7, 'reg_alpha': 0.5406078518050488, 'reg_lambda': 0.2475906085978084}. Best is trial 13 with value: 0.9614130564991472.
[I 2026-04-12 11:52:03,076] Trial 16 finished with value: 0.9652617665157907 and parameters: {'n_estimators': 928, 'max_depth': 4, 'learning_rate': 0.020610305707328882, 'subsample': 0.8590311390271522, 'colsample_bytree': 0.7254008618158005, 'min_child_weight': 6, 'reg_alpha': 0.8377441338144329, 'reg_lambda': 0.2072766006761837}. Best is trial 13 with value: 0.9614130564991472.
[I 2026-04-12 11:52:07,338] Trial 17 finished with value: 0.9621255577101351 and parameters: {'n_estimators': 418, 'max_depth': 4, 'learning_rate': 0.019085644192586626, 'subsample': 0.8707231450967722, 'colsample_bytree': 0.6067112598487218, 'min_child_weight': 6, 'reg_alpha': 0.6269866750159308, 'reg_lambda': 0.5157854786491698}. Best is trial 13 with value: 0.9614130564991472.
[I 2026-04-12 11:52:11,222] Trial 18 finished with value: 0.9621921525736667 and parameters: {'n_estimators': 439, 'max_depth': 3, 'learning_rate': 0.02700706828607262, 'subsample': 0.7586327398182984, 'colsample_bytree': 0.604847301412185, 'min_child_weight': 4, 'reg_alpha': 0.6697221888037576, 'reg_lambda': 0.5079579854388537}. Best is trial 13 with value: 0.9614130564991472.
[I 2026-04-12 11:52:18,280] Trial 19 finished with value: 0.9627077861154746 and parameters: {'n_estimators': 505, 'max_depth': 5, 'learning_rate': 0.016718543240052647, 'subsample': 0.8856922875943023, 'colsample_bytree': 0.6520630067279626, 'min_child_weight': 6, 'reg_alpha': 0.8402471328622394, 'reg_lambda': 0.9031018119942937}. Best is trial 13 with value: 0.9614130564991472.
[I 2026-04-12 11:52:22,210] Trial 20 finished with value: 1.0195211634456682 and parameters: {'n_estimators': 351, 'max_depth': 4, 'learning_rate': 0.2546578049753502, 'subsample': 0.7727789450263903, 'colsample_bytree': 0.7144909620337562, 'min_child_weight': 7, 'reg_alpha': 0.17442808983788627, 'reg_lambda': 0.5352357491759555}. Best is trial 13 with value: 0.9614130564991472.
[I 2026-04-12 11:52:26,593] Trial 21 finished with value: 0.9622933466650798 and parameters: {'n_estimators': 470, 'max_depth': 3, 'learning_rate': 0.02812127854462909, 'subsample': 0.7784875680667651, 'colsample_bytree': 0.600262730297023, 'min_child_weight': 4, 'reg_alpha': 0.6657966205199982, 'reg_lambda': 0.5325563513014322}. Best is trial 13 with value: 0.9614130564991472.
[I 2026-04-12 11:52:30,922] Trial 22 finished with value: 0.9628005085311963 and parameters: {'n_estimators': 447, 'max_depth': 3, 'learning_rate': 0.027126137221391573, 'subsample': 0.8930000123894991, 'colsample_bytree': 0.630883967509472, 'min_child_weight': 4, 'reg_alpha': 0.6619737062215538, 'reg_lambda': 0.46190229881854983}. Best is trial 13 with value: 0.9614130564991472.
[I 2026-04-12 11:52:34,690] Trial 23 finished with value: 0.9620236471366215 and parameters: {'n_estimators': 293, 'max_depth': 5, 'learning_rate': 0.014474513755948467, 'subsample': 0.7566781200466165, 'colsample_bytree': 0.6354953815941639, 'min_child_weight': 3, 'reg_alpha': 0.46280970837609303, 'reg_lambda': 0.2654333379680026}. Best is trial 13 with value: 0.9614130564991472.
[I 2026-04-12 11:52:38,558] Trial 24 finished with value: 0.9619269135966126 and parameters: {'n_estimators': 301, 'max_depth': 5, 'learning_rate': 0.013978154924691736, 'subsample': 0.8169445961110492, 'colsample_bytree': 0.6818732817996576, 'min_child_weight': 2, 'reg_alpha': 0.4535937935138091, 'reg_lambda': 0.29303497903857467}. Best is trial 13 with value: 0.9614130564991472.
[I 2026-04-12 11:52:42,055] Trial 25 finished with value: 0.9615887291094518 and parameters: {'n_estimators': 268, 'max_depth': 5, 'learning_rate': 0.014018579943227931, 'subsample': 0.823015657188291, 'colsample_bytree': 0.6904315441878507, 'min_child_weight': 1, 'reg_alpha': 0.44848193863290675, 'reg_lambda': 0.0031997012526018276}. Best is trial 13 with value: 0.9614130564991472.
[I 2026-04-12 11:52:44,914] Trial 26 finished with value: 0.9616331073621802 and parameters: {'n_estimators': 206, 'max_depth': 5, 'learning_rate': 0.013662350694947778, 'subsample': 0.8304982665124429, 'colsample_bytree': 0.6950564672629381, 'min_child_weight': 1, 'reg_alpha': 0.4353810715014693, 'reg_lambda': 0.006134635636246499}. Best is trial 13 with value: 0.9614130564991472.
[I 2026-04-12 11:52:47,777] Trial 27 finished with value: 0.9626980524179735 and parameters: {'n_estimators': 206, 'max_depth': 5, 'learning_rate': 0.013619680221541891, 'subsample': 0.8343354272997725, 'colsample_bytree': 0.7547557105944138, 'min_child_weight': 1, 'reg_alpha': 0.17352584526630133, 'reg_lambda': 0.004454917719196483}. Best is trial 13 with value: 0.9614130564991472.
[I 2026-04-12 11:52:50,758] Trial 28 finished with value: 0.9626471641398513 and parameters: {'n_estimators': 188, 'max_depth': 6, 'learning_rate': 0.022112954236791015, 'subsample': 0.7938260051355177, 'colsample_bytree': 0.7042361456030763, 'min_child_weight': 2, 'reg_alpha': 0.44661859794462033, 'reg_lambda': 0.011968578469946362}. Best is trial 13 with value: 0.9614130564991472.
[I 2026-04-12 11:53:02,648] Trial 29 finished with value: 0.9972253591626173 and parameters: {'n_estimators': 625, 'max_depth': 7, 'learning_rate': 0.05854977925095704, 'subsample': 0.916294528180376, 'colsample_bytree': 0.8250409574058332, 'min_child_weight': 1, 'reg_alpha': 0.6025822715596115, 'reg_lambda': 0.11125550401214622}. Best is trial 13 with value: 0.9614130564991472.
[optuna] Best params: {'n_estimators': 455, 'max_depth': 3, 'learning_rate': 0.01766634651124881, 'subsample': 0.8169106308773436, 'colsample_bytree': 0.6933717624732092, 'min_child_weight': 8, 'reg_alpha': 0.7840179806312928, 'reg_lambda': 0.4117212137882506}
[optuna] Optimizing hyperparameters for steals classification...
[I 2026-04-12 12:00:35,056] A new study created in memory with name: no-name-4d103426-a6a3-4c34-add2-d6dde6ed6337
[I 2026-04-12 12:00:48,438] Trial 0 finished with value: 0.7577259546929522 and parameters: {'n_estimators': 652, 'max_depth': 4, 'learning_rate': 0.027527478529468324, 'subsample': 0.7698793015291273, 'colsample_bytree': 0.7035453499700816, 'min_child_weight': 5, 'reg_alpha': 0.7728416860489391, 'reg_lambda': 0.2967815863114943}. Best is trial 0 with value: 0.7577259546929522.
[I 2026-04-12 12:00:56,781] Trial 1 finished with value: 0.7531011759625355 and parameters: {'n_estimators': 214, 'max_depth': 7, 'learning_rate': 0.03837774376794413, 'subsample': 0.918740634286591, 'colsample_bytree': 0.9318880009320415, 'min_child_weight': 2, 'reg_alpha': 0.4448091918917668, 'reg_lambda': 0.21706687929597968}. Best is trial 0 with value: 0.7577259546929522.
[I 2026-04-12 12:01:26,083] Trial 2 finished with value: 0.7395862131480475 and parameters: {'n_estimators': 631, 'max_depth': 9, 'learning_rate': 0.057344904845014144, 'subsample': 0.8057372360418764, 'colsample_bytree': 0.8037913178227306, 'min_child_weight': 1, 'reg_alpha': 0.1591644788979334, 'reg_lambda': 0.07905020839298638}. Best is trial 0 with value: 0.7577259546929522.
[I 2026-04-12 12:01:30,820] Trial 3 finished with value: 0.7570829895888715 and parameters: {'n_estimators': 208, 'max_depth': 3, 'learning_rate': 0.12119928199584777, 'subsample': 0.846579147681213, 'colsample_bytree': 0.7677802399771986, 'min_child_weight': 3, 'reg_alpha': 0.24032650618606655, 'reg_lambda': 0.6878484902913171}. Best is trial 0 with value: 0.7577259546929522.
[I 2026-04-12 12:01:42,464] Trial 4 finished with value: 0.7510258506020366 and parameters: {'n_estimators': 617, 'max_depth': 3, 'learning_rate': 0.10884402516178592, 'subsample': 0.6403044332085643, 'colsample_bytree': 0.8585740776094947, 'min_child_weight': 1, 'reg_alpha': 0.5841788192232575, 'reg_lambda': 0.8483000505127605}. Best is trial 0 with value: 0.7577259546929522.
[I 2026-04-12 12:02:09,215] Trial 5 finished with value: 0.7193608033537238 and parameters: {'n_estimators': 978, 'max_depth': 6, 'learning_rate': 0.2076982832332727, 'subsample': 0.7694803458232868, 'colsample_bytree': 0.7443046293653377, 'min_child_weight': 8, 'reg_alpha': 0.7745485700656191, 'reg_lambda': 0.08895211799788239}. Best is trial 0 with value: 0.7577259546929522.
[I 2026-04-12 12:02:50,205] Trial 6 finished with value: 0.7462000093702195 and parameters: {'n_estimators': 820, 'max_depth': 10, 'learning_rate': 0.019539813749326684, 'subsample': 0.6039494278373955, 'colsample_bytree': 0.6806890112883321, 'min_child_weight': 9, 'reg_alpha': 0.0685464410226535, 'reg_lambda': 0.13025113338986283}. Best is trial 0 with value: 0.7577259546929522.
[I 2026-04-12 12:02:56,280] Trial 7 finished with value: 0.7512460252955184 and parameters: {'n_estimators': 115, 'max_depth': 8, 'learning_rate': 0.08658317306662806, 'subsample': 0.7727535767649201, 'colsample_bytree': 0.6666513527438781, 'min_child_weight': 1, 'reg_alpha': 0.40502212862459674, 'reg_lambda': 0.1801464108280959}. Best is trial 0 with value: 0.7577259546929522.
[I 2026-04-12 12:03:44,554] Trial 8 finished with value: 0.7419097169175237 and parameters: {'n_estimators': 777, 'max_depth': 9, 'learning_rate': 0.0369495864897499, 'subsample': 0.9235255341655322, 'colsample_bytree': 0.739657626380181, 'min_child_weight': 3, 'reg_alpha': 0.891292060314024, 'reg_lambda': 0.30412581035481634}. Best is trial 0 with value: 0.7577259546929522.
[I 2026-04-12 12:04:19,956] Trial 9 finished with value: 0.7561595086338424 and parameters: {'n_estimators': 732, 'max_depth': 6, 'learning_rate': 0.016982680819893414, 'subsample': 0.6456394774264287, 'colsample_bytree': 0.7551422041654867, 'min_child_weight': 1, 'reg_alpha': 0.7223966147658264, 'reg_lambda': 0.5319705371309926}. Best is trial 0 with value: 0.7577259546929522.
[I 2026-04-12 12:04:36,142] Trial 10 finished with value: 0.7587744160418156 and parameters: {'n_estimators': 415, 'max_depth': 4, 'learning_rate': 0.012469292377871463, 'subsample': 0.7171144948708922, 'colsample_bytree': 0.6000383530849028, 'min_child_weight': 6, 'reg_alpha': 0.995699623119106, 'reg_lambda': 0.39387094716674187}. Best is trial 10 with value: 0.7587744160418156.
[I 2026-04-12 12:04:51,967] Trial 11 finished with value: 0.7585196275541487 and parameters: {'n_estimators': 433, 'max_depth': 4, 'learning_rate': 0.01069730469439169, 'subsample': 0.7061672488142671, 'colsample_bytree': 0.6122225118487028, 'min_child_weight': 6, 'reg_alpha': 0.9753801705691094, 'reg_lambda': 0.4027941945026314}. Best is trial 10 with value: 0.7587744160418156.
[I 2026-04-12 12:05:08,897] Trial 12 finished with value: 0.7588145450249227 and parameters: {'n_estimators': 414, 'max_depth': 5, 'learning_rate': 0.010208649081336745, 'subsample': 0.7010617026719109, 'colsample_bytree': 0.6001592630639986, 'min_child_weight': 6, 'reg_alpha': 0.9864536325982387, 'reg_lambda': 0.4576927211132796}. Best is trial 12 with value: 0.7588145450249227.
[I 2026-04-12 12:05:26,934] Trial 13 finished with value: 0.7590918016691212 and parameters: {'n_estimators': 434, 'max_depth': 5, 'learning_rate': 0.01016957411242756, 'subsample': 0.7024882772851025, 'colsample_bytree': 0.600497816016759, 'min_child_weight': 6, 'reg_alpha': 0.9799904653190656, 'reg_lambda': 0.5799311629721668}. Best is trial 13 with value: 0.7590918016691212.
[I 2026-04-12 12:05:43,757] Trial 14 finished with value: 0.7590956210520312 and parameters: {'n_estimators': 429, 'max_depth': 5, 'learning_rate': 0.010442255371444385, 'subsample': 0.6976897754691583, 'colsample_bytree': 0.646368259209052, 'min_child_weight': 7, 'reg_alpha': 0.6232378209878997, 'reg_lambda': 0.6038641248040714}. Best is trial 14 with value: 0.7590956210520312.
[I 2026-04-12 12:06:00,190] Trial 15 finished with value: 0.7579714391638506 and parameters: {'n_estimators': 472, 'max_depth': 5, 'learning_rate': 0.019064592231538856, 'subsample': 0.6767186738331992, 'colsample_bytree': 0.991223557927485, 'min_child_weight': 8, 'reg_alpha': 0.5790693041090033, 'reg_lambda': 0.6795458668633113}. Best is trial 14 with value: 0.7590956210520312.
[I 2026-04-12 12:06:13,473] Trial 16 finished with value: 0.7556630346881448 and parameters: {'n_estimators': 297, 'max_depth': 7, 'learning_rate': 0.02723083708692436, 'subsample': 0.9886820641125686, 'colsample_bytree': 0.6493438447133821, 'min_child_weight': 10, 'reg_alpha': 0.3230678469397289, 'reg_lambda': 0.9536045176344599}. Best is trial 14 with value: 0.7590956210520312.
[I 2026-04-12 12:06:29,731] Trial 17 finished with value: 0.7181186789212841 and parameters: {'n_estimators': 523, 'max_depth': 5, 'learning_rate': 0.29098906384413703, 'subsample': 0.7352806915225769, 'colsample_bytree': 0.8589074446958835, 'min_child_weight': 5, 'reg_alpha': 0.6356981937398938, 'reg_lambda': 0.6221201310817607}. Best is trial 14 with value: 0.7590956210520312.
[I 2026-04-12 12:06:43,407] Trial 18 finished with value: 0.7589115166107508 and parameters: {'n_estimators': 314, 'max_depth': 6, 'learning_rate': 0.015444921589203072, 'subsample': 0.6018460030526438, 'colsample_bytree': 0.643973918756438, 'min_child_weight': 7, 'reg_alpha': 0.8339414736000048, 'reg_lambda': 0.7797366720082011}. Best is trial 14 with value: 0.7590956210520312.
[I 2026-04-12 12:06:55,354] Trial 19 finished with value: 0.7585303421963387 and parameters: {'n_estimators': 319, 'max_depth': 5, 'learning_rate': 0.02533694977085812, 'subsample': 0.837338652678684, 'colsample_bytree': 0.699869928477579, 'min_child_weight': 4, 'reg_alpha': 0.650404351903896, 'reg_lambda': 0.5610969742772642}. Best is trial 14 with value: 0.7590956210520312.
[I 2026-04-12 12:07:27,430] Trial 20 finished with value: 0.742674886997191 and parameters: {'n_estimators': 540, 'max_depth': 7, 'learning_rate': 0.06572381061138828, 'subsample': 0.6650271168843727, 'colsample_bytree': 0.6528472022771258, 'min_child_weight': 7, 'reg_alpha': 0.8755898863961336, 'reg_lambda': 0.7921600643957274}. Best is trial 14 with value: 0.7590956210520312.
[I 2026-04-12 12:07:46,334] Trial 21 finished with value: 0.759127958494002 and parameters: {'n_estimators': 327, 'max_depth': 6, 'learning_rate': 0.014724344406312491, 'subsample': 0.6057175347834352, 'colsample_bytree': 0.6339384962887051, 'min_child_weight': 7, 'reg_alpha': 0.859444082309876, 'reg_lambda': 0.7873418277107269}. Best is trial 21 with value: 0.759127958494002.
[I 2026-04-12 12:08:03,814] Trial 22 finished with value: 0.7592568397509152 and parameters: {'n_estimators': 361, 'max_depth': 6, 'learning_rate': 0.013281302828392431, 'subsample': 0.6331852493990135, 'colsample_bytree': 0.634760528413837, 'min_child_weight': 7, 'reg_alpha': 0.8924973537277291, 'reg_lambda': 0.8789462626689951}. Best is trial 22 with value: 0.7592568397509152.
[I 2026-04-12 12:08:26,189] Trial 23 finished with value: 0.7568261437269437 and parameters: {'n_estimators': 353, 'max_depth': 8, 'learning_rate': 0.014622352137521985, 'subsample': 0.6351338226508532, 'colsample_bytree': 0.7081625564939276, 'min_child_weight': 8, 'reg_alpha': 0.7081598141206495, 'reg_lambda': 0.9892314986357835}. Best is trial 22 with value: 0.7592568397509152.
[I 2026-04-12 12:08:37,300] Trial 24 finished with value: 0.758407174736259 and parameters: {'n_estimators': 220, 'max_depth': 6, 'learning_rate': 0.022270342600930557, 'subsample': 0.6205970509815355, 'colsample_bytree': 0.6354659266583296, 'min_child_weight': 7, 'reg_alpha': 0.5264099184526287, 'reg_lambda': 0.8807479401514599}. Best is trial 22 with value: 0.7592568397509152.
[I 2026-04-12 12:08:44,818] Trial 25 finished with value: 0.7560589060879945 and parameters: {'n_estimators': 108, 'max_depth': 8, 'learning_rate': 0.03853105056964934, 'subsample': 0.6763653995896592, 'colsample_bytree': 0.8033598207838941, 'min_child_weight': 9, 'reg_alpha': 0.8272255545129807, 'reg_lambda': 0.7486985623166968}. Best is trial 22 with value: 0.7592568397509152.
[I 2026-04-12 12:08:58,597] Trial 26 finished with value: 0.7579794242203874 and parameters: {'n_estimators': 264, 'max_depth': 7, 'learning_rate': 0.015249765398973143, 'subsample': 0.663453298956542, 'colsample_bytree': 0.6824710380268009, 'min_child_weight': 9, 'reg_alpha': 0.902466083162724, 'reg_lambda': 0.9078573727308299}. Best is trial 22 with value: 0.7592568397509152.
[I 2026-04-12 12:09:10,833] Trial 27 finished with value: 0.7586827915920614 and parameters: {'n_estimators': 363, 'max_depth': 4, 'learning_rate': 0.013105224317738725, 'subsample': 0.7339475982078366, 'colsample_bytree': 0.6318706232484596, 'min_child_weight': 7, 'reg_alpha': 0.7039811080742163, 'reg_lambda': 0.6982098583588722}. Best is trial 22 with value: 0.7592568397509152.
[I 2026-04-12 12:09:28,707] Trial 28 finished with value: 0.7544147177628805 and parameters: {'n_estimators': 486, 'max_depth': 6, 'learning_rate': 0.03180567761873668, 'subsample': 0.6281900936325556, 'colsample_bytree': 0.7139500287678993, 'min_child_weight': 10, 'reg_alpha': 0.7950451299183333, 'reg_lambda': 0.8205057058263298}. Best is trial 22 with value: 0.7592568397509152.
[I 2026-04-12 12:09:48,276] Trial 29 finished with value: 0.756627520538095 and parameters: {'n_estimators': 579, 'max_depth': 5, 'learning_rate': 0.022623592385058594, 'subsample': 0.7501748523451973, 'colsample_bytree': 0.7199322910979616, 'min_child_weight': 5, 'reg_alpha': 0.4963324624612843, 'reg_lambda': 0.9273860017216938}. Best is trial 22 with value: 0.7592568397509152.
[optuna] Best params: {'n_estimators': 361, 'max_depth': 6, 'learning_rate': 0.013281302828392431, 'subsample': 0.6331852493990135, 'colsample_bytree': 0.634760528413837, 'min_child_weight': 7, 'reg_alpha': 0.8924973537277291, 'reg_lambda': 0.8789462626689951}
[wf] blocks: auc_raw=0.724 brier_raw=0.163 auc_cal=0.714 brier_cal=0.157 folds=5
[optuna] Optimizing hyperparameters for blocks regression...
[I 2026-04-12 12:22:19,130] A new study created in memory with name: no-name-0b0f1294-dd26-483e-9004-c93d6ca3df3e
