[I 2026-04-12 01:17:02,731] Trial 17 finished with value: 1.2764884249859056 and parameters: {'n_estimators': 805, 'max_depth': 6, 'learning_rate': 0.01852408960681983, 'subsample': 0.8718068387299103, 'colsample_bytree': 0.6923420272895514, 'min_child_weight': 8, 'reg_alpha': 0.7797655696400624, 'reg_lambda': 0.4018939049349105}. Best is trial 16 with value: 1.2701576066935274.
[I 2026-04-12 01:17:08,031] Trial 18 finished with value: 1.2734711832514676 and parameters: {'n_estimators': 697, 'max_depth': 4, 'learning_rate': 0.026110039046253097, 'subsample': 0.950666044371121, 'colsample_bytree': 0.839328727794734, 'min_child_weight': 8, 'reg_alpha': 0.3195100159424698, 'reg_lambda': 0.9071189736712305}. Best is trial 16 with value: 1.2701576066935274.
[I 2026-04-12 01:17:11,853] Trial 19 finished with value: 1.2707154570198855 and parameters: {'n_estimators': 456, 'max_depth': 4, 'learning_rate': 0.014621245881283398, 'subsample': 0.7787187984563902, 'colsample_bytree': 0.9923085912147172, 'min_child_weight': 4, 'reg_alpha': 0.579154809097089, 'reg_lambda': 0.4368338596446503}. Best is trial 16 with value: 1.2701576066935274.
[I 2026-04-12 01:17:14,091] Trial 20 finished with value: 1.2724035347942384 and parameters: {'n_estimators': 264, 'max_depth': 4, 'learning_rate': 0.025651793591781456, 'subsample': 0.7880881200523797, 'colsample_bytree': 0.9954114207711406, 'min_child_weight': 4, 'reg_alpha': 0.5728042249955105, 'reg_lambda': 0.7641162708102802}. Best is trial 16 with value: 1.2701576066935274.
[I 2026-04-12 01:17:17,884] Trial 21 finished with value: 1.2696784795070017 and parameters: {'n_estimators': 465, 'max_depth': 4, 'learning_rate': 0.01485137265737071, 'subsample': 0.7571861937350701, 'colsample_bytree': 0.6542692756881696, 'min_child_weight': 4, 'reg_alpha': 0.7287940991684763, 'reg_lambda': 0.4296540660049556}. Best is trial 21 with value: 1.2696784795070017.
[I 2026-04-12 01:17:21,543] Trial 22 finished with value: 1.2703503437085013 and parameters: {'n_estimators': 448, 'max_depth': 4, 'learning_rate': 0.01582587414742189, 'subsample': 0.7716819386751049, 'colsample_bytree': 0.7103129720280729, 'min_child_weight': 4, 'reg_alpha': 0.7316761498278416, 'reg_lambda': 0.3848791804195213}. Best is trial 21 with value: 1.2696784795070017.
[I 2026-04-12 01:17:24,374] Trial 23 finished with value: 1.2702686961565117 and parameters: {'n_estimators': 417, 'max_depth': 3, 'learning_rate': 0.03358048840148849, 'subsample': 0.6942808816145497, 'colsample_bytree': 0.7136550179492144, 'min_child_weight': 3, 'reg_alpha': 0.7268731622266927, 'reg_lambda': 0.40280730525628267}. Best is trial 21 with value: 1.2696784795070017.
[I 2026-04-12 01:17:26,386] Trial 24 finished with value: 1.2707927287323564 and parameters: {'n_estimators': 284, 'max_depth': 3, 'learning_rate': 0.035519348313583624, 'subsample': 0.6735117157559468, 'colsample_bytree': 0.7324877409733117, 'min_child_weight': 2, 'reg_alpha': 0.7608951005469211, 'reg_lambda': 0.4738867798767552}. Best is trial 21 with value: 1.2696784795070017.
[I 2026-04-12 01:17:30,813] Trial 25 finished with value: 1.2777026446200124 and parameters: {'n_estimators': 656, 'max_depth': 3, 'learning_rate': 0.06521159140778927, 'subsample': 0.7331276965445879, 'colsample_bytree': 0.661768455559996, 'min_child_weight': 2, 'reg_alpha': 0.6328205644004551, 'reg_lambda': 0.5650427755787952}. Best is trial 21 with value: 1.2696784795070017.
[I 2026-04-12 01:17:34,015] Trial 26 finished with value: 1.2707071299083084 and parameters: {'n_estimators': 400, 'max_depth': 4, 'learning_rate': 0.022506010847138182, 'subsample': 0.6730382013186239, 'colsample_bytree': 0.6783018659109661, 'min_child_weight': 3, 'reg_alpha': 0.8485821814139585, 'reg_lambda': 0.2368379678964241}. Best is trial 21 with value: 1.2696784795070017.
[I 2026-04-12 01:17:39,916] Trial 27 finished with value: 1.284465616284804 and parameters: {'n_estimators': 552, 'max_depth': 6, 'learning_rate': 0.0346800207236766, 'subsample': 0.6802447295406548, 'colsample_bytree': 0.7299960629019812, 'min_child_weight': 6, 'reg_alpha': 0.7227340123985897, 'reg_lambda': 0.3499853957917495}. Best is trial 21 with value: 1.2696784795070017.
[I 2026-04-12 01:17:47,615] Trial 28 finished with value: 1.2722216270718187 and parameters: {'n_estimators': 875, 'max_depth': 5, 'learning_rate': 0.013582366751753668, 'subsample': 0.8259913263289561, 'colsample_bytree': 0.6364312211599573, 'min_child_weight': 3, 'reg_alpha': 0.5041648859243903, 'reg_lambda': 0.47185839032870286}. Best is trial 21 with value: 1.2696784795070017.
[I 2026-04-12 01:17:51,988] Trial 29 finished with value: 1.2746624677463896 and parameters: {'n_estimators': 316, 'max_depth': 7, 'learning_rate': 0.0226611131418348, 'subsample': 0.7466972335851615, 'colsample_bytree': 0.8275163238045223, 'min_child_weight': 5, 'reg_alpha': 0.654402211807093, 'reg_lambda': 0.19288370412284456}. Best is trial 21 with value: 1.2696784795070017.
[I 2026-04-12 01:24:59,429] A new study created in memory with name: no-name-66602a30-99a1-49e1-bb18-c8471eb2208f
[I 2026-04-12 01:25:02,925] Trial 0 finished with value: 0.7331470166387701 and parameters: {'n_estimators': 107, 'max_depth': 8, 'learning_rate': 0.13551183045368714, 'subsample': 0.9834395640943286, 'colsample_bytree': 0.6285816933209082, 'min_child_weight': 1, 'reg_alpha': 0.7522996506521995, 'reg_lambda': 0.07735975060870781}. Best is trial 0 with value: 0.7331470166387701.
[I 2026-04-12 01:25:18,918] Trial 1 finished with value: 0.7341561412588644 and parameters: {'n_estimators': 405, 'max_depth': 10, 'learning_rate': 0.04164149318342432, 'subsample': 0.8521268057295935, 'colsample_bytree': 0.7330757053568628, 'min_child_weight': 6, 'reg_alpha': 0.6729270784375354, 'reg_lambda': 0.21459497608295353}. Best is trial 1 with value: 0.7341561412588644.
[I 2026-04-12 01:25:37,490] Trial 2 finished with value: 0.743746122942636 and parameters: {'n_estimators': 707, 'max_depth': 7, 'learning_rate': 0.02338718173104508, 'subsample': 0.8620479095263022, 'colsample_bytree': 0.8114431459829027, 'min_child_weight': 5, 'reg_alpha': 0.9446119783040596, 'reg_lambda': 0.6793643782544193}. Best is trial 2 with value: 0.743746122942636.
[I 2026-04-12 01:25:43,221] Trial 3 finished with value: 0.7429274919483055 and parameters: {'n_estimators': 296, 'max_depth': 4, 'learning_rate': 0.11217026658916922, 'subsample': 0.8309141142391822, 'colsample_bytree': 0.9686294802673175, 'min_child_weight': 2, 'reg_alpha': 0.43411528733635074, 'reg_lambda': 0.5219243175726347}. Best is trial 2 with value: 0.743746122942636.
[I 2026-04-12 01:26:02,892] Trial 4 finished with value: 0.739804691023108 and parameters: {'n_estimators': 596, 'max_depth': 9, 'learning_rate': 0.028874479327151103, 'subsample': 0.9160244684776456, 'colsample_bytree': 0.6910162026936756, 'min_child_weight': 10, 'reg_alpha': 0.825763514915888, 'reg_lambda': 0.692241750470553}. Best is trial 2 with value: 0.743746122942636.
[I 2026-04-12 01:26:25,248] Trial 5 finished with value: 0.7150903921340374 and parameters: {'n_estimators': 823, 'max_depth': 7, 'learning_rate': 0.20600622733105067, 'subsample': 0.6859208912952907, 'colsample_bytree': 0.8294861320285651, 'min_child_weight': 3, 'reg_alpha': 0.5780832142172125, 'reg_lambda': 0.7235973852623251}. Best is trial 2 with value: 0.743746122942636.
[I 2026-04-12 01:26:44,654] Trial 6 finished with value: 0.7234314279644707 and parameters: {'n_estimators': 746, 'max_depth': 7, 'learning_rate': 0.1055011184575086, 'subsample': 0.9008602008789296, 'colsample_bytree': 0.9269826093706275, 'min_child_weight': 7, 'reg_alpha': 0.3083747136760342, 'reg_lambda': 0.27977293257877023}. Best is trial 2 with value: 0.743746122942636.
[I 2026-04-12 01:26:50,086] Trial 7 finished with value: 0.7462716751431004 and parameters: {'n_estimators': 188, 'max_depth': 5, 'learning_rate': 0.02797217918108662, 'subsample': 0.8931628901276618, 'colsample_bytree': 0.7802145323072606, 'min_child_weight': 3, 'reg_alpha': 0.9936635287859831, 'reg_lambda': 0.5463144335994472}. Best is trial 7 with value: 0.7462716751431004.
[I 2026-04-12 01:27:07,646] Trial 8 finished with value: 0.742850462880666 and parameters: {'n_estimators': 793, 'max_depth': 5, 'learning_rate': 0.04175975231002994, 'subsample': 0.697659650957684, 'colsample_bytree': 0.6241095565595163, 'min_child_weight': 9, 'reg_alpha': 0.8114100437685466, 'reg_lambda': 0.6175463148669226}. Best is trial 7 with value: 0.7462716751431004.
[I 2026-04-12 01:27:13,232] Trial 9 finished with value: 0.7455999905220204 and parameters: {'n_estimators': 223, 'max_depth': 5, 'learning_rate': 0.07884512397088995, 'subsample': 0.9738855827704983, 'colsample_bytree': 0.8598094805836709, 'min_child_weight': 8, 'reg_alpha': 0.9604941855512802, 'reg_lambda': 0.5468531746277888}. Best is trial 7 with value: 0.7462716751431004.
[I 2026-04-12 01:27:23,079] Trial 10 finished with value: 0.7434253070970273 and parameters: {'n_estimators': 454, 'max_depth': 3, 'learning_rate': 0.012487673234307146, 'subsample': 0.7577063955663691, 'colsample_bytree': 0.7428661307543811, 'min_child_weight': 4, 'reg_alpha': 0.08414190658671872, 'reg_lambda': 0.980881121347734}. Best is trial 7 with value: 0.7462716751431004.
[I 2026-04-12 01:27:26,794] Trial 11 finished with value: 0.7467353325315723 and parameters: {'n_estimators': 121, 'max_depth': 5, 'learning_rate': 0.06803199543063089, 'subsample': 0.9746383625026711, 'colsample_bytree': 0.8816977601046394, 'min_child_weight': 8, 'reg_alpha': 0.9472009103685276, 'reg_lambda': 0.4126582518482712}. Best is trial 11 with value: 0.7467353325315723.
[I 2026-04-12 01:27:30,716] Trial 12 finished with value: 0.7389921312449791 and parameters: {'n_estimators': 105, 'max_depth': 5, 'learning_rate': 0.014137107651824389, 'subsample': 0.6095020658607133, 'colsample_bytree': 0.8860509710258772, 'min_child_weight': 6, 'reg_alpha': 0.9677512713255334, 'reg_lambda': 0.3460712627734656}. Best is trial 11 with value: 0.7467353325315723.
[I 2026-04-12 01:27:37,086] Trial 13 finished with value: 0.7444815840102944 and parameters: {'n_estimators': 278, 'max_depth': 3, 'learning_rate': 0.02270452915446119, 'subsample': 0.9227311215279632, 'colsample_bytree': 0.7684434934167487, 'min_child_weight': 4, 'reg_alpha': 0.4790552192871841, 'reg_lambda': 0.4004930561434853}. Best is trial 11 with value: 0.7467353325315723.
[I 2026-04-12 01:28:01,650] Trial 14 finished with value: 0.7342791427881882 and parameters: {'n_estimators': 975, 'max_depth': 6, 'learning_rate': 0.06095632479748712, 'subsample': 0.9553297986491102, 'colsample_bytree': 0.916588588333131, 'min_child_weight': 8, 'reg_alpha': 0.6511839213707387, 'reg_lambda': 0.8515030084999162}. Best is trial 11 with value: 0.7467353325315723.
[I 2026-04-12 01:28:06,844] Trial 15 finished with value: 0.7472120581924353 and parameters: {'n_estimators': 193, 'max_depth': 4, 'learning_rate': 0.04573509362754039, 'subsample': 0.7839669556093192, 'colsample_bytree': 0.9883541303807801, 'min_child_weight': 1, 'reg_alpha': 0.99576916491297, 'reg_lambda': 0.4326226196580647}. Best is trial 15 with value: 0.7472120581924353.
[I 2026-04-12 01:28:16,877] Trial 16 finished with value: 0.7464960971174357 and parameters: {'n_estimators': 464, 'max_depth': 4, 'learning_rate': 0.060220376845267445, 'subsample': 0.7774051331030881, 'colsample_bytree': 0.9767473815429635, 'min_child_weight': 1, 'reg_alpha': 0.8385013841422896, 'reg_lambda': 0.13661288661811455}. Best is trial 15 with value: 0.7472120581924353.
[I 2026-04-12 01:28:24,443] Trial 17 finished with value: 0.7333331678291939 and parameters: {'n_estimators': 355, 'max_depth': 4, 'learning_rate': 0.2099834198911364, 'subsample': 0.7272737619257361, 'colsample_bytree': 0.9368474700977834, 'min_child_weight': 10, 'reg_alpha': 0.26531709383381186, 'reg_lambda': 0.40350257417154095}. Best is trial 15 with value: 0.7472120581924353.
[I 2026-04-12 01:28:39,215] Trial 18 finished with value: 0.7429779420343546 and parameters: {'n_estimators': 550, 'max_depth': 6, 'learning_rate': 0.042727485104843345, 'subsample': 0.8145697616601563, 'colsample_bytree': 0.996325971719688, 'min_child_weight': 7, 'reg_alpha': 0.004143599952258992, 'reg_lambda': 0.20170086589190145}. Best is trial 15 with value: 0.7472120581924353.
[I 2026-04-12 01:28:43,123] Trial 19 finished with value: 0.740733144665169 and parameters: {'n_estimators': 183, 'max_depth': 3, 'learning_rate': 0.28537245095220265, 'subsample': 0.784572727757544, 'colsample_bytree': 0.8740734985710261, 'min_child_weight': 8, 'reg_alpha': 0.8696707614377287, 'reg_lambda': 0.005121060188473081}. Best is trial 15 with value: 0.7472120581924353.
[I 2026-04-12 01:28:50,577] Trial 20 finished with value: 0.7440455297626913 and parameters: {'n_estimators': 338, 'max_depth': 4, 'learning_rate': 0.09144217936261337, 'subsample': 0.6267510509797755, 'colsample_bytree': 0.8416989872064693, 'min_child_weight': 5, 'reg_alpha': 0.728893327049948, 'reg_lambda': 0.4420589031914941}. Best is trial 15 with value: 0.7472120581924353.
[I 2026-04-12 01:29:02,272] Trial 21 finished with value: 0.7448805391122003 and parameters: {'n_estimators': 553, 'max_depth': 4, 'learning_rate': 0.06358776805190745, 'subsample': 0.7671096204748017, 'colsample_bytree': 0.9992256756549691, 'min_child_weight': 1, 'reg_alpha': 0.9125601582079222, 'reg_lambda': 0.13314339967579822}. Best is trial 15 with value: 0.7472120581924353.
[I 2026-04-12 01:29:14,420] Trial 22 finished with value: 0.7442981120205426 and parameters: {'n_estimators': 434, 'max_depth': 6, 'learning_rate': 0.0501208222395322, 'subsample': 0.7263590181590398, 'colsample_bytree': 0.9587426878370983, 'min_child_weight': 2, 'reg_alpha': 0.8590191749956297, 'reg_lambda': 0.28915513258766246}. Best is trial 15 with value: 0.7472120581924353.
[I 2026-04-12 01:29:20,558] Trial 23 finished with value: 0.7462539039313034 and parameters: {'n_estimators': 240, 'max_depth': 4, 'learning_rate': 0.07582238205188864, 'subsample': 0.7932012298524799, 'colsample_bytree': 0.9038918286564105, 'min_child_weight': 1, 'reg_alpha': 0.7836994067381872, 'reg_lambda': 0.16025524773646116}. Best is trial 15 with value: 0.7472120581924353.
[I 2026-04-12 01:29:25,376] Trial 24 finished with value: 0.7458905281227256 and parameters: {'n_estimators': 142, 'max_depth': 5, 'learning_rate': 0.030296438809495705, 'subsample': 0.6575228200754498, 'colsample_bytree': 0.9632512504269682, 'min_child_weight': 2, 'reg_alpha': 0.6061568917936729, 'reg_lambda': 0.29552016796757574}. Best is trial 15 with value: 0.7472120581924353.
[I 2026-04-12 01:29:35,083] Trial 25 finished with value: 0.742528299241447 and parameters: {'n_estimators': 502, 'max_depth': 3, 'learning_rate': 0.12799808505036736, 'subsample': 0.7511376049142108, 'colsample_bytree': 0.9448677358605063, 'min_child_weight': 3, 'reg_alpha': 0.8780278220303047, 'reg_lambda': 0.4846826209635526}. Best is trial 15 with value: 0.7472120581924353.
[I 2026-04-12 01:29:50,067] Trial 26 finished with value: 0.7480116644040121 and parameters: {'n_estimators': 667, 'max_depth': 4, 'learning_rate': 0.017563759065670228, 'subsample': 0.8491783884325945, 'colsample_bytree': 0.8979274787255259, 'min_child_weight': 4, 'reg_alpha': 0.7308176303849423, 'reg_lambda': 0.020868951512712466}. Best is trial 26 with value: 0.7480116644040121.
[I 2026-04-12 01:30:08,187] Trial 27 finished with value: 0.7471664216549943 and parameters: {'n_estimators': 638, 'max_depth': 6, 'learning_rate': 0.016066799496356726, 'subsample': 0.9415769651386603, 'colsample_bytree': 0.8916732375191071, 'min_child_weight': 4, 'reg_alpha': 0.7203939495061773, 'reg_lambda': 0.03572755504843711}. Best is trial 26 with value: 0.7480116644040121.
[I 2026-04-12 01:30:32,565] Trial 28 finished with value: 0.7441272085134543 and parameters: {'n_estimators': 652, 'max_depth': 8, 'learning_rate': 0.016035869387706885, 'subsample': 0.8716118897615172, 'colsample_bytree': 0.9020189590225635, 'min_child_weight': 4, 'reg_alpha': 0.5434794589579358, 'reg_lambda': 0.008655696130513223}. Best is trial 26 with value: 0.7480116644040121.
[I 2026-04-12 01:31:06,019] Trial 29 finished with value: 0.7455744111198854 and parameters: {'n_estimators': 887, 'max_depth': 8, 'learning_rate': 0.010149691588572377, 'subsample': 0.8294244585536358, 'colsample_bytree': 0.8535434470911425, 'min_child_weight': 5, 'reg_alpha': 0.723843858529844, 'reg_lambda': 0.10010465366615642}. Best is trial 26 with value: 0.7480116644040121.
[I 2026-04-12 01:43:45,071] A new study created in memory with name: no-name-ea7ec568-4f37-419a-80a4-3cb334864164
[I 2026-04-12 01:43:52,826] Trial 0 finished with value: 1.3710527403440291 and parameters: {'n_estimators': 817, 'max_depth': 7, 'learning_rate': 0.02060497263491496, 'subsample': 0.6291892005743012, 'colsample_bytree': 0.6478967451590145, 'min_child_weight': 8, 'reg_alpha': 0.4722908729364109, 'reg_lambda': 0.7592574050378926}. Best is trial 0 with value: 1.3710527403440291.
[I 2026-04-12 01:44:03,312] Trial 1 finished with value: 1.4662985372556057 and parameters: {'n_estimators': 929, 'max_depth': 7, 'learning_rate': 0.12991975341637466, 'subsample': 0.6386383038974965, 'colsample_bytree': 0.81803046144578, 'min_child_weight': 3, 'reg_alpha': 0.3120754415582938, 'reg_lambda': 0.8279070468809645}. Best is trial 0 with value: 1.3710527403440291.
[I 2026-04-12 01:44:12,156] Trial 2 finished with value: 1.3964812107509992 and parameters: {'n_estimators': 873, 'max_depth': 7, 'learning_rate': 0.04184692462506084, 'subsample': 0.8236782257954353, 'colsample_bytree': 0.6812371218595195, 'min_child_weight': 4, 'reg_alpha': 0.8926866383056794, 'reg_lambda': 0.6824995907164668}. Best is trial 0 with value: 1.3710527403440291.
[I 2026-04-12 01:44:22,869] Trial 3 finished with value: 1.3914115049720328 and parameters: {'n_estimators': 631, 'max_depth': 10, 'learning_rate': 0.03403456806191468, 'subsample': 0.9981950370339452, 'colsample_bytree': 0.6203532820356074, 'min_child_weight': 9, 'reg_alpha': 0.021219099664795182, 'reg_lambda': 0.6570372389050956}. Best is trial 0 with value: 1.3710527403440291.
[I 2026-04-12 01:44:27,307] Trial 4 finished with value: 1.3695056757717037 and parameters: {'n_estimators': 894, 'max_depth': 3, 'learning_rate': 0.058821438417512834, 'subsample': 0.8270482286760996, 'colsample_bytree': 0.7724870944348252, 'min_child_weight': 4, 'reg_alpha': 0.4518843095927335, 'reg_lambda': 0.636117025365974}. Best is trial 4 with value: 1.3695056757717037.
[I 2026-04-12 01:44:28,369] Trial 5 finished with value: 1.3634788190982323 and parameters: {'n_estimators': 174, 'max_depth': 3, 'learning_rate': 0.1324784535272632, 'subsample': 0.7502271790959842, 'colsample_bytree': 0.6405850192950809, 'min_child_weight': 8, 'reg_alpha': 0.06926932181012335, 'reg_lambda': 0.5994914382567912}. Best is trial 5 with value: 1.3634788190982323.
[I 2026-04-12 01:44:35,425] Trial 6 finished with value: 1.3609986198995663 and parameters: {'n_estimators': 990, 'max_depth': 5, 'learning_rate': 0.01284323677807032, 'subsample': 0.7444723465395305, 'colsample_bytree': 0.8900450005369096, 'min_child_weight': 1, 'reg_alpha': 0.22688288946664992, 'reg_lambda': 0.6177384156546175}. Best is trial 6 with value: 1.3609986198995663.
[I 2026-04-12 01:44:49,254] Trial 7 finished with value: 1.419781873399027 and parameters: {'n_estimators': 590, 'max_depth': 9, 'learning_rate': 0.0827043132027668, 'subsample': 0.9491804446396896, 'colsample_bytree': 0.9944210845118956, 'min_child_weight': 1, 'reg_alpha': 0.4232776817318843, 'reg_lambda': 0.6032942055076389}. Best is trial 6 with value: 1.3609986198995663.
[I 2026-04-12 01:44:51,705] Trial 8 finished with value: 1.3574735849588844 and parameters: {'n_estimators': 386, 'max_depth': 4, 'learning_rate': 0.026900109808562202, 'subsample': 0.7914946666538433, 'colsample_bytree': 0.7699065781809517, 'min_child_weight': 3, 'reg_alpha': 0.6517607448881761, 'reg_lambda': 0.6840227206062066}. Best is trial 8 with value: 1.3574735849588844.
[I 2026-04-12 01:44:57,817] Trial 9 finished with value: 1.3969478260093868 and parameters: {'n_estimators': 762, 'max_depth': 6, 'learning_rate': 0.06961964348964271, 'subsample': 0.8862269783761386, 'colsample_bytree': 0.6611765030802712, 'min_child_weight': 8, 'reg_alpha': 0.4823700110915341, 'reg_lambda': 0.41478200206209204}. Best is trial 8 with value: 1.3574735849588844.
[I 2026-04-12 01:45:00,144] Trial 10 finished with value: 1.4539727915085996 and parameters: {'n_estimators': 310, 'max_depth': 5, 'learning_rate': 0.24523487873720046, 'subsample': 0.7161584008643228, 'colsample_bytree': 0.7578573058194654, 'min_child_weight': 6, 'reg_alpha': 0.772462354193042, 'reg_lambda': 0.02813671546319929}. Best is trial 8 with value: 1.3574735849588844.
[I 2026-04-12 01:45:03,096] Trial 11 finished with value: 1.3591058634087703 and parameters: {'n_estimators': 347, 'max_depth': 5, 'learning_rate': 0.012969116741677998, 'subsample': 0.7311702166662174, 'colsample_bytree': 0.8778668107563963, 'min_child_weight': 1, 'reg_alpha': 0.7111247257329976, 'reg_lambda': 0.3938807653129977}. Best is trial 8 with value: 1.3574735849588844.
[I 2026-04-12 01:45:05,866] Trial 12 finished with value: 1.3585798611049642 and parameters: {'n_estimators': 383, 'max_depth': 4, 'learning_rate': 0.011078421529974689, 'subsample': 0.6897404561467688, 'colsample_bytree': 0.878221011148675, 'min_child_weight': 2, 'reg_alpha': 0.681060563787868, 'reg_lambda': 0.39985574910464433}. Best is trial 8 with value: 1.3574735849588844.
[I 2026-04-12 01:45:08,585] Trial 13 finished with value: 1.3584473009069158 and parameters: {'n_estimators': 414, 'max_depth': 4, 'learning_rate': 0.023718509846490095, 'subsample': 0.6694485600907998, 'colsample_bytree': 0.929806617806434, 'min_child_weight': 3, 'reg_alpha': 0.654505495308939, 'reg_lambda': 0.2198977054217734}. Best is trial 8 with value: 1.3574735849588844.
