[I 2026-04-12 12:39:15,772] Trial 26 finished with value: 0.7570722906811407 and parameters: {'n_estimators': 632, 'max_depth': 5, 'learning_rate': 0.0139683263658889, 'subsample': 0.7238646130317485, 'colsample_bytree': 0.8188965321519258, 'min_child_weight': 3, 'reg_alpha': 0.24126343129895694, 'reg_lambda': 0.6386839851068984}. Best is trial 21 with value: 0.7580000314012871.
[I 2026-04-12 12:39:25,968] Trial 27 finished with value: 0.756772727809705 and parameters: {'n_estimators': 454, 'max_depth': 3, 'learning_rate': 0.0280798727972976, 'subsample': 0.7827066845539535, 'colsample_bytree': 0.9200621923102297, 'min_child_weight': 5, 'reg_alpha': 0.11651642971018905, 'reg_lambda': 0.8019415922229389}. Best is trial 21 with value: 0.7580000314012871.
[I 2026-04-12 12:39:42,064] Trial 28 finished with value: 0.7574348758345277 and parameters: {'n_estimators': 571, 'max_depth': 4, 'learning_rate': 0.018328982900026058, 'subsample': 0.8588467569809102, 'colsample_bytree': 0.9696402474033397, 'min_child_weight': 6, 'reg_alpha': 0.07282896991252924, 'reg_lambda': 0.9808081084598492}. Best is trial 21 with value: 0.7580000314012871.
[I 2026-04-12 12:39:55,787] Trial 29 finished with value: 0.7572554085210281 and parameters: {'n_estimators': 538, 'max_depth': 4, 'learning_rate': 0.027480871190710805, 'subsample': 0.7230714127615859, 'colsample_bytree': 0.7688343163928472, 'min_child_weight': 8, 'reg_alpha': 0.16869262161152782, 'reg_lambda': 0.6116151709152257}. Best is trial 21 with value: 0.7580000314012871.
[optuna] Best params: {'n_estimators': 487, 'max_depth': 5, 'learning_rate': 0.01653677580474115, 'subsample': 0.725643424118126, 'colsample_bytree': 0.946028031290856, 'min_child_weight': 6, 'reg_alpha': 0.013672027771084554, 'reg_lambda': 0.7207540678211111}
[wf] turnovers: auc_raw=0.730 brier_raw=0.209 auc_cal=0.721 brier_cal=0.203 folds=5
[optuna] Optimizing hyperparameters for turnovers regression...
[I 2026-04-12 12:54:15,564] A new study created in memory with name: no-name-4ff913f8-deef-407f-8d6a-b4c7a74509b0
[I 2026-04-12 12:54:45,224] Trial 0 finished with value: 1.327792124152017 and parameters: {'n_estimators': 481, 'max_depth': 10, 'learning_rate': 0.09602630122471965, 'subsample': 0.7662476892255513, 'colsample_bytree': 0.7254124615718819, 'min_child_weight': 2, 'reg_alpha': 0.31449465903720697, 'reg_lambda': 0.13499378779328586}. Best is trial 0 with value: 1.327792124152017.
[I 2026-04-12 12:55:24,315] Trial 1 finished with value: 1.3533392790546266 and parameters: {'n_estimators': 546, 'max_depth': 10, 'learning_rate': 0.13692145937867425, 'subsample': 0.6520409355348864, 'colsample_bytree': 0.9295240381681029, 'min_child_weight': 1, 'reg_alpha': 0.23049256503052906, 'reg_lambda': 0.4354255420404759}. Best is trial 0 with value: 1.327792124152017.
[I 2026-04-12 12:55:35,413] Trial 2 finished with value: 1.262628561576616 and parameters: {'n_estimators': 550, 'max_depth': 7, 'learning_rate': 0.04185908528532036, 'subsample': 0.7632955146426726, 'colsample_bytree': 0.8070499127004258, 'min_child_weight': 2, 'reg_alpha': 0.24344386813050656, 'reg_lambda': 0.8168599252320602}. Best is trial 2 with value: 1.262628561576616.
[I 2026-04-12 12:55:52,200] Trial 3 finished with value: 1.2766055920606505 and parameters: {'n_estimators': 779, 'max_depth': 7, 'learning_rate': 0.04863503611517491, 'subsample': 0.8173544282236634, 'colsample_bytree': 0.6999177004797831, 'min_child_weight': 2, 'reg_alpha': 0.43269336295610905, 'reg_lambda': 0.6860277392245983}. Best is trial 2 with value: 1.262628561576616.
[I 2026-04-12 12:55:59,845] Trial 4 finished with value: 1.2976593644934777 and parameters: {'n_estimators': 789, 'max_depth': 4, 'learning_rate': 0.13115593452845437, 'subsample': 0.6433848225915844, 'colsample_bytree': 0.7357532598917434, 'min_child_weight': 10, 'reg_alpha': 0.26676804002222043, 'reg_lambda': 0.9719126359779949}. Best is trial 2 with value: 1.262628561576616.
[I 2026-04-12 12:56:08,142] Trial 5 finished with value: 1.2836686963659538 and parameters: {'n_estimators': 196, 'max_depth': 10, 'learning_rate': 0.06508312254719462, 'subsample': 0.9593603126547201, 'colsample_bytree': 0.9465908955576097, 'min_child_weight': 10, 'reg_alpha': 0.438005563157299, 'reg_lambda': 0.035643971204465275}. Best is trial 2 with value: 1.262628561576616.
[I 2026-04-12 12:56:46,853] Trial 6 finished with value: 1.2694843086610423 and parameters: {'n_estimators': 818, 'max_depth': 10, 'learning_rate': 0.01953677213402803, 'subsample': 0.8678436498044009, 'colsample_bytree': 0.9224501563865639, 'min_child_weight': 6, 'reg_alpha': 0.11513815840979946, 'reg_lambda': 0.9739407838250552}. Best is trial 2 with value: 1.262628561576616.
[I 2026-04-12 12:56:54,050] Trial 7 finished with value: 1.2489873345815772 and parameters: {'n_estimators': 822, 'max_depth': 3, 'learning_rate': 0.010149750341870016, 'subsample': 0.8924707750541645, 'colsample_bytree': 0.8032398216876628, 'min_child_weight': 1, 'reg_alpha': 0.25370666976875667, 'reg_lambda': 0.9975099112660204}. Best is trial 7 with value: 1.2489873345815772.
[I 2026-04-12 12:57:01,354] Trial 8 finished with value: 1.3617800736073575 and parameters: {'n_estimators': 231, 'max_depth': 9, 'learning_rate': 0.20121544695215052, 'subsample': 0.7502254838093588, 'colsample_bytree': 0.6336420864789092, 'min_child_weight': 9, 'reg_alpha': 0.7494935395895913, 'reg_lambda': 0.975203072455891}. Best is trial 7 with value: 1.2489873345815772.
[I 2026-04-12 12:57:13,443] Trial 9 finished with value: 1.3153854094091608 and parameters: {'n_estimators': 328, 'max_depth': 9, 'learning_rate': 0.09573620960035255, 'subsample': 0.6492515722548414, 'colsample_bytree': 0.7330909196148827, 'min_child_weight': 5, 'reg_alpha': 0.6926856185628716, 'reg_lambda': 0.31968748469586794}. Best is trial 7 with value: 1.2489873345815772.
[I 2026-04-12 12:57:22,228] Trial 10 finished with value: 1.2492132867137848 and parameters: {'n_estimators': 971, 'max_depth': 3, 'learning_rate': 0.010752037548328925, 'subsample': 0.9981537688740328, 'colsample_bytree': 0.8439300828079273, 'min_child_weight': 5, 'reg_alpha': 0.00488251545732965, 'reg_lambda': 0.6310455298515224}. Best is trial 7 with value: 1.2489873345815772.
[I 2026-04-12 12:57:31,796] Trial 11 finished with value: 1.2488189996108292 and parameters: {'n_estimators': 992, 'max_depth': 3, 'learning_rate': 0.01002962792908547, 'subsample': 0.9883939301295113, 'colsample_bytree': 0.8476303204403902, 'min_child_weight': 5, 'reg_alpha': 0.010904516789124996, 'reg_lambda': 0.6809716867967774}. Best is trial 11 with value: 1.2488189996108292.
[I 2026-04-12 12:57:44,408] Trial 12 finished with value: 1.2468212318670742 and parameters: {'n_estimators': 987, 'max_depth': 5, 'learning_rate': 0.010754192458101436, 'subsample': 0.9016150559710884, 'colsample_bytree': 0.8550472440466245, 'min_child_weight': 7, 'reg_alpha': 0.977370904549772, 'reg_lambda': 0.7771209206581345}. Best is trial 12 with value: 1.2468212318670742.
[I 2026-04-12 12:57:55,945] Trial 13 finished with value: 1.2482279636324258 and parameters: {'n_estimators': 991, 'max_depth': 5, 'learning_rate': 0.020943959252299978, 'subsample': 0.9228116791997875, 'colsample_bytree': 0.8754559530473668, 'min_child_weight': 7, 'reg_alpha': 0.9773657432284222, 'reg_lambda': 0.7406835278535261}. Best is trial 12 with value: 1.2468212318670742.
[I 2026-04-12 12:58:05,797] Trial 14 finished with value: 1.250968896919508 and parameters: {'n_estimators': 687, 'max_depth': 5, 'learning_rate': 0.022271250765760482, 'subsample': 0.9196456690626537, 'colsample_bytree': 0.9954937628776108, 'min_child_weight': 7, 'reg_alpha': 0.9974655227600687, 'reg_lambda': 0.7835668968061831}. Best is trial 12 with value: 1.2468212318670742.
[I 2026-04-12 12:58:19,463] Trial 15 finished with value: 1.2493452479282023 and parameters: {'n_estimators': 918, 'max_depth': 5, 'learning_rate': 0.021409852066442987, 'subsample': 0.8399620745452264, 'colsample_bytree': 0.8829767575703941, 'min_child_weight': 8, 'reg_alpha': 0.9922553495165799, 'reg_lambda': 0.5344694528957145}. Best is trial 12 with value: 1.2468212318670742.
[I 2026-04-12 12:58:30,824] Trial 16 finished with value: 1.249300646207258 and parameters: {'n_estimators': 669, 'max_depth': 6, 'learning_rate': 0.016487953928262047, 'subsample': 0.9291544667615129, 'colsample_bytree': 0.8632030635769101, 'min_child_weight': 7, 'reg_alpha': 0.8296054750155967, 'reg_lambda': 0.8334423269695458}. Best is trial 12 with value: 1.2468212318670742.
[I 2026-04-12 12:58:36,950] Trial 17 finished with value: 1.2501480269868135 and parameters: {'n_estimators': 398, 'max_depth': 6, 'learning_rate': 0.030913032740666164, 'subsample': 0.8887335980677344, 'colsample_bytree': 0.7781144876717454, 'min_child_weight': 4, 'reg_alpha': 0.8600861500002664, 'reg_lambda': 0.5238605581004642}. Best is trial 12 with value: 1.2468212318670742.
[I 2026-04-12 12:58:47,634] Trial 18 finished with value: 1.2490309644527984 and parameters: {'n_estimators': 884, 'max_depth': 5, 'learning_rate': 0.01373054519104363, 'subsample': 0.7110677158674029, 'colsample_bytree': 0.8961044828021192, 'min_child_weight': 7, 'reg_alpha': 0.6130895594438317, 'reg_lambda': 0.3650514919021869}. Best is trial 12 with value: 1.2468212318670742.
[I 2026-04-12 12:58:54,300] Trial 19 finished with value: 1.2465248423377 and parameters: {'n_estimators': 672, 'max_depth': 4, 'learning_rate': 0.03159061701125955, 'subsample': 0.8385789082993755, 'colsample_bytree': 0.9855788345040205, 'min_child_weight': 8, 'reg_alpha': 0.8775644976821606, 'reg_lambda': 0.7663413010183452}. Best is trial 19 with value: 1.2465248423377.
[I 2026-04-12 12:59:01,533] Trial 20 finished with value: 1.2493358083900346 and parameters: {'n_estimators': 726, 'max_depth': 4, 'learning_rate': 0.03383185286677689, 'subsample': 0.8103850316021844, 'colsample_bytree': 0.9995398751786042, 'min_child_weight': 9, 'reg_alpha': 0.8764686811962069, 'reg_lambda': 0.8735992870354553}. Best is trial 19 with value: 1.2465248423377.
[I 2026-04-12 12:59:10,560] Trial 21 finished with value: 1.2477659007067006 and parameters: {'n_estimators': 895, 'max_depth': 4, 'learning_rate': 0.029153819218828817, 'subsample': 0.8555710049134815, 'colsample_bytree': 0.9681361410996694, 'min_child_weight': 8, 'reg_alpha': 0.9197827411468975, 'reg_lambda': 0.7373054888456833}. Best is trial 19 with value: 1.2465248423377.
[I 2026-04-12 12:59:17,189] Trial 22 finished with value: 1.2487527627046406 and parameters: {'n_estimators': 643, 'max_depth': 4, 'learning_rate': 0.03215592617006832, 'subsample': 0.8539271486543891, 'colsample_bytree': 0.9635963422746586, 'min_child_weight': 8, 'reg_alpha': 0.5948307460140203, 'reg_lambda': 0.6159037187887293}. Best is trial 19 with value: 1.2465248423377.
[I 2026-04-12 12:59:25,761] Trial 23 finished with value: 1.2565438102843232 and parameters: {'n_estimators': 888, 'max_depth': 4, 'learning_rate': 0.06310024303099666, 'subsample': 0.8341224760716841, 'colsample_bytree': 0.9712894683563613, 'min_child_weight': 8, 'reg_alpha': 0.7797304860732779, 'reg_lambda': 0.7644264649418834}. Best is trial 19 with value: 1.2465248423377.
[I 2026-04-12 12:59:35,574] Trial 24 finished with value: 1.2483132697399477 and parameters: {'n_estimators': 600, 'max_depth': 6, 'learning_rate': 0.01454650305248346, 'subsample': 0.8705597554222108, 'colsample_bytree': 0.9164464939127032, 'min_child_weight': 9, 'reg_alpha': 0.8809103464689028, 'reg_lambda': 0.8683299292074922}. Best is trial 19 with value: 1.2465248423377.
[I 2026-04-12 12:59:44,428] Trial 25 finished with value: 1.2486553930972284 and parameters: {'n_estimators': 903, 'max_depth': 4, 'learning_rate': 0.0270605964010149, 'subsample': 0.7738617731192385, 'colsample_bytree': 0.9652296783296064, 'min_child_weight': 6, 'reg_alpha': 0.9133348866302387, 'reg_lambda': 0.5923463883205756}. Best is trial 19 with value: 1.2465248423377.
[I 2026-04-12 12:59:52,938] Trial 26 finished with value: 1.2537980550936547 and parameters: {'n_estimators': 742, 'max_depth': 5, 'learning_rate': 0.042552437372343876, 'subsample': 0.9512655733240541, 'colsample_bytree': 0.9074964227829646, 'min_child_weight': 8, 'reg_alpha': 0.7016218674842611, 'reg_lambda': 0.8989352242218988}. Best is trial 19 with value: 1.2465248423377.
[I 2026-04-12 13:00:01,455] Trial 27 finished with value: 1.2515458886727089 and parameters: {'n_estimators': 850, 'max_depth': 3, 'learning_rate': 0.07569522805434128, 'subsample': 0.7943291325685072, 'colsample_bytree': 0.6198665520971023, 'min_child_weight': 6, 'reg_alpha': 0.9328868893959321, 'reg_lambda': 0.704985622893343}. Best is trial 19 with value: 1.2465248423377.
[I 2026-04-12 13:00:23,790] Trial 28 finished with value: 1.4195808585809582 and parameters: {'n_estimators': 928, 'max_depth': 7, 'learning_rate': 0.2973664620080327, 'subsample': 0.8857443776236502, 'colsample_bytree': 0.8255422656006349, 'min_child_weight': 4, 'reg_alpha': 0.7969004103797045, 'reg_lambda': 0.46958283571180676}. Best is trial 19 with value: 1.2465248423377.
[I 2026-04-12 13:00:30,002] Trial 29 finished with value: 1.2475739595988689 and parameters: {'n_estimators': 588, 'max_depth': 4, 'learning_rate': 0.03761974961143057, 'subsample': 0.7165264820176523, 'colsample_bytree': 0.7729128801325916, 'min_child_weight': 9, 'reg_alpha': 0.6008478551308339, 'reg_lambda': 0.19849365186472717}. Best is trial 19 with value: 1.2465248423377.
[optuna] Best params: {'n_estimators': 672, 'max_depth': 4, 'learning_rate': 0.03159061701125955, 'subsample': 0.8385789082993755, 'colsample_bytree': 0.9855788345040205, 'min_child_weight': 8, 'reg_alpha': 0.8775644976821606, 'reg_lambda': 0.7663413010183452}
[optuna] Optimizing hyperparameters for turnovers classification...
[I 2026-04-12 13:13:21,605] A new study created in memory with name: no-name-e19a7cf0-3274-4b41-a3cf-cb3fe0c2634a
[I 2026-04-12 13:13:40,569] Trial 0 finished with value: 0.7354661694472822 and parameters: {'n_estimators': 706, 'max_depth': 6, 'learning_rate': 0.07316810535154256, 'subsample': 0.9763107650803398, 'colsample_bytree': 0.9637494878349899, 'min_child_weight': 4, 'reg_alpha': 0.3334220339598444, 'reg_lambda': 0.11768733692075595}. Best is trial 0 with value: 0.7354661694472822.
[I 2026-04-12 13:14:06,748] Trial 1 finished with value: 0.7305975853254049 and parameters: {'n_estimators': 805, 'max_depth': 7, 'learning_rate': 0.08639360032198003, 'subsample': 0.6679536094891034, 'colsample_bytree': 0.8798231775958076, 'min_child_weight': 10, 'reg_alpha': 0.6584951564368833, 'reg_lambda': 0.4394717892532679}. Best is trial 0 with value: 0.7354661694472822.
[I 2026-04-12 13:14:33,298] Trial 2 finished with value: 0.723156914765652 and parameters: {'n_estimators': 492, 'max_depth': 10, 'learning_rate': 0.15864698112293263, 'subsample': 0.7329809593162527, 'colsample_bytree': 0.8119154547818836, 'min_child_weight': 10, 'reg_alpha': 0.5998723196001576, 'reg_lambda': 0.3863416917590682}. Best is trial 0 with value: 0.7354661694472822.
[I 2026-04-12 13:14:52,408] Trial 3 finished with value: 0.737554016282517 and parameters: {'n_estimators': 543, 'max_depth': 7, 'learning_rate': 0.07014954178339831, 'subsample': 0.9081332519434513, 'colsample_bytree': 0.7807403458461232, 'min_child_weight': 7, 'reg_alpha': 0.6901015023123572, 'reg_lambda': 0.344542390362679}. Best is trial 3 with value: 0.737554016282517.
[I 2026-04-12 13:15:25,492] Trial 4 finished with value: 0.7349583363370888 and parameters: {'n_estimators': 549, 'max_depth': 10, 'learning_rate': 0.04968168617733199, 'subsample': 0.983265152060856, 'colsample_bytree': 0.8051417230874988, 'min_child_weight': 8, 'reg_alpha': 0.289093007989187, 'reg_lambda': 0.8866974210075785}. Best is trial 3 with value: 0.737554016282517.
[I 2026-04-12 13:16:01,651] Trial 5 finished with value: 0.7360534659178708 and parameters: {'n_estimators': 709, 'max_depth': 8, 'learning_rate': 0.055128620151150526, 'subsample': 0.6591200552377203, 'colsample_bytree': 0.9583205899656234, 'min_child_weight': 3, 'reg_alpha': 0.2958324898979985, 'reg_lambda': 0.9445439782436946}. Best is trial 3 with value: 0.737554016282517.
[I 2026-04-12 13:16:27,607] Trial 6 finished with value: 0.7449795134293735 and parameters: {'n_estimators': 976, 'max_depth': 4, 'learning_rate': 0.07007977159508068, 'subsample': 0.6594781096697026, 'colsample_bytree': 0.8183095996134887, 'min_child_weight': 7, 'reg_alpha': 0.77733966847533, 'reg_lambda': 0.8851949090074541}. Best is trial 6 with value: 0.7449795134293735.
[I 2026-04-12 13:16:32,494] Trial 7 finished with value: 0.7422323046230138 and parameters: {'n_estimators': 113, 'max_depth': 4, 'learning_rate': 0.021905235187213684, 'subsample': 0.7635433087542993, 'colsample_bytree': 0.6189116608863472, 'min_child_weight': 8, 'reg_alpha': 0.7908965889457859, 'reg_lambda': 0.8839000018669156}. Best is trial 6 with value: 0.7449795134293735.
[I 2026-04-12 13:16:41,161] Trial 8 finished with value: 0.7525441658802164 and parameters: {'n_estimators': 311, 'max_depth': 3, 'learning_rate': 0.05360984008415663, 'subsample': 0.9588602665891905, 'colsample_bytree': 0.944973376181511, 'min_child_weight': 5, 'reg_alpha': 0.2178079892621193, 'reg_lambda': 0.6040374530774509}. Best is trial 8 with value: 0.7525441658802164.
[I 2026-04-12 13:16:55,599] Trial 9 finished with value: 0.7354789986992576 and parameters: {'n_estimators': 282, 'max_depth': 8, 'learning_rate': 0.09140880980451811, 'subsample': 0.6747110540092016, 'colsample_bytree': 0.6132154851511369, 'min_child_weight': 4, 'reg_alpha': 0.3427124402944224, 'reg_lambda': 0.8431849556361402}. Best is trial 8 with value: 0.7525441658802164.
[I 2026-04-12 13:17:05,392] Trial 10 finished with value: 0.7463256406538428 and parameters: {'n_estimators': 315, 'max_depth': 3, 'learning_rate': 0.01567716442512233, 'subsample': 0.8533831137706793, 'colsample_bytree': 0.7134293441550916, 'min_child_weight': 1, 'reg_alpha': 0.02508560176957031, 'reg_lambda': 0.6767241654038246}. Best is trial 8 with value: 0.7525441658802164.
[I 2026-04-12 13:17:13,679] Trial 11 finished with value: 0.7396745992634326 and parameters: {'n_estimators': 283, 'max_depth': 3, 'learning_rate': 0.01023248386366248, 'subsample': 0.8628318561457715, 'colsample_bytree': 0.7132866465442024, 'min_child_weight': 1, 'reg_alpha': 0.016848743668250177, 'reg_lambda': 0.6110342527212721}. Best is trial 8 with value: 0.7525441658802164.
[I 2026-04-12 13:17:22,922] Trial 12 finished with value: 0.7500355195801892 and parameters: {'n_estimators': 337, 'max_depth': 3, 'learning_rate': 0.02497289939971211, 'subsample': 0.8594194101178958, 'colsample_bytree': 0.7044484150914133, 'min_child_weight': 1, 'reg_alpha': 0.006965257632404909, 'reg_lambda': 0.6391991841435376}. Best is trial 8 with value: 0.7525441658802164.
[I 2026-04-12 13:17:37,008] Trial 13 finished with value: 0.751798825341373 and parameters: {'n_estimators': 408, 'max_depth': 5, 'learning_rate': 0.026198681677406986, 'subsample': 0.9135098525604419, 'colsample_bytree': 0.8974344366766341, 'min_child_weight': 3, 'reg_alpha': 0.1621719269286137, 'reg_lambda': 0.647262740524003}. Best is trial 8 with value: 0.7525441658802164.
[I 2026-04-12 13:17:42,519] Trial 14 finished with value: 0.7500577706348152 and parameters: {'n_estimators': 130, 'max_depth': 5, 'learning_rate': 0.03509332401770515, 'subsample': 0.9291176676201593, 'colsample_bytree': 0.8970791185658716, 'min_child_weight': 5, 'reg_alpha': 0.1527344753811642, 'reg_lambda': 0.1702512525314947}. Best is trial 8 with value: 0.7525441658802164.
[I 2026-04-12 13:17:53,833] Trial 15 finished with value: 0.7250081080872484 and parameters: {'n_estimators': 378, 'max_depth': 5, 'learning_rate': 0.29711158298389956, 'subsample': 0.921651082020692, 'colsample_bytree': 0.9940966506425868, 'min_child_weight': 3, 'reg_alpha': 0.500609718181946, 'reg_lambda': 0.732359129448779}. Best is trial 8 with value: 0.7525441658802164.
[I 2026-04-12 13:18:07,143] Trial 16 finished with value: 0.7512212791022856 and parameters: {'n_estimators': 410, 'max_depth': 5, 'learning_rate': 0.03479202928976596, 'subsample': 0.9978331032127301, 'colsample_bytree': 0.8889190696405839, 'min_child_weight': 6, 'reg_alpha': 0.9504208647560937, 'reg_lambda': 0.548804803015784}. Best is trial 8 with value: 0.7525441658802164.
[I 2026-04-12 13:18:13,149] Trial 17 finished with value: 0.7484826997639746 and parameters: {'n_estimators': 204, 'max_depth': 4, 'learning_rate': 0.14525116006174155, 'subsample': 0.8253293579918738, 'colsample_bytree': 0.920497182497596, 'min_child_weight': 3, 'reg_alpha': 0.1755396066775847, 'reg_lambda': 0.7717939167421318}. Best is trial 8 with value: 0.7525441658802164.
[I 2026-04-12 13:18:35,692] Trial 18 finished with value: 0.7492157775906099 and parameters: {'n_estimators': 656, 'max_depth': 6, 'learning_rate': 0.03504299637465414, 'subsample': 0.9436610887353729, 'colsample_bytree': 0.8565955970236592, 'min_child_weight': 5, 'reg_alpha': 0.16034446131687238, 'reg_lambda': 0.271295427691145}. Best is trial 8 with value: 0.7525441658802164.
[I 2026-04-12 13:18:49,875] Trial 19 finished with value: 0.7516770808718276 and parameters: {'n_estimators': 437, 'max_depth': 4, 'learning_rate': 0.015571235266888491, 'subsample': 0.6005248415701804, 'colsample_bytree': 0.9413599472189951, 'min_child_weight': 2, 'reg_alpha': 0.44363966641235164, 'reg_lambda': 0.5182713540424684}. Best is trial 8 with value: 0.7525441658802164.
[I 2026-04-12 13:18:56,548] Trial 20 finished with value: 0.749014257753261 and parameters: {'n_estimators': 191, 'max_depth': 5, 'learning_rate': 0.13099824585053732, 'subsample': 0.8983523076841732, 'colsample_bytree': 0.8505926816159378, 'min_child_weight': 4, 'reg_alpha': 0.4330878073807635, 'reg_lambda': 0.47320378223204296}. Best is trial 8 with value: 0.7525441658802164.
