[I 2026-04-12 17:12:41,034] Trial 22 finished with value: 1.2405066735743038 and parameters: {'n_estimators': 268, 'max_depth': 3, 'learning_rate': 0.037722413257932776, 'subsample': 0.6832285838467079, 'colsample_bytree': 0.68481732742298, 'min_child_weight': 8, 'reg_alpha': 0.8787127024743195, 'reg_lambda': 0.9925178707303028}. Best is trial 12 with value: 1.2387149677331806.
[I 2026-04-12 17:12:47,002] Trial 23 finished with value: 1.240828125411075 and parameters: {'n_estimators': 614, 'max_depth': 4, 'learning_rate': 0.026963102391104693, 'subsample': 0.732065630956437, 'colsample_bytree': 0.6266994394363811, 'min_child_weight': 7, 'reg_alpha': 0.9212361207804779, 'reg_lambda': 0.7988536763111679}. Best is trial 12 with value: 1.2387149677331806.
[I 2026-04-12 17:12:52,641] Trial 24 finished with value: 1.2512013944714335 and parameters: {'n_estimators': 501, 'max_depth': 5, 'learning_rate': 0.046276946609526574, 'subsample': 0.7755799169211217, 'colsample_bytree': 0.700648001010581, 'min_child_weight': 10, 'reg_alpha': 0.9826477147054166, 'reg_lambda': 0.8942257668472495}. Best is trial 12 with value: 1.2387149677331806.
[I 2026-04-12 17:12:55,803] Trial 25 finished with value: 1.2416349771945867 and parameters: {'n_estimators': 376, 'max_depth': 3, 'learning_rate': 0.06529672743828868, 'subsample': 0.8012860246897667, 'colsample_bytree': 0.6428735400199326, 'min_child_weight': 9, 'reg_alpha': 0.8557198299257482, 'reg_lambda': 0.9220836288765433}. Best is trial 12 with value: 1.2387149677331806.
[I 2026-04-12 17:13:00,418] Trial 26 finished with value: 1.2387988147241236 and parameters: {'n_estimators': 460, 'max_depth': 4, 'learning_rate': 0.019809541679520155, 'subsample': 0.6382850132663986, 'colsample_bytree': 0.60364148286044, 'min_child_weight': 6, 'reg_alpha': 0.6944293575706195, 'reg_lambda': 0.7682598560466687}. Best is trial 12 with value: 1.2387149677331806.
[I 2026-04-12 17:13:07,130] Trial 27 finished with value: 1.2399389938100005 and parameters: {'n_estimators': 708, 'max_depth': 4, 'learning_rate': 0.018807986070711595, 'subsample': 0.6408520603919879, 'colsample_bytree': 0.6013883101582687, 'min_child_weight': 6, 'reg_alpha': 0.6762706161521346, 'reg_lambda': 0.7390877168079274}. Best is trial 12 with value: 1.2387149677331806.
[I 2026-04-12 17:13:11,295] Trial 28 finished with value: 1.2386730698749069 and parameters: {'n_estimators': 212, 'max_depth': 7, 'learning_rate': 0.015667859038610395, 'subsample': 0.629325503869608, 'colsample_bytree': 0.665627354717943, 'min_child_weight': 5, 'reg_alpha': 0.7417937091905344, 'reg_lambda': 0.8055708027025261}. Best is trial 28 with value: 1.2386730698749069.
[I 2026-04-12 17:13:15,873] Trial 29 finished with value: 1.2408311178439702 and parameters: {'n_estimators': 229, 'max_depth': 7, 'learning_rate': 0.013559135937448343, 'subsample': 0.6250841312484712, 'colsample_bytree': 0.6703197624003415, 'min_child_weight': 4, 'reg_alpha': 0.6228173887141352, 'reg_lambda': 0.617629683917566}. Best is trial 28 with value: 1.2386730698749069.
[optuna] Best params: {'n_estimators': 212, 'max_depth': 7, 'learning_rate': 0.015667859038610395, 'subsample': 0.629325503869608, 'colsample_bytree': 0.665627354717943, 'min_child_weight': 5, 'reg_alpha': 0.7417937091905344, 'reg_lambda': 0.8055708027025261}
[optuna] Optimizing hyperparameters for stl_blk classification...
[I 2026-04-12 17:25:05,163] A new study created in memory with name: no-name-bfaa5761-f30a-42eb-82d4-4e7e7ce063e4
[I 2026-04-12 17:25:49,094] Trial 0 finished with value: 0.7153452187901252 and parameters: {'n_estimators': 904, 'max_depth': 10, 'learning_rate': 0.25780112559235174, 'subsample': 0.6812261093635151, 'colsample_bytree': 0.6388608822359239, 'min_child_weight': 6, 'reg_alpha': 0.3757446582615911, 'reg_lambda': 0.16547730390457882}. Best is trial 0 with value: 0.7153452187901252.
[I 2026-04-12 17:26:03,581] Trial 1 finished with value: 0.7459076873825141 and parameters: {'n_estimators': 661, 'max_depth': 3, 'learning_rate': 0.011453689613610346, 'subsample': 0.7442975936547075, 'colsample_bytree': 0.8389961527415386, 'min_child_weight': 1, 'reg_alpha': 0.6682305191659331, 'reg_lambda': 0.1244142314736062}. Best is trial 1 with value: 0.7459076873825141.
[I 2026-04-12 17:26:14,083] Trial 2 finished with value: 0.7457883213312566 and parameters: {'n_estimators': 188, 'max_depth': 8, 'learning_rate': 0.012572591451414029, 'subsample': 0.9373082850992914, 'colsample_bytree': 0.8042845591413582, 'min_child_weight': 6, 'reg_alpha': 0.4230399636831613, 'reg_lambda': 0.7361598724908844}. Best is trial 1 with value: 0.7459076873825141.
[I 2026-04-12 17:26:30,425] Trial 3 finished with value: 0.7188031433419062 and parameters: {'n_estimators': 652, 'max_depth': 5, 'learning_rate': 0.20221649811062098, 'subsample': 0.9293373449204694, 'colsample_bytree': 0.6043182641537345, 'min_child_weight': 6, 'reg_alpha': 0.7315605961060939, 'reg_lambda': 0.3209256746388348}. Best is trial 1 with value: 0.7459076873825141.
[I 2026-04-12 17:26:53,262] Trial 4 finished with value: 0.7475663240978996 and parameters: {'n_estimators': 941, 'max_depth': 3, 'learning_rate': 0.014577198717066453, 'subsample': 0.6301864994609883, 'colsample_bytree': 0.7216847353578547, 'min_child_weight': 2, 'reg_alpha': 0.17422153813051566, 'reg_lambda': 0.7688516762744095}. Best is trial 4 with value: 0.7475663240978996.
[I 2026-04-12 17:27:08,757] Trial 5 finished with value: 0.7136805746197203 and parameters: {'n_estimators': 441, 'max_depth': 7, 'learning_rate': 0.18531682778818748, 'subsample': 0.8430191263214994, 'colsample_bytree': 0.8632715092973932, 'min_child_weight': 9, 'reg_alpha': 0.4127098695608469, 'reg_lambda': 0.51555867608932}. Best is trial 4 with value: 0.7475663240978996.
[I 2026-04-12 17:27:28,604] Trial 6 finished with value: 0.7456996573311768 and parameters: {'n_estimators': 834, 'max_depth': 4, 'learning_rate': 0.0384225731060557, 'subsample': 0.995258005572712, 'colsample_bytree': 0.8373917935030779, 'min_child_weight': 7, 'reg_alpha': 0.4574275070035466, 'reg_lambda': 0.344059145806315}. Best is trial 4 with value: 0.7475663240978996.
[I 2026-04-12 17:28:28,882] Trial 7 finished with value: 0.7201030905382935 and parameters: {'n_estimators': 669, 'max_depth': 9, 'learning_rate': 0.27041525549933015, 'subsample': 0.6541223813177064, 'colsample_bytree': 0.9970546573409917, 'min_child_weight': 1, 'reg_alpha': 0.7548287749455513, 'reg_lambda': 0.4742158902718433}. Best is trial 4 with value: 0.7475663240978996.
[I 2026-04-12 17:28:48,495] Trial 8 finished with value: 0.7420403871943015 and parameters: {'n_estimators': 207, 'max_depth': 7, 'learning_rate': 0.062368160071220355, 'subsample': 0.9464105889341902, 'colsample_bytree': 0.7286275050341435, 'min_child_weight': 9, 'reg_alpha': 0.9132155877004621, 'reg_lambda': 0.013824910017763758}. Best is trial 4 with value: 0.7475663240978996.
[I 2026-04-12 17:29:36,196] Trial 9 finished with value: 0.7446909636261282 and parameters: {'n_estimators': 811, 'max_depth': 7, 'learning_rate': 0.021896625548667167, 'subsample': 0.6251680841040059, 'colsample_bytree': 0.6431071138354034, 'min_child_weight': 4, 'reg_alpha': 0.2538608636907136, 'reg_lambda': 0.7191924566914402}. Best is trial 4 with value: 0.7475663240978996.
[I 2026-04-12 17:30:10,131] Trial 10 finished with value: 0.733900395759554 and parameters: {'n_estimators': 988, 'max_depth': 5, 'learning_rate': 0.07327924878435388, 'subsample': 0.7808745595246962, 'colsample_bytree': 0.7340407011737838, 'min_child_weight': 3, 'reg_alpha': 0.031354586407697005, 'reg_lambda': 0.9956091588307747}. Best is trial 4 with value: 0.7475663240978996.
[I 2026-04-12 17:30:25,208] Trial 11 finished with value: 0.7439891966300959 and parameters: {'n_estimators': 429, 'max_depth': 3, 'learning_rate': 0.010528003479203928, 'subsample': 0.735862092011818, 'colsample_bytree': 0.9135970834116022, 'min_child_weight': 1, 'reg_alpha': 0.007230185784099286, 'reg_lambda': 0.8068296811220679}. Best is trial 4 with value: 0.7475663240978996.
[I 2026-04-12 17:30:45,182] Trial 12 finished with value: 0.7475584528228235 and parameters: {'n_estimators': 691, 'max_depth': 3, 'learning_rate': 0.021043050778359978, 'subsample': 0.7433111080801913, 'colsample_bytree': 0.7335059132091539, 'min_child_weight': 3, 'reg_alpha': 0.6466030769277463, 'reg_lambda': 0.5949241264639606}. Best is trial 4 with value: 0.7475663240978996.
[I 2026-04-12 17:31:10,773] Trial 13 finished with value: 0.7463251830752546 and parameters: {'n_estimators': 773, 'max_depth': 5, 'learning_rate': 0.023646638036436927, 'subsample': 0.8401886304414297, 'colsample_bytree': 0.7353527488025333, 'min_child_weight': 3, 'reg_alpha': 0.19824598616509534, 'reg_lambda': 0.5983116455803034}. Best is trial 4 with value: 0.7475663240978996.
[I 2026-04-12 17:31:37,490] Trial 14 finished with value: 0.7472381938867485 and parameters: {'n_estimators': 988, 'max_depth': 3, 'learning_rate': 0.02136391345314434, 'subsample': 0.7086598291087881, 'colsample_bytree': 0.6893652491032068, 'min_child_weight': 3, 'reg_alpha': 0.5891008779386914, 'reg_lambda': 0.9502731385068739}. Best is trial 4 with value: 0.7475663240978996.
[I 2026-04-12 17:31:56,509] Trial 15 finished with value: 0.7468658050864132 and parameters: {'n_estimators': 507, 'max_depth': 4, 'learning_rate': 0.03939245142525088, 'subsample': 0.6079110207849918, 'colsample_bytree': 0.7686081484747335, 'min_child_weight': 4, 'reg_alpha': 0.8538266156378387, 'reg_lambda': 0.8395757487362954}. Best is trial 4 with value: 0.7475663240978996.
[I 2026-04-12 17:32:08,322] Trial 16 finished with value: 0.7466521713397625 and parameters: {'n_estimators': 317, 'max_depth': 4, 'learning_rate': 0.018478938965864153, 'subsample': 0.8021125018749359, 'colsample_bytree': 0.6994160513060875, 'min_child_weight': 2, 'reg_alpha': 0.1928525396262416, 'reg_lambda': 0.606390978507897}. Best is trial 4 with value: 0.7475663240978996.
[I 2026-04-12 17:32:35,735] Trial 17 finished with value: 0.725493661902487 and parameters: {'n_estimators': 713, 'max_depth': 6, 'learning_rate': 0.11063922812831882, 'subsample': 0.6818737353864812, 'colsample_bytree': 0.7770820998282597, 'min_child_weight': 4, 'reg_alpha': 0.563674753989095, 'reg_lambda': 0.6520244559745264}. Best is trial 4 with value: 0.7475663240978996.
[I 2026-04-12 17:32:53,655] Trial 18 finished with value: 0.7476639238304623 and parameters: {'n_estimators': 574, 'max_depth': 3, 'learning_rate': 0.0314513608987314, 'subsample': 0.6430117049715524, 'colsample_bytree': 0.6811095024865728, 'min_child_weight': 2, 'reg_alpha': 0.28745315144048594, 'reg_lambda': 0.4335655798758582}. Best is trial 18 with value: 0.7476639238304623.
[I 2026-04-12 17:33:16,893] Trial 19 finished with value: 0.7438267791903911 and parameters: {'n_estimators': 579, 'max_depth': 6, 'learning_rate': 0.03507623830624531, 'subsample': 0.6399742911409791, 'colsample_bytree': 0.6706285729772412, 'min_child_weight': 2, 'reg_alpha': 0.284538886952901, 'reg_lambda': 0.4176738751690373}. Best is trial 18 with value: 0.7476639238304623.
[I 2026-04-12 17:33:26,849] Trial 20 finished with value: 0.7472561142922844 and parameters: {'n_estimators': 277, 'max_depth': 4, 'learning_rate': 0.029160342436231654, 'subsample': 0.6601745445029922, 'colsample_bytree': 0.6005419194578476, 'min_child_weight': 5, 'reg_alpha': 0.09852737848195506, 'reg_lambda': 0.26806851783225627}. Best is trial 18 with value: 0.7476639238304623.
[I 2026-04-12 17:33:45,748] Trial 21 finished with value: 0.7463873946970216 and parameters: {'n_estimators': 599, 'max_depth': 3, 'learning_rate': 0.0155815430450386, 'subsample': 0.7166460350984423, 'colsample_bytree': 0.6971248608312773, 'min_child_weight': 2, 'reg_alpha': 0.2966234597716654, 'reg_lambda': 0.5217061301842851}. Best is trial 18 with value: 0.7476639238304623.
[I 2026-04-12 17:34:09,374] Trial 22 finished with value: 0.747100010186164 and parameters: {'n_estimators': 891, 'max_depth': 3, 'learning_rate': 0.014755393116970232, 'subsample': 0.7690444541308007, 'colsample_bytree': 0.7609866474521602, 'min_child_weight': 2, 'reg_alpha': 0.14563275958681013, 'reg_lambda': 0.8576457493594457}. Best is trial 18 with value: 0.7476639238304623.
[I 2026-04-12 17:34:24,981] Trial 23 finished with value: 0.7452889480642014 and parameters: {'n_estimators': 524, 'max_depth': 4, 'learning_rate': 0.04907591599060464, 'subsample': 0.6016882718023697, 'colsample_bytree': 0.647516943541012, 'min_child_weight': 3, 'reg_alpha': 0.5489943350364008, 'reg_lambda': 0.6924905565497399}. Best is trial 18 with value: 0.7476639238304623.
[I 2026-04-12 17:34:50,017] Trial 24 finished with value: 0.7453703036057651 and parameters: {'n_estimators': 743, 'max_depth': 5, 'learning_rate': 0.03025460279652389, 'subsample': 0.6788317173720074, 'colsample_bytree': 0.7218462935180834, 'min_child_weight': 5, 'reg_alpha': 0.3411760939118522, 'reg_lambda': 0.4184740032633172}. Best is trial 18 with value: 0.7476639238304623.
[I 2026-04-12 17:35:02,703] Trial 25 finished with value: 0.7460435871898122 and parameters: {'n_estimators': 420, 'max_depth': 3, 'learning_rate': 0.01728218009871592, 'subsample': 0.8264759897354474, 'colsample_bytree': 0.8031436245166232, 'min_child_weight': 1, 'reg_alpha': 0.4956722775864777, 'reg_lambda': 0.5613505348735661}. Best is trial 18 with value: 0.7476639238304623.
[I 2026-04-12 17:35:27,558] Trial 26 finished with value: 0.7467767495617699 and parameters: {'n_estimators': 876, 'max_depth': 4, 'learning_rate': 0.025263500497797187, 'subsample': 0.8824232018041778, 'colsample_bytree': 0.6616815610504241, 'min_child_weight': 4, 'reg_alpha': 0.09442810803417861, 'reg_lambda': 0.7783446093216485}. Best is trial 18 with value: 0.7476639238304623.
[I 2026-04-12 17:35:43,063] Trial 27 finished with value: 0.7477765034559547 and parameters: {'n_estimators': 605, 'max_depth': 3, 'learning_rate': 0.04960565367906752, 'subsample': 0.7164459587180781, 'colsample_bytree': 0.7490350513244789, 'min_child_weight': 10, 'reg_alpha': 0.6844657612888251, 'reg_lambda': 0.6544481662456001}. Best is trial 27 with value: 0.7477765034559547.
[I 2026-04-12 17:35:48,884] Trial 28 finished with value: 0.7435511744464447 and parameters: {'n_estimators': 121, 'max_depth': 6, 'learning_rate': 0.09613962049122969, 'subsample': 0.7099694497392757, 'colsample_bytree': 0.7616331514614513, 'min_child_weight': 10, 'reg_alpha': 0.22964617025361161, 'reg_lambda': 0.9163074548553279}. Best is trial 27 with value: 0.7477765034559547.
[I 2026-04-12 17:36:08,784] Trial 29 finished with value: 0.7325965455526757 and parameters: {'n_estimators': 324, 'max_depth': 9, 'learning_rate': 0.05665594768017185, 'subsample': 0.6717717573259961, 'colsample_bytree': 0.9055960121411675, 'min_child_weight': 7, 'reg_alpha': 0.37590096213013713, 'reg_lambda': 0.22280859760853822}. Best is trial 27 with value: 0.7477765034559547.
[optuna] Best params: {'n_estimators': 605, 'max_depth': 3, 'learning_rate': 0.04960565367906752, 'subsample': 0.7164459587180781, 'colsample_bytree': 0.7490350513244789, 'min_child_weight': 10, 'reg_alpha': 0.6844657612888251, 'reg_lambda': 0.6544481662456001}
[wf] double_double: auc_raw=0.834 brier_raw=0.081 auc_cal=0.818 brier_cal=0.080 folds=5
[optuna] Optimizing hyperparameters for double_double classification...
[I 2026-04-12 17:43:57,085] A new study created in memory with name: no-name-d5199e64-5215-4a44-8009-027ee20a2aa3
[I 2026-04-12 17:44:01,365] Trial 0 finished with value: 0.8711376885577021 and parameters: {'n_estimators': 358, 'max_depth': 6, 'learning_rate': 0.032548518463248084, 'subsample': 0.7894622571394322, 'colsample_bytree': 0.922314603783551, 'min_child_weight': 1, 'reg_alpha': 0.08411872151891964, 'reg_lambda': 0.878216580934686}. Best is trial 0 with value: 0.8711376885577021.
[I 2026-04-12 17:44:17,635] Trial 1 finished with value: 0.860737568340427 and parameters: {'n_estimators': 970, 'max_depth': 10, 'learning_rate': 0.047861994382516204, 'subsample': 0.6132839534466829, 'colsample_bytree': 0.6811558505175084, 'min_child_weight': 4, 'reg_alpha': 0.06201024827797108, 'reg_lambda': 0.01831570195368093}. Best is trial 0 with value: 0.8711376885577021.
[I 2026-04-12 17:44:23,186] Trial 2 finished with value: 0.8554855761368708 and parameters: {'n_estimators': 783, 'max_depth': 3, 'learning_rate': 0.18872179615203863, 'subsample': 0.7141478992458935, 'colsample_bytree': 0.9923333593366614, 'min_child_weight': 4, 'reg_alpha': 0.7653729765951296, 'reg_lambda': 0.5919025540237687}. Best is trial 0 with value: 0.8711376885577021.
[I 2026-04-12 17:44:32,523] Trial 3 finished with value: 0.8599667634592522 and parameters: {'n_estimators': 706, 'max_depth': 7, 'learning_rate': 0.045790196399604924, 'subsample': 0.7220935954970579, 'colsample_bytree': 0.7890557974352569, 'min_child_weight': 4, 'reg_alpha': 0.08140057331682282, 'reg_lambda': 0.1545428341405285}. Best is trial 0 with value: 0.8711376885577021.
[I 2026-04-12 17:44:38,601] Trial 4 finished with value: 0.8464060780439943 and parameters: {'n_estimators': 314, 'max_depth': 10, 'learning_rate': 0.28485320380680346, 'subsample': 0.9074533523232131, 'colsample_bytree': 0.7922124352115565, 'min_child_weight': 5, 'reg_alpha': 0.6967538071615674, 'reg_lambda': 0.6756800239550081}. Best is trial 0 with value: 0.8711376885577021.
[I 2026-04-12 17:44:51,535] Trial 5 finished with value: 0.8722496983518742 and parameters: {'n_estimators': 811, 'max_depth': 9, 'learning_rate': 0.011958991398294231, 'subsample': 0.8921948664529606, 'colsample_bytree': 0.6520318145336823, 'min_child_weight': 9, 'reg_alpha': 0.5703465607606555, 'reg_lambda': 0.716862971637221}. Best is trial 5 with value: 0.8722496983518742.
[I 2026-04-12 17:45:02,193] Trial 6 finished with value: 0.873134532854232 and parameters: {'n_estimators': 775, 'max_depth': 7, 'learning_rate': 0.011792088060733945, 'subsample': 0.987089126196179, 'colsample_bytree': 0.7674334001376794, 'min_child_weight': 10, 'reg_alpha': 0.9733712346216816, 'reg_lambda': 0.35825968656775176}. Best is trial 6 with value: 0.873134532854232.
[I 2026-04-12 17:45:10,414] Trial 7 finished with value: 0.8624718793230708 and parameters: {'n_estimators': 889, 'max_depth': 4, 'learning_rate': 0.1095451884797638, 'subsample': 0.6084987749059573, 'colsample_bytree': 0.9223662465302009, 'min_child_weight': 5, 'reg_alpha': 0.4245651870177154, 'reg_lambda': 0.2824588448574552}. Best is trial 6 with value: 0.873134532854232.
[I 2026-04-12 17:45:13,276] Trial 8 finished with value: 0.8517796134484236 and parameters: {'n_estimators': 295, 'max_depth': 4, 'learning_rate': 0.24099510209813985, 'subsample': 0.7199034920674853, 'colsample_bytree': 0.9044901813053067, 'min_child_weight': 1, 'reg_alpha': 0.5383430549052107, 'reg_lambda': 0.08819487147857275}. Best is trial 6 with value: 0.873134532854232.
[I 2026-04-12 17:45:24,572] Trial 9 finished with value: 0.8508421838882332 and parameters: {'n_estimators': 730, 'max_depth': 7, 'learning_rate': 0.11054820908551474, 'subsample': 0.6083144232872815, 'colsample_bytree': 0.8051917752641392, 'min_child_weight': 6, 'reg_alpha': 0.42717133087611925, 'reg_lambda': 0.06993040767195324}. Best is trial 6 with value: 0.873134532854232.
[I 2026-04-12 17:45:35,814] Trial 10 finished with value: 0.872373451429127 and parameters: {'n_estimators': 533, 'max_depth': 8, 'learning_rate': 0.010449726791763954, 'subsample': 0.9833890141203054, 'colsample_bytree': 0.6011095647800134, 'min_child_weight': 10, 'reg_alpha': 0.853797240614761, 'reg_lambda': 0.35013426266145947}. Best is trial 6 with value: 0.873134532854232.
[I 2026-04-12 17:45:46,930] Trial 11 finished with value: 0.8719752317055384 and parameters: {'n_estimators': 537, 'max_depth': 8, 'learning_rate': 0.012021630144580504, 'subsample': 0.9943342093037871, 'colsample_bytree': 0.6056912284772229, 'min_child_weight': 10, 'reg_alpha': 0.9331967523819809, 'reg_lambda': 0.36616912017499925}. Best is trial 6 with value: 0.873134532854232.
[I 2026-04-12 17:45:55,148] Trial 12 finished with value: 0.8737157303420447 and parameters: {'n_estimators': 531, 'max_depth': 6, 'learning_rate': 0.020919803092707318, 'subsample': 0.9997413193348831, 'colsample_bytree': 0.7201143384114764, 'min_child_weight': 8, 'reg_alpha': 0.9658714847359141, 'reg_lambda': 0.40400930364504495}. Best is trial 12 with value: 0.8737157303420447.
[I 2026-04-12 17:45:57,334] Trial 13 finished with value: 0.8696579553339787 and parameters: {'n_estimators': 101, 'max_depth': 6, 'learning_rate': 0.021448792082524183, 'subsample': 0.9144402005352874, 'colsample_bytree': 0.7301767270110862, 'min_child_weight': 8, 'reg_alpha': 0.9287152225924803, 'reg_lambda': 0.47851793560260814}. Best is trial 12 with value: 0.8737157303420447.
[I 2026-04-12 17:46:06,744] Trial 14 finished with value: 0.87356413282241 and parameters: {'n_estimators': 613, 'max_depth': 6, 'learning_rate': 0.02093063794016757, 'subsample': 0.9498158649987571, 'colsample_bytree': 0.7221156890016245, 'min_child_weight': 8, 'reg_alpha': 0.9616683134407037, 'reg_lambda': 0.5045539568173003}. Best is trial 12 with value: 0.8737157303420447.
[I 2026-04-12 17:46:14,872] Trial 15 finished with value: 0.8741988093186067 and parameters: {'n_estimators': 609, 'max_depth': 5, 'learning_rate': 0.020816185861383386, 'subsample': 0.8549877944122304, 'colsample_bytree': 0.7170586727389653, 'min_child_weight': 7, 'reg_alpha': 0.7256449065820298, 'reg_lambda': 0.509818658683187}. Best is trial 15 with value: 0.8741988093186067.
[I 2026-04-12 17:46:21,096] Trial 16 finished with value: 0.8730174094061179 and parameters: {'n_estimators': 452, 'max_depth': 5, 'learning_rate': 0.023709181984538388, 'subsample': 0.8354147724869846, 'colsample_bytree': 0.8424020440392804, 'min_child_weight': 7, 'reg_alpha': 0.6904033203789093, 'reg_lambda': 0.9884389464627426}. Best is trial 15 with value: 0.8741988093186067.
