[I 2026-04-12 16:02:06,594] Trial 1 finished with value: 0.598255971223203 and parameters: {'n_estimators': 432, 'max_depth': 6, 'learning_rate': 0.25500181385788157, 'subsample': 0.8464737721578605, 'colsample_bytree': 0.8577547575899034, 'min_child_weight': 3, 'reg_alpha': 0.3758099409411588, 'reg_lambda': 0.9351915481669671}. Best is trial 0 with value: 0.6313719885427376.
[I 2026-04-12 16:02:26,787] Trial 2 finished with value: 0.602669671160543 and parameters: {'n_estimators': 830, 'max_depth': 5, 'learning_rate': 0.18554648853803932, 'subsample': 0.7361682030851523, 'colsample_bytree': 0.7613188047766092, 'min_child_weight': 10, 'reg_alpha': 0.6910367265922858, 'reg_lambda': 0.9140851985758187}. Best is trial 0 with value: 0.6313719885427376.
[I 2026-04-12 16:02:46,395] Trial 3 finished with value: 0.6309459308773558 and parameters: {'n_estimators': 352, 'max_depth': 9, 'learning_rate': 0.015511565094568013, 'subsample': 0.6965537763001289, 'colsample_bytree': 0.9652727731308282, 'min_child_weight': 9, 'reg_alpha': 0.02838829730655046, 'reg_lambda': 0.8180074675026678}. Best is trial 0 with value: 0.6313719885427376.
[I 2026-04-12 16:02:56,125] Trial 4 finished with value: 0.6223262803863373 and parameters: {'n_estimators': 187, 'max_depth': 9, 'learning_rate': 0.0769879501658896, 'subsample': 0.9960760674963928, 'colsample_bytree': 0.6206230757114042, 'min_child_weight': 3, 'reg_alpha': 0.9001306324902288, 'reg_lambda': 0.2794832779217675}. Best is trial 0 with value: 0.6313719885427376.
[I 2026-04-12 16:03:50,212] Trial 5 finished with value: 0.6232820059987149 and parameters: {'n_estimators': 916, 'max_depth': 10, 'learning_rate': 0.10465534725670989, 'subsample': 0.6709369684490958, 'colsample_bytree': 0.6433933669666565, 'min_child_weight': 5, 'reg_alpha': 0.6290205323611457, 'reg_lambda': 0.9125310762495008}. Best is trial 0 with value: 0.6313719885427376.
[I 2026-04-12 16:04:18,262] Trial 6 finished with value: 0.625898220767892 and parameters: {'n_estimators': 378, 'max_depth': 10, 'learning_rate': 0.022540700225154687, 'subsample': 0.9278931109482071, 'colsample_bytree': 0.8631810392015618, 'min_child_weight': 7, 'reg_alpha': 0.7301089905553313, 'reg_lambda': 0.26886259443444716}. Best is trial 0 with value: 0.6313719885427376.
[I 2026-04-12 16:04:32,672] Trial 7 finished with value: 0.6033691815218514 and parameters: {'n_estimators': 464, 'max_depth': 5, 'learning_rate': 0.24330794571731132, 'subsample': 0.7780318481254863, 'colsample_bytree': 0.7663316213717465, 'min_child_weight': 3, 'reg_alpha': 0.7579680554646768, 'reg_lambda': 0.18410481521949928}. Best is trial 0 with value: 0.6313719885427376.
[I 2026-04-12 16:05:00,706] Trial 8 finished with value: 0.6253508320831925 and parameters: {'n_estimators': 935, 'max_depth': 5, 'learning_rate': 0.07182744474659854, 'subsample': 0.8294039433169753, 'colsample_bytree': 0.9865662098496129, 'min_child_weight': 1, 'reg_alpha': 0.29245284946540206, 'reg_lambda': 0.9747779630674764}. Best is trial 0 with value: 0.6313719885427376.
[I 2026-04-12 16:05:18,076] Trial 9 finished with value: 0.6332515109205272 and parameters: {'n_estimators': 471, 'max_depth': 6, 'learning_rate': 0.021274330149568494, 'subsample': 0.766766045424022, 'colsample_bytree': 0.8061271837413884, 'min_child_weight': 6, 'reg_alpha': 0.32275520246880063, 'reg_lambda': 0.3347190756573182}. Best is trial 9 with value: 0.6332515109205272.
[I 2026-04-12 16:05:34,682] Trial 10 finished with value: 0.6385842657499885 and parameters: {'n_estimators': 661, 'max_depth': 3, 'learning_rate': 0.03378387691033715, 'subsample': 0.6550353897829931, 'colsample_bytree': 0.6983860570150427, 'min_child_weight': 7, 'reg_alpha': 0.09875100033845191, 'reg_lambda': 0.003107237088529058}. Best is trial 10 with value: 0.6385842657499885.
[I 2026-04-12 16:05:49,928] Trial 11 finished with value: 0.6380332453646963 and parameters: {'n_estimators': 612, 'max_depth': 3, 'learning_rate': 0.03357424220961091, 'subsample': 0.6192858127499588, 'colsample_bytree': 0.6991159947761689, 'min_child_weight': 7, 'reg_alpha': 0.061533619915051595, 'reg_lambda': 0.005386364074009269}. Best is trial 10 with value: 0.6385842657499885.
[I 2026-04-12 16:06:06,254] Trial 12 finished with value: 0.639740235698419 and parameters: {'n_estimators': 662, 'max_depth': 3, 'learning_rate': 0.03631043043171701, 'subsample': 0.6096660552509353, 'colsample_bytree': 0.708022700669674, 'min_child_weight': 7, 'reg_alpha': 0.06137317782070201, 'reg_lambda': 0.004421607187611781}. Best is trial 12 with value: 0.639740235698419.
[I 2026-04-12 16:06:22,719] Trial 13 finished with value: 0.6393964743996978 and parameters: {'n_estimators': 655, 'max_depth': 3, 'learning_rate': 0.037682535497740054, 'subsample': 0.6007154146164045, 'colsample_bytree': 0.6921124657923126, 'min_child_weight': 8, 'reg_alpha': 0.1664029997334648, 'reg_lambda': 0.00044561983950163614}. Best is trial 12 with value: 0.639740235698419.
[I 2026-04-12 16:06:42,419] Trial 14 finished with value: 0.6389710331078013 and parameters: {'n_estimators': 760, 'max_depth': 3, 'learning_rate': 0.04369814674322375, 'subsample': 0.6019292547984031, 'colsample_bytree': 0.7071203060649113, 'min_child_weight': 8, 'reg_alpha': 0.19851859825422843, 'reg_lambda': 0.5033147175187468}. Best is trial 12 with value: 0.639740235698419.
[I 2026-04-12 16:06:59,735] Trial 15 finished with value: 0.6317768863865371 and parameters: {'n_estimators': 573, 'max_depth': 4, 'learning_rate': 0.010368414041010195, 'subsample': 0.7220065066653375, 'colsample_bytree': 0.670887517557842, 'min_child_weight': 5, 'reg_alpha': 0.18466221557956705, 'reg_lambda': 0.13206786486658928}. Best is trial 12 with value: 0.639740235698419.
[I 2026-04-12 16:08:04,723] Trial 16 finished with value: 0.6330650579412089 and parameters: {'n_estimators': 802, 'max_depth': 4, 'learning_rate': 0.05365277628663325, 'subsample': 0.6463310907486727, 'colsample_bytree': 0.7497696538259839, 'min_child_weight': 8, 'reg_alpha': 0.45117563242852354, 'reg_lambda': 0.4986287971310053}. Best is trial 12 with value: 0.639740235698419.
[I 2026-04-12 16:08:11,138] Trial 17 finished with value: 0.6124717221152985 and parameters: {'n_estimators': 180, 'max_depth': 7, 'learning_rate': 0.12539215121148745, 'subsample': 0.6056285878646182, 'colsample_bytree': 0.6084373597886064, 'min_child_weight': 9, 'reg_alpha': 0.19271623752838157, 'reg_lambda': 0.44947165524484023}. Best is trial 12 with value: 0.639740235698419.
[I 2026-04-12 16:08:27,304] Trial 18 finished with value: 0.637392045335951 and parameters: {'n_estimators': 679, 'max_depth': 4, 'learning_rate': 0.02954029927312583, 'subsample': 0.6787260032501734, 'colsample_bytree': 0.826321100558719, 'min_child_weight': 6, 'reg_alpha': 0.12430900242207482, 'reg_lambda': 0.1085310303260569}. Best is trial 12 with value: 0.639740235698419.
[I 2026-04-12 16:08:34,083] Trial 19 finished with value: 0.6357398281914943 and parameters: {'n_estimators': 286, 'max_depth': 3, 'learning_rate': 0.05008826145662404, 'subsample': 0.919723600549998, 'colsample_bytree': 0.7332282240139925, 'min_child_weight': 4, 'reg_alpha': 0.2736161658771523, 'reg_lambda': 0.6411265708440677}. Best is trial 12 with value: 0.639740235698419.
[I 2026-04-12 16:08:54,962] Trial 20 finished with value: 0.6194677397822436 and parameters: {'n_estimators': 550, 'max_depth': 8, 'learning_rate': 0.06746902160644429, 'subsample': 0.7230776277643335, 'colsample_bytree': 0.6589169871474521, 'min_child_weight': 8, 'reg_alpha': 0.533412823498895, 'reg_lambda': 0.09368416757205009}. Best is trial 12 with value: 0.639740235698419.
[I 2026-04-12 16:09:12,284] Trial 21 finished with value: 0.6396396932757435 and parameters: {'n_estimators': 772, 'max_depth': 3, 'learning_rate': 0.04326405479802191, 'subsample': 0.6002748532758146, 'colsample_bytree': 0.703115120480978, 'min_child_weight': 8, 'reg_alpha': 0.010483302679384993, 'reg_lambda': 0.5823817522990067}. Best is trial 12 with value: 0.639740235698419.
[I 2026-04-12 16:09:37,153] Trial 22 finished with value: 0.6342699175138184 and parameters: {'n_estimators': 852, 'max_depth': 4, 'learning_rate': 0.03965731721019823, 'subsample': 0.6436766117780227, 'colsample_bytree': 0.7216512522765658, 'min_child_weight': 9, 'reg_alpha': 0.006079417382955449, 'reg_lambda': 0.632944432850977}. Best is trial 12 with value: 0.639740235698419.
[I 2026-04-12 16:10:03,707] Trial 23 finished with value: 0.639224127968101 and parameters: {'n_estimators': 984, 'max_depth': 3, 'learning_rate': 0.024495633041501253, 'subsample': 0.6283826001465808, 'colsample_bytree': 0.6772916062873808, 'min_child_weight': 7, 'reg_alpha': 0.13692173262077548, 'reg_lambda': 0.4034921352265676}. Best is trial 12 with value: 0.639740235698419.
[I 2026-04-12 16:10:23,151] Trial 24 finished with value: 0.6258259895000777 and parameters: {'n_estimators': 643, 'max_depth': 4, 'learning_rate': 0.09208629052399259, 'subsample': 0.6033613109208394, 'colsample_bytree': 0.7833014430263124, 'min_child_weight': 8, 'reg_alpha': 0.013518504947906962, 'reg_lambda': 0.6085663626932866}. Best is trial 12 with value: 0.639740235698419.
[I 2026-04-12 16:10:46,926] Trial 25 finished with value: 0.6269520128026376 and parameters: {'n_estimators': 713, 'max_depth': 5, 'learning_rate': 0.05932684403670412, 'subsample': 0.6835000300752869, 'colsample_bytree': 0.7311148621629271, 'min_child_weight': 6, 'reg_alpha': 0.21089951878954413, 'reg_lambda': 0.21185128434780873}. Best is trial 12 with value: 0.639740235698419.
[I 2026-04-12 16:11:01,910] Trial 26 finished with value: 0.6370726412962671 and parameters: {'n_estimators': 526, 'max_depth': 3, 'learning_rate': 0.027474166545995084, 'subsample': 0.6422950683878981, 'colsample_bytree': 0.6410628745941097, 'min_child_weight': 9, 'reg_alpha': 0.39917724411468203, 'reg_lambda': 0.7319331224303822}. Best is trial 12 with value: 0.639740235698419.
[I 2026-04-12 16:11:25,956] Trial 27 finished with value: 0.6372878116766074 and parameters: {'n_estimators': 787, 'max_depth': 4, 'learning_rate': 0.016852591933428016, 'subsample': 0.7025905995359524, 'colsample_bytree': 0.6856438753110616, 'min_child_weight': 10, 'reg_alpha': 0.09448336858100473, 'reg_lambda': 0.048731061415069214}. Best is trial 12 with value: 0.639740235698419.
[I 2026-04-12 16:11:48,803] Trial 28 finished with value: 0.6388974114975229 and parameters: {'n_estimators': 889, 'max_depth': 3, 'learning_rate': 0.03869750580315588, 'subsample': 0.6621813135621852, 'colsample_bytree': 0.8292486897399435, 'min_child_weight': 8, 'reg_alpha': 0.25937003446815754, 'reg_lambda': 0.5760776853977669}. Best is trial 12 with value: 0.639740235698419.
[I 2026-04-12 16:12:15,390] Trial 29 finished with value: 0.633673415069127 and parameters: {'n_estimators': 709, 'max_depth': 6, 'learning_rate': 0.0195302757508109, 'subsample': 0.7570687282249834, 'colsample_bytree': 0.914576318481956, 'min_child_weight': 10, 'reg_alpha': 0.9799659795207124, 'reg_lambda': 0.7222003482527013}. Best is trial 12 with value: 0.639740235698419.
[optuna] Best params: {'n_estimators': 662, 'max_depth': 3, 'learning_rate': 0.03631043043171701, 'subsample': 0.6096660552509353, 'colsample_bytree': 0.708022700669674, 'min_child_weight': 7, 'reg_alpha': 0.06137317782070201, 'reg_lambda': 0.004421607187611781}
[wf] pts_ast_reb: auc_raw=0.564 brier_raw=0.276 auc_cal=0.551 brier_cal=0.258 folds=5
[optuna] Optimizing hyperparameters for pts_ast_reb regression...
[I 2026-04-12 16:27:31,283] A new study created in memory with name: no-name-e87cb293-7f25-4ee9-8f3b-924d96846675
[I 2026-04-12 16:27:45,432] Trial 0 finished with value: 8.632807351959965 and parameters: {'n_estimators': 990, 'max_depth': 7, 'learning_rate': 0.05858083568517907, 'subsample': 0.757263713080039, 'colsample_bytree': 0.7796456206229394, 'min_child_weight': 6, 'reg_alpha': 0.5323820929085286, 'reg_lambda': 0.09690524044804272}. Best is trial 0 with value: 8.632807351959965.
[I 2026-04-12 16:28:11,016] Trial 1 finished with value: 8.876138251253046 and parameters: {'n_estimators': 666, 'max_depth': 10, 'learning_rate': 0.13252639035859115, 'subsample': 0.9211578638353148, 'colsample_bytree': 0.8068895968960996, 'min_child_weight': 4, 'reg_alpha': 0.3398850789032264, 'reg_lambda': 0.018362561261425214}. Best is trial 0 with value: 8.632807351959965.
[I 2026-04-12 16:28:19,176] Trial 2 finished with value: 8.829740536192167 and parameters: {'n_estimators': 340, 'max_depth': 9, 'learning_rate': 0.11244775136105575, 'subsample': 0.780549328977732, 'colsample_bytree': 0.6294961441479267, 'min_child_weight': 6, 'reg_alpha': 0.016748162442222436, 'reg_lambda': 0.1857402412061009}. Best is trial 0 with value: 8.632807351959965.
[I 2026-04-12 16:28:21,678] Trial 3 finished with value: 8.481417682014477 and parameters: {'n_estimators': 102, 'max_depth': 8, 'learning_rate': 0.10570407518803764, 'subsample': 0.8855008057226352, 'colsample_bytree': 0.799831517061156, 'min_child_weight': 2, 'reg_alpha': 0.5178411239568175, 'reg_lambda': 0.4283302883422726}. Best is trial 3 with value: 8.481417682014477.
[I 2026-04-12 16:28:28,894] Trial 4 finished with value: 8.82636713667788 and parameters: {'n_estimators': 881, 'max_depth': 4, 'learning_rate': 0.22277756321457418, 'subsample': 0.9924996933215167, 'colsample_bytree': 0.9951994942586455, 'min_child_weight': 6, 'reg_alpha': 0.37319646922653815, 'reg_lambda': 0.6788710353833373}. Best is trial 3 with value: 8.481417682014477.
[I 2026-04-12 16:28:37,647] Trial 5 finished with value: 8.281738991234143 and parameters: {'n_estimators': 825, 'max_depth': 5, 'learning_rate': 0.011288186158995081, 'subsample': 0.7225359020363007, 'colsample_bytree': 0.7730700825156256, 'min_child_weight': 8, 'reg_alpha': 0.11584237657453078, 'reg_lambda': 0.11798649990817212}. Best is trial 5 with value: 8.281738991234143.
[I 2026-04-12 16:28:44,191] Trial 6 finished with value: 8.352892944332073 and parameters: {'n_estimators': 685, 'max_depth': 5, 'learning_rate': 0.06252126490346245, 'subsample': 0.9847747386379543, 'colsample_bytree': 0.6645887063212083, 'min_child_weight': 9, 'reg_alpha': 0.21491458438772282, 'reg_lambda': 0.6815981980214036}. Best is trial 5 with value: 8.281738991234143.
[I 2026-04-12 16:28:47,777] Trial 7 finished with value: 8.302753730268716 and parameters: {'n_estimators': 365, 'max_depth': 4, 'learning_rate': 0.08844868982496301, 'subsample': 0.9399258216955454, 'colsample_bytree': 0.8000854104128624, 'min_child_weight': 10, 'reg_alpha': 0.10027407128158072, 'reg_lambda': 0.39911301967838053}. Best is trial 5 with value: 8.281738991234143.
[I 2026-04-12 16:28:52,453] Trial 8 finished with value: 8.586414616056226 and parameters: {'n_estimators': 606, 'max_depth': 3, 'learning_rate': 0.257138225056869, 'subsample': 0.9201094190659365, 'colsample_bytree': 0.8545791654357455, 'min_child_weight': 6, 'reg_alpha': 0.49098721619239416, 'reg_lambda': 0.8442326511387592}. Best is trial 5 with value: 8.281738991234143.
[I 2026-04-12 16:29:00,481] Trial 9 finished with value: 8.298693873415601 and parameters: {'n_estimators': 763, 'max_depth': 5, 'learning_rate': 0.031256445402017524, 'subsample': 0.9182423752109145, 'colsample_bytree': 0.7314497431420136, 'min_child_weight': 10, 'reg_alpha': 0.4853854173839297, 'reg_lambda': 0.49018001544020817}. Best is trial 5 with value: 8.281738991234143.
[I 2026-04-12 16:29:07,662] Trial 10 finished with value: 8.295563801170092 and parameters: {'n_estimators': 456, 'max_depth': 6, 'learning_rate': 0.011099902048389267, 'subsample': 0.6362955837114139, 'colsample_bytree': 0.9073216228695254, 'min_child_weight': 8, 'reg_alpha': 0.7262629748618621, 'reg_lambda': 0.2328211340833073}. Best is trial 5 with value: 8.281738991234143.
[I 2026-04-12 16:29:17,073] Trial 11 finished with value: 8.300858917749668 and parameters: {'n_estimators': 459, 'max_depth': 7, 'learning_rate': 0.010195864151022402, 'subsample': 0.6252492001900145, 'colsample_bytree': 0.916148069783647, 'min_child_weight': 8, 'reg_alpha': 0.8427549719545637, 'reg_lambda': 0.25688918139722194}. Best is trial 5 with value: 8.281738991234143.
[I 2026-04-12 16:29:25,082] Trial 12 finished with value: 8.302044407644447 and parameters: {'n_estimators': 493, 'max_depth': 6, 'learning_rate': 0.011457888711995372, 'subsample': 0.6501749893025772, 'colsample_bytree': 0.9321101158892391, 'min_child_weight': 8, 'reg_alpha': 0.7888808905657663, 'reg_lambda': 0.2671850107958042}. Best is trial 5 with value: 8.281738991234143.
[I 2026-04-12 16:29:29,243] Trial 13 finished with value: 8.304371278306224 and parameters: {'n_estimators': 234, 'max_depth': 6, 'learning_rate': 0.022353789797676323, 'subsample': 0.6960102891249239, 'colsample_bytree': 0.899141177528112, 'min_child_weight': 8, 'reg_alpha': 0.7323854997949948, 'reg_lambda': 0.1694922318157808}. Best is trial 5 with value: 8.281738991234143.
[I 2026-04-12 16:29:38,633] Trial 14 finished with value: 8.288019901070433 and parameters: {'n_estimators': 784, 'max_depth': 5, 'learning_rate': 0.01952209224155592, 'subsample': 0.7090300960580799, 'colsample_bytree': 0.7343434071397038, 'min_child_weight': 4, 'reg_alpha': 0.9361468250359516, 'reg_lambda': 0.32235529861630385}. Best is trial 5 with value: 8.281738991234143.
[I 2026-04-12 16:29:45,541] Trial 15 finished with value: 8.281543598694524 and parameters: {'n_estimators': 844, 'max_depth': 3, 'learning_rate': 0.02065193240993633, 'subsample': 0.7190270264420615, 'colsample_bytree': 0.7127306400777911, 'min_child_weight': 4, 'reg_alpha': 0.9576074406600334, 'reg_lambda': 0.37043589294435464}. Best is trial 15 with value: 8.281543598694524.
[I 2026-04-12 16:29:53,409] Trial 16 finished with value: 8.27205754217568 and parameters: {'n_estimators': 973, 'max_depth': 3, 'learning_rate': 0.029471987873436273, 'subsample': 0.8303864234166802, 'colsample_bytree': 0.6992815591207767, 'min_child_weight': 2, 'reg_alpha': 0.9916026703412743, 'reg_lambda': 0.6177609254060781}. Best is trial 16 with value: 8.27205754217568.
[I 2026-04-12 16:30:01,664] Trial 17 finished with value: 8.289269325417857 and parameters: {'n_estimators': 960, 'max_depth': 3, 'learning_rate': 0.038383782750124114, 'subsample': 0.846794470750481, 'colsample_bytree': 0.6928648776293772, 'min_child_weight': 1, 'reg_alpha': 0.9913437230984508, 'reg_lambda': 0.6357670430467397}. Best is trial 16 with value: 8.27205754217568.
[I 2026-04-12 16:30:08,742] Trial 18 finished with value: 8.279524747441574 and parameters: {'n_estimators': 875, 'max_depth': 3, 'learning_rate': 0.019246705133027037, 'subsample': 0.8249926962856977, 'colsample_bytree': 0.6054633646368022, 'min_child_weight': 3, 'reg_alpha': 0.6437604720508323, 'reg_lambda': 0.9757553702552482}. Best is trial 16 with value: 8.27205754217568.
[I 2026-04-12 16:30:16,833] Trial 19 finished with value: 8.28634383602121 and parameters: {'n_estimators': 912, 'max_depth': 4, 'learning_rate': 0.03656438478644147, 'subsample': 0.8286571928201469, 'colsample_bytree': 0.6069481451012997, 'min_child_weight': 2, 'reg_alpha': 0.635702242394869, 'reg_lambda': 0.9901276318081238}. Best is trial 16 with value: 8.27205754217568.
[I 2026-04-12 16:30:22,702] Trial 20 finished with value: 8.282152399174947 and parameters: {'n_estimators': 725, 'max_depth': 3, 'learning_rate': 0.01650326475056101, 'subsample': 0.8220228744062362, 'colsample_bytree': 0.6475181131101362, 'min_child_weight': 3, 'reg_alpha': 0.8613625543315411, 'reg_lambda': 0.9745466056348043}. Best is trial 16 with value: 8.27205754217568.
[I 2026-04-12 16:30:29,557] Trial 21 finished with value: 8.285247499407655 and parameters: {'n_estimators': 873, 'max_depth': 3, 'learning_rate': 0.025371736099576755, 'subsample': 0.7673787976408222, 'colsample_bytree': 0.6934748700164637, 'min_child_weight': 4, 'reg_alpha': 0.9886938086911804, 'reg_lambda': 0.825551130457986}. Best is trial 16 with value: 8.27205754217568.
[I 2026-04-12 16:30:38,198] Trial 22 finished with value: 8.273219214305257 and parameters: {'n_estimators': 945, 'max_depth': 4, 'learning_rate': 0.01685861149102816, 'subsample': 0.8628335012295338, 'colsample_bytree': 0.6033028286070508, 'min_child_weight': 3, 'reg_alpha': 0.889976342061915, 'reg_lambda': 0.5637577079992667}. Best is trial 16 with value: 8.27205754217568.
[I 2026-04-12 16:30:47,122] Trial 23 finished with value: 8.281240843057674 and parameters: {'n_estimators': 979, 'max_depth': 4, 'learning_rate': 0.016509889249433633, 'subsample': 0.875746014124125, 'colsample_bytree': 0.6031947193266771, 'min_child_weight': 1, 'reg_alpha': 0.6415961665556316, 'reg_lambda': 0.5805785031836589}. Best is trial 16 with value: 8.27205754217568.
[I 2026-04-12 16:30:55,342] Trial 24 finished with value: 8.285915228656151 and parameters: {'n_estimators': 913, 'max_depth': 4, 'learning_rate': 0.03015090089542736, 'subsample': 0.8615479004568966, 'colsample_bytree': 0.6641064544078883, 'min_child_weight': 3, 'reg_alpha': 0.871612792691894, 'reg_lambda': 0.777665969988921}. Best is trial 16 with value: 8.27205754217568.
[I 2026-04-12 16:31:01,422] Trial 25 finished with value: 8.284361289793631 and parameters: {'n_estimators': 803, 'max_depth': 3, 'learning_rate': 0.04299311400172015, 'subsample': 0.8110397174891775, 'colsample_bytree': 0.6354779533486554, 'min_child_weight': 2, 'reg_alpha': 0.6721874072373389, 'reg_lambda': 0.543766290935088}. Best is trial 16 with value: 8.27205754217568.
[I 2026-04-12 16:31:10,132] Trial 26 finished with value: 8.277253576138126 and parameters: {'n_estimators': 936, 'max_depth': 4, 'learning_rate': 0.014725096682724188, 'subsample': 0.7846440716120562, 'colsample_bytree': 0.6005803196774905, 'min_child_weight': 3, 'reg_alpha': 0.8952641781760867, 'reg_lambda': 0.9050209232400453}. Best is trial 16 with value: 8.27205754217568.
