[I 2026-04-11 23:42:29,256] Trial 26 finished with value: 2.6094688922778473 and parameters: {'n_estimators': 359, 'max_depth': 4, 'learning_rate': 0.0314870094398739, 'subsample': 0.6001035367938277, 'colsample_bytree': 0.8130924151716254, 'min_child_weight': 5, 'reg_alpha': 0.4641251316109287, 'reg_lambda': 0.30558108014756674}. Best is trial 14 with value: 2.601447655879213.
[I 2026-04-11 23:42:33,802] Trial 27 finished with value: 2.61363656429938 and parameters: {'n_estimators': 527, 'max_depth': 3, 'learning_rate': 0.051746247742494984, 'subsample': 0.7105783743089816, 'colsample_bytree': 0.6771390199664634, 'min_child_weight': 2, 'reg_alpha': 0.09121743460062937, 'reg_lambda': 0.14311731936187744}. Best is trial 14 with value: 2.601447655879213.
[I 2026-04-11 23:42:37,283] Trial 28 finished with value: 2.604173890158154 and parameters: {'n_estimators': 303, 'max_depth': 4, 'learning_rate': 0.021854304206662657, 'subsample': 0.6534572471279062, 'colsample_bytree': 0.7593643390543038, 'min_child_weight': 1, 'reg_alpha': 0.4569744744784213, 'reg_lambda': 0.07492929191267031}. Best is trial 14 with value: 2.601447655879213.
[I 2026-04-11 23:42:40,986] Trial 29 finished with value: 2.6338102109331043 and parameters: {'n_estimators': 149, 'max_depth': 7, 'learning_rate': 0.013190711122305148, 'subsample': 0.7006537670909704, 'colsample_bytree': 0.7169072258109269, 'min_child_weight': 6, 'reg_alpha': 0.265800500392662, 'reg_lambda': 0.6910739295295821}. Best is trial 14 with value: 2.601447655879213.
[I 2026-04-11 23:53:54,699] A new study created in memory with name: no-name-ef3c64f8-5cac-4830-a1a3-0d8f947ae792
[I 2026-04-11 23:54:16,556] Trial 0 finished with value: 0.6587744961717892 and parameters: {'n_estimators': 719, 'max_depth': 8, 'learning_rate': 0.01863664324737879, 'subsample': 0.730431210124819, 'colsample_bytree': 0.6971693077264546, 'min_child_weight': 4, 'reg_alpha': 0.8632312051064469, 'reg_lambda': 0.40621196574837026}. Best is trial 0 with value: 0.6587744961717892.
[I 2026-04-11 23:54:25,632] Trial 1 finished with value: 0.6624916834649169 and parameters: {'n_estimators': 527, 'max_depth': 3, 'learning_rate': 0.08677968787334074, 'subsample': 0.9826424461210932, 'colsample_bytree': 0.6028943694847847, 'min_child_weight': 2, 'reg_alpha': 0.8122344999309213, 'reg_lambda': 0.8089414273676085}. Best is trial 1 with value: 0.6624916834649169.
[I 2026-04-11 23:54:39,716] Trial 2 finished with value: 0.6510712733444995 and parameters: {'n_estimators': 601, 'max_depth': 6, 'learning_rate': 0.05905622956220865, 'subsample': 0.7359386117101986, 'colsample_bytree': 0.9973714153364155, 'min_child_weight': 2, 'reg_alpha': 0.32971367432813004, 'reg_lambda': 0.7876176672643932}. Best is trial 1 with value: 0.6624916834649169.
[I 2026-04-11 23:54:47,110] Trial 3 finished with value: 0.6250541705981645 and parameters: {'n_estimators': 225, 'max_depth': 8, 'learning_rate': 0.1700711104699572, 'subsample': 0.6483416056732093, 'colsample_bytree': 0.8169601648566781, 'min_child_weight': 5, 'reg_alpha': 0.3069841115467351, 'reg_lambda': 0.6354129819247236}. Best is trial 1 with value: 0.6624916834649169.
[I 2026-04-11 23:55:11,720] Trial 4 finished with value: 0.6469806166954828 and parameters: {'n_estimators': 834, 'max_depth': 7, 'learning_rate': 0.05173538878269948, 'subsample': 0.7225860775018367, 'colsample_bytree': 0.6379972080499342, 'min_child_weight': 1, 'reg_alpha': 0.6148894817728856, 'reg_lambda': 0.015945846981105793}. Best is trial 1 with value: 0.6624916834649169.
[I 2026-04-11 23:55:40,308] Trial 5 finished with value: 0.6337784428464612 and parameters: {'n_estimators': 986, 'max_depth': 8, 'learning_rate': 0.2539554761172598, 'subsample': 0.8040328892505018, 'colsample_bytree': 0.7717413678878383, 'min_child_weight': 10, 'reg_alpha': 0.5419958979675911, 'reg_lambda': 0.9857963800303069}. Best is trial 1 with value: 0.6624916834649169.
[I 2026-04-11 23:55:54,749] Trial 6 finished with value: 0.6608304659058274 and parameters: {'n_estimators': 423, 'max_depth': 8, 'learning_rate': 0.016347866153989, 'subsample': 0.8449800164435751, 'colsample_bytree': 0.9163080598763602, 'min_child_weight': 5, 'reg_alpha': 0.06852432801191799, 'reg_lambda': 0.4088670619168381}. Best is trial 1 with value: 0.6624916834649169.
[I 2026-04-11 23:56:08,204] Trial 7 finished with value: 0.6531270489566392 and parameters: {'n_estimators': 656, 'max_depth': 5, 'learning_rate': 0.07300822383025965, 'subsample': 0.7639618401916407, 'colsample_bytree': 0.992674527430438, 'min_child_weight': 10, 'reg_alpha': 0.11375060354790478, 'reg_lambda': 0.41059155392438784}. Best is trial 1 with value: 0.6624916834649169.
[I 2026-04-11 23:56:38,864] Trial 8 finished with value: 0.6489390842941097 and parameters: {'n_estimators': 767, 'max_depth': 10, 'learning_rate': 0.024240578041584773, 'subsample': 0.7435749700246443, 'colsample_bytree': 0.6942088328869348, 'min_child_weight': 10, 'reg_alpha': 0.13938623596887179, 'reg_lambda': 0.024600658842257705}. Best is trial 1 with value: 0.6624916834649169.
[I 2026-04-11 23:56:43,167] Trial 9 finished with value: 0.6579797222947179 and parameters: {'n_estimators': 141, 'max_depth': 5, 'learning_rate': 0.11679021363013677, 'subsample': 0.7244154274025069, 'colsample_bytree': 0.9306993576409004, 'min_child_weight': 6, 'reg_alpha': 0.18354989721020198, 'reg_lambda': 0.13577234590632226}. Best is trial 1 with value: 0.6624916834649169.
[I 2026-04-11 23:56:51,825] Trial 10 finished with value: 0.6643330955587141 and parameters: {'n_estimators': 426, 'max_depth': 3, 'learning_rate': 0.042857997622372634, 'subsample': 0.9909463119470988, 'colsample_bytree': 0.6006922381084441, 'min_child_weight': 3, 'reg_alpha': 0.9976392020697589, 'reg_lambda': 0.9662671276803123}. Best is trial 10 with value: 0.6643330955587141.
[I 2026-04-11 23:57:00,388] Trial 11 finished with value: 0.6634151813376656 and parameters: {'n_estimators': 421, 'max_depth': 3, 'learning_rate': 0.034780572649505986, 'subsample': 0.9965185109720202, 'colsample_bytree': 0.6056741390033478, 'min_child_weight': 3, 'reg_alpha': 0.9991257542254227, 'reg_lambda': 0.9958567354164569}. Best is trial 10 with value: 0.6643330955587141.
[I 2026-04-11 23:57:09,121] Trial 12 finished with value: 0.663099630897328 and parameters: {'n_estimators': 431, 'max_depth': 3, 'learning_rate': 0.03256275024669053, 'subsample': 0.9991162574561222, 'colsample_bytree': 0.6764404291758637, 'min_child_weight': 3, 'reg_alpha': 0.9750402879734834, 'reg_lambda': 0.9990642266016043}. Best is trial 10 with value: 0.6643330955587141.
[I 2026-04-11 23:57:17,102] Trial 13 finished with value: 0.6548178153981782 and parameters: {'n_estimators': 306, 'max_depth': 4, 'learning_rate': 0.010181563878648959, 'subsample': 0.9194407589783522, 'colsample_bytree': 0.7861949204098145, 'min_child_weight': 7, 'reg_alpha': 0.7426628820144283, 'reg_lambda': 0.8192170290896642}. Best is trial 10 with value: 0.6643330955587141.
[I 2026-04-11 23:57:25,362] Trial 14 finished with value: 0.6633944914727686 and parameters: {'n_estimators': 359, 'max_depth': 4, 'learning_rate': 0.04092689071072978, 'subsample': 0.9268396983538252, 'colsample_bytree': 0.601168892439826, 'min_child_weight': 3, 'reg_alpha': 0.9893774820645549, 'reg_lambda': 0.6193211032583665}. Best is trial 10 with value: 0.6643330955587141.
[I 2026-04-11 23:57:36,254] Trial 15 finished with value: 0.663960932113779 and parameters: {'n_estimators': 507, 'max_depth': 3, 'learning_rate': 0.03057763905796947, 'subsample': 0.9174528307563172, 'colsample_bytree': 0.7555411911660366, 'min_child_weight': 7, 'reg_alpha': 0.69196074785197, 'reg_lambda': 0.8994561061688072}. Best is trial 10 with value: 0.6643330955587141.
[I 2026-04-11 23:57:47,903] Trial 16 finished with value: 0.6638667018147305 and parameters: {'n_estimators': 537, 'max_depth': 4, 'learning_rate': 0.02312282035189172, 'subsample': 0.9022432756647629, 'colsample_bytree': 0.851642029817915, 'min_child_weight': 8, 'reg_alpha': 0.6668098924306347, 'reg_lambda': 0.8698389350487041}. Best is trial 10 with value: 0.6643330955587141.
[I 2026-04-11 23:57:54,387] Trial 17 finished with value: 0.6585432016944033 and parameters: {'n_estimators': 223, 'max_depth': 5, 'learning_rate': 0.013138459133678393, 'subsample': 0.8724870248380526, 'colsample_bytree': 0.7402824061669587, 'min_child_weight': 8, 'reg_alpha': 0.4251120213549274, 'reg_lambda': 0.6528579985758303}. Best is trial 10 with value: 0.6643330955587141.
[I 2026-04-11 23:58:17,365] Trial 18 finished with value: 0.6510787488023385 and parameters: {'n_estimators': 504, 'max_depth': 10, 'learning_rate': 0.02735295635702013, 'subsample': 0.9500427074310042, 'colsample_bytree': 0.7334256071238578, 'min_child_weight': 7, 'reg_alpha': 0.8595625403027037, 'reg_lambda': 0.25863098456968037}. Best is trial 10 with value: 0.6643330955587141.
[I 2026-04-11 23:58:25,995] Trial 19 finished with value: 0.6594257010221768 and parameters: {'n_estimators': 309, 'max_depth': 6, 'learning_rate': 0.048635326296098395, 'subsample': 0.8333615743853345, 'colsample_bytree': 0.872464503280179, 'min_child_weight': 6, 'reg_alpha': 0.72577333586099, 'reg_lambda': 0.7202082380460595}. Best is trial 10 with value: 0.6643330955587141.
[I 2026-04-11 23:58:38,251] Trial 20 finished with value: 0.6592027431979616 and parameters: {'n_estimators': 638, 'max_depth': 3, 'learning_rate': 0.09546268129080113, 'subsample': 0.9551844448034529, 'colsample_bytree': 0.6550471249467709, 'min_child_weight': 4, 'reg_alpha': 0.49865268421719555, 'reg_lambda': 0.9056507974259731}. Best is trial 10 with value: 0.6643330955587141.
[I 2026-04-11 23:58:50,847] Trial 21 finished with value: 0.6636033772240828 and parameters: {'n_estimators': 545, 'max_depth': 4, 'learning_rate': 0.02021673801561088, 'subsample': 0.8866118692701354, 'colsample_bytree': 0.8423592288202381, 'min_child_weight': 8, 'reg_alpha': 0.6456538540326291, 'reg_lambda': 0.8857133206147254}. Best is trial 10 with value: 0.6643330955587141.
[I 2026-04-11 23:59:02,052] Trial 22 finished with value: 0.6646549284895868 and parameters: {'n_estimators': 468, 'max_depth': 4, 'learning_rate': 0.02473262008392927, 'subsample': 0.9047370778936332, 'colsample_bytree': 0.8897799952928089, 'min_child_weight': 8, 'reg_alpha': 0.6608876760707791, 'reg_lambda': 0.8777884224156213}. Best is trial 22 with value: 0.6646549284895868.
[I 2026-04-11 23:59:12,070] Trial 23 finished with value: 0.6637964932182563 and parameters: {'n_estimators': 458, 'max_depth': 3, 'learning_rate': 0.034372774169605255, 'subsample': 0.9478862378603621, 'colsample_bytree': 0.8819927591611473, 'min_child_weight': 9, 'reg_alpha': 0.5410966898141093, 'reg_lambda': 0.7210663452755262}. Best is trial 22 with value: 0.6646549284895868.
[I 2026-04-11 23:59:21,789] Trial 24 finished with value: 0.6592072221195847 and parameters: {'n_estimators': 354, 'max_depth': 4, 'learning_rate': 0.014012574851362402, 'subsample': 0.855626344367769, 'colsample_bytree': 0.9532204930939255, 'min_child_weight': 7, 'reg_alpha': 0.7749191711530972, 'reg_lambda': 0.5283856521016757}. Best is trial 22 with value: 0.6646549284895868.
[I 2026-04-11 23:59:37,302] Trial 25 finished with value: 0.6593210516714093 and parameters: {'n_estimators': 601, 'max_depth': 5, 'learning_rate': 0.044125933400285366, 'subsample': 0.9669347100831843, 'colsample_bytree': 0.7584175964407001, 'min_child_weight': 9, 'reg_alpha': 0.8968090197934555, 'reg_lambda': 0.9240785591833454}. Best is trial 22 with value: 0.6646549284895868.
[I 2026-04-11 23:59:48,402] Trial 26 finished with value: 0.66337754286628 and parameters: {'n_estimators': 488, 'max_depth': 3, 'learning_rate': 0.026913206648059053, 'subsample': 0.9183253477452676, 'colsample_bytree': 0.804681379526769, 'min_child_weight': 6, 'reg_alpha': 0.45456698460084183, 'reg_lambda': 0.7350933560788052}. Best is trial 22 with value: 0.6646549284895868.
[I 2026-04-11 23:59:58,113] Trial 27 finished with value: 0.6635990606589568 and parameters: {'n_estimators': 369, 'max_depth': 4, 'learning_rate': 0.059579695906445115, 'subsample': 0.814249570267701, 'colsample_bytree': 0.7169145956785968, 'min_child_weight': 9, 'reg_alpha': 0.6888208346246825, 'reg_lambda': 0.5222291714204695}. Best is trial 22 with value: 0.6646549284895868.
[I 2026-04-12 00:00:08,007] Trial 28 finished with value: 0.6623470732389594 and parameters: {'n_estimators': 261, 'max_depth': 6, 'learning_rate': 0.0365783825631044, 'subsample': 0.8843106294530658, 'colsample_bytree': 0.9010886414994631, 'min_child_weight': 7, 'reg_alpha': 0.9323197830985636, 'reg_lambda': 0.93621071676076}. Best is trial 22 with value: 0.6646549284895868.
[I 2026-04-12 00:00:42,279] Trial 29 finished with value: 0.653755612134677 and parameters: {'n_estimators': 727, 'max_depth': 9, 'learning_rate': 0.01861361769482508, 'subsample': 0.9397448033566498, 'colsample_bytree': 0.8257625964886753, 'min_child_weight': 4, 'reg_alpha': 0.8506021637259299, 'reg_lambda': 0.8409998271329202}. Best is trial 22 with value: 0.6646549284895868.
[I 2026-04-12 00:15:46,527] A new study created in memory with name: no-name-507c1efd-e958-4189-bbfe-d910a6f5c0f6
[I 2026-04-12 00:15:54,116] Trial 0 finished with value: 1.0747140449207464 and parameters: {'n_estimators': 663, 'max_depth': 7, 'learning_rate': 0.1312386675594627, 'subsample': 0.6501262012087724, 'colsample_bytree': 0.8130047059105523, 'min_child_weight': 3, 'reg_alpha': 0.5954954182589902, 'reg_lambda': 0.4134574352996422}. Best is trial 0 with value: 1.0747140449207464.
[I 2026-04-12 00:16:10,712] Trial 1 finished with value: 1.0130561578943125 and parameters: {'n_estimators': 800, 'max_depth': 10, 'learning_rate': 0.02151676203792491, 'subsample': 0.7673374397915568, 'colsample_bytree': 0.8011847811951498, 'min_child_weight': 9, 'reg_alpha': 0.5299798839545212, 'reg_lambda': 0.6249753300640154}. Best is trial 1 with value: 1.0130561578943125.
[I 2026-04-12 00:16:20,945] Trial 2 finished with value: 1.009276427061923 and parameters: {'n_estimators': 669, 'max_depth': 9, 'learning_rate': 0.02770338861835912, 'subsample': 0.9722792714061709, 'colsample_bytree': 0.7150916955661836, 'min_child_weight': 10, 'reg_alpha': 0.7793111522363516, 'reg_lambda': 0.09145711047852145}. Best is trial 2 with value: 1.009276427061923.
[I 2026-04-12 00:16:24,148] Trial 3 finished with value: 0.9933201485882438 and parameters: {'n_estimators': 420, 'max_depth': 5, 'learning_rate': 0.016869194258476577, 'subsample': 0.7882322839283039, 'colsample_bytree': 0.8018976511403314, 'min_child_weight': 4, 'reg_alpha': 0.8450898255554212, 'reg_lambda': 0.23349900539583535}. Best is trial 3 with value: 0.9933201485882438.
[I 2026-04-12 00:16:35,766] Trial 4 finished with value: 1.0108028773384548 and parameters: {'n_estimators': 760, 'max_depth': 9, 'learning_rate': 0.02575965863622954, 'subsample': 0.8587265270615388, 'colsample_bytree': 0.7144022651381384, 'min_child_weight': 9, 'reg_alpha': 0.01747988792553934, 'reg_lambda': 0.25628822449611355}. Best is trial 3 with value: 0.9933201485882438.
[I 2026-04-12 00:16:37,168] Trial 5 finished with value: 0.9938080216138876 and parameters: {'n_estimators': 191, 'max_depth': 4, 'learning_rate': 0.03319399114075599, 'subsample': 0.8888655891685043, 'colsample_bytree': 0.789751018603746, 'min_child_weight': 6, 'reg_alpha': 0.27478507537090036, 'reg_lambda': 0.5485748452967782}. Best is trial 3 with value: 0.9933201485882438.
[I 2026-04-12 00:16:46,791] Trial 6 finished with value: 1.0111730812692081 and parameters: {'n_estimators': 368, 'max_depth': 10, 'learning_rate': 0.03125277954717853, 'subsample': 0.8938825447581932, 'colsample_bytree': 0.775833133484641, 'min_child_weight': 2, 'reg_alpha': 0.15552246615441867, 'reg_lambda': 0.6813443507191076}. Best is trial 3 with value: 0.9933201485882438.
[I 2026-04-12 00:16:52,064] Trial 7 finished with value: 0.9962011861675298 and parameters: {'n_estimators': 376, 'max_depth': 8, 'learning_rate': 0.014570575157990021, 'subsample': 0.6610674655177188, 'colsample_bytree': 0.7659215895418158, 'min_child_weight': 7, 'reg_alpha': 0.6529541621653305, 'reg_lambda': 0.40523399077102196}. Best is trial 3 with value: 0.9933201485882438.
[I 2026-04-12 00:16:54,090] Trial 8 finished with value: 1.1243344338266779 and parameters: {'n_estimators': 183, 'max_depth': 7, 'learning_rate': 0.29800230083675416, 'subsample': 0.6398032060694508, 'colsample_bytree': 0.648798681500179, 'min_child_weight': 9, 'reg_alpha': 0.48828575075188063, 'reg_lambda': 0.40985937816958373}. Best is trial 3 with value: 0.9933201485882438.
[I 2026-04-12 00:17:04,034] Trial 9 finished with value: 1.0804340082648907 and parameters: {'n_estimators': 416, 'max_depth': 10, 'learning_rate': 0.14225803886700808, 'subsample': 0.6426795342071397, 'colsample_bytree': 0.6268947350516887, 'min_child_weight': 5, 'reg_alpha': 0.03607303226466496, 'reg_lambda': 0.5544137056964142}. Best is trial 3 with value: 0.9933201485882438.
[I 2026-04-12 00:17:10,034] Trial 10 finished with value: 0.9931631606915432 and parameters: {'n_estimators': 902, 'max_depth': 4, 'learning_rate': 0.010003959194208193, 'subsample': 0.7532089111103364, 'colsample_bytree': 0.9581147435920354, 'min_child_weight': 1, 'reg_alpha': 0.995440570543306, 'reg_lambda': 0.8839519885549316}. Best is trial 10 with value: 0.9931631606915432.
[I 2026-04-12 00:17:16,552] Trial 11 finished with value: 0.9934428085719457 and parameters: {'n_estimators': 982, 'max_depth': 4, 'learning_rate': 0.010071442581952514, 'subsample': 0.7542539898990533, 'colsample_bytree': 0.9568028238370232, 'min_child_weight': 1, 'reg_alpha': 0.9981912936958187, 'reg_lambda': 0.9280677258580345}. Best is trial 10 with value: 0.9931631606915432.
[I 2026-04-12 00:17:24,425] Trial 12 finished with value: 0.9946936631501275 and parameters: {'n_estimators': 990, 'max_depth': 5, 'learning_rate': 0.011142618234199165, 'subsample': 0.7330700098082059, 'colsample_bytree': 0.995717578657014, 'min_child_weight': 4, 'reg_alpha': 0.9880950022385783, 'reg_lambda': 0.9757820986338652}. Best is trial 10 with value: 0.9931631606915432.
[I 2026-04-12 00:17:27,339] Trial 13 finished with value: 0.9980373309117251 and parameters: {'n_estimators': 514, 'max_depth': 3, 'learning_rate': 0.06627104410972322, 'subsample': 0.8198387897898639, 'colsample_bytree': 0.8909096564245439, 'min_child_weight': 1, 'reg_alpha': 0.8190554560196689, 'reg_lambda': 0.003924051087543207}. Best is trial 10 with value: 0.9931631606915432.
[I 2026-04-12 00:17:31,945] Trial 14 finished with value: 0.9935457951776757 and parameters: {'n_estimators': 550, 'max_depth': 5, 'learning_rate': 0.016797136307718563, 'subsample': 0.7102276918062908, 'colsample_bytree': 0.8724270386946805, 'min_child_weight': 3, 'reg_alpha': 0.8322064217006072, 'reg_lambda': 0.8054616409305522}. Best is trial 10 with value: 0.9931631606915432.
[I 2026-04-12 00:17:40,213] Trial 15 finished with value: 1.0138668335700178 and parameters: {'n_estimators': 847, 'max_depth': 6, 'learning_rate': 0.05172205924460583, 'subsample': 0.8105358486729253, 'colsample_bytree': 0.8993410304799238, 'min_child_weight': 4, 'reg_alpha': 0.8837355983933328, 'reg_lambda': 0.19339857629177915}. Best is trial 10 with value: 0.9931631606915432.
[I 2026-04-12 00:17:42,249] Trial 16 finished with value: 0.9941589725702656 and parameters: {'n_estimators': 311, 'max_depth': 3, 'learning_rate': 0.01656980937469364, 'subsample': 0.7062626586928352, 'colsample_bytree': 0.8508670289422661, 'min_child_weight': 7, 'reg_alpha': 0.6948180378298722, 'reg_lambda': 0.7844275436101683}. Best is trial 10 with value: 0.9931631606915432.
[I 2026-04-12 00:17:46,331] Trial 17 finished with value: 0.9996927869814185 and parameters: {'n_estimators': 469, 'max_depth': 5, 'learning_rate': 0.047332116579176395, 'subsample': 0.9574282156662108, 'colsample_bytree': 0.9238617903273164, 'min_child_weight': 2, 'reg_alpha': 0.3938421699041863, 'reg_lambda': 0.27443612924215505}. Best is trial 10 with value: 0.9931631606915432.
[I 2026-04-12 00:17:50,979] Trial 18 finished with value: 0.9932482895089965 and parameters: {'n_estimators': 643, 'max_depth': 4, 'learning_rate': 0.013593970251408035, 'subsample': 0.7992366134020396, 'colsample_bytree': 0.9835082173372371, 'min_child_weight': 5, 'reg_alpha': 0.905097052373107, 'reg_lambda': 0.8677277137354504}. Best is trial 10 with value: 0.9931631606915432.
[I 2026-04-12 00:17:57,012] Trial 19 finished with value: 1.016279069676319 and parameters: {'n_estimators': 876, 'max_depth': 4, 'learning_rate': 0.08168231339359819, 'subsample': 0.60251728585497, 'colsample_bytree': 0.9983127302737493, 'min_child_weight': 6, 'reg_alpha': 0.9618589390964289, 'reg_lambda': 0.8493158597217731}. Best is trial 10 with value: 0.9931631606915432.
[I 2026-04-12 00:18:03,835] Trial 20 finished with value: 0.9944485223586184 and parameters: {'n_estimators': 651, 'max_depth': 6, 'learning_rate': 0.010011896680029058, 'subsample': 0.8453847641161716, 'colsample_bytree': 0.9459193746895943, 'min_child_weight': 7, 'reg_alpha': 0.7232613345220902, 'reg_lambda': 0.7142804466875669}. Best is trial 10 with value: 0.9931631606915432.
[I 2026-04-12 00:18:08,181] Trial 21 finished with value: 0.9938833359336233 and parameters: {'n_estimators': 590, 'max_depth': 4, 'learning_rate': 0.014683786288136103, 'subsample': 0.7798397301164159, 'colsample_bytree': 0.9608362070326715, 'min_child_weight': 5, 'reg_alpha': 0.8847633517374778, 'reg_lambda': 0.9312014515246049}. Best is trial 10 with value: 0.9931631606915432.
[I 2026-04-12 00:18:09,979] Trial 22 finished with value: 0.9940462575179666 and parameters: {'n_estimators': 267, 'max_depth': 3, 'learning_rate': 0.021338944275914824, 'subsample': 0.7954107520429328, 'colsample_bytree': 0.851590129351108, 'min_child_weight': 4, 'reg_alpha': 0.9020280650494005, 'reg_lambda': 0.863327766326186}. Best is trial 10 with value: 0.9931631606915432.
