[I 2026-04-12 02:14:15,794] Trial 11 finished with value: 7.592656519043083 and parameters: {'n_estimators': 496, 'max_depth': 8, 'learning_rate': 0.010570296404866578, 'subsample': 0.9925487762621019, 'colsample_bytree': 0.9942116525476836, 'min_child_weight': 7, 'reg_alpha': 0.012538931970650063, 'reg_lambda': 0.5899927719184421}. Best is trial 0 with value: 7.559480134138996.
[I 2026-04-12 02:14:24,333] Trial 12 finished with value: 7.599345062178573 and parameters: {'n_estimators': 480, 'max_depth': 8, 'learning_rate': 0.011483930736138816, 'subsample': 0.998491568137532, 'colsample_bytree': 0.9845814534788683, 'min_child_weight': 10, 'reg_alpha': 0.0018281341231844352, 'reg_lambda': 0.48974703221011223}. Best is trial 0 with value: 7.559480134138996.
[I 2026-04-12 02:14:30,612] Trial 13 finished with value: 7.583421012587278 and parameters: {'n_estimators': 363, 'max_depth': 8, 'learning_rate': 0.0223817883820885, 'subsample': 0.809585518255853, 'colsample_bytree': 0.9335945887677995, 'min_child_weight': 7, 'reg_alpha': 0.1379777724306201, 'reg_lambda': 0.799212735948524}. Best is trial 0 with value: 7.559480134138996.
[I 2026-04-12 02:14:39,435] Trial 14 finished with value: 7.622823169633755 and parameters: {'n_estimators': 329, 'max_depth': 10, 'learning_rate': 0.023328319123591977, 'subsample': 0.8148889403373201, 'colsample_bytree': 0.8264506774543472, 'min_child_weight': 8, 'reg_alpha': 0.40045890643074966, 'reg_lambda': 0.8192620997669403}. Best is trial 0 with value: 7.559480134138996.
[I 2026-04-12 02:14:43,478] Trial 15 finished with value: 7.578928044349857 and parameters: {'n_estimators': 291, 'max_depth': 7, 'learning_rate': 0.023240823161725686, 'subsample': 0.7681175424871848, 'colsample_bytree': 0.9267170721185035, 'min_child_weight': 6, 'reg_alpha': 0.17624210352091418, 'reg_lambda': 0.8719032853648412}. Best is trial 0 with value: 7.559480134138996.
[I 2026-04-12 02:14:45,198] Trial 16 finished with value: 7.591939828565164 and parameters: {'n_estimators': 130, 'max_depth': 6, 'learning_rate': 0.022685725890856365, 'subsample': 0.7588293625148429, 'colsample_bytree': 0.8273869117871144, 'min_child_weight': 5, 'reg_alpha': 0.34701963314567974, 'reg_lambda': 0.9196010580064679}. Best is trial 0 with value: 7.559480134138996.
[I 2026-04-12 02:14:52,979] Trial 17 finished with value: 7.855380804992039 and parameters: {'n_estimators': 605, 'max_depth': 7, 'learning_rate': 0.07193568055851257, 'subsample': 0.6623963429749624, 'colsample_bytree': 0.6145621649091869, 'min_child_weight': 1, 'reg_alpha': 0.5618281631692967, 'reg_lambda': 0.6700549057010444}. Best is trial 0 with value: 7.559480134138996.
[I 2026-04-12 02:14:56,453] Trial 18 finished with value: 7.576102332976369 and parameters: {'n_estimators': 241, 'max_depth': 7, 'learning_rate': 0.030914462906286716, 'subsample': 0.8615438272412297, 'colsample_bytree': 0.9554824058941659, 'min_child_weight': 6, 'reg_alpha': 0.15477712032186866, 'reg_lambda': 0.37814309668527507}. Best is trial 0 with value: 7.559480134138996.
[I 2026-04-12 02:14:58,796] Trial 19 finished with value: 7.57278607962847 and parameters: {'n_estimators': 234, 'max_depth': 5, 'learning_rate': 0.03564737369952559, 'subsample': 0.8646831265016363, 'colsample_bytree': 0.9565254507975398, 'min_child_weight': 8, 'reg_alpha': 0.3261464992324889, 'reg_lambda': 0.4033834271248111}. Best is trial 0 with value: 7.559480134138996.
[I 2026-04-12 02:15:01,772] Trial 20 finished with value: 7.572615036626195 and parameters: {'n_estimators': 413, 'max_depth': 3, 'learning_rate': 0.015381619912750038, 'subsample': 0.9188709846773517, 'colsample_bytree': 0.8549996959128352, 'min_child_weight': 10, 'reg_alpha': 0.3251838095950065, 'reg_lambda': 0.3448683583587008}. Best is trial 0 with value: 7.559480134138996.
[I 2026-04-12 02:15:04,642] Trial 21 finished with value: 7.57011584435698 and parameters: {'n_estimators': 406, 'max_depth': 3, 'learning_rate': 0.015853071869312386, 'subsample': 0.90866571720869, 'colsample_bytree': 0.8671160743855819, 'min_child_weight': 10, 'reg_alpha': 0.3212559932120754, 'reg_lambda': 0.34628915385768805}. Best is trial 0 with value: 7.559480134138996.
[I 2026-04-12 02:15:07,657] Trial 22 finished with value: 7.571291741928442 and parameters: {'n_estimators': 411, 'max_depth': 3, 'learning_rate': 0.015285110528738762, 'subsample': 0.9135197703874461, 'colsample_bytree': 0.8645844340351491, 'min_child_weight': 10, 'reg_alpha': 0.5007665613777854, 'reg_lambda': 0.30280236260933696}. Best is trial 0 with value: 7.559480134138996.
[I 2026-04-12 02:15:10,565] Trial 23 finished with value: 7.571567064015446 and parameters: {'n_estimators': 410, 'max_depth': 3, 'learning_rate': 0.015570844496946085, 'subsample': 0.9473526339608147, 'colsample_bytree': 0.7908203193141555, 'min_child_weight': 9, 'reg_alpha': 0.6278797228820012, 'reg_lambda': 0.2626833624235066}. Best is trial 0 with value: 7.559480134138996.
[I 2026-04-12 02:15:14,524] Trial 24 finished with value: 7.5651296955086735 and parameters: {'n_estimators': 571, 'max_depth': 3, 'learning_rate': 0.01533141228076851, 'subsample': 0.8926401778704464, 'colsample_bytree': 0.8863222475491644, 'min_child_weight': 10, 'reg_alpha': 0.4856889990116121, 'reg_lambda': 0.5680552529937091}. Best is trial 0 with value: 7.559480134138996.
[I 2026-04-12 02:15:19,628] Trial 25 finished with value: 7.564493818441044 and parameters: {'n_estimators': 564, 'max_depth': 5, 'learning_rate': 0.017697781754605672, 'subsample': 0.886937581821427, 'colsample_bytree': 0.8928332532254504, 'min_child_weight': 8, 'reg_alpha': 0.7072071182269758, 'reg_lambda': 0.5504658332809668}. Best is trial 0 with value: 7.559480134138996.
[I 2026-04-12 02:15:25,125] Trial 26 finished with value: 7.592332562314912 and parameters: {'n_estimators': 682, 'max_depth': 5, 'learning_rate': 0.029224949999057996, 'subsample': 0.8322660015400902, 'colsample_bytree': 0.8958376151562816, 'min_child_weight': 8, 'reg_alpha': 0.7233949852321087, 'reg_lambda': 0.5836651059731576}. Best is trial 0 with value: 7.559480134138996.
[I 2026-04-12 02:15:30,199] Trial 27 finished with value: 7.566384374388634 and parameters: {'n_estimators': 589, 'max_depth': 5, 'learning_rate': 0.01979004600219449, 'subsample': 0.8781457437873257, 'colsample_bytree': 0.8278259156127873, 'min_child_weight': 9, 'reg_alpha': 0.6770635270291455, 'reg_lambda': 0.7081074224743324}. Best is trial 0 with value: 7.559480134138996.
[I 2026-04-12 02:15:35,805] Trial 28 finished with value: 8.449248671009592 and parameters: {'n_estimators': 556, 'max_depth': 6, 'learning_rate': 0.298805459203729, 'subsample': 0.9492163001865828, 'colsample_bytree': 0.9569953265025815, 'min_child_weight': 8, 'reg_alpha': 0.7909460145024179, 'reg_lambda': 0.6453800037395732}. Best is trial 0 with value: 7.559480134138996.
[I 2026-04-12 02:15:41,260] Trial 29 finished with value: 7.68846370743013 and parameters: {'n_estimators': 685, 'max_depth': 5, 'learning_rate': 0.0663874898021887, 'subsample': 0.8891993900009445, 'colsample_bytree': 0.7866524224942958, 'min_child_weight': 9, 'reg_alpha': 0.8332722948890507, 'reg_lambda': 0.17459179829806315}. Best is trial 0 with value: 7.559480134138996.
[I 2026-04-12 02:24:55,275] A new study created in memory with name: no-name-45ce0f9b-5395-4dbe-95d8-c49e0ba0ac17
[I 2026-04-12 02:25:00,638] Trial 0 finished with value: 0.6053677987423979 and parameters: {'n_estimators': 311, 'max_depth': 3, 'learning_rate': 0.11597536059652687, 'subsample': 0.7897438419991172, 'colsample_bytree': 0.6342235376923991, 'min_child_weight': 8, 'reg_alpha': 0.8411264846195504, 'reg_lambda': 0.3793813689755873}. Best is trial 0 with value: 0.6053677987423979.
[I 2026-04-12 02:25:09,875] Trial 1 finished with value: 0.5982150512626309 and parameters: {'n_estimators': 461, 'max_depth': 4, 'learning_rate': 0.012481064281277753, 'subsample': 0.7698445159653137, 'colsample_bytree': 0.7913139111274768, 'min_child_weight': 4, 'reg_alpha': 0.8417783422848064, 'reg_lambda': 0.5424975619561361}. Best is trial 0 with value: 0.6053677987423979.
[I 2026-04-12 02:25:26,225] Trial 2 finished with value: 0.5825364911975355 and parameters: {'n_estimators': 649, 'max_depth': 7, 'learning_rate': 0.09690719483426247, 'subsample': 0.8946587108188011, 'colsample_bytree': 0.9516934815932309, 'min_child_weight': 4, 'reg_alpha': 0.04159679808922445, 'reg_lambda': 0.13074528131251484}. Best is trial 0 with value: 0.6053677987423979.
[I 2026-04-12 02:25:37,464] Trial 3 finished with value: 0.5888241740264634 and parameters: {'n_estimators': 427, 'max_depth': 7, 'learning_rate': 0.08175257196331498, 'subsample': 0.9776542268037626, 'colsample_bytree': 0.8887655898604748, 'min_child_weight': 4, 'reg_alpha': 0.5445262126602207, 'reg_lambda': 0.014127682210864134}. Best is trial 0 with value: 0.6053677987423979.
[I 2026-04-12 02:25:44,545] Trial 4 finished with value: 0.5979868292264403 and parameters: {'n_estimators': 297, 'max_depth': 6, 'learning_rate': 0.10384911901583475, 'subsample': 0.7848612397949118, 'colsample_bytree': 0.6675418336160842, 'min_child_weight': 5, 'reg_alpha': 0.12980127763214722, 'reg_lambda': 0.5951114063234191}. Best is trial 0 with value: 0.6053677987423979.
[I 2026-04-12 02:26:06,336] Trial 5 finished with value: 0.5841433131915829 and parameters: {'n_estimators': 703, 'max_depth': 8, 'learning_rate': 0.07666123273566215, 'subsample': 0.675911200159965, 'colsample_bytree': 0.800433675713802, 'min_child_weight': 2, 'reg_alpha': 0.6429529451107454, 'reg_lambda': 0.4570189621423866}. Best is trial 0 with value: 0.6053677987423979.
[I 2026-04-12 02:26:21,145] Trial 6 finished with value: 0.6009624222844697 and parameters: {'n_estimators': 552, 'max_depth': 7, 'learning_rate': 0.02994333982276117, 'subsample': 0.9421129206027234, 'colsample_bytree': 0.6740485872375407, 'min_child_weight': 3, 'reg_alpha': 0.7731846805053431, 'reg_lambda': 0.675166039620837}. Best is trial 0 with value: 0.6053677987423979.
[I 2026-04-12 02:26:43,687] Trial 7 finished with value: 0.6026181726516451 and parameters: {'n_estimators': 933, 'max_depth': 6, 'learning_rate': 0.012054300519483984, 'subsample': 0.6657723349778198, 'colsample_bytree': 0.6261680821718522, 'min_child_weight': 6, 'reg_alpha': 0.10619397232817296, 'reg_lambda': 0.5484461718119025}. Best is trial 0 with value: 0.6053677987423979.
[I 2026-04-12 02:27:08,062] Trial 8 finished with value: 0.5936297502800119 and parameters: {'n_estimators': 543, 'max_depth': 10, 'learning_rate': 0.01813921197018449, 'subsample': 0.7068201821532406, 'colsample_bytree': 0.8577526360832629, 'min_child_weight': 7, 'reg_alpha': 0.5472482056808036, 'reg_lambda': 0.8702949636488377}. Best is trial 0 with value: 0.6053677987423979.
[I 2026-04-12 02:27:27,753] Trial 9 finished with value: 0.5727140627826243 and parameters: {'n_estimators': 730, 'max_depth': 7, 'learning_rate': 0.20079796737256553, 'subsample': 0.8685252577831801, 'colsample_bytree': 0.6843990771096797, 'min_child_weight': 8, 'reg_alpha': 0.6423533385581919, 'reg_lambda': 0.059147115979206966}. Best is trial 0 with value: 0.6053677987423979.
[I 2026-04-12 02:27:30,345] Trial 10 finished with value: 0.5962446403599366 and parameters: {'n_estimators': 100, 'max_depth': 3, 'learning_rate': 0.2896116185408795, 'subsample': 0.8486159314723662, 'colsample_bytree': 0.7319511189308078, 'min_child_weight': 10, 'reg_alpha': 0.9987291571982562, 'reg_lambda': 0.3235712247271184}. Best is trial 0 with value: 0.6053677987423979.
[I 2026-04-12 02:27:52,741] Trial 11 finished with value: 0.6002790388116949 and parameters: {'n_estimators': 989, 'max_depth': 5, 'learning_rate': 0.03577785014272834, 'subsample': 0.6012832935716457, 'colsample_bytree': 0.6196710136561855, 'min_child_weight': 7, 'reg_alpha': 0.30737789290372336, 'reg_lambda': 0.3042912828563628}. Best is trial 0 with value: 0.6053677987423979.
[I 2026-04-12 02:28:13,383] Trial 12 finished with value: 0.5987115289077249 and parameters: {'n_estimators': 976, 'max_depth': 3, 'learning_rate': 0.010239704033268071, 'subsample': 0.6928036883983715, 'colsample_bytree': 0.6007153972346454, 'min_child_weight': 9, 'reg_alpha': 0.3036734847324982, 'reg_lambda': 0.7699565226104923}. Best is trial 0 with value: 0.6053677987423979.
[I 2026-04-12 02:28:18,906] Trial 13 finished with value: 0.5981573535643292 and parameters: {'n_estimators': 183, 'max_depth': 5, 'learning_rate': 0.04060342272629973, 'subsample': 0.6003551266424234, 'colsample_bytree': 0.743639289311552, 'min_child_weight': 6, 'reg_alpha': 0.3267957814589164, 'reg_lambda': 0.37974000091542454}. Best is trial 0 with value: 0.6053677987423979.
[I 2026-04-12 02:28:51,763] Trial 14 finished with value: 0.5916177757037495 and parameters: {'n_estimators': 860, 'max_depth': 9, 'learning_rate': 0.15276325627122087, 'subsample': 0.742060550984308, 'colsample_bytree': 0.6473157956362834, 'min_child_weight': 8, 'reg_alpha': 0.9712226893907381, 'reg_lambda': 0.21630155086459033}. Best is trial 0 with value: 0.6053677987423979.
[I 2026-04-12 02:29:00,521] Trial 15 finished with value: 0.5987248501958069 and parameters: {'n_estimators': 330, 'max_depth': 5, 'learning_rate': 0.01859004742513412, 'subsample': 0.8105281102050863, 'colsample_bytree': 0.7294276390304526, 'min_child_weight': 10, 'reg_alpha': 0.142390091228163, 'reg_lambda': 0.48003513143394605}. Best is trial 0 with value: 0.6053677987423979.
[I 2026-04-12 02:29:17,694] Trial 16 finished with value: 0.601492283314506 and parameters: {'n_estimators': 841, 'max_depth': 4, 'learning_rate': 0.056437201128657945, 'subsample': 0.6554706331392601, 'colsample_bytree': 0.601704722868563, 'min_child_weight': 1, 'reg_alpha': 0.4027589346765241, 'reg_lambda': 0.9848206943678512}. Best is trial 0 with value: 0.6053677987423979.
[I 2026-04-12 02:29:24,402] Trial 17 finished with value: 0.5924850779963857 and parameters: {'n_estimators': 303, 'max_depth': 4, 'learning_rate': 0.14404407716245266, 'subsample': 0.7224801289126459, 'colsample_bytree': 0.702376209264464, 'min_child_weight': 6, 'reg_alpha': 0.782604095957678, 'reg_lambda': 0.6209984291220225}. Best is trial 0 with value: 0.6053677987423979.
[I 2026-04-12 02:29:31,266] Trial 18 finished with value: 0.5966547666412862 and parameters: {'n_estimators': 209, 'max_depth': 6, 'learning_rate': 0.023114941203379456, 'subsample': 0.8255123267457924, 'colsample_bytree': 0.7828242734285888, 'min_child_weight': 8, 'reg_alpha': 0.17763087535777505, 'reg_lambda': 0.7187334359980383}. Best is trial 0 with value: 0.6053677987423979.
[I 2026-04-12 02:30:02,032] Trial 19 finished with value: 0.5948512378090696 and parameters: {'n_estimators': 841, 'max_depth': 9, 'learning_rate': 0.05069894703196225, 'subsample': 0.6486019997961875, 'colsample_bytree': 0.6429616363909709, 'min_child_weight': 7, 'reg_alpha': 0.00741390584292019, 'reg_lambda': 0.41514273248793604}. Best is trial 0 with value: 0.6053677987423979.
[I 2026-04-12 02:30:10,115] Trial 20 finished with value: 0.6011755872917448 and parameters: {'n_estimators': 408, 'max_depth': 3, 'learning_rate': 0.1365909853733722, 'subsample': 0.9026460310598087, 'colsample_bytree': 0.9745759545923912, 'min_child_weight': 5, 'reg_alpha': 0.43884470542285664, 'reg_lambda': 0.2489570031803766}. Best is trial 0 with value: 0.6053677987423979.
[I 2026-04-12 02:30:27,957] Trial 21 finished with value: 0.5992669555181069 and parameters: {'n_estimators': 883, 'max_depth': 4, 'learning_rate': 0.05577951056776976, 'subsample': 0.6516025388177836, 'colsample_bytree': 0.6023128169536012, 'min_child_weight': 1, 'reg_alpha': 0.4524694526536607, 'reg_lambda': 0.9324625058085706}. Best is trial 0 with value: 0.6053677987423979.
[I 2026-04-12 02:30:43,904] Trial 22 finished with value: 0.5997080288734702 and parameters: {'n_estimators': 784, 'max_depth': 4, 'learning_rate': 0.05806648965674837, 'subsample': 0.6441307711286917, 'colsample_bytree': 0.6417548856629675, 'min_child_weight': 1, 'reg_alpha': 0.22679559125599402, 'reg_lambda': 0.8229180365502282}. Best is trial 0 with value: 0.6053677987423979.
[I 2026-04-12 02:31:00,872] Trial 23 finished with value: 0.60283346376717 and parameters: {'n_estimators': 925, 'max_depth': 3, 'learning_rate': 0.06818912785119133, 'subsample': 0.7491195362882759, 'colsample_bytree': 0.6327222458594967, 'min_child_weight': 9, 'reg_alpha': 0.38142770230636736, 'reg_lambda': 0.9730665286822588}. Best is trial 0 with value: 0.6053677987423979.
[I 2026-04-12 02:31:18,149] Trial 24 finished with value: 0.5835757712496015 and parameters: {'n_estimators': 938, 'max_depth': 3, 'learning_rate': 0.21790147736255822, 'subsample': 0.7543338483108067, 'colsample_bytree': 0.7032947302271505, 'min_child_weight': 9, 'reg_alpha': 0.7018311612617707, 'reg_lambda': 0.17151418157055165}. Best is trial 0 with value: 0.6053677987423979.
[I 2026-04-12 02:31:32,432] Trial 25 finished with value: 0.5882907264957896 and parameters: {'n_estimators': 627, 'max_depth': 5, 'learning_rate': 0.1081233963911433, 'subsample': 0.8030573963691132, 'colsample_bytree': 0.6404166042695031, 'min_child_weight': 9, 'reg_alpha': 0.8752620238721144, 'reg_lambda': 0.5429307114657294}. Best is trial 0 with value: 0.6053677987423979.
[I 2026-04-12 02:31:55,290] Trial 26 finished with value: 0.5992370924107583 and parameters: {'n_estimators': 919, 'max_depth': 6, 'learning_rate': 0.02712745298561159, 'subsample': 0.7231395833982792, 'colsample_bytree': 0.755031019931426, 'min_child_weight': 8, 'reg_alpha': 0.2230264623487156, 'reg_lambda': 0.36305242469226273}. Best is trial 0 with value: 0.6053677987423979.
[I 2026-04-12 02:32:09,688] Trial 27 finished with value: 0.6025751172168788 and parameters: {'n_estimators': 775, 'max_depth': 3, 'learning_rate': 0.07192950921015377, 'subsample': 0.7625918827677687, 'colsample_bytree': 0.8361241743283423, 'min_child_weight': 6, 'reg_alpha': 0.06504127390019743, 'reg_lambda': 0.8785263846581737}. Best is trial 0 with value: 0.6053677987423979.
[I 2026-04-12 02:32:26,835] Trial 28 finished with value: 0.6004902798652753 and parameters: {'n_estimators': 491, 'max_depth': 8, 'learning_rate': 0.014419536341796088, 'subsample': 0.7325836626428618, 'colsample_bytree': 0.6864101693309181, 'min_child_weight': 10, 'reg_alpha': 0.35405914867528054, 'reg_lambda': 0.6951640138519496}. Best is trial 0 with value: 0.6053677987423979.
