[I 2026-04-12 13:53:15,310] Trial 16 finished with value: 0.7590788383019929 and parameters: {'n_estimators': 885, 'max_depth': 4, 'learning_rate': 0.06261469160797652, 'subsample': 0.7164495016865915, 'colsample_bytree': 0.759394309250142, 'min_child_weight': 9, 'reg_alpha': 0.6106909191578925, 'reg_lambda': 0.7916638354244501}. Best is trial 1 with value: 0.7640777584694232.
[I 2026-04-12 13:53:38,236] Trial 17 finished with value: 0.7609761052082749 and parameters: {'n_estimators': 680, 'max_depth': 6, 'learning_rate': 0.02879657067835045, 'subsample': 0.944215160441909, 'colsample_bytree': 0.8560181378961599, 'min_child_weight': 9, 'reg_alpha': 0.9434365481702349, 'reg_lambda': 0.3415702750072141}. Best is trial 1 with value: 0.7640777584694232.
[I 2026-04-12 13:53:59,878] Trial 18 finished with value: 0.7606423068308925 and parameters: {'n_estimators': 933, 'max_depth': 3, 'learning_rate': 0.08130843958746546, 'subsample': 0.8615539504346436, 'colsample_bytree': 0.6739178170603958, 'min_child_weight': 4, 'reg_alpha': 0.30943991165806534, 'reg_lambda': 0.5494561652939355}. Best is trial 1 with value: 0.7640777584694232.
[I 2026-04-12 13:54:17,316] Trial 19 finished with value: 0.7628940875274219 and parameters: {'n_estimators': 584, 'max_depth': 4, 'learning_rate': 0.010480505306314662, 'subsample': 0.8091307901747073, 'colsample_bytree': 0.7473546651253455, 'min_child_weight': 7, 'reg_alpha': 0.44879840074136, 'reg_lambda': 0.2966056292652849}. Best is trial 1 with value: 0.7640777584694232.
[I 2026-04-12 13:54:34,572] Trial 20 finished with value: 0.7618807803570815 and parameters: {'n_estimators': 570, 'max_depth': 4, 'learning_rate': 0.010268144043933763, 'subsample': 0.8129033169746667, 'colsample_bytree': 0.6010279775606582, 'min_child_weight': 7, 'reg_alpha': 0.4567925067135338, 'reg_lambda': 0.32034893017720245}. Best is trial 1 with value: 0.7640777584694232.
[I 2026-04-12 13:54:57,141] Trial 21 finished with value: 0.7628380279618967 and parameters: {'n_estimators': 745, 'max_depth': 5, 'learning_rate': 0.017915363354952345, 'subsample': 0.7686274471807176, 'colsample_bytree': 0.7403565432913621, 'min_child_weight': 7, 'reg_alpha': 0.6343860893013018, 'reg_lambda': 0.46307677411616255}. Best is trial 1 with value: 0.7640777584694232.
[I 2026-04-12 13:55:14,548] Trial 22 finished with value: 0.7640098904878212 and parameters: {'n_estimators': 719, 'max_depth': 3, 'learning_rate': 0.019262797659960335, 'subsample': 0.7537569445073338, 'colsample_bytree': 0.7417227987545382, 'min_child_weight': 7, 'reg_alpha': 0.7774488392982546, 'reg_lambda': 0.49283753251880613}. Best is trial 1 with value: 0.7640777584694232.
[I 2026-04-12 13:55:29,336] Trial 23 finished with value: 0.7639648373932899 and parameters: {'n_estimators': 620, 'max_depth': 3, 'learning_rate': 0.03598425938863002, 'subsample': 0.7120164388955255, 'colsample_bytree': 0.6671054980066882, 'min_child_weight': 5, 'reg_alpha': 0.7996714215317096, 'reg_lambda': 0.6604573445218238}. Best is trial 1 with value: 0.7640777584694232.
[I 2026-04-12 13:55:44,750] Trial 24 finished with value: 0.7643887509703536 and parameters: {'n_estimators': 661, 'max_depth': 3, 'learning_rate': 0.038857889674449454, 'subsample': 0.7263391738995897, 'colsample_bytree': 0.6644302639765389, 'min_child_weight': 5, 'reg_alpha': 0.8479167418595384, 'reg_lambda': 0.7025773963003628}. Best is trial 24 with value: 0.7643887509703536.
[I 2026-04-12 13:56:00,583] Trial 25 finished with value: 0.7630702000739448 and parameters: {'n_estimators': 696, 'max_depth': 3, 'learning_rate': 0.04647062823596758, 'subsample': 0.7302824310934708, 'colsample_bytree': 0.6676416379751632, 'min_child_weight': 4, 'reg_alpha': 0.9108724343645874, 'reg_lambda': 0.7870802122450392}. Best is trial 24 with value: 0.7643887509703536.
[I 2026-04-12 13:56:19,751] Trial 26 finished with value: 0.7638360936703573 and parameters: {'n_estimators': 822, 'max_depth': 3, 'learning_rate': 0.03167031195382732, 'subsample': 0.6569781437620208, 'colsample_bytree': 0.716966810695412, 'min_child_weight': 6, 'reg_alpha': 0.9944791515160494, 'reg_lambda': 0.745413993153222}. Best is trial 24 with value: 0.7643887509703536.
[I 2026-04-12 13:56:34,161] Trial 27 finished with value: 0.7636678293729021 and parameters: {'n_estimators': 511, 'max_depth': 4, 'learning_rate': 0.022062990444334324, 'subsample': 0.6830186155116948, 'colsample_bytree': 0.6005782038424612, 'min_child_weight': 1, 'reg_alpha': 0.8408433290801922, 'reg_lambda': 0.5628177747976062}. Best is trial 24 with value: 0.7643887509703536.
[I 2026-04-12 13:57:01,478] Trial 28 finished with value: 0.7492851245278346 and parameters: {'n_estimators': 741, 'max_depth': 7, 'learning_rate': 0.08072930149749691, 'subsample': 0.7341646488251031, 'colsample_bytree': 0.6499046819509656, 'min_child_weight': 4, 'reg_alpha': 0.721939396896088, 'reg_lambda': 0.8458242941613308}. Best is trial 24 with value: 0.7643887509703536.
[I 2026-04-12 13:57:05,556] Trial 29 finished with value: 0.7619136510948515 and parameters: {'n_estimators': 138, 'max_depth': 3, 'learning_rate': 0.047841486335186326, 'subsample': 0.834978264527561, 'colsample_bytree': 0.7093325791380004, 'min_child_weight': 6, 'reg_alpha': 0.836233427855232, 'reg_lambda': 0.5846525520244792}. Best is trial 24 with value: 0.7643887509703536.
[optuna] Best params: {'n_estimators': 661, 'max_depth': 3, 'learning_rate': 0.038857889674449454, 'subsample': 0.7263391738995897, 'colsample_bytree': 0.6644302639765389, 'min_child_weight': 5, 'reg_alpha': 0.8479167418595384, 'reg_lambda': 0.7025773963003628}
[wf] pts_reb: auc_raw=0.571 brier_raw=0.273 auc_cal=0.559 brier_cal=0.251 folds=5
[optuna] Optimizing hyperparameters for pts_reb regression...
[I 2026-04-12 14:12:11,803] A new study created in memory with name: no-name-df793836-aa0c-44d2-afd7-3f6850c1a5c9
[I 2026-04-12 14:12:23,639] Trial 0 finished with value: 7.704909045281491 and parameters: {'n_estimators': 790, 'max_depth': 7, 'learning_rate': 0.02022354345053863, 'subsample': 0.9254552810302645, 'colsample_bytree': 0.9723321703845724, 'min_child_weight': 8, 'reg_alpha': 0.6086050417792214, 'reg_lambda': 0.037171134259221916}. Best is trial 0 with value: 7.704909045281491.
[I 2026-04-12 14:12:28,597] Trial 1 finished with value: 8.174049300898158 and parameters: {'n_estimators': 627, 'max_depth': 4, 'learning_rate': 0.24664032440430592, 'subsample': 0.7802777611070847, 'colsample_bytree': 0.6301974481899352, 'min_child_weight': 3, 'reg_alpha': 0.14107563317462346, 'reg_lambda': 0.41889622140213467}. Best is trial 0 with value: 7.704909045281491.
[I 2026-04-12 14:12:40,790] Trial 2 finished with value: 7.734120982653911 and parameters: {'n_estimators': 410, 'max_depth': 9, 'learning_rate': 0.023641502622099044, 'subsample': 0.8116152353833312, 'colsample_bytree': 0.9896037625755881, 'min_child_weight': 4, 'reg_alpha': 0.5120679571511414, 'reg_lambda': 0.34200863082622857}. Best is trial 0 with value: 7.704909045281491.
[I 2026-04-12 14:12:56,207] Trial 3 finished with value: 8.107288480924323 and parameters: {'n_estimators': 290, 'max_depth': 10, 'learning_rate': 0.14220452438177378, 'subsample': 0.9261447071737411, 'colsample_bytree': 0.9797832968475583, 'min_child_weight': 1, 'reg_alpha': 0.5120634407004839, 'reg_lambda': 0.8976773845400702}. Best is trial 0 with value: 7.704909045281491.
[I 2026-04-12 14:13:07,111] Trial 4 finished with value: 7.924106396816187 and parameters: {'n_estimators': 580, 'max_depth': 8, 'learning_rate': 0.060190326452515805, 'subsample': 0.7465404442248681, 'colsample_bytree': 0.6145035535218648, 'min_child_weight': 9, 'reg_alpha': 0.8464550681071341, 'reg_lambda': 0.003970136455165196}. Best is trial 0 with value: 7.704909045281491.
[I 2026-04-12 14:13:13,325] Trial 5 finished with value: 7.751849521309099 and parameters: {'n_estimators': 421, 'max_depth': 6, 'learning_rate': 0.05107789627433455, 'subsample': 0.6960104143462041, 'colsample_bytree': 0.9281428091047779, 'min_child_weight': 1, 'reg_alpha': 0.44632605030238426, 'reg_lambda': 0.5790335178416683}. Best is trial 0 with value: 7.704909045281491.
[I 2026-04-12 14:13:16,891] Trial 6 finished with value: 7.870338719348723 and parameters: {'n_estimators': 449, 'max_depth': 3, 'learning_rate': 0.23579358044193688, 'subsample': 0.7801658071315779, 'colsample_bytree': 0.7867323766104771, 'min_child_weight': 4, 'reg_alpha': 0.8865165831131379, 'reg_lambda': 0.7188495168379011}. Best is trial 0 with value: 7.704909045281491.
[I 2026-04-12 14:13:35,391] Trial 7 finished with value: 7.691286609520664 and parameters: {'n_estimators': 596, 'max_depth': 9, 'learning_rate': 0.010400275486831803, 'subsample': 0.9015708405362014, 'colsample_bytree': 0.6679459743182614, 'min_child_weight': 9, 'reg_alpha': 0.6052798407637761, 'reg_lambda': 0.0738011468671178}. Best is trial 7 with value: 7.691286609520664.
[I 2026-04-12 14:13:40,613] Trial 8 finished with value: 8.372308348168733 and parameters: {'n_estimators': 437, 'max_depth': 5, 'learning_rate': 0.22424982437319846, 'subsample': 0.616449461847047, 'colsample_bytree': 0.9028959164593565, 'min_child_weight': 6, 'reg_alpha': 0.2181740645965321, 'reg_lambda': 0.23442246576478842}. Best is trial 7 with value: 7.691286609520664.
[I 2026-04-12 14:13:48,275] Trial 9 finished with value: 8.146063584140053 and parameters: {'n_estimators': 450, 'max_depth': 7, 'learning_rate': 0.13115460370396834, 'subsample': 0.7537756162773299, 'colsample_bytree': 0.70538819799587, 'min_child_weight': 8, 'reg_alpha': 0.04949848494939246, 'reg_lambda': 0.8822187152465994}. Best is trial 7 with value: 7.691286609520664.
[I 2026-04-12 14:14:24,968] Trial 10 finished with value: 7.746485875498207 and parameters: {'n_estimators': 993, 'max_depth': 10, 'learning_rate': 0.011651927061422259, 'subsample': 0.982635666690874, 'colsample_bytree': 0.7343418469761377, 'min_child_weight': 10, 'reg_alpha': 0.7184292475511895, 'reg_lambda': 0.19402604923599404}. Best is trial 7 with value: 7.691286609520664.
[I 2026-04-12 14:14:44,730] Trial 11 finished with value: 7.678893464398794 and parameters: {'n_estimators': 791, 'max_depth': 8, 'learning_rate': 0.01029860343671888, 'subsample': 0.885025049530977, 'colsample_bytree': 0.845314162184011, 'min_child_weight': 7, 'reg_alpha': 0.6416011713694171, 'reg_lambda': 0.04239913587962672}. Best is trial 11 with value: 7.678893464398794.
[I 2026-04-12 14:15:04,297] Trial 12 finished with value: 7.670816274174068 and parameters: {'n_estimators': 813, 'max_depth': 8, 'learning_rate': 0.01045743287681445, 'subsample': 0.863072497770223, 'colsample_bytree': 0.8424990692392773, 'min_child_weight': 7, 'reg_alpha': 0.30047397129173864, 'reg_lambda': 0.1290996983352538}. Best is trial 12 with value: 7.670816274174068.
[I 2026-04-12 14:15:23,354] Trial 13 finished with value: 7.7326457053461395 and parameters: {'n_estimators': 825, 'max_depth': 8, 'learning_rate': 0.01921025152567463, 'subsample': 0.857192736968681, 'colsample_bytree': 0.8508903697530316, 'min_child_weight': 6, 'reg_alpha': 0.3240487128279389, 'reg_lambda': 0.20571218399988234}. Best is trial 12 with value: 7.670816274174068.
[I 2026-04-12 14:15:34,419] Trial 14 finished with value: 7.720899045205873 and parameters: {'n_estimators': 787, 'max_depth': 6, 'learning_rate': 0.03639431670927475, 'subsample': 0.8773117587467748, 'colsample_bytree': 0.822077577532405, 'min_child_weight': 7, 'reg_alpha': 0.3450142535961201, 'reg_lambda': 0.5345161725468656}. Best is trial 12 with value: 7.670816274174068.
[I 2026-04-12 14:15:38,093] Trial 15 finished with value: 7.821876020729993 and parameters: {'n_estimators': 107, 'max_depth': 8, 'learning_rate': 0.015248372372035678, 'subsample': 0.9883155817915178, 'colsample_bytree': 0.8799612723354383, 'min_child_weight': 5, 'reg_alpha': 0.9979531008451236, 'reg_lambda': 0.3241125271287443}. Best is trial 12 with value: 7.670816274174068.
[I 2026-04-12 14:16:04,808] Trial 16 finished with value: 7.9088163833639635 and parameters: {'n_estimators': 945, 'max_depth': 9, 'learning_rate': 0.035957511730596026, 'subsample': 0.841112383745155, 'colsample_bytree': 0.771842713110021, 'min_child_weight': 8, 'reg_alpha': 0.3252196288837685, 'reg_lambda': 0.13376208748196758}. Best is trial 12 with value: 7.670816274174068.
[I 2026-04-12 14:16:18,018] Trial 17 finished with value: 7.65441007833614 and parameters: {'n_estimators': 707, 'max_depth': 7, 'learning_rate': 0.010068336278683492, 'subsample': 0.9486897987552197, 'colsample_bytree': 0.8399592112463891, 'min_child_weight': 7, 'reg_alpha': 0.6931784566976036, 'reg_lambda': 0.302874960238868}. Best is trial 17 with value: 7.65441007833614.
[I 2026-04-12 14:16:25,758] Trial 18 finished with value: 7.673625572992084 and parameters: {'n_estimators': 710, 'max_depth': 5, 'learning_rate': 0.031239194160784037, 'subsample': 0.9617116865667535, 'colsample_bytree': 0.7469835074320557, 'min_child_weight': 5, 'reg_alpha': 0.7612201753593988, 'reg_lambda': 0.4329551278885041}. Best is trial 17 with value: 7.65441007833614.
[I 2026-04-12 14:16:42,322] Trial 19 finished with value: 7.6855830812065395 and parameters: {'n_estimators': 909, 'max_depth': 7, 'learning_rate': 0.01512322837798102, 'subsample': 0.9516256898900676, 'colsample_bytree': 0.9287988076290117, 'min_child_weight': 7, 'reg_alpha': 0.4240440223944403, 'reg_lambda': 0.671316129347063}. Best is trial 17 with value: 7.65441007833614.
[I 2026-04-12 14:16:49,376] Trial 20 finished with value: 7.782266430073897 and parameters: {'n_estimators': 653, 'max_depth': 5, 'learning_rate': 0.07134148435737064, 'subsample': 0.694386978416226, 'colsample_bytree': 0.8336479225215468, 'min_child_weight': 10, 'reg_alpha': 0.22784212857787756, 'reg_lambda': 0.2928141274586956}. Best is trial 17 with value: 7.65441007833614.
[I 2026-04-12 14:16:57,281] Trial 21 finished with value: 7.6839911872950095 and parameters: {'n_estimators': 705, 'max_depth': 5, 'learning_rate': 0.028938574435490028, 'subsample': 0.953696519637709, 'colsample_bytree': 0.7484171306060633, 'min_child_weight': 5, 'reg_alpha': 0.759752790210865, 'reg_lambda': 0.42336932316235326}. Best is trial 17 with value: 7.65441007833614.
[I 2026-04-12 14:17:07,812] Trial 22 finished with value: 7.6617669858246 and parameters: {'n_estimators': 733, 'max_depth': 6, 'learning_rate': 0.014892332150804566, 'subsample': 0.9990039542064214, 'colsample_bytree': 0.7911378660434182, 'min_child_weight': 3, 'reg_alpha': 0.7791036990835778, 'reg_lambda': 0.463211156789491}. Best is trial 17 with value: 7.65441007833614.
[I 2026-04-12 14:17:20,241] Trial 23 finished with value: 7.671203729075495 and parameters: {'n_estimators': 883, 'max_depth': 6, 'learning_rate': 0.014514551255966257, 'subsample': 0.9961074118512007, 'colsample_bytree': 0.8077628161189212, 'min_child_weight': 2, 'reg_alpha': 0.8765752243203944, 'reg_lambda': 0.12733341393109737}. Best is trial 17 with value: 7.65441007833614.
[I 2026-04-12 14:17:33,760] Trial 24 finished with value: 7.67375874634019 and parameters: {'n_estimators': 709, 'max_depth': 7, 'learning_rate': 0.013976472142854227, 'subsample': 0.917734654479926, 'colsample_bytree': 0.8706767163697834, 'min_child_weight': 3, 'reg_alpha': 0.6851639294770303, 'reg_lambda': 0.6043837902690506}. Best is trial 17 with value: 7.65441007833614.
[I 2026-04-12 14:17:41,607] Trial 25 finished with value: 7.657311351965273 and parameters: {'n_estimators': 537, 'max_depth': 6, 'learning_rate': 0.020193935780418518, 'subsample': 0.8339194683128076, 'colsample_bytree': 0.792220308309012, 'min_child_weight': 6, 'reg_alpha': 0.979374965910105, 'reg_lambda': 0.4823669715325086}. Best is trial 17 with value: 7.65441007833614.
[I 2026-04-12 14:17:46,772] Trial 26 finished with value: 7.652453439754738 and parameters: {'n_estimators': 518, 'max_depth': 4, 'learning_rate': 0.020040607963518177, 'subsample': 0.8261309410088441, 'colsample_bytree': 0.7078437626517631, 'min_child_weight': 4, 'reg_alpha': 0.9877657071391246, 'reg_lambda': 0.49084669892675337}. Best is trial 26 with value: 7.652453439754738.
[I 2026-04-12 14:17:51,271] Trial 27 finished with value: 7.650583870059036 and parameters: {'n_estimators': 537, 'max_depth': 3, 'learning_rate': 0.023772912099924708, 'subsample': 0.8218221766891021, 'colsample_bytree': 0.7011604965078586, 'min_child_weight': 4, 'reg_alpha': 0.997305988422573, 'reg_lambda': 0.778227282528268}. Best is trial 27 with value: 7.650583870059036.
[I 2026-04-12 14:17:55,373] Trial 28 finished with value: 7.647056650249351 and parameters: {'n_estimators': 506, 'max_depth': 3, 'learning_rate': 0.0455924072738845, 'subsample': 0.7055101695466282, 'colsample_bytree': 0.6782386474396573, 'min_child_weight': 4, 'reg_alpha': 0.9444554941661312, 'reg_lambda': 0.8045653707780317}. Best is trial 28 with value: 7.647056650249351.
[I 2026-04-12 14:17:58,123] Trial 29 finished with value: 7.653534331869875 and parameters: {'n_estimators': 317, 'max_depth': 3, 'learning_rate': 0.04596470682540954, 'subsample': 0.693124682935359, 'colsample_bytree': 0.6832159157815625, 'min_child_weight': 4, 'reg_alpha': 0.946565844799201, 'reg_lambda': 0.9976548336195745}. Best is trial 28 with value: 7.647056650249351.
[optuna] Best params: {'n_estimators': 506, 'max_depth': 3, 'learning_rate': 0.0455924072738845, 'subsample': 0.7055101695466282, 'colsample_bytree': 0.6782386474396573, 'min_child_weight': 4, 'reg_alpha': 0.9444554941661312, 'reg_lambda': 0.8045653707780317}
[optuna] Optimizing hyperparameters for pts_reb classification...
[I 2026-04-12 14:32:04,103] A new study created in memory with name: no-name-1b956e70-0013-412d-9736-3aae6ba30cd1
[I 2026-04-12 14:32:07,633] Trial 0 finished with value: 0.5987236790981715 and parameters: {'n_estimators': 144, 'max_depth': 3, 'learning_rate': 0.03930212780627496, 'subsample': 0.6211271258021319, 'colsample_bytree': 0.708064633846928, 'min_child_weight': 8, 'reg_alpha': 0.778878986964708, 'reg_lambda': 0.29048850957256056}. Best is trial 0 with value: 0.5987236790981715.
[I 2026-04-12 14:32:16,566] Trial 1 finished with value: 0.6089303469844671 and parameters: {'n_estimators': 449, 'max_depth': 3, 'learning_rate': 0.03445910450399884, 'subsample': 0.798370017258842, 'colsample_bytree': 0.7416583980156465, 'min_child_weight': 4, 'reg_alpha': 0.406460230279473, 'reg_lambda': 0.6820692518050138}. Best is trial 1 with value: 0.6089303469844671.
[I 2026-04-12 14:32:23,132] Trial 2 finished with value: 0.5771607697601686 and parameters: {'n_estimators': 166, 'max_depth': 8, 'learning_rate': 0.25603084730972553, 'subsample': 0.6428659250870488, 'colsample_bytree': 0.6224384711831271, 'min_child_weight': 6, 'reg_alpha': 0.28926988040787305, 'reg_lambda': 0.11635365678104026}. Best is trial 1 with value: 0.6089303469844671.
[I 2026-04-12 14:33:06,438] Trial 3 finished with value: 0.59470623491798 and parameters: {'n_estimators': 947, 'max_depth': 10, 'learning_rate': 0.04896421216674872, 'subsample': 0.7583881080382111, 'colsample_bytree': 0.9027543595032865, 'min_child_weight': 10, 'reg_alpha': 0.08313372954214604, 'reg_lambda': 0.31842850795095246}. Best is trial 1 with value: 0.6089303469844671.
[I 2026-04-12 14:33:35,742] Trial 4 finished with value: 0.6051527446009635 and parameters: {'n_estimators': 687, 'max_depth': 8, 'learning_rate': 0.014785779938349146, 'subsample': 0.6296159343807012, 'colsample_bytree': 0.6995084848047999, 'min_child_weight': 3, 'reg_alpha': 0.8124603423684728, 'reg_lambda': 0.9946095872006274}. Best is trial 1 with value: 0.6089303469844671.
[I 2026-04-12 14:34:07,150] Trial 5 finished with value: 0.585193891400744 and parameters: {'n_estimators': 722, 'max_depth': 8, 'learning_rate': 0.09915803933835117, 'subsample': 0.8849896118088841, 'colsample_bytree': 0.8846102476749784, 'min_child_weight': 3, 'reg_alpha': 0.5795703371705073, 'reg_lambda': 0.040835624179165975}. Best is trial 1 with value: 0.6089303469844671.
[I 2026-04-12 14:34:37,037] Trial 6 finished with value: 0.598358002944533 and parameters: {'n_estimators': 377, 'max_depth': 10, 'learning_rate': 0.018511034028281696, 'subsample': 0.7791061263944487, 'colsample_bytree': 0.9959927757488646, 'min_child_weight': 6, 'reg_alpha': 0.9420407352581173, 'reg_lambda': 0.9076010437774542}. Best is trial 1 with value: 0.6089303469844671.
[I 2026-04-12 14:34:45,687] Trial 7 finished with value: 0.5762445007796915 and parameters: {'n_estimators': 115, 'max_depth': 10, 'learning_rate': 0.1168314157395631, 'subsample': 0.8284272642737447, 'colsample_bytree': 0.7570566271607696, 'min_child_weight': 5, 'reg_alpha': 0.1834019368408586, 'reg_lambda': 0.4195537869790522}. Best is trial 1 with value: 0.6089303469844671.
[I 2026-04-12 14:34:58,201] Trial 8 finished with value: 0.5872472379757643 and parameters: {'n_estimators': 161, 'max_depth': 10, 'learning_rate': 0.07518817776948516, 'subsample': 0.6377466495561332, 'colsample_bytree': 0.9774133228165638, 'min_child_weight': 5, 'reg_alpha': 0.18588426953044923, 'reg_lambda': 0.6117227997971553}. Best is trial 1 with value: 0.6089303469844671.
[I 2026-04-12 14:35:30,480] Trial 9 finished with value: 0.5899574663077471 and parameters: {'n_estimators': 821, 'max_depth': 7, 'learning_rate': 0.17384454512420192, 'subsample': 0.789498543536985, 'colsample_bytree': 0.85893404948331, 'min_child_weight': 7, 'reg_alpha': 0.7962447331640423, 'reg_lambda': 0.231378428166083}. Best is trial 1 with value: 0.6089303469844671.
[I 2026-04-12 14:35:42,637] Trial 10 finished with value: 0.6035866816506809 and parameters: {'n_estimators': 469, 'max_depth': 3, 'learning_rate': 0.02647392754642123, 'subsample': 0.9785433591741988, 'colsample_bytree': 0.6091308809307459, 'min_child_weight': 1, 'reg_alpha': 0.47638261653901726, 'reg_lambda': 0.6639732293718662}. Best is trial 1 with value: 0.6089303469844671.
