[I 2026-04-12 00:47:05,106] Trial 20 finished with value: 0.7840809480242028 and parameters: {'n_estimators': 398, 'max_depth': 4, 'learning_rate': 0.01002481693974111, 'subsample': 0.6885061671965911, 'colsample_bytree': 0.9207882481091868, 'min_child_weight': 4, 'reg_alpha': 0.8974067640681667, 'reg_lambda': 0.8142620688897333}. Best is trial 15 with value: 0.7821041028431318.
[I 2026-04-12 00:47:07,921] Trial 21 finished with value: 0.7840914141934308 and parameters: {'n_estimators': 375, 'max_depth': 4, 'learning_rate': 0.010024809118422224, 'subsample': 0.6934863166404254, 'colsample_bytree': 0.9219486725725554, 'min_child_weight': 4, 'reg_alpha': 0.8953510774153964, 'reg_lambda': 0.819693714560782}. Best is trial 15 with value: 0.7821041028431318.
[I 2026-04-12 00:47:09,977] Trial 22 finished with value: 0.7849443069692084 and parameters: {'n_estimators': 271, 'max_depth': 4, 'learning_rate': 0.010115911374200438, 'subsample': 0.7873069854341257, 'colsample_bytree': 0.8452009722805686, 'min_child_weight': 10, 'reg_alpha': 0.7140698674551045, 'reg_lambda': 0.9849759312140038}. Best is trial 15 with value: 0.7821041028431318.
[I 2026-04-12 00:47:14,103] Trial 23 finished with value: 0.787133493328544 and parameters: {'n_estimators': 438, 'max_depth': 6, 'learning_rate': 0.020493766780564606, 'subsample': 0.7030585596691592, 'colsample_bytree': 0.9830961255638865, 'min_child_weight': 5, 'reg_alpha': 0.9136484461815064, 'reg_lambda': 0.8906548772877689}. Best is trial 15 with value: 0.7821041028431318.
[I 2026-04-12 00:47:18,636] Trial 24 finished with value: 0.793947780784404 and parameters: {'n_estimators': 579, 'max_depth': 5, 'learning_rate': 0.051902251482358386, 'subsample': 0.6333147872032281, 'colsample_bytree': 0.9042144141090546, 'min_child_weight': 2, 'reg_alpha': 0.5803520013506587, 'reg_lambda': 0.7525738820012146}. Best is trial 15 with value: 0.7821041028431318.
[I 2026-04-12 00:47:19,774] Trial 25 finished with value: 0.7928070321366377 and parameters: {'n_estimators': 157, 'max_depth': 4, 'learning_rate': 0.1567781363751336, 'subsample': 0.6680733124238587, 'colsample_bytree': 0.8465071070945619, 'min_child_weight': 4, 'reg_alpha': 0.7023060107503912, 'reg_lambda': 0.6168845806169319}. Best is trial 15 with value: 0.7821041028431318.
[I 2026-04-12 00:47:21,817] Trial 26 finished with value: 0.7883437969132461 and parameters: {'n_estimators': 343, 'max_depth': 3, 'learning_rate': 0.08760717960391841, 'subsample': 0.996886623917992, 'colsample_bytree': 0.9231748893595656, 'min_child_weight': 3, 'reg_alpha': 0.46031569135063544, 'reg_lambda': 0.8960314052799788}. Best is trial 15 with value: 0.7821041028431318.
[I 2026-04-12 00:47:25,115] Trial 27 finished with value: 0.7976339881822033 and parameters: {'n_estimators': 430, 'max_depth': 5, 'learning_rate': 0.06677594831531876, 'subsample': 0.7325029139438183, 'colsample_bytree': 0.7707951270640139, 'min_child_weight': 7, 'reg_alpha': 0.8608265326659582, 'reg_lambda': 0.40908062613679896}. Best is trial 15 with value: 0.7821041028431318.
[I 2026-04-12 00:47:27,231] Trial 28 finished with value: 0.7852867957891597 and parameters: {'n_estimators': 187, 'max_depth': 6, 'learning_rate': 0.01933618128509463, 'subsample': 0.8407827726968903, 'colsample_bytree': 0.8298257383750254, 'min_child_weight': 2, 'reg_alpha': 0.5978247573412305, 'reg_lambda': 0.6723298854381862}. Best is trial 15 with value: 0.7821041028431318.
[I 2026-04-12 00:47:40,962] Trial 29 finished with value: 0.7903401061124562 and parameters: {'n_estimators': 749, 'max_depth': 9, 'learning_rate': 0.012071873523151859, 'subsample': 0.9145316607835386, 'colsample_bytree': 0.6674611411280693, 'min_child_weight': 6, 'reg_alpha': 0.723374870237693, 'reg_lambda': 0.8069471612145284}. Best is trial 15 with value: 0.7821041028431318.
[I 2026-04-12 00:53:26,669] A new study created in memory with name: no-name-8dadf235-ed17-43e8-82fd-7366ad081afb
[I 2026-04-12 00:53:29,053] Trial 0 finished with value: 0.7558958213227585 and parameters: {'n_estimators': 125, 'max_depth': 4, 'learning_rate': 0.21323951012460615, 'subsample': 0.7891514385371453, 'colsample_bytree': 0.9618321793504654, 'min_child_weight': 9, 'reg_alpha': 0.3160794941169838, 'reg_lambda': 0.6006095521483265}. Best is trial 0 with value: 0.7558958213227585.
[I 2026-04-12 00:53:32,178] Trial 1 finished with value: 0.7590975124116895 and parameters: {'n_estimators': 202, 'max_depth': 4, 'learning_rate': 0.1694354442369654, 'subsample': 0.866637041752463, 'colsample_bytree': 0.7482939855585764, 'min_child_weight': 5, 'reg_alpha': 0.2764380121093821, 'reg_lambda': 0.03687725691749821}. Best is trial 1 with value: 0.7590975124116895.
[I 2026-04-12 00:53:45,544] Trial 2 finished with value: 0.7587727644320904 and parameters: {'n_estimators': 388, 'max_depth': 9, 'learning_rate': 0.01229253418461149, 'subsample': 0.8271596314036023, 'colsample_bytree': 0.6686899050455147, 'min_child_weight': 6, 'reg_alpha': 0.4556645773669169, 'reg_lambda': 0.1147086839512802}. Best is trial 1 with value: 0.7590975124116895.
[I 2026-04-12 00:53:57,133] Trial 3 finished with value: 0.7590242768478339 and parameters: {'n_estimators': 589, 'max_depth': 6, 'learning_rate': 0.03794402778224574, 'subsample': 0.764052095818563, 'colsample_bytree': 0.9062318699462265, 'min_child_weight': 5, 'reg_alpha': 0.5441524417241916, 'reg_lambda': 0.5878427500689207}. Best is trial 1 with value: 0.7590975124116895.
[I 2026-04-12 00:54:09,052] Trial 4 finished with value: 0.7286146097270374 and parameters: {'n_estimators': 525, 'max_depth': 7, 'learning_rate': 0.23936877732024803, 'subsample': 0.818851367314642, 'colsample_bytree': 0.6709169669226948, 'min_child_weight': 1, 'reg_alpha': 0.31372539460736026, 'reg_lambda': 0.09841409988473926}. Best is trial 1 with value: 0.7590975124116895.
[I 2026-04-12 00:54:25,139] Trial 5 finished with value: 0.7628182218322697 and parameters: {'n_estimators': 970, 'max_depth': 4, 'learning_rate': 0.013002136529798484, 'subsample': 0.7279576176283172, 'colsample_bytree': 0.9579673253818537, 'min_child_weight': 9, 'reg_alpha': 0.025760764711735495, 'reg_lambda': 0.05108310812080752}. Best is trial 5 with value: 0.7628182218322697.
[I 2026-04-12 00:54:41,463] Trial 6 finished with value: 0.7598778897498571 and parameters: {'n_estimators': 426, 'max_depth': 9, 'learning_rate': 0.014209299751062558, 'subsample': 0.7470812497728284, 'colsample_bytree': 0.8424446567317356, 'min_child_weight': 6, 'reg_alpha': 0.9274626541567894, 'reg_lambda': 0.5229058035220732}. Best is trial 5 with value: 0.7628182218322697.
[I 2026-04-12 00:55:10,679] Trial 7 finished with value: 0.7373924045722393 and parameters: {'n_estimators': 825, 'max_depth': 10, 'learning_rate': 0.11186544518293602, 'subsample': 0.8682090879835882, 'colsample_bytree': 0.7068149823356819, 'min_child_weight': 8, 'reg_alpha': 0.860635469270489, 'reg_lambda': 0.7528207025465055}. Best is trial 5 with value: 0.7628182218322697.
[I 2026-04-12 00:55:18,461] Trial 8 finished with value: 0.7399135685213375 and parameters: {'n_estimators': 426, 'max_depth': 4, 'learning_rate': 0.20004160574101415, 'subsample': 0.6171014288190826, 'colsample_bytree': 0.6852902617540764, 'min_child_weight': 3, 'reg_alpha': 0.26615754747690346, 'reg_lambda': 0.10852274140955542}. Best is trial 5 with value: 0.7628182218322697.
[I 2026-04-12 00:55:27,779] Trial 9 finished with value: 0.7300439639154336 and parameters: {'n_estimators': 470, 'max_depth': 5, 'learning_rate': 0.2166320980000674, 'subsample': 0.7084341784336099, 'colsample_bytree': 0.6540039044582144, 'min_child_weight': 2, 'reg_alpha': 0.3413152990077044, 'reg_lambda': 0.8344804111018308}. Best is trial 5 with value: 0.7628182218322697.
[I 2026-04-12 00:55:42,939] Trial 10 finished with value: 0.7621879905837258 and parameters: {'n_estimators': 960, 'max_depth': 3, 'learning_rate': 0.030212039767887805, 'subsample': 0.988500548789065, 'colsample_bytree': 0.9917994795191072, 'min_child_weight': 9, 'reg_alpha': 0.044185924923966516, 'reg_lambda': 0.32792425279603116}. Best is trial 5 with value: 0.7628182218322697.
[I 2026-04-12 00:55:57,811] Trial 11 finished with value: 0.7620381905667485 and parameters: {'n_estimators': 908, 'max_depth': 3, 'learning_rate': 0.026564814780881008, 'subsample': 0.9765363836444437, 'colsample_bytree': 0.9857776097472981, 'min_child_weight': 10, 'reg_alpha': 0.005806679053554552, 'reg_lambda': 0.31785772378127286}. Best is trial 5 with value: 0.7628182218322697.
[I 2026-04-12 00:56:13,881] Trial 12 finished with value: 0.761987960594059 and parameters: {'n_estimators': 984, 'max_depth': 3, 'learning_rate': 0.020852915457907774, 'subsample': 0.987139073574752, 'colsample_bytree': 0.8930511015838625, 'min_child_weight': 8, 'reg_alpha': 0.008577441079209516, 'reg_lambda': 0.22965074302247676}. Best is trial 5 with value: 0.7628182218322697.
[I 2026-04-12 00:56:30,976] Trial 13 finished with value: 0.7508682756704619 and parameters: {'n_estimators': 740, 'max_depth': 6, 'learning_rate': 0.06694168822108659, 'subsample': 0.6719215914060157, 'colsample_bytree': 0.9295965276512321, 'min_child_weight': 10, 'reg_alpha': 0.12658180022781093, 'reg_lambda': 0.34642185753884014}. Best is trial 5 with value: 0.7628182218322697.
[I 2026-04-12 00:56:42,386] Trial 14 finished with value: 0.7626484649593452 and parameters: {'n_estimators': 701, 'max_depth': 3, 'learning_rate': 0.044420386943270336, 'subsample': 0.9204078986342983, 'colsample_bytree': 0.8626685753052525, 'min_child_weight': 8, 'reg_alpha': 0.673840062331775, 'reg_lambda': 0.37154543335891327}. Best is trial 5 with value: 0.7628182218322697.
[I 2026-04-12 00:56:56,068] Trial 15 finished with value: 0.7586299847459417 and parameters: {'n_estimators': 688, 'max_depth': 5, 'learning_rate': 0.05326460353085039, 'subsample': 0.9185541779225904, 'colsample_bytree': 0.8238673158877932, 'min_child_weight': 7, 'reg_alpha': 0.7250082338799687, 'reg_lambda': 0.95068578262629}. Best is trial 5 with value: 0.7628182218322697.
[I 2026-04-12 00:57:16,698] Trial 16 finished with value: 0.7409248669527829 and parameters: {'n_estimators': 824, 'max_depth': 7, 'learning_rate': 0.0849085185388599, 'subsample': 0.9215450544106046, 'colsample_bytree': 0.86351123753855, 'min_child_weight': 8, 'reg_alpha': 0.6756665620436019, 'reg_lambda': 0.42631916049762214}. Best is trial 5 with value: 0.7628182218322697.
[I 2026-04-12 00:57:31,699] Trial 17 finished with value: 0.7625728068869644 and parameters: {'n_estimators': 621, 'max_depth': 5, 'learning_rate': 0.0103054236930613, 'subsample': 0.6823854485730372, 'colsample_bytree': 0.7770153389356624, 'min_child_weight': 7, 'reg_alpha': 0.6277394984857962, 'reg_lambda': 0.23341382359848012}. Best is trial 5 with value: 0.7628182218322697.
[I 2026-04-12 00:57:48,735] Trial 18 finished with value: 0.7628593055993022 and parameters: {'n_estimators': 831, 'max_depth': 4, 'learning_rate': 0.018707224950003504, 'subsample': 0.6019990937625104, 'colsample_bytree': 0.9298341262947879, 'min_child_weight': 9, 'reg_alpha': 0.8455008912742403, 'reg_lambda': 0.6920814027119575}. Best is trial 18 with value: 0.7628593055993022.
[I 2026-04-12 00:58:17,348] Trial 19 finished with value: 0.757602486818711 and parameters: {'n_estimators': 854, 'max_depth': 8, 'learning_rate': 0.016757532905437078, 'subsample': 0.6049851497689781, 'colsample_bytree': 0.6090468232190535, 'min_child_weight': 4, 'reg_alpha': 0.838069936411241, 'reg_lambda': 0.7098258524765966}. Best is trial 18 with value: 0.7628593055993022.
[I 2026-04-12 00:58:36,060] Trial 20 finished with value: 0.7636601177032623 and parameters: {'n_estimators': 789, 'max_depth': 5, 'learning_rate': 0.01970594794915588, 'subsample': 0.6326712293950653, 'colsample_bytree': 0.9441415354970164, 'min_child_weight': 10, 'reg_alpha': 0.15250631003528559, 'reg_lambda': 0.705728418063056}. Best is trial 20 with value: 0.7636601177032623.
[I 2026-04-12 00:58:53,886] Trial 21 finished with value: 0.7629103265951837 and parameters: {'n_estimators': 762, 'max_depth': 5, 'learning_rate': 0.019967475804947083, 'subsample': 0.6421647514829752, 'colsample_bytree': 0.9465279326710022, 'min_child_weight': 10, 'reg_alpha': 0.13127408745764702, 'reg_lambda': 0.7225571406457616}. Best is trial 20 with value: 0.7636601177032623.
[I 2026-04-12 00:59:11,497] Trial 22 finished with value: 0.7625086516101665 and parameters: {'n_estimators': 751, 'max_depth': 5, 'learning_rate': 0.020317616680141114, 'subsample': 0.6450047139290865, 'colsample_bytree': 0.9253419874628511, 'min_child_weight': 10, 'reg_alpha': 0.14584211517208687, 'reg_lambda': 0.7080786042255142}. Best is trial 20 with value: 0.7636601177032623.
[I 2026-04-12 00:59:32,955] Trial 23 finished with value: 0.758716338111064 and parameters: {'n_estimators': 792, 'max_depth': 6, 'learning_rate': 0.027116757099781095, 'subsample': 0.6445717687895702, 'colsample_bytree': 0.9473992344655838, 'min_child_weight': 10, 'reg_alpha': 0.4293902936203221, 'reg_lambda': 0.8686499814053419}. Best is trial 20 with value: 0.7636601177032623.
[I 2026-04-12 00:59:48,921] Trial 24 finished with value: 0.7622825837737643 and parameters: {'n_estimators': 639, 'max_depth': 5, 'learning_rate': 0.02297869629535313, 'subsample': 0.6005340172940392, 'colsample_bytree': 0.99802778930044, 'min_child_weight': 9, 'reg_alpha': 0.13799407184415244, 'reg_lambda': 0.601284445642887}. Best is trial 20 with value: 0.7636601177032623.
[I 2026-04-12 01:00:07,898] Trial 25 finished with value: 0.7612437890465734 and parameters: {'n_estimators': 916, 'max_depth': 4, 'learning_rate': 0.03607349692347512, 'subsample': 0.6460165261653346, 'colsample_bytree': 0.8957214626450141, 'min_child_weight': 10, 'reg_alpha': 0.22060340757615343, 'reg_lambda': 0.7922274591730112}. Best is trial 20 with value: 0.7636601177032623.
[I 2026-04-12 01:00:31,243] Trial 26 finished with value: 0.7611467568683598 and parameters: {'n_estimators': 884, 'max_depth': 6, 'learning_rate': 0.016144329476316336, 'subsample': 0.6853294266837734, 'colsample_bytree': 0.8022607413044258, 'min_child_weight': 7, 'reg_alpha': 0.19424623687737308, 'reg_lambda': 0.9795776472101452}. Best is trial 20 with value: 0.7636601177032623.
[I 2026-04-12 01:00:56,308] Trial 27 finished with value: 0.7622150007298013 and parameters: {'n_estimators': 779, 'max_depth': 7, 'learning_rate': 0.010325004186410911, 'subsample': 0.6388068905743087, 'colsample_bytree': 0.8745193001638953, 'min_child_weight': 9, 'reg_alpha': 0.3896762217233722, 'reg_lambda': 0.8792327268626188}. Best is trial 20 with value: 0.7636601177032623.
[I 2026-04-12 01:01:13,033] Trial 28 finished with value: 0.762568711693981 and parameters: {'n_estimators': 655, 'max_depth': 5, 'learning_rate': 0.01763395953383239, 'subsample': 0.7137005225327713, 'colsample_bytree': 0.9268517445599165, 'min_child_weight': 10, 'reg_alpha': 0.5663513951710193, 'reg_lambda': 0.6426754687484938}. Best is trial 20 with value: 0.7636601177032623.
[I 2026-04-12 01:01:24,805] Trial 29 finished with value: 0.7625269769807803 and parameters: {'n_estimators': 555, 'max_depth': 4, 'learning_rate': 0.03461905646365272, 'subsample': 0.6650759297196471, 'colsample_bytree': 0.9622358393687086, 'min_child_weight': 9, 'reg_alpha': 0.9714141729903024, 'reg_lambda': 0.4981267577205657}. Best is trial 20 with value: 0.7636601177032623.
[I 2026-04-12 01:14:59,518] A new study created in memory with name: no-name-9b7c8d86-73a9-4186-82a7-0ae4ee1784b8
[I 2026-04-12 01:15:06,782] Trial 0 finished with value: 1.3874502196533869 and parameters: {'n_estimators': 338, 'max_depth': 9, 'learning_rate': 0.22223923892836642, 'subsample': 0.9239547678023168, 'colsample_bytree': 0.9480437118176052, 'min_child_weight': 6, 'reg_alpha': 0.6264644849068589, 'reg_lambda': 0.31887022076251437}. Best is trial 0 with value: 1.3874502196533869.
[I 2026-04-12 01:15:10,327] Trial 1 finished with value: 1.276744628446224 and parameters: {'n_estimators': 498, 'max_depth': 5, 'learning_rate': 0.04123531038013396, 'subsample': 0.9420261455469459, 'colsample_bytree': 0.7797254277626954, 'min_child_weight': 7, 'reg_alpha': 0.6894494234653352, 'reg_lambda': 0.08956482141476807}. Best is trial 1 with value: 1.276744628446224.
[I 2026-04-12 01:15:17,567] Trial 2 finished with value: 1.299328313248765 and parameters: {'n_estimators': 702, 'max_depth': 7, 'learning_rate': 0.046690784596631486, 'subsample': 0.933021627475425, 'colsample_bytree': 0.9053624344924173, 'min_child_weight': 9, 'reg_alpha': 0.01136079228895015, 'reg_lambda': 0.6697500291328102}. Best is trial 1 with value: 1.276744628446224.
[I 2026-04-12 01:15:32,769] Trial 3 finished with value: 1.38243497644857 and parameters: {'n_estimators': 928, 'max_depth': 8, 'learning_rate': 0.1200745530767463, 'subsample': 0.6357626806384304, 'colsample_bytree': 0.7404821606586317, 'min_child_weight': 2, 'reg_alpha': 0.40451221693223316, 'reg_lambda': 0.5459349844964124}. Best is trial 1 with value: 1.276744628446224.
[I 2026-04-12 01:15:40,850] Trial 4 finished with value: 1.2888865316400866 and parameters: {'n_estimators': 389, 'max_depth': 9, 'learning_rate': 0.029191779321057182, 'subsample': 0.8949620754327179, 'colsample_bytree': 0.9249007506872761, 'min_child_weight': 5, 'reg_alpha': 0.6724916886032766, 'reg_lambda': 0.2536058037012907}. Best is trial 1 with value: 1.276744628446224.
[I 2026-04-12 01:15:47,447] Trial 5 finished with value: 1.3723976688272344 and parameters: {'n_estimators': 368, 'max_depth': 9, 'learning_rate': 0.11842290845021881, 'subsample': 0.6204442628036736, 'colsample_bytree': 0.8065789630183434, 'min_child_weight': 7, 'reg_alpha': 0.005888190489569345, 'reg_lambda': 0.26151442338883246}. Best is trial 1 with value: 1.276744628446224.
[I 2026-04-12 01:15:52,288] Trial 6 finished with value: 1.310786881731568 and parameters: {'n_estimators': 791, 'max_depth': 4, 'learning_rate': 0.10461978905047152, 'subsample': 0.7183483647196692, 'colsample_bytree': 0.9069536641041445, 'min_child_weight': 7, 'reg_alpha': 0.44470772349862575, 'reg_lambda': 0.7231324361468643}. Best is trial 1 with value: 1.276744628446224.
[I 2026-04-12 01:16:15,665] Trial 7 finished with value: 1.3201575521049989 and parameters: {'n_estimators': 771, 'max_depth': 10, 'learning_rate': 0.05773009334711053, 'subsample': 0.8310970241916995, 'colsample_bytree': 0.7690092708750874, 'min_child_weight': 3, 'reg_alpha': 0.18197543674569172, 'reg_lambda': 0.6208905788586516}. Best is trial 1 with value: 1.276744628446224.
[I 2026-04-12 01:16:23,433] Trial 8 finished with value: 1.3963838311157992 and parameters: {'n_estimators': 941, 'max_depth': 5, 'learning_rate': 0.19082342390420376, 'subsample': 0.754129218675471, 'colsample_bytree': 0.6988775577210857, 'min_child_weight': 1, 'reg_alpha': 0.5188222455150179, 'reg_lambda': 0.884046678283672}. Best is trial 1 with value: 1.276744628446224.
[I 2026-04-12 01:16:25,603] Trial 9 finished with value: 1.29847230355759 and parameters: {'n_estimators': 118, 'max_depth': 8, 'learning_rate': 0.09175306293584377, 'subsample': 0.7026382092318707, 'colsample_bytree': 0.8923510877680828, 'min_child_weight': 5, 'reg_alpha': 0.8127720543403766, 'reg_lambda': 0.516685797065176}. Best is trial 1 with value: 1.276744628446224.
[I 2026-04-12 01:16:30,631] Trial 10 finished with value: 1.2717891042809022 and parameters: {'n_estimators': 550, 'max_depth': 5, 'learning_rate': 0.011710064727405574, 'subsample': 0.989220728582279, 'colsample_bytree': 0.6318519425639467, 'min_child_weight': 10, 'reg_alpha': 0.9027283762338767, 'reg_lambda': 0.04844414652204339}. Best is trial 10 with value: 1.2717891042809022.
[I 2026-04-12 01:16:34,539] Trial 11 finished with value: 1.272822830817362 and parameters: {'n_estimators': 592, 'max_depth': 3, 'learning_rate': 0.010044637781177982, 'subsample': 0.9960808758179626, 'colsample_bytree': 0.6020676788938175, 'min_child_weight': 10, 'reg_alpha': 0.8936785774604846, 'reg_lambda': 0.011287074306241415}. Best is trial 10 with value: 1.2717891042809022.
[I 2026-04-12 01:16:38,626] Trial 12 finished with value: 1.272456196955648 and parameters: {'n_estimators': 624, 'max_depth': 3, 'learning_rate': 0.010097802864911364, 'subsample': 0.9958327903081096, 'colsample_bytree': 0.6015348747582024, 'min_child_weight': 10, 'reg_alpha': 0.9407129316119828, 'reg_lambda': 0.027585152674162016}. Best is trial 10 with value: 1.2717891042809022.
[I 2026-04-12 01:16:42,578] Trial 13 finished with value: 1.2725573634668184 and parameters: {'n_estimators': 589, 'max_depth': 3, 'learning_rate': 0.010257502456817745, 'subsample': 0.998774025053362, 'colsample_bytree': 0.6039069483330018, 'min_child_weight': 10, 'reg_alpha': 0.9890706400577817, 'reg_lambda': 0.13643057132226838}. Best is trial 10 with value: 1.2717891042809022.
[I 2026-04-12 01:16:46,768] Trial 14 finished with value: 1.2730263420943948 and parameters: {'n_estimators': 492, 'max_depth': 5, 'learning_rate': 0.019225306963650848, 'subsample': 0.820221452682754, 'colsample_bytree': 0.6561551940983142, 'min_child_weight': 9, 'reg_alpha': 0.8349379586649313, 'reg_lambda': 0.31951545680292937}. Best is trial 10 with value: 1.2717891042809022.
[I 2026-04-12 01:16:49,364] Trial 15 finished with value: 1.2747018075315752 and parameters: {'n_estimators': 212, 'max_depth': 6, 'learning_rate': 0.01691871680981608, 'subsample': 0.8710395808700057, 'colsample_bytree': 0.652371703730798, 'min_child_weight': 9, 'reg_alpha': 0.9923622191811978, 'reg_lambda': 0.13844241398673593}. Best is trial 10 with value: 1.2717891042809022.
[I 2026-04-12 01:16:54,388] Trial 16 finished with value: 1.2701576066935274 and parameters: {'n_estimators': 666, 'max_depth': 4, 'learning_rate': 0.017963509972784206, 'subsample': 0.9772233123907856, 'colsample_bytree': 0.6722261927263075, 'min_child_weight': 8, 'reg_alpha': 0.7434241966084123, 'reg_lambda': 0.38222362194452497}. Best is trial 16 with value: 1.2701576066935274.
