[I 2026-04-12 00:18:16,156] Trial 23 finished with value: 0.9941861817399096 and parameters: {'n_estimators': 735, 'max_depth': 5, 'learning_rate': 0.013860467882055113, 'subsample': 0.7372168835825625, 'colsample_bytree': 0.923308887645514, 'min_child_weight': 3, 'reg_alpha': 0.7683944840785728, 'reg_lambda': 0.7065491836068446}. Best is trial 10 with value: 0.9931631606915432.
[I 2026-04-12 00:18:25,275] Trial 24 finished with value: 1.0102442489186572 and parameters: {'n_estimators': 873, 'max_depth': 6, 'learning_rate': 0.0400227937921002, 'subsample': 0.6898602382681651, 'colsample_bytree': 0.7245896006616466, 'min_child_weight': 2, 'reg_alpha': 0.9064877278740542, 'reg_lambda': 0.9999121192250999}. Best is trial 10 with value: 0.9931631606915432.
[I 2026-04-12 00:18:29,030] Trial 25 finished with value: 0.9939778108844628 and parameters: {'n_estimators': 470, 'max_depth': 4, 'learning_rate': 0.02035715041653739, 'subsample': 0.8357247324309349, 'colsample_bytree': 0.9876571724995126, 'min_child_weight': 5, 'reg_alpha': 0.6314731464101443, 'reg_lambda': 0.1635314301505133}. Best is trial 10 with value: 0.9931631606915432.
[I 2026-04-12 00:18:34,389] Trial 26 finished with value: 0.9939925896529447 and parameters: {'n_estimators': 613, 'max_depth': 5, 'learning_rate': 0.01201938977692388, 'subsample': 0.87583729441845, 'colsample_bytree': 0.8442862222108903, 'min_child_weight': 1, 'reg_alpha': 0.8236033536136688, 'reg_lambda': 0.2965020858909143}. Best is trial 10 with value: 0.9931631606915432.
[I 2026-04-12 00:18:39,959] Trial 27 finished with value: 0.9940173096796564 and parameters: {'n_estimators': 918, 'max_depth': 3, 'learning_rate': 0.019062054331863, 'subsample': 0.9137235711380551, 'colsample_bytree': 0.6586315743649733, 'min_child_weight': 6, 'reg_alpha': 0.9468980581200135, 'reg_lambda': 0.6230975283566516}. Best is trial 10 with value: 0.9931631606915432.
[I 2026-04-12 00:18:41,043] Trial 28 finished with value: 1.0005267612528974 and parameters: {'n_estimators': 113, 'max_depth': 4, 'learning_rate': 0.012811928280740867, 'subsample': 0.7900174866185313, 'colsample_bytree': 0.9210442920398173, 'min_child_weight': 4, 'reg_alpha': 0.7481082203897012, 'reg_lambda': 0.7527512688482263}. Best is trial 10 with value: 0.9931631606915432.
[I 2026-04-12 00:18:50,758] Trial 29 finished with value: 1.046325328643483 and parameters: {'n_estimators': 707, 'max_depth': 7, 'learning_rate': 0.08881498783272711, 'subsample': 0.7519822487856987, 'colsample_bytree': 0.8238676203231402, 'min_child_weight': 3, 'reg_alpha': 0.5529434406918179, 'reg_lambda': 0.5125032775022722}. Best is trial 10 with value: 0.9931631606915432.
[I 2026-04-12 00:25:54,050] A new study created in memory with name: no-name-61d8c6cb-28ed-43ee-86a7-52467bc0b764
[I 2026-04-12 00:25:57,231] Trial 0 finished with value: 0.7358428459289403 and parameters: {'n_estimators': 142, 'max_depth': 5, 'learning_rate': 0.2927405030280673, 'subsample': 0.8325193825304334, 'colsample_bytree': 0.6479714376443845, 'min_child_weight': 9, 'reg_alpha': 0.13947410052493447, 'reg_lambda': 0.056679699077436974}. Best is trial 0 with value: 0.7358428459289403.
[I 2026-04-12 00:26:09,433] Trial 1 finished with value: 0.7541928674149434 and parameters: {'n_estimators': 684, 'max_depth': 4, 'learning_rate': 0.01923067343020287, 'subsample': 0.7649807740084323, 'colsample_bytree': 0.9153975225845712, 'min_child_weight': 3, 'reg_alpha': 0.4042269090254901, 'reg_lambda': 0.04635095956138824}. Best is trial 1 with value: 0.7541928674149434.
[I 2026-04-12 00:26:20,227] Trial 2 finished with value: 0.7384687052553864 and parameters: {'n_estimators': 625, 'max_depth': 4, 'learning_rate': 0.14320721928982677, 'subsample': 0.6376413406341762, 'colsample_bytree': 0.9258619137228101, 'min_child_weight': 8, 'reg_alpha': 0.21450769338855302, 'reg_lambda': 0.02151893283072237}. Best is trial 1 with value: 0.7541928674149434.
[I 2026-04-12 00:26:32,775] Trial 3 finished with value: 0.7281607890601942 and parameters: {'n_estimators': 662, 'max_depth': 5, 'learning_rate': 0.17389557369141753, 'subsample': 0.8819509375845475, 'colsample_bytree': 0.6911364035856603, 'min_child_weight': 2, 'reg_alpha': 0.13044245047609782, 'reg_lambda': 0.07798773012730098}. Best is trial 1 with value: 0.7541928674149434.
[I 2026-04-12 00:26:41,295] Trial 4 finished with value: 0.75433507514948 and parameters: {'n_estimators': 296, 'max_depth': 6, 'learning_rate': 0.014764147158460241, 'subsample': 0.8548324934293251, 'colsample_bytree': 0.9247219022064879, 'min_child_weight': 6, 'reg_alpha': 0.7333908432424437, 'reg_lambda': 0.9262660290603214}. Best is trial 4 with value: 0.75433507514948.
[I 2026-04-12 00:26:44,340] Trial 5 finished with value: 0.750715853194372 and parameters: {'n_estimators': 137, 'max_depth': 3, 'learning_rate': 0.023471308272995605, 'subsample': 0.7468187491900983, 'colsample_bytree': 0.8220830170212804, 'min_child_weight': 6, 'reg_alpha': 0.28622255835854826, 'reg_lambda': 0.42262956626784687}. Best is trial 4 with value: 0.75433507514948.
[I 2026-04-12 00:27:08,148] Trial 6 finished with value: 0.7294739460617972 and parameters: {'n_estimators': 850, 'max_depth': 8, 'learning_rate': 0.09535010715639038, 'subsample': 0.8581080676856643, 'colsample_bytree': 0.7024395097719226, 'min_child_weight': 6, 'reg_alpha': 0.3498753541842693, 'reg_lambda': 0.7410194910899346}. Best is trial 4 with value: 0.75433507514948.
[I 2026-04-12 00:27:24,115] Trial 7 finished with value: 0.7308686518662308 and parameters: {'n_estimators': 843, 'max_depth': 4, 'learning_rate': 0.13422277106876887, 'subsample': 0.6036398301159729, 'colsample_bytree': 0.6613397287370509, 'min_child_weight': 5, 'reg_alpha': 0.31664672070501143, 'reg_lambda': 0.09644189289554306}. Best is trial 4 with value: 0.75433507514948.
[I 2026-04-12 00:27:29,961] Trial 8 finished with value: 0.7538871781254809 and parameters: {'n_estimators': 189, 'max_depth': 5, 'learning_rate': 0.021650491871955765, 'subsample': 0.7103241724104524, 'colsample_bytree': 0.9100115607817075, 'min_child_weight': 8, 'reg_alpha': 0.5829398290164929, 'reg_lambda': 0.7981411169922389}. Best is trial 4 with value: 0.75433507514948.
[I 2026-04-12 00:27:45,393] Trial 9 finished with value: 0.724883969016911 and parameters: {'n_estimators': 696, 'max_depth': 5, 'learning_rate': 0.17254348425263744, 'subsample': 0.6675345236422154, 'colsample_bytree': 0.7017549036290022, 'min_child_weight': 9, 'reg_alpha': 0.07835063290176292, 'reg_lambda': 0.7639715316665749}. Best is trial 4 with value: 0.75433507514948.
[I 2026-04-12 00:28:11,151] Trial 10 finished with value: 0.7514395116731186 and parameters: {'n_estimators': 377, 'max_depth': 10, 'learning_rate': 0.010797475208187128, 'subsample': 0.9833503835391593, 'colsample_bytree': 0.9913322810758666, 'min_child_weight': 4, 'reg_alpha': 0.8792967432328943, 'reg_lambda': 0.9905783998928446}. Best is trial 4 with value: 0.75433507514948.
[I 2026-04-12 00:28:24,659] Trial 11 finished with value: 0.7521680655049776 and parameters: {'n_estimators': 397, 'max_depth': 7, 'learning_rate': 0.0304361491426562, 'subsample': 0.7750892382205394, 'colsample_bytree': 0.8497078215121752, 'min_child_weight': 1, 'reg_alpha': 0.5756489407428471, 'reg_lambda': 0.33421500076884636}. Best is trial 4 with value: 0.75433507514948.
[I 2026-04-12 00:28:41,844] Trial 12 finished with value: 0.7541931553768912 and parameters: {'n_estimators': 449, 'max_depth': 7, 'learning_rate': 0.010910929849392436, 'subsample': 0.9251056523015856, 'colsample_bytree': 0.9913900493335484, 'min_child_weight': 3, 'reg_alpha': 0.7815764550457885, 'reg_lambda': 0.5715018307371871}. Best is trial 4 with value: 0.75433507514948.
[I 2026-04-12 00:29:00,280] Trial 13 finished with value: 0.7529121995938018 and parameters: {'n_estimators': 402, 'max_depth': 8, 'learning_rate': 0.011272113789006237, 'subsample': 0.940785867425819, 'colsample_bytree': 0.9947057264523566, 'min_child_weight': 4, 'reg_alpha': 0.8381091472730076, 'reg_lambda': 0.5648297452040767}. Best is trial 4 with value: 0.75433507514948.
[I 2026-04-12 00:29:09,484] Trial 14 finished with value: 0.7498922264520633 and parameters: {'n_estimators': 285, 'max_depth': 7, 'learning_rate': 0.048474029847499454, 'subsample': 0.9073171533591485, 'colsample_bytree': 0.7706698040453879, 'min_child_weight': 7, 'reg_alpha': 0.7540574487535248, 'reg_lambda': 0.9541756741893397}. Best is trial 4 with value: 0.75433507514948.
[I 2026-04-12 00:29:35,179] Trial 15 finished with value: 0.7498030592875256 and parameters: {'n_estimators': 542, 'max_depth': 9, 'learning_rate': 0.014676392219249395, 'subsample': 0.9964266806248349, 'colsample_bytree': 0.951643726317015, 'min_child_weight': 3, 'reg_alpha': 0.9987093305908569, 'reg_lambda': 0.5976009715120092}. Best is trial 4 with value: 0.75433507514948.
[I 2026-04-12 00:29:48,288] Trial 16 finished with value: 0.7437416219492075 and parameters: {'n_estimators': 496, 'max_depth': 6, 'learning_rate': 0.06303818795705024, 'subsample': 0.8223960279702343, 'colsample_bytree': 0.8708956707781665, 'min_child_weight': 1, 'reg_alpha': 0.6909973182888077, 'reg_lambda': 0.3018143666066079}. Best is trial 4 with value: 0.75433507514948.
[I 2026-04-12 00:29:56,415] Trial 17 finished with value: 0.751583391607738 and parameters: {'n_estimators': 276, 'max_depth': 6, 'learning_rate': 0.03674856620628297, 'subsample': 0.9324222836623255, 'colsample_bytree': 0.7682324979712878, 'min_child_weight': 5, 'reg_alpha': 0.6738857798208924, 'reg_lambda': 0.8914272637911367}. Best is trial 4 with value: 0.75433507514948.
[I 2026-04-12 00:30:30,751] Trial 18 finished with value: 0.7485472016615707 and parameters: {'n_estimators': 987, 'max_depth': 8, 'learning_rate': 0.015604684480039962, 'subsample': 0.8752176819875827, 'colsample_bytree': 0.9613197028665876, 'min_child_weight': 10, 'reg_alpha': 0.9398485143900046, 'reg_lambda': 0.6674338324472378}. Best is trial 4 with value: 0.75433507514948.
[I 2026-04-12 00:30:41,841] Trial 19 finished with value: 0.7530662642878383 and parameters: {'n_estimators': 269, 'max_depth': 7, 'learning_rate': 0.010029112204825545, 'subsample': 0.9395167107630147, 'colsample_bytree': 0.8593138018116605, 'min_child_weight': 3, 'reg_alpha': 0.5032089489963237, 'reg_lambda': 0.47881416199620214}. Best is trial 4 with value: 0.75433507514948.
[I 2026-04-12 00:31:01,658] Trial 20 finished with value: 0.7471451351455942 and parameters: {'n_estimators': 472, 'max_depth': 9, 'learning_rate': 0.03032438779972604, 'subsample': 0.8053032086637733, 'colsample_bytree': 0.8927639298492033, 'min_child_weight': 7, 'reg_alpha': 0.7887232992615609, 'reg_lambda': 0.2542206862998921}. Best is trial 4 with value: 0.75433507514948.
[I 2026-04-12 00:31:16,177] Trial 21 finished with value: 0.7543913489764368 and parameters: {'n_estimators': 732, 'max_depth': 3, 'learning_rate': 0.017144349259993474, 'subsample': 0.7680730335425402, 'colsample_bytree': 0.9441951880764222, 'min_child_weight': 3, 'reg_alpha': 0.5128427537572992, 'reg_lambda': 0.1639854210170803}. Best is trial 21 with value: 0.7543913489764368.
[I 2026-04-12 00:31:32,173] Trial 22 finished with value: 0.7541762818171429 and parameters: {'n_estimators': 801, 'max_depth': 3, 'learning_rate': 0.01494923542291852, 'subsample': 0.7248952318174626, 'colsample_bytree': 0.9515709526174165, 'min_child_weight': 4, 'reg_alpha': 0.6310734758322857, 'reg_lambda': 0.20301102207359223}. Best is trial 21 with value: 0.7543913489764368.
[I 2026-04-12 00:31:48,414] Trial 23 finished with value: 0.7532713841300229 and parameters: {'n_estimators': 578, 'max_depth': 6, 'learning_rate': 0.017805517860171833, 'subsample': 0.8507041263935121, 'colsample_bytree': 0.9641102424469674, 'min_child_weight': 2, 'reg_alpha': 0.469097605078902, 'reg_lambda': 0.41501924113207056}. Best is trial 21 with value: 0.7543913489764368.
[I 2026-04-12 00:32:02,603] Trial 24 finished with value: 0.7546934463194976 and parameters: {'n_estimators': 751, 'max_depth': 3, 'learning_rate': 0.02498048524374565, 'subsample': 0.7853136495994841, 'colsample_bytree': 0.6041017980893417, 'min_child_weight': 2, 'reg_alpha': 0.721977287659129, 'reg_lambda': 0.8351782291219739}. Best is trial 24 with value: 0.7546934463194976.
[I 2026-04-12 00:32:17,277] Trial 25 finished with value: 0.7539793259487765 and parameters: {'n_estimators': 781, 'max_depth': 3, 'learning_rate': 0.027365143065555333, 'subsample': 0.7879058021335554, 'colsample_bytree': 0.801463229401017, 'min_child_weight': 2, 'reg_alpha': 0.4713389897970332, 'reg_lambda': 0.8739732897914885}. Best is trial 24 with value: 0.7546934463194976.
[I 2026-04-12 00:32:36,096] Trial 26 finished with value: 0.7503859902571863 and parameters: {'n_estimators': 937, 'max_depth': 4, 'learning_rate': 0.039297318532240146, 'subsample': 0.6909438210455783, 'colsample_bytree': 0.6039648976322808, 'min_child_weight': 5, 'reg_alpha': 0.7103051530965131, 'reg_lambda': 0.8594618512699053}. Best is trial 24 with value: 0.7546934463194976.
[I 2026-04-12 00:32:50,277] Trial 27 finished with value: 0.751677994685536 and parameters: {'n_estimators': 775, 'max_depth': 3, 'learning_rate': 0.06468229840887293, 'subsample': 0.7470323858026444, 'colsample_bytree': 0.7541479668734722, 'min_child_weight': 1, 'reg_alpha': 0.5513468735017363, 'reg_lambda': 0.6877901122486795}. Best is trial 24 with value: 0.7546934463194976.
[I 2026-04-12 00:33:05,723] Trial 28 finished with value: 0.7539358335907309 and parameters: {'n_estimators': 727, 'max_depth': 4, 'learning_rate': 0.023881730065120982, 'subsample': 0.8034088161805565, 'colsample_bytree': 0.603829158993399, 'min_child_weight': 4, 'reg_alpha': 0.6315874124021875, 'reg_lambda': 0.1833200620754767}. Best is trial 24 with value: 0.7546934463194976.
[I 2026-04-12 00:33:23,053] Trial 29 finished with value: 0.7539645944217628 and parameters: {'n_estimators': 897, 'max_depth': 3, 'learning_rate': 0.01363184841074144, 'subsample': 0.8308064501256076, 'colsample_bytree': 0.832902548072056, 'min_child_weight': 2, 'reg_alpha': 0.8827605422923651, 'reg_lambda': 0.9465321199716643}. Best is trial 24 with value: 0.7546934463194976.
[I 2026-04-12 00:45:24,608] A new study created in memory with name: no-name-cb992d09-7684-4865-868d-b40ac144af12
[I 2026-04-12 00:45:35,316] Trial 0 finished with value: 0.7984083208326016 and parameters: {'n_estimators': 746, 'max_depth': 9, 'learning_rate': 0.01628540215449461, 'subsample': 0.9199951985982436, 'colsample_bytree': 0.6349568556067563, 'min_child_weight': 6, 'reg_alpha': 0.2255359206773565, 'reg_lambda': 0.010413469204152537}. Best is trial 0 with value: 0.7984083208326016.
[I 2026-04-12 00:45:40,236] Trial 1 finished with value: 0.8218453693787348 and parameters: {'n_estimators': 891, 'max_depth': 4, 'learning_rate': 0.13633068659636124, 'subsample': 0.8850363282469147, 'colsample_bytree': 0.9480897411981469, 'min_child_weight': 5, 'reg_alpha': 0.06589417919635532, 'reg_lambda': 0.315389994563015}. Best is trial 0 with value: 0.7984083208326016.
[I 2026-04-12 00:45:44,480] Trial 2 finished with value: 0.8091103075271625 and parameters: {'n_estimators': 424, 'max_depth': 7, 'learning_rate': 0.07537308155869171, 'subsample': 0.9639700417614724, 'colsample_bytree': 0.8809772248619064, 'min_child_weight': 8, 'reg_alpha': 0.25486663818569855, 'reg_lambda': 0.9291253493244503}. Best is trial 0 with value: 0.7984083208326016.
[I 2026-04-12 00:45:50,922] Trial 3 finished with value: 0.8875649651496869 and parameters: {'n_estimators': 873, 'max_depth': 5, 'learning_rate': 0.2459184333754002, 'subsample': 0.7344092357015506, 'colsample_bytree': 0.9548630414329663, 'min_child_weight': 4, 'reg_alpha': 0.552512978969531, 'reg_lambda': 0.683985417244868}. Best is trial 0 with value: 0.7984083208326016.
[I 2026-04-12 00:45:56,795] Trial 4 finished with value: 0.7917579819672782 and parameters: {'n_estimators': 503, 'max_depth': 8, 'learning_rate': 0.015220282002423906, 'subsample': 0.9944743032529254, 'colsample_bytree': 0.6884782868736676, 'min_child_weight': 9, 'reg_alpha': 0.17746005160808975, 'reg_lambda': 0.9867326520600843}. Best is trial 4 with value: 0.7917579819672782.
[I 2026-04-12 00:45:58,052] Trial 5 finished with value: 0.7841536110237719 and parameters: {'n_estimators': 229, 'max_depth': 3, 'learning_rate': 0.03764046691816054, 'subsample': 0.7546786721272677, 'colsample_bytree': 0.7045359069272703, 'min_child_weight': 3, 'reg_alpha': 0.7861883795732576, 'reg_lambda': 0.5216254029867338}. Best is trial 5 with value: 0.7841536110237719.
[I 2026-04-12 00:46:02,030] Trial 6 finished with value: 0.7845950250724689 and parameters: {'n_estimators': 541, 'max_depth': 5, 'learning_rate': 0.013053570047230208, 'subsample': 0.7524579259807684, 'colsample_bytree': 0.8820224903744416, 'min_child_weight': 1, 'reg_alpha': 0.836129958743478, 'reg_lambda': 0.7466065004589229}. Best is trial 5 with value: 0.7841536110237719.
[I 2026-04-12 00:46:09,748] Trial 7 finished with value: 0.7869004347618844 and parameters: {'n_estimators': 947, 'max_depth': 6, 'learning_rate': 0.014190778256664007, 'subsample': 0.7729283584520887, 'colsample_bytree': 0.960649871652662, 'min_child_weight': 8, 'reg_alpha': 0.8001980014929724, 'reg_lambda': 0.6028199132568045}. Best is trial 5 with value: 0.7841536110237719.
[I 2026-04-12 00:46:15,157] Trial 8 finished with value: 0.8609406604557629 and parameters: {'n_estimators': 774, 'max_depth': 5, 'learning_rate': 0.20426479371738165, 'subsample': 0.8827255961118469, 'colsample_bytree': 0.8015712142240612, 'min_child_weight': 6, 'reg_alpha': 0.76044128273104, 'reg_lambda': 0.7422853915196673}. Best is trial 5 with value: 0.7841536110237719.
[I 2026-04-12 00:46:19,231] Trial 9 finished with value: 0.7834815914260829 and parameters: {'n_estimators': 591, 'max_depth': 4, 'learning_rate': 0.01523738756779925, 'subsample': 0.9298644683798974, 'colsample_bytree': 0.9500637159857703, 'min_child_weight': 1, 'reg_alpha': 0.6422721129134601, 'reg_lambda': 0.957772667380222}. Best is trial 9 with value: 0.7834815914260829.
[I 2026-04-12 00:46:20,318] Trial 10 finished with value: 0.7855313793698927 and parameters: {'n_estimators': 161, 'max_depth': 3, 'learning_rate': 0.03386633140078506, 'subsample': 0.6357605111082858, 'colsample_bytree': 0.84879585195416, 'min_child_weight': 1, 'reg_alpha': 0.5145740346323118, 'reg_lambda': 0.3337502288258302}. Best is trial 9 with value: 0.7834815914260829.
[I 2026-04-12 00:46:21,721] Trial 11 finished with value: 0.784507602609446 and parameters: {'n_estimators': 249, 'max_depth': 3, 'learning_rate': 0.0355848014301279, 'subsample': 0.8425931401050465, 'colsample_bytree': 0.7184198275742328, 'min_child_weight': 3, 'reg_alpha': 0.9968622812976106, 'reg_lambda': 0.43219964074677164}. Best is trial 9 with value: 0.7834815914260829.
[I 2026-04-12 00:46:23,500] Trial 12 finished with value: 0.7847778003788293 and parameters: {'n_estimators': 314, 'max_depth': 3, 'learning_rate': 0.030322373699762664, 'subsample': 0.6585166475137096, 'colsample_bytree': 0.7489093412268152, 'min_child_weight': 2, 'reg_alpha': 0.6472304768900737, 'reg_lambda': 0.13207627767883695}. Best is trial 9 with value: 0.7834815914260829.
[I 2026-04-12 00:46:42,488] Trial 13 finished with value: 0.8217346156672662 and parameters: {'n_estimators': 688, 'max_depth': 10, 'learning_rate': 0.060506235227137134, 'subsample': 0.8246818095430309, 'colsample_bytree': 0.615900650056709, 'min_child_weight': 3, 'reg_alpha': 0.38667420218436777, 'reg_lambda': 0.8818536826596405}. Best is trial 9 with value: 0.7834815914260829.
[I 2026-04-12 00:46:44,993] Trial 14 finished with value: 0.7841878380874174 and parameters: {'n_estimators': 376, 'max_depth': 4, 'learning_rate': 0.023285079729167806, 'subsample': 0.7028366042638763, 'colsample_bytree': 0.9988842268203129, 'min_child_weight': 2, 'reg_alpha': 0.9961869383396074, 'reg_lambda': 0.5560680617485318}. Best is trial 9 with value: 0.7834815914260829.
[I 2026-04-12 00:46:46,065] Trial 15 finished with value: 0.7821041028431318 and parameters: {'n_estimators': 155, 'max_depth': 4, 'learning_rate': 0.08013634860499078, 'subsample': 0.8017515518482472, 'colsample_bytree': 0.7857194812955188, 'min_child_weight': 4, 'reg_alpha': 0.6679216950521069, 'reg_lambda': 0.8299469424818872}. Best is trial 15 with value: 0.7821041028431318.
[I 2026-04-12 00:46:51,813] Trial 16 finished with value: 0.8189078302719249 and parameters: {'n_estimators': 658, 'max_depth': 6, 'learning_rate': 0.09871317991088811, 'subsample': 0.9448229962249404, 'colsample_bytree': 0.7918110878624143, 'min_child_weight': 5, 'reg_alpha': 0.6462874728462464, 'reg_lambda': 0.840128452127775}. Best is trial 15 with value: 0.7821041028431318.
[I 2026-04-12 00:46:55,644] Trial 17 finished with value: 0.8053010450038606 and parameters: {'n_estimators': 610, 'max_depth': 4, 'learning_rate': 0.11598622746878295, 'subsample': 0.8101359318922214, 'colsample_bytree': 0.8173744684129656, 'min_child_weight': 4, 'reg_alpha': 0.378197402139892, 'reg_lambda': 0.8141016986046266}. Best is trial 15 with value: 0.7821041028431318.
[I 2026-04-12 00:47:01,189] Trial 18 finished with value: 0.8019151539408037 and parameters: {'n_estimators': 487, 'max_depth': 7, 'learning_rate': 0.05146175050098111, 'subsample': 0.8627536620011185, 'colsample_bytree': 0.8898086793714692, 'min_child_weight': 7, 'reg_alpha': 0.652474122134106, 'reg_lambda': 0.6839598962988387}. Best is trial 15 with value: 0.7821041028431318.
[I 2026-04-12 00:47:02,244] Trial 19 finished with value: 0.7848794223403505 and parameters: {'n_estimators': 104, 'max_depth': 5, 'learning_rate': 0.023655019662712037, 'subsample': 0.9167965143360849, 'colsample_bytree': 0.7619070335427574, 'min_child_weight': 1, 'reg_alpha': 0.41274091825231085, 'reg_lambda': 0.9637294059743907}. Best is trial 15 with value: 0.7821041028431318.
