[I 2026-04-12 11:13:25,920] Trial 10 finished with value: 2.62767150476996 and parameters: {'n_estimators': 359, 'max_depth': 4, 'learning_rate': 0.011729122227588398, 'subsample': 0.6094099098955015, 'colsample_bytree': 0.6095836692137679, 'min_child_weight': 4, 'reg_alpha': 0.9535542019982941, 'reg_lambda': 0.3847031469018635}. Best is trial 10 with value: 2.62767150476996.
[I 2026-04-12 11:13:30,096] Trial 11 finished with value: 2.629217025012467 and parameters: {'n_estimators': 355, 'max_depth': 4, 'learning_rate': 0.010010871620383765, 'subsample': 0.7517190110366337, 'colsample_bytree': 0.604713471551782, 'min_child_weight': 4, 'reg_alpha': 0.9724942711428055, 'reg_lambda': 0.3507811928692411}. Best is trial 10 with value: 2.62767150476996.
[I 2026-04-12 11:13:34,969] Trial 12 finished with value: 2.624884770047881 and parameters: {'n_estimators': 382, 'max_depth': 5, 'learning_rate': 0.011770353156885476, 'subsample': 0.6131015227845676, 'colsample_bytree': 0.6304787782474103, 'min_child_weight': 4, 'reg_alpha': 0.6227352469689171, 'reg_lambda': 0.3126143510543366}. Best is trial 12 with value: 2.624884770047881.
[I 2026-04-12 11:13:39,232] Trial 13 finished with value: 2.6249315174759817 and parameters: {'n_estimators': 352, 'max_depth': 5, 'learning_rate': 0.022658708279702525, 'subsample': 0.6071643707133214, 'colsample_bytree': 0.6366464435759501, 'min_child_weight': 4, 'reg_alpha': 0.6157979213975421, 'reg_lambda': 0.22005367037201606}. Best is trial 12 with value: 2.624884770047881.
[I 2026-04-12 11:13:44,063] Trial 14 finished with value: 2.6223817489646506 and parameters: {'n_estimators': 395, 'max_depth': 5, 'learning_rate': 0.023760706545111494, 'subsample': 0.609945078698398, 'colsample_bytree': 0.7014352578488943, 'min_child_weight': 1, 'reg_alpha': 0.555883800461112, 'reg_lambda': 0.2025844894230101}. Best is trial 14 with value: 2.6223817489646506.
[I 2026-04-12 11:13:57,290] Trial 15 finished with value: 2.670524641936166 and parameters: {'n_estimators': 701, 'max_depth': 7, 'learning_rate': 0.025962125353934003, 'subsample': 0.6618695539798393, 'colsample_bytree': 0.7257326606328223, 'min_child_weight': 1, 'reg_alpha': 0.4376007528124912, 'reg_lambda': 0.17476117998149987}. Best is trial 14 with value: 2.6223817489646506.
[I 2026-04-12 11:14:02,613] Trial 16 finished with value: 2.6295678030335203 and parameters: {'n_estimators': 432, 'max_depth': 5, 'learning_rate': 0.02477348462682488, 'subsample': 0.7386328186263266, 'colsample_bytree': 0.7255347131929772, 'min_child_weight': 1, 'reg_alpha': 0.4721631348986825, 'reg_lambda': 0.12551536560613116}. Best is trial 14 with value: 2.6223817489646506.
[I 2026-04-12 11:14:05,829] Trial 17 finished with value: 2.6292296256572136 and parameters: {'n_estimators': 247, 'max_depth': 5, 'learning_rate': 0.036115577105506703, 'subsample': 0.6489622679194867, 'colsample_bytree': 0.8428241105786026, 'min_child_weight': 3, 'reg_alpha': 0.6693617469620959, 'reg_lambda': 0.5168382512534531}. Best is trial 14 with value: 2.6223817489646506.
[I 2026-04-12 11:14:16,687] Trial 18 finished with value: 2.640253221024549 and parameters: {'n_estimators': 601, 'max_depth': 7, 'learning_rate': 0.016985625834138228, 'subsample': 0.7313325405117425, 'colsample_bytree': 0.6818862231782153, 'min_child_weight': 5, 'reg_alpha': 0.3681277080235656, 'reg_lambda': 0.4045748363901287}. Best is trial 14 with value: 2.6223817489646506.
[I 2026-04-12 11:14:29,307] Trial 19 finished with value: 2.683207317449229 and parameters: {'n_estimators': 820, 'max_depth': 6, 'learning_rate': 0.03922702811372898, 'subsample': 0.6006544447144053, 'colsample_bytree': 0.8386285209133043, 'min_child_weight': 2, 'reg_alpha': 0.564237382683192, 'reg_lambda': 0.25268292757289357}. Best is trial 14 with value: 2.6223817489646506.
[I 2026-04-12 11:14:47,188] Trial 20 finished with value: 2.6618074647933 and parameters: {'n_estimators': 262, 'max_depth': 10, 'learning_rate': 0.015848065718534806, 'subsample': 0.7754825809025664, 'colsample_bytree': 0.991462593195444, 'min_child_weight': 1, 'reg_alpha': 0.7384775762257665, 'reg_lambda': 0.6459146893502934}. Best is trial 14 with value: 2.6223817489646506.
[I 2026-04-12 11:14:51,960] Trial 21 finished with value: 2.621552298025912 and parameters: {'n_estimators': 396, 'max_depth': 5, 'learning_rate': 0.018744298252845015, 'subsample': 0.6279925435967445, 'colsample_bytree': 0.6387755937560894, 'min_child_weight': 4, 'reg_alpha': 0.5971972929238814, 'reg_lambda': 0.25922176566575206}. Best is trial 21 with value: 2.621552298025912.
[I 2026-04-12 11:14:56,731] Trial 22 finished with value: 2.626229733135199 and parameters: {'n_estimators': 412, 'max_depth': 5, 'learning_rate': 0.015351379298338175, 'subsample': 0.6378280782792451, 'colsample_bytree': 0.64685797809769, 'min_child_weight': 5, 'reg_alpha': 0.5821766793743062, 'reg_lambda': 0.3087876212800744}. Best is trial 21 with value: 2.621552298025912.
[I 2026-04-12 11:15:01,117] Trial 23 finished with value: 2.6223443128456685 and parameters: {'n_estimators': 447, 'max_depth': 4, 'learning_rate': 0.03363984204086944, 'subsample': 0.7052068050595031, 'colsample_bytree': 0.7195202526948326, 'min_child_weight': 3, 'reg_alpha': 0.4120931905201626, 'reg_lambda': 0.127144844162993}. Best is trial 21 with value: 2.621552298025912.
[I 2026-04-12 11:15:06,743] Trial 24 finished with value: 2.6303553246711946 and parameters: {'n_estimators': 596, 'max_depth': 4, 'learning_rate': 0.03696817635586251, 'subsample': 0.6936175808907868, 'colsample_bytree': 0.7163059187924302, 'min_child_weight': 3, 'reg_alpha': 0.38354231779853726, 'reg_lambda': 0.1242151875705706}. Best is trial 21 with value: 2.621552298025912.
[I 2026-04-12 11:15:09,233] Trial 25 finished with value: 2.627753167739079 and parameters: {'n_estimators': 282, 'max_depth': 3, 'learning_rate': 0.03113408053984629, 'subsample': 0.7164879532745952, 'colsample_bytree': 0.753834345947211, 'min_child_weight': 2, 'reg_alpha': 0.513389575154491, 'reg_lambda': 0.17785134336283268}. Best is trial 21 with value: 2.621552298025912.
[I 2026-04-12 11:15:13,596] Trial 26 finished with value: 2.6429570595516094 and parameters: {'n_estimators': 469, 'max_depth': 4, 'learning_rate': 0.048029950494012076, 'subsample': 0.6412128321933421, 'colsample_bytree': 0.6956697034148618, 'min_child_weight': 3, 'reg_alpha': 0.26468359452514967, 'reg_lambda': 0.010096267232664338}. Best is trial 21 with value: 2.621552298025912.
[I 2026-04-12 11:15:18,282] Trial 27 finished with value: 2.6305852802961107 and parameters: {'n_estimators': 310, 'max_depth': 6, 'learning_rate': 0.019828758537819013, 'subsample': 0.6833122780949206, 'colsample_bytree': 0.7659245369976622, 'min_child_weight': 1, 'reg_alpha': 0.437167775875814, 'reg_lambda': 0.09009520674779255}. Best is trial 21 with value: 2.621552298025912.
[I 2026-04-12 11:15:23,452] Trial 28 finished with value: 2.632573769540485 and parameters: {'n_estimators': 444, 'max_depth': 5, 'learning_rate': 0.02925841381225103, 'subsample': 0.6361803004829012, 'colsample_bytree': 0.8174685299331836, 'min_child_weight': 5, 'reg_alpha': 0.33369550873914355, 'reg_lambda': 0.4377131916208631}. Best is trial 21 with value: 2.621552298025912.
[I 2026-04-12 11:15:25,074] Trial 29 finished with value: 2.6314350179586485 and parameters: {'n_estimators': 174, 'max_depth': 3, 'learning_rate': 0.05056796997679076, 'subsample': 0.7701994631909379, 'colsample_bytree': 0.6547276097685859, 'min_child_weight': 2, 'reg_alpha': 0.8437887849663007, 'reg_lambda': 0.03524837535215558}. Best is trial 21 with value: 2.621552298025912.
[optuna] Best params: {'n_estimators': 396, 'max_depth': 5, 'learning_rate': 0.018744298252845015, 'subsample': 0.6279925435967445, 'colsample_bytree': 0.6387755937560894, 'min_child_weight': 4, 'reg_alpha': 0.5971972929238814, 'reg_lambda': 0.25922176566575206}
[optuna] Optimizing hyperparameters for rebounds classification...
[I 2026-04-12 11:27:13,545] A new study created in memory with name: no-name-2b703816-8f0a-44bb-a115-3dfc60ec3ddf
[I 2026-04-12 11:27:35,746] Trial 0 finished with value: 0.6389805407682183 and parameters: {'n_estimators': 935, 'max_depth': 5, 'learning_rate': 0.15368347303140314, 'subsample': 0.9977919770602736, 'colsample_bytree': 0.9655473875827792, 'min_child_weight': 1, 'reg_alpha': 0.14592499899246358, 'reg_lambda': 0.3832193558003031}. Best is trial 0 with value: 0.6389805407682183.
[I 2026-04-12 11:28:12,829] Trial 1 finished with value: 0.6409617590046462 and parameters: {'n_estimators': 935, 'max_depth': 8, 'learning_rate': 0.15628151394570863, 'subsample': 0.8118060674460558, 'colsample_bytree': 0.9538391748292734, 'min_child_weight': 5, 'reg_alpha': 0.5769526238463516, 'reg_lambda': 0.7048569228361435}. Best is trial 1 with value: 0.6409617590046462.
[I 2026-04-12 11:28:30,546] Trial 2 finished with value: 0.6666816906308857 and parameters: {'n_estimators': 427, 'max_depth': 7, 'learning_rate': 0.02124279834677209, 'subsample': 0.8749179805904307, 'colsample_bytree': 0.671329514910038, 'min_child_weight': 3, 'reg_alpha': 0.43034046704812645, 'reg_lambda': 0.09854779009697678}. Best is trial 2 with value: 0.6666816906308857.
[I 2026-04-12 11:28:46,011] Trial 3 finished with value: 0.6296417011926677 and parameters: {'n_estimators': 458, 'max_depth': 6, 'learning_rate': 0.233583901579797, 'subsample': 0.9450258097688378, 'colsample_bytree': 0.9462631031775761, 'min_child_weight': 3, 'reg_alpha': 0.041163586913691486, 'reg_lambda': 0.9947289423492297}. Best is trial 2 with value: 0.6666816906308857.
[I 2026-04-12 11:29:06,612] Trial 4 finished with value: 0.6449849090320834 and parameters: {'n_estimators': 515, 'max_depth': 7, 'learning_rate': 0.08524450380022079, 'subsample': 0.8267951801095718, 'colsample_bytree': 0.6959262740439882, 'min_child_weight': 6, 'reg_alpha': 0.5320266632463235, 'reg_lambda': 0.10051529460295705}. Best is trial 2 with value: 0.6666816906308857.
[I 2026-04-12 11:29:24,896] Trial 5 finished with value: 0.6664815070643305 and parameters: {'n_estimators': 459, 'max_depth': 6, 'learning_rate': 0.025415270302178637, 'subsample': 0.8936754995445311, 'colsample_bytree': 0.8174031080908992, 'min_child_weight': 3, 'reg_alpha': 0.5900853315756079, 'reg_lambda': 0.8352977478562058}. Best is trial 2 with value: 0.6666816906308857.
[I 2026-04-12 11:29:39,891] Trial 6 finished with value: 0.635682660972682 and parameters: {'n_estimators': 231, 'max_depth': 9, 'learning_rate': 0.19318786871526475, 'subsample': 0.9486298370104302, 'colsample_bytree': 0.8799197722486372, 'min_child_weight': 3, 'reg_alpha': 0.20379260545227373, 'reg_lambda': 0.9216770510786584}. Best is trial 2 with value: 0.6666816906308857.
[I 2026-04-12 11:30:25,587] Trial 7 finished with value: 0.6553446296286447 and parameters: {'n_estimators': 944, 'max_depth': 8, 'learning_rate': 0.024259431964709168, 'subsample': 0.8011353525516068, 'colsample_bytree': 0.6537675163448426, 'min_child_weight': 7, 'reg_alpha': 0.9321652597636249, 'reg_lambda': 0.8774543764108996}. Best is trial 2 with value: 0.6666816906308857.
[I 2026-04-12 11:30:58,609] Trial 8 finished with value: 0.6415154695930336 and parameters: {'n_estimators': 546, 'max_depth': 9, 'learning_rate': 0.16808493451774623, 'subsample': 0.701726868213933, 'colsample_bytree': 0.7563688009629767, 'min_child_weight': 3, 'reg_alpha': 0.5766159613275224, 'reg_lambda': 0.5464374680465112}. Best is trial 2 with value: 0.6666816906308857.
[I 2026-04-12 11:31:05,004] Trial 9 finished with value: 0.6627558492106163 and parameters: {'n_estimators': 141, 'max_depth': 5, 'learning_rate': 0.018781372767600685, 'subsample': 0.9795779798420482, 'colsample_bytree': 0.9217006514937585, 'min_child_weight': 4, 'reg_alpha': 0.3753604516889153, 'reg_lambda': 0.24610519403589348}. Best is trial 2 with value: 0.6666816906308857.
[I 2026-04-12 11:31:24,811] Trial 10 finished with value: 0.6643435221013748 and parameters: {'n_estimators': 700, 'max_depth': 3, 'learning_rate': 0.011017612653378875, 'subsample': 0.627419024084244, 'colsample_bytree': 0.6063893972011491, 'min_child_weight': 9, 'reg_alpha': 0.8434232172472007, 'reg_lambda': 0.012617049198259067}. Best is trial 2 with value: 0.6666816906308857.
[I 2026-04-12 11:31:37,847] Trial 11 finished with value: 0.6660857585182589 and parameters: {'n_estimators': 324, 'max_depth': 6, 'learning_rate': 0.037180520405078216, 'subsample': 0.886135790077333, 'colsample_bytree': 0.8301274280893101, 'min_child_weight': 1, 'reg_alpha': 0.731348938053127, 'reg_lambda': 0.6233303046666658}. Best is trial 2 with value: 0.6666816906308857.
[I 2026-04-12 11:31:57,625] Trial 12 finished with value: 0.6650672539830751 and parameters: {'n_estimators': 713, 'max_depth': 4, 'learning_rate': 0.05525893458503419, 'subsample': 0.8731124877760812, 'colsample_bytree': 0.763534284725449, 'min_child_weight': 2, 'reg_alpha': 0.3751236958644727, 'reg_lambda': 0.36834750118313575}. Best is trial 2 with value: 0.6666816906308857.
[I 2026-04-12 11:32:15,893] Trial 13 finished with value: 0.6671234446890465 and parameters: {'n_estimators': 347, 'max_depth': 7, 'learning_rate': 0.010856146754257065, 'subsample': 0.7463050656351735, 'colsample_bytree': 0.8448612431892246, 'min_child_weight': 5, 'reg_alpha': 0.36398679774182496, 'reg_lambda': 0.7924517408474865}. Best is trial 13 with value: 0.6671234446890465.
[I 2026-04-12 11:32:46,443] Trial 14 finished with value: 0.6636849490758694 and parameters: {'n_estimators': 353, 'max_depth': 10, 'learning_rate': 0.010375667152523553, 'subsample': 0.7289363134055431, 'colsample_bytree': 0.7159751394488223, 'min_child_weight': 8, 'reg_alpha': 0.3485710669379128, 'reg_lambda': 0.731073240333721}. Best is trial 13 with value: 0.6671234446890465.
[I 2026-04-12 11:33:15,373] Trial 15 finished with value: 0.6633775159770576 and parameters: {'n_estimators': 679, 'max_depth': 7, 'learning_rate': 0.019227743163160355, 'subsample': 0.7321241269118803, 'colsample_bytree': 0.8552475864486698, 'min_child_weight': 5, 'reg_alpha': 0.24535662091204014, 'reg_lambda': 0.233703041734371}. Best is trial 13 with value: 0.6671234446890465.
[I 2026-04-12 11:33:32,791] Trial 16 finished with value: 0.6683216851106486 and parameters: {'n_estimators': 345, 'max_depth': 7, 'learning_rate': 0.014356805818764019, 'subsample': 0.6640338205319819, 'colsample_bytree': 0.786717064708073, 'min_child_weight': 10, 'reg_alpha': 0.416025608798015, 'reg_lambda': 0.4415704360985664}. Best is trial 16 with value: 0.6683216851106486.
[I 2026-04-12 11:33:40,536] Trial 17 finished with value: 0.662710657079093 and parameters: {'n_estimators': 112, 'max_depth': 8, 'learning_rate': 0.014256822736388182, 'subsample': 0.6080369876530259, 'colsample_bytree': 0.7812543326769185, 'min_child_weight': 10, 'reg_alpha': 0.00497781817088272, 'reg_lambda': 0.4550400307335881}. Best is trial 16 with value: 0.6683216851106486.
[I 2026-04-12 11:33:49,669] Trial 18 finished with value: 0.6673815268061377 and parameters: {'n_estimators': 248, 'max_depth': 5, 'learning_rate': 0.039235533748243664, 'subsample': 0.6989513341856095, 'colsample_bytree': 0.8874818012992463, 'min_child_weight': 7, 'reg_alpha': 0.6694943758635858, 'reg_lambda': 0.5921876042369641}. Best is trial 16 with value: 0.6683216851106486.
[I 2026-04-12 11:33:57,281] Trial 19 finished with value: 0.6679681793074399 and parameters: {'n_estimators': 230, 'max_depth': 4, 'learning_rate': 0.04049763903814249, 'subsample': 0.6517027072763149, 'colsample_bytree': 0.9184915355131064, 'min_child_weight': 10, 'reg_alpha': 0.7134261884034888, 'reg_lambda': 0.5988552231051311}. Best is trial 16 with value: 0.6683216851106486.
[I 2026-04-12 11:34:03,443] Trial 20 finished with value: 0.6682900057058294 and parameters: {'n_estimators': 211, 'max_depth': 3, 'learning_rate': 0.07127115554907683, 'subsample': 0.6532858175453674, 'colsample_bytree': 0.9984357556557437, 'min_child_weight': 10, 'reg_alpha': 0.7767390854951596, 'reg_lambda': 0.42416416013116665}. Best is trial 16 with value: 0.6683216851106486.
[I 2026-04-12 11:34:10,055] Trial 21 finished with value: 0.6685469879909381 and parameters: {'n_estimators': 234, 'max_depth': 3, 'learning_rate': 0.0865145709742773, 'subsample': 0.6534965724370225, 'colsample_bytree': 0.9030827244186248, 'min_child_weight': 10, 'reg_alpha': 0.7892603171538494, 'reg_lambda': 0.4531461194687514}. Best is trial 21 with value: 0.6685469879909381.
[I 2026-04-12 11:34:15,226] Trial 22 finished with value: 0.6667833030821775 and parameters: {'n_estimators': 174, 'max_depth': 3, 'learning_rate': 0.11037100127274202, 'subsample': 0.6459229654213015, 'colsample_bytree': 0.9794238939525844, 'min_child_weight': 9, 'reg_alpha': 0.9443756906110046, 'reg_lambda': 0.44690982887947056}. Best is trial 21 with value: 0.6685469879909381.
[I 2026-04-12 11:34:23,779] Trial 23 finished with value: 0.6680703010056948 and parameters: {'n_estimators': 275, 'max_depth': 4, 'learning_rate': 0.07225181984683993, 'subsample': 0.6778413765091101, 'colsample_bytree': 0.8994643789906532, 'min_child_weight': 9, 'reg_alpha': 0.793702722389885, 'reg_lambda': 0.3384566469132431}. Best is trial 21 with value: 0.6685469879909381.
[I 2026-04-12 11:34:34,374] Trial 24 finished with value: 0.6657380029620068 and parameters: {'n_estimators': 379, 'max_depth': 3, 'learning_rate': 0.10682763714865705, 'subsample': 0.7721653938314981, 'colsample_bytree': 0.9921557457248303, 'min_child_weight': 10, 'reg_alpha': 0.8447793641383354, 'reg_lambda': 0.26656633125549967}. Best is trial 21 with value: 0.6685469879909381.
[I 2026-04-12 11:34:38,445] Trial 25 finished with value: 0.665573540948039 and parameters: {'n_estimators': 101, 'max_depth': 4, 'learning_rate': 0.056767897533576965, 'subsample': 0.6003480147347786, 'colsample_bytree': 0.7951203225388751, 'min_child_weight': 8, 'reg_alpha': 0.9981070899625236, 'reg_lambda': 0.4954419032805504}. Best is trial 21 with value: 0.6685469879909381.
[I 2026-04-12 11:34:43,698] Trial 26 finished with value: 0.6581817894530879 and parameters: {'n_estimators': 183, 'max_depth': 3, 'learning_rate': 0.2981255590283933, 'subsample': 0.6689652702259311, 'colsample_bytree': 0.9979753872162253, 'min_child_weight': 8, 'reg_alpha': 0.46260827153141443, 'reg_lambda': 0.32899787356975774}. Best is trial 21 with value: 0.6685469879909381.
[I 2026-04-12 11:34:53,328] Trial 27 finished with value: 0.6621035215332814 and parameters: {'n_estimators': 285, 'max_depth': 5, 'learning_rate': 0.07526135778874637, 'subsample': 0.6953995149195503, 'colsample_bytree': 0.8605805789959373, 'min_child_weight': 10, 'reg_alpha': 0.6775858211745136, 'reg_lambda': 0.41943897138050124}. Best is trial 21 with value: 0.6685469879909381.
[I 2026-04-12 11:35:10,172] Trial 28 finished with value: 0.6536050420032553 and parameters: {'n_estimators': 600, 'max_depth': 4, 'learning_rate': 0.11332253068044193, 'subsample': 0.630258734598892, 'colsample_bytree': 0.7425659883284537, 'min_child_weight': 9, 'reg_alpha': 0.7960232728505646, 'reg_lambda': 0.5273020641825087}. Best is trial 21 with value: 0.6685469879909381.
[I 2026-04-12 11:35:19,056] Trial 29 finished with value: 0.6680137710563718 and parameters: {'n_estimators': 197, 'max_depth': 6, 'learning_rate': 0.030156632587826616, 'subsample': 0.6693626499184591, 'colsample_bytree': 0.9298404409472241, 'min_child_weight': 7, 'reg_alpha': 0.6139186432646584, 'reg_lambda': 0.6886693814379868}. Best is trial 21 with value: 0.6685469879909381.
[optuna] Best params: {'n_estimators': 234, 'max_depth': 3, 'learning_rate': 0.0865145709742773, 'subsample': 0.6534965724370225, 'colsample_bytree': 0.9030827244186248, 'min_child_weight': 10, 'reg_alpha': 0.7892603171538494, 'reg_lambda': 0.4531461194687514}
[wf] steals: auc_raw=0.723 brier_raw=0.197 auc_cal=0.714 brier_cal=0.192 folds=5
[optuna] Optimizing hyperparameters for steals regression...
[I 2026-04-12 11:49:15,426] A new study created in memory with name: no-name-cfcbbb5d-319d-468a-98b5-b017f1be3388
[I 2026-04-12 11:49:22,974] Trial 0 finished with value: 1.085847840939836 and parameters: {'n_estimators': 675, 'max_depth': 6, 'learning_rate': 0.2565505264269335, 'subsample': 0.9307948528172473, 'colsample_bytree': 0.7834767006463357, 'min_child_weight': 10, 'reg_alpha': 0.6459848219581241, 'reg_lambda': 0.12430137875528213}. Best is trial 0 with value: 1.085847840939836.
[I 2026-04-12 11:49:34,583] Trial 1 finished with value: 1.0116121216245908 and parameters: {'n_estimators': 562, 'max_depth': 8, 'learning_rate': 0.08504365856773463, 'subsample': 0.996416843733965, 'colsample_bytree': 0.972022643663772, 'min_child_weight': 1, 'reg_alpha': 0.24325581201074142, 'reg_lambda': 0.073076964113311}. Best is trial 1 with value: 1.0116121216245908.
[I 2026-04-12 11:49:37,487] Trial 2 finished with value: 0.9696852466919859 and parameters: {'n_estimators': 220, 'max_depth': 6, 'learning_rate': 0.04535157326587243, 'subsample': 0.6786839448632204, 'colsample_bytree': 0.7750564710210974, 'min_child_weight': 5, 'reg_alpha': 0.9985744059078083, 'reg_lambda': 0.19277010034910314}. Best is trial 2 with value: 0.9696852466919859.
[I 2026-04-12 11:49:43,196] Trial 3 finished with value: 0.9764174301867798 and parameters: {'n_estimators': 378, 'max_depth': 7, 'learning_rate': 0.04013481297524274, 'subsample': 0.6139078445820999, 'colsample_bytree': 0.9819511481624729, 'min_child_weight': 5, 'reg_alpha': 0.35291099914721147, 'reg_lambda': 0.6668015484950983}. Best is trial 2 with value: 0.9696852466919859.
[I 2026-04-12 11:49:50,208] Trial 4 finished with value: 0.9699201435387387 and parameters: {'n_estimators': 754, 'max_depth': 5, 'learning_rate': 0.02878474935480562, 'subsample': 0.9231439565477112, 'colsample_bytree': 0.8733359791800901, 'min_child_weight': 8, 'reg_alpha': 0.5485126043364931, 'reg_lambda': 0.6185770075391797}. Best is trial 2 with value: 0.9696852466919859.
