[I 2026-04-12 01:45:11,664] Trial 14 finished with value: 1.359378130462634 and parameters: {'n_estimators': 476, 'max_depth': 4, 'learning_rate': 0.02465826213095099, 'subsample': 0.6013825090273648, 'colsample_bytree': 0.9732418871168598, 'min_child_weight': 5, 'reg_alpha': 0.9725626394774245, 'reg_lambda': 0.19078556558872706}. Best is trial 8 with value: 1.3574735849588844.
[I 2026-04-12 01:45:12,600] Trial 15 finished with value: 1.3659302870292338 and parameters: {'n_estimators': 108, 'max_depth': 4, 'learning_rate': 0.021459790027386457, 'subsample': 0.8760043437092251, 'colsample_bytree': 0.7328498656771575, 'min_child_weight': 6, 'reg_alpha': 0.6270212082379174, 'reg_lambda': 0.9805275551968325}. Best is trial 8 with value: 1.3574735849588844.
[I 2026-04-12 01:45:16,912] Trial 16 finished with value: 1.3650451968600295 and parameters: {'n_estimators': 485, 'max_depth': 6, 'learning_rate': 0.029308840676735944, 'subsample': 0.7857653048026896, 'colsample_bytree': 0.8205669542424517, 'min_child_weight': 3, 'reg_alpha': 0.5891047610995496, 'reg_lambda': 0.23012704602054168}. Best is trial 8 with value: 1.3574735849588844.
[I 2026-04-12 01:45:18,416] Trial 17 finished with value: 1.3589491318214124 and parameters: {'n_estimators': 240, 'max_depth': 3, 'learning_rate': 0.042996186880750034, 'subsample': 0.6752250767063885, 'colsample_bytree': 0.9401395614901339, 'min_child_weight': 3, 'reg_alpha': 0.8068573953362803, 'reg_lambda': 0.19690713837404555}. Best is trial 8 with value: 1.3574735849588844.
[I 2026-04-12 01:45:27,855] Trial 18 finished with value: 1.367033530530099 and parameters: {'n_estimators': 690, 'max_depth': 8, 'learning_rate': 0.018218577901707975, 'subsample': 0.7900653591530341, 'colsample_bytree': 0.7153551217294252, 'min_child_weight': 5, 'reg_alpha': 0.6127452955364001, 'reg_lambda': 0.9681606089971124}. Best is trial 8 with value: 1.3574735849588844.
[I 2026-04-12 01:45:31,137] Trial 19 finished with value: 1.3563035554048177 and parameters: {'n_estimators': 456, 'max_depth': 4, 'learning_rate': 0.01581597499421989, 'subsample': 0.8791099692296874, 'colsample_bytree': 0.9280786449995801, 'min_child_weight': 2, 'reg_alpha': 0.8112706679002741, 'reg_lambda': 0.02497843137203054}. Best is trial 19 with value: 1.3563035554048177.
[I 2026-04-12 01:45:35,241] Trial 20 finished with value: 1.357303782811147 and parameters: {'n_estimators': 514, 'max_depth': 5, 'learning_rate': 0.015785797551758997, 'subsample': 0.8853227632703615, 'colsample_bytree': 0.8239636395422584, 'min_child_weight': 2, 'reg_alpha': 0.8532291504048917, 'reg_lambda': 0.06723305061565404}. Best is trial 19 with value: 1.3563035554048177.
[I 2026-04-12 01:45:39,479] Trial 21 finished with value: 1.3569629224243984 and parameters: {'n_estimators': 531, 'max_depth': 5, 'learning_rate': 0.016108612528234385, 'subsample': 0.8822717392191235, 'colsample_bytree': 0.7961340930599556, 'min_child_weight': 2, 'reg_alpha': 0.867251381822044, 'reg_lambda': 0.004553573929810751}. Best is trial 19 with value: 1.3563035554048177.
[I 2026-04-12 01:45:43,596] Trial 22 finished with value: 1.3577449206352121 and parameters: {'n_estimators': 519, 'max_depth': 5, 'learning_rate': 0.016532524195777366, 'subsample': 0.8990735421877477, 'colsample_bytree': 0.841266985311192, 'min_child_weight': 2, 'reg_alpha': 0.9809201535559888, 'reg_lambda': 0.0034958391770926927}. Best is trial 19 with value: 1.3563035554048177.
[I 2026-04-12 01:45:49,805] Trial 23 finished with value: 1.3603137601700597 and parameters: {'n_estimators': 654, 'max_depth': 6, 'learning_rate': 0.015249803916772681, 'subsample': 0.8572000494160013, 'colsample_bytree': 0.8608781125893818, 'min_child_weight': 2, 'reg_alpha': 0.8590176339006419, 'reg_lambda': 0.09634426557331839}. Best is trial 19 with value: 1.3563035554048177.
[I 2026-04-12 01:45:54,514] Trial 24 finished with value: 1.3563629757213864 and parameters: {'n_estimators': 553, 'max_depth': 5, 'learning_rate': 0.01036365445422665, 'subsample': 0.9261673304770788, 'colsample_bytree': 0.9211561476391275, 'min_child_weight': 2, 'reg_alpha': 0.9040319714588374, 'reg_lambda': 0.07993902598202524}. Best is trial 19 with value: 1.3563035554048177.
[I 2026-04-12 01:46:01,616] Trial 25 finished with value: 1.3575409681598338 and parameters: {'n_estimators': 720, 'max_depth': 6, 'learning_rate': 0.010183446791418025, 'subsample': 0.9465919940464252, 'colsample_bytree': 0.9184008654917045, 'min_child_weight': 4, 'reg_alpha': 0.9307702432145369, 'reg_lambda': 0.14023279659598561}. Best is trial 19 with value: 1.3563035554048177.
[I 2026-04-12 01:46:06,771] Trial 26 finished with value: 1.3567424657218854 and parameters: {'n_estimators': 598, 'max_depth': 5, 'learning_rate': 0.010260270216281321, 'subsample': 0.9337537143727851, 'colsample_bytree': 0.9591733108532717, 'min_child_weight': 1, 'reg_alpha': 0.7619606628759338, 'reg_lambda': 0.3418554787197432}. Best is trial 19 with value: 1.3563035554048177.
[I 2026-04-12 01:46:10,440] Trial 27 finished with value: 1.3579311725527887 and parameters: {'n_estimators': 595, 'max_depth': 3, 'learning_rate': 0.010334887115091049, 'subsample': 0.930268719106149, 'colsample_bytree': 0.9670638116990341, 'min_child_weight': 1, 'reg_alpha': 0.7661795312729752, 'reg_lambda': 0.31352250684871}. Best is trial 19 with value: 1.3563035554048177.
[I 2026-04-12 01:46:13,824] Trial 28 finished with value: 1.3573508732723076 and parameters: {'n_estimators': 459, 'max_depth': 4, 'learning_rate': 0.01277657803846629, 'subsample': 0.9868162444455348, 'colsample_bytree': 0.9153383710310321, 'min_child_weight': 1, 'reg_alpha': 0.5569320356443135, 'reg_lambda': 0.3049533001669853}. Best is trial 19 with value: 1.3563035554048177.
[I 2026-04-12 01:46:25,345] Trial 29 finished with value: 1.3742620819197608 and parameters: {'n_estimators': 769, 'max_depth': 8, 'learning_rate': 0.018487051112694428, 'subsample': 0.9283775307392657, 'colsample_bytree': 0.9605963841318431, 'min_child_weight': 7, 'reg_alpha': 0.772319253445245, 'reg_lambda': 0.505514018726072}. Best is trial 19 with value: 1.3563035554048177.
[I 2026-04-12 01:53:11,329] A new study created in memory with name: no-name-82b3cd4a-4c73-463f-8bf3-828e8574d5c6
[I 2026-04-12 01:53:13,378] Trial 0 finished with value: 0.753256680242697 and parameters: {'n_estimators': 100, 'max_depth': 4, 'learning_rate': 0.23942334856066888, 'subsample': 0.8098709590673425, 'colsample_bytree': 0.7963177922612037, 'min_child_weight': 8, 'reg_alpha': 0.147832901760532, 'reg_lambda': 0.356573880823457}. Best is trial 0 with value: 0.753256680242697.
[I 2026-04-12 01:53:43,731] Trial 1 finished with value: 0.7390046710146151 and parameters: {'n_estimators': 731, 'max_depth': 10, 'learning_rate': 0.11923759639952948, 'subsample': 0.7248009708815923, 'colsample_bytree': 0.650392776909476, 'min_child_weight': 2, 'reg_alpha': 0.6879673336891065, 'reg_lambda': 0.5593153709646732}. Best is trial 0 with value: 0.753256680242697.
[I 2026-04-12 01:53:54,950] Trial 2 finished with value: 0.7593420741055386 and parameters: {'n_estimators': 340, 'max_depth': 8, 'learning_rate': 0.010729068014278562, 'subsample': 0.7384452892872331, 'colsample_bytree': 0.8206537643188992, 'min_child_weight': 3, 'reg_alpha': 0.40243904777814155, 'reg_lambda': 0.0874222308774173}. Best is trial 2 with value: 0.7593420741055386.
[I 2026-04-12 01:53:58,738] Trial 3 finished with value: 0.7559523565915117 and parameters: {'n_estimators': 168, 'max_depth': 4, 'learning_rate': 0.015253836979566542, 'subsample': 0.7761339778319463, 'colsample_bytree': 0.7789931956654219, 'min_child_weight': 7, 'reg_alpha': 0.8656780407867182, 'reg_lambda': 0.4419074650685497}. Best is trial 2 with value: 0.7593420741055386.
[I 2026-04-12 01:54:04,652] Trial 4 finished with value: 0.7581834211596522 and parameters: {'n_estimators': 281, 'max_depth': 5, 'learning_rate': 0.06470121479524124, 'subsample': 0.8886854161228055, 'colsample_bytree': 0.8568309320980253, 'min_child_weight': 6, 'reg_alpha': 0.6288832422646409, 'reg_lambda': 0.1300938579559956}. Best is trial 2 with value: 0.7593420741055386.
[I 2026-04-12 01:54:24,316] Trial 5 finished with value: 0.7335024987994962 and parameters: {'n_estimators': 942, 'max_depth': 6, 'learning_rate': 0.13462603004514745, 'subsample': 0.9478059420453219, 'colsample_bytree': 0.7687882732103376, 'min_child_weight': 1, 'reg_alpha': 0.012317269609916193, 'reg_lambda': 0.3928824367720861}. Best is trial 2 with value: 0.7593420741055386.
[I 2026-04-12 01:54:30,841] Trial 6 finished with value: 0.7471080660776731 and parameters: {'n_estimators': 152, 'max_depth': 10, 'learning_rate': 0.06435727184592699, 'subsample': 0.7907363319368624, 'colsample_bytree': 0.9677604130917187, 'min_child_weight': 10, 'reg_alpha': 0.6047699069533062, 'reg_lambda': 0.6232638140024415}. Best is trial 2 with value: 0.7593420741055386.
[I 2026-04-12 01:54:54,141] Trial 7 finished with value: 0.7336930751618669 and parameters: {'n_estimators': 827, 'max_depth': 8, 'learning_rate': 0.12980963987823269, 'subsample': 0.8216631644747766, 'colsample_bytree': 0.8038845017000327, 'min_child_weight': 4, 'reg_alpha': 0.1943256402032556, 'reg_lambda': 0.6661395999511803}. Best is trial 2 with value: 0.7593420741055386.
[I 2026-04-12 01:55:20,288] Trial 8 finished with value: 0.7413645904774788 and parameters: {'n_estimators': 831, 'max_depth': 9, 'learning_rate': 0.08918958734115749, 'subsample': 0.8913392480198782, 'colsample_bytree': 0.7478287853788783, 'min_child_weight': 10, 'reg_alpha': 0.6744054279168782, 'reg_lambda': 0.5891616176852604}. Best is trial 2 with value: 0.7593420741055386.
[I 2026-04-12 01:55:33,251] Trial 9 finished with value: 0.7544497704826598 and parameters: {'n_estimators': 619, 'max_depth': 5, 'learning_rate': 0.05389961074429177, 'subsample': 0.8967515029345098, 'colsample_bytree': 0.8598136715875712, 'min_child_weight': 1, 'reg_alpha': 0.6075103038053437, 'reg_lambda': 0.5184292300110828}. Best is trial 2 with value: 0.7593420741055386.
[I 2026-04-12 01:55:46,490] Trial 10 finished with value: 0.760061294793433 and parameters: {'n_estimators': 414, 'max_depth': 7, 'learning_rate': 0.010377912822932602, 'subsample': 0.6027415156500286, 'colsample_bytree': 0.9670102584855531, 'min_child_weight': 4, 'reg_alpha': 0.356106187763165, 'reg_lambda': 0.9175349076726207}. Best is trial 10 with value: 0.760061294793433.
[I 2026-04-12 01:55:59,608] Trial 11 finished with value: 0.7601479175569923 and parameters: {'n_estimators': 408, 'max_depth': 7, 'learning_rate': 0.010824731992422992, 'subsample': 0.649829104656792, 'colsample_bytree': 0.9969763368470751, 'min_child_weight': 4, 'reg_alpha': 0.3651302199497817, 'reg_lambda': 0.9612617851839389}. Best is trial 11 with value: 0.7601479175569923.
[I 2026-04-12 01:56:13,798] Trial 12 finished with value: 0.7576034933578832 and parameters: {'n_estimators': 454, 'max_depth': 7, 'learning_rate': 0.023766981338610924, 'subsample': 0.6068312582371392, 'colsample_bytree': 0.9915855018259758, 'min_child_weight': 4, 'reg_alpha': 0.35973637541142944, 'reg_lambda': 0.9590507516745604}. Best is trial 11 with value: 0.7601479175569923.
[I 2026-04-12 01:56:28,924] Trial 13 finished with value: 0.756953470360197 and parameters: {'n_estimators': 501, 'max_depth': 7, 'learning_rate': 0.027563076340165173, 'subsample': 0.6128876901316395, 'colsample_bytree': 0.9223811471632739, 'min_child_weight': 5, 'reg_alpha': 0.3346732003848607, 'reg_lambda': 0.9984027389777979}. Best is trial 11 with value: 0.7601479175569923.
[I 2026-04-12 01:56:39,762] Trial 14 finished with value: 0.7594549937863885 and parameters: {'n_estimators': 363, 'max_depth': 6, 'learning_rate': 0.010019085611742636, 'subsample': 0.661367645105869, 'colsample_bytree': 0.92123876084108, 'min_child_weight': 3, 'reg_alpha': 0.4327470312044109, 'reg_lambda': 0.8305712993894183}. Best is trial 11 with value: 0.7601479175569923.
[I 2026-04-12 01:57:00,305] Trial 15 finished with value: 0.7555881577496242 and parameters: {'n_estimators': 638, 'max_depth': 8, 'learning_rate': 0.02489517518076315, 'subsample': 0.6712208813926316, 'colsample_bytree': 0.9301164967241605, 'min_child_weight': 5, 'reg_alpha': 0.22180218902252224, 'reg_lambda': 0.8092229720657954}. Best is trial 11 with value: 0.7601479175569923.
[I 2026-04-12 01:57:09,198] Trial 16 finished with value: 0.7598339296720271 and parameters: {'n_estimators': 445, 'max_depth': 3, 'learning_rate': 0.015329132541321677, 'subsample': 0.6595554064500635, 'colsample_bytree': 0.6829421257713448, 'min_child_weight': 7, 'reg_alpha': 0.5001525045829527, 'reg_lambda': 0.8060714373818183}. Best is trial 11 with value: 0.7601479175569923.
[I 2026-04-12 01:57:17,184] Trial 17 finished with value: 0.7580076356913752 and parameters: {'n_estimators': 258, 'max_depth': 7, 'learning_rate': 0.03484922402863628, 'subsample': 0.7085257525529322, 'colsample_bytree': 0.9998149850055159, 'min_child_weight': 3, 'reg_alpha': 0.9963196177608081, 'reg_lambda': 0.90259157312111}. Best is trial 11 with value: 0.7601479175569923.
[I 2026-04-12 01:57:38,935] Trial 18 finished with value: 0.7567428526953317 and parameters: {'n_estimators': 558, 'max_depth': 9, 'learning_rate': 0.01452428650267503, 'subsample': 0.6029510405597653, 'colsample_bytree': 0.8824949045540329, 'min_child_weight': 4, 'reg_alpha': 0.2713639760313758, 'reg_lambda': 0.7417090981284273}. Best is trial 11 with value: 0.7601479175569923.
[I 2026-04-12 01:57:48,475] Trial 19 finished with value: 0.7583685765875368 and parameters: {'n_estimators': 376, 'max_depth': 6, 'learning_rate': 0.037895786449464314, 'subsample': 0.6488450419672912, 'colsample_bytree': 0.9513563162026031, 'min_child_weight': 6, 'reg_alpha': 0.058838187607416714, 'reg_lambda': 0.2730829471433234}. Best is trial 11 with value: 0.7601479175569923.
[I 2026-04-12 01:57:54,614] Trial 20 finished with value: 0.7601679139842015 and parameters: {'n_estimators': 237, 'max_depth': 5, 'learning_rate': 0.018897051922225915, 'subsample': 0.6955364831849016, 'colsample_bytree': 0.8851063164521229, 'min_child_weight': 8, 'reg_alpha': 0.5141562683338882, 'reg_lambda': 0.6966867354453778}. Best is trial 20 with value: 0.7601679139842015.
[I 2026-04-12 01:58:01,273] Trial 21 finished with value: 0.7602817356582895 and parameters: {'n_estimators': 243, 'max_depth': 5, 'learning_rate': 0.01884285775001495, 'subsample': 0.695147417511925, 'colsample_bytree': 0.8884940794206452, 'min_child_weight': 9, 'reg_alpha': 0.5007962931485532, 'reg_lambda': 0.8909070028569923}. Best is trial 21 with value: 0.7602817356582895.
[I 2026-04-12 01:58:07,544] Trial 22 finished with value: 0.7609304707352826 and parameters: {'n_estimators': 245, 'max_depth': 5, 'learning_rate': 0.02145305303890014, 'subsample': 0.6978151176831828, 'colsample_bytree': 0.8907584933393888, 'min_child_weight': 9, 'reg_alpha': 0.5046028139539498, 'reg_lambda': 0.7167065485855033}. Best is trial 22 with value: 0.7609304707352826.
[I 2026-04-12 01:58:13,725] Trial 23 finished with value: 0.7599744027781606 and parameters: {'n_estimators': 239, 'max_depth': 5, 'learning_rate': 0.01805424785224859, 'subsample': 0.6984335582598205, 'colsample_bytree': 0.8870949201316142, 'min_child_weight': 9, 'reg_alpha': 0.4966964130264689, 'reg_lambda': 0.7070168134847179}. Best is trial 22 with value: 0.7609304707352826.
[I 2026-04-12 01:58:18,415] Trial 24 finished with value: 0.7584110016824283 and parameters: {'n_estimators': 189, 'max_depth': 4, 'learning_rate': 0.019917116686079903, 'subsample': 0.7527154142101224, 'colsample_bytree': 0.8380027340773696, 'min_child_weight': 9, 'reg_alpha': 0.7906578516513807, 'reg_lambda': 0.7512687023788047}. Best is trial 22 with value: 0.7609304707352826.
[I 2026-04-12 01:58:24,426] Trial 25 finished with value: 0.7619265853971656 and parameters: {'n_estimators': 305, 'max_depth': 3, 'learning_rate': 0.03767874321693769, 'subsample': 0.8426746189553938, 'colsample_bytree': 0.8864597789846773, 'min_child_weight': 8, 'reg_alpha': 0.5228628420231322, 'reg_lambda': 0.8778475163634919}. Best is trial 25 with value: 0.7619265853971656.
[I 2026-04-12 01:58:30,607] Trial 26 finished with value: 0.761436062626656 and parameters: {'n_estimators': 312, 'max_depth': 3, 'learning_rate': 0.03868803195823326, 'subsample': 0.8524859515620639, 'colsample_bytree': 0.7334391519990187, 'min_child_weight': 9, 'reg_alpha': 0.5437590464374756, 'reg_lambda': 0.8369445017843556}. Best is trial 25 with value: 0.7619265853971656.
[I 2026-04-12 01:58:37,074] Trial 27 finished with value: 0.7616108698137093 and parameters: {'n_estimators': 323, 'max_depth': 3, 'learning_rate': 0.043564839231187036, 'subsample': 0.8286462045517058, 'colsample_bytree': 0.7241024579209161, 'min_child_weight': 8, 'reg_alpha': 0.7714744340259562, 'reg_lambda': 0.8418858259637308}. Best is trial 25 with value: 0.7619265853971656.
[I 2026-04-12 01:58:43,729] Trial 28 finished with value: 0.7614861972955927 and parameters: {'n_estimators': 322, 'max_depth': 3, 'learning_rate': 0.04183880997712358, 'subsample': 0.85286268121769, 'colsample_bytree': 0.7132080811937597, 'min_child_weight': 8, 'reg_alpha': 0.7825777119724258, 'reg_lambda': 0.8320875620093721}. Best is trial 25 with value: 0.7619265853971656.
[I 2026-04-12 01:58:46,134] Trial 29 finished with value: 0.7579118897822781 and parameters: {'n_estimators': 106, 'max_depth': 3, 'learning_rate': 0.28377231272335235, 'subsample': 0.8376411533005251, 'colsample_bytree': 0.6787227514787516, 'min_child_weight': 7, 'reg_alpha': 0.8953558872965733, 'reg_lambda': 0.23562199170579}. Best is trial 25 with value: 0.7619265853971656.
[I 2026-04-12 02:13:15,612] A new study created in memory with name: no-name-16df2138-6dcf-4660-b0ed-ab81a344a022
[I 2026-04-12 02:13:17,947] Trial 0 finished with value: 7.559480134138996 and parameters: {'n_estimators': 275, 'max_depth': 4, 'learning_rate': 0.02588416033392408, 'subsample': 0.8719473526350849, 'colsample_bytree': 0.9252890035640596, 'min_child_weight': 7, 'reg_alpha': 0.16898785553253182, 'reg_lambda': 0.8415862429356589}. Best is trial 0 with value: 7.559480134138996.
[I 2026-04-12 02:13:19,790] Trial 1 finished with value: 7.6164991530680295 and parameters: {'n_estimators': 179, 'max_depth': 6, 'learning_rate': 0.10952058943451724, 'subsample': 0.8935540326960949, 'colsample_bytree': 0.7669560582757967, 'min_child_weight': 5, 'reg_alpha': 0.60258930765484, 'reg_lambda': 0.006025906433884565}. Best is trial 0 with value: 7.559480134138996.
[I 2026-04-12 02:13:26,317] Trial 2 finished with value: 8.03747886444204 and parameters: {'n_estimators': 976, 'max_depth': 4, 'learning_rate': 0.1861926739034771, 'subsample': 0.9236388912979585, 'colsample_bytree': 0.910726550099634, 'min_child_weight': 9, 'reg_alpha': 0.7432503352053546, 'reg_lambda': 0.23587613063751556}. Best is trial 0 with value: 7.559480134138996.
[I 2026-04-12 02:13:32,328] Trial 3 finished with value: 7.6154691413886235 and parameters: {'n_estimators': 854, 'max_depth': 4, 'learning_rate': 0.041352410034348634, 'subsample': 0.8348958189280462, 'colsample_bytree': 0.7310479500916052, 'min_child_weight': 9, 'reg_alpha': 0.25202303989884234, 'reg_lambda': 0.2598144161625724}. Best is trial 0 with value: 7.559480134138996.
[I 2026-04-12 02:13:37,376] Trial 4 finished with value: 7.915528436109408 and parameters: {'n_estimators': 767, 'max_depth': 4, 'learning_rate': 0.14251675179014897, 'subsample': 0.7557248276510738, 'colsample_bytree': 0.6741831077660633, 'min_child_weight': 4, 'reg_alpha': 0.24052420510389128, 'reg_lambda': 0.11791643224455262}. Best is trial 0 with value: 7.559480134138996.
[I 2026-04-12 02:13:39,167] Trial 5 finished with value: 7.609613358490563 and parameters: {'n_estimators': 331, 'max_depth': 3, 'learning_rate': 0.12796129077778837, 'subsample': 0.6356190638029111, 'colsample_bytree': 0.6946071522740906, 'min_child_weight': 4, 'reg_alpha': 0.20198700262570257, 'reg_lambda': 0.9530224079496313}. Best is trial 0 with value: 7.559480134138996.
[I 2026-04-12 02:13:41,063] Trial 6 finished with value: 7.655656799880706 and parameters: {'n_estimators': 304, 'max_depth': 4, 'learning_rate': 0.14217256496581315, 'subsample': 0.7360257580605533, 'colsample_bytree': 0.6895984055485155, 'min_child_weight': 6, 'reg_alpha': 0.44175607078621815, 'reg_lambda': 0.7904047464999937}. Best is trial 0 with value: 7.559480134138996.
[I 2026-04-12 02:13:47,148] Trial 7 finished with value: 7.712100921082135 and parameters: {'n_estimators': 835, 'max_depth': 5, 'learning_rate': 0.05659309255418991, 'subsample': 0.6946497970107631, 'colsample_bytree': 0.6829596668302144, 'min_child_weight': 7, 'reg_alpha': 0.8519777440706799, 'reg_lambda': 0.45085909672822444}. Best is trial 0 with value: 7.559480134138996.
[I 2026-04-12 02:13:51,793] Trial 8 finished with value: 7.607911373367128 and parameters: {'n_estimators': 661, 'max_depth': 4, 'learning_rate': 0.0442659273322363, 'subsample': 0.8663130913271762, 'colsample_bytree': 0.889613088171191, 'min_child_weight': 3, 'reg_alpha': 0.9558013165119867, 'reg_lambda': 0.7179211013586749}. Best is trial 0 with value: 7.559480134138996.
[I 2026-04-12 02:13:57,902] Trial 9 finished with value: 8.135803917851138 and parameters: {'n_estimators': 169, 'max_depth': 10, 'learning_rate': 0.19447336701841697, 'subsample': 0.9536576953069036, 'colsample_bytree': 0.8653749204690017, 'min_child_weight': 2, 'reg_alpha': 0.9427683070506355, 'reg_lambda': 0.9997580662014972}. Best is trial 0 with value: 7.559480134138996.
[I 2026-04-12 02:14:06,780] Trial 10 finished with value: 7.588378765549031 and parameters: {'n_estimators': 476, 'max_depth': 8, 'learning_rate': 0.010918638476271163, 'subsample': 0.9879741604733709, 'colsample_bytree': 0.9947864885388455, 'min_child_weight': 7, 'reg_alpha': 0.01567927145950937, 'reg_lambda': 0.5736154917599257}. Best is trial 0 with value: 7.559480134138996.
