[I 2026-04-11 22:33:49,747] Trial 2 finished with value: 0.5834820248922876 and parameters: {'n_estimators': 292, 'max_depth': 10, 'learning_rate': 0.1643211426163407, 'subsample': 0.8061638885658673, 'colsample_bytree': 0.7461323222388295, 'min_child_weight': 5, 'reg_alpha': 0.5956016773518857, 'reg_lambda': 0.8214179390491098}. Best is trial 1 with value: 0.5949978238625284.
[I 2026-04-11 22:34:20,669] Trial 3 finished with value: 0.6042014628088781 and parameters: {'n_estimators': 990, 'max_depth': 6, 'learning_rate': 0.027068294941159636, 'subsample': 0.8196968273611315, 'colsample_bytree': 0.9213115780108914, 'min_child_weight': 3, 'reg_alpha': 0.42610751749831066, 'reg_lambda': 0.6146784898315395}. Best is trial 3 with value: 0.6042014628088781.
[I 2026-04-11 22:34:37,459] Trial 4 finished with value: 0.5906983608776384 and parameters: {'n_estimators': 533, 'max_depth': 6, 'learning_rate': 0.1726872019520295, 'subsample': 0.7322857891582004, 'colsample_bytree': 0.7623979342889186, 'min_child_weight': 9, 'reg_alpha': 0.689179517050428, 'reg_lambda': 0.4439053774103383}. Best is trial 3 with value: 0.6042014628088781.
[I 2026-04-11 22:34:49,208] Trial 5 finished with value: 0.604867740875579 and parameters: {'n_estimators': 337, 'max_depth': 6, 'learning_rate': 0.017473956912650204, 'subsample': 0.8167893364457736, 'colsample_bytree': 0.9290379959115087, 'min_child_weight': 7, 'reg_alpha': 0.8193455598468944, 'reg_lambda': 0.49411247578948114}. Best is trial 5 with value: 0.604867740875579.
[I 2026-04-11 22:35:09,320] Trial 6 finished with value: 0.6030665431791018 and parameters: {'n_estimators': 723, 'max_depth': 5, 'learning_rate': 0.035007953022454665, 'subsample': 0.7127347878800371, 'colsample_bytree': 0.8609443526869853, 'min_child_weight': 5, 'reg_alpha': 0.07347038034164832, 'reg_lambda': 0.6866608702781469}. Best is trial 5 with value: 0.604867740875579.
[I 2026-04-11 22:35:18,871] Trial 7 finished with value: 0.6037079020426543 and parameters: {'n_estimators': 418, 'max_depth': 3, 'learning_rate': 0.15030410503359865, 'subsample': 0.9968830607901011, 'colsample_bytree': 0.6270093417560824, 'min_child_weight': 2, 'reg_alpha': 0.04645550616277183, 'reg_lambda': 0.4219049232553689}. Best is trial 5 with value: 0.604867740875579.
[I 2026-04-11 22:35:41,484] Trial 8 finished with value: 0.6062585116180166 and parameters: {'n_estimators': 759, 'max_depth': 5, 'learning_rate': 0.011362016650540843, 'subsample': 0.9601768590172901, 'colsample_bytree': 0.637325324589989, 'min_child_weight': 10, 'reg_alpha': 0.6221292617190224, 'reg_lambda': 0.23924546635248267}. Best is trial 8 with value: 0.6062585116180166.
[I 2026-04-11 22:36:00,694] Trial 9 finished with value: 0.5927575246779685 and parameters: {'n_estimators': 360, 'max_depth': 9, 'learning_rate': 0.09277107642742059, 'subsample': 0.8413319890750747, 'colsample_bytree': 0.7780105984271555, 'min_child_weight': 1, 'reg_alpha': 0.8620098008173667, 'reg_lambda': 0.5896003731961263}. Best is trial 8 with value: 0.6062585116180166.
[I 2026-04-11 22:36:18,367] Trial 10 finished with value: 0.6036630439869027 and parameters: {'n_estimators': 725, 'max_depth': 3, 'learning_rate': 0.010351301610325183, 'subsample': 0.6152668415923552, 'colsample_bytree': 0.6180033364935051, 'min_child_weight': 10, 'reg_alpha': 0.3824306354845901, 'reg_lambda': 0.0632151409042398}. Best is trial 8 with value: 0.6062585116180166.
[I 2026-04-11 22:36:34,950] Trial 11 finished with value: 0.5975377886802433 and parameters: {'n_estimators': 201, 'max_depth': 5, 'learning_rate': 0.01024577692928847, 'subsample': 0.9442099552324946, 'colsample_bytree': 0.9848771717130458, 'min_child_weight': 7, 'reg_alpha': 0.9785959852384778, 'reg_lambda': 0.14289307242272198}. Best is trial 8 with value: 0.6062585116180166.
[I 2026-04-11 22:37:01,238] Trial 12 finished with value: 0.60440138182775 and parameters: {'n_estimators': 745, 'max_depth': 7, 'learning_rate': 0.01852876844928372, 'subsample': 0.9174482453895041, 'colsample_bytree': 0.9986505741527241, 'min_child_weight': 8, 'reg_alpha': 0.7572795333462502, 'reg_lambda': 0.24430224295930797}. Best is trial 8 with value: 0.6062585116180166.
[I 2026-04-11 22:37:06,738] Trial 13 finished with value: 0.5990885274445724 and parameters: {'n_estimators': 163, 'max_depth': 4, 'learning_rate': 0.01828311016366557, 'subsample': 0.9975737373696741, 'colsample_bytree': 0.6870284906476585, 'min_child_weight': 7, 'reg_alpha': 0.5626517542321823, 'reg_lambda': 0.29040589150244567}. Best is trial 8 with value: 0.6062585116180166.
[I 2026-04-11 22:37:28,717] Trial 14 finished with value: 0.6057369115131241 and parameters: {'n_estimators': 609, 'max_depth': 7, 'learning_rate': 0.01692409940785944, 'subsample': 0.8981556802089447, 'colsample_bytree': 0.8295665160275768, 'min_child_weight': 10, 'reg_alpha': 0.8297018855896031, 'reg_lambda': 0.2229940308102163}. Best is trial 8 with value: 0.6062585116180166.
[I 2026-04-11 22:37:52,223] Trial 15 finished with value: 0.6070409466761999 and parameters: {'n_estimators': 631, 'max_depth': 7, 'learning_rate': 0.014126392733575693, 'subsample': 0.9031344489795837, 'colsample_bytree': 0.8332855802327218, 'min_child_weight': 10, 'reg_alpha': 0.9724213752547157, 'reg_lambda': 0.02234750908777422}. Best is trial 15 with value: 0.6070409466761999.
[I 2026-04-11 22:38:15,558] Trial 16 finished with value: 0.6039700492677077 and parameters: {'n_estimators': 859, 'max_depth': 5, 'learning_rate': 0.031411262837155764, 'subsample': 0.9456064288834924, 'colsample_bytree': 0.6775473220569107, 'min_child_weight': 9, 'reg_alpha': 0.30031399291767047, 'reg_lambda': 0.007763075727577723}. Best is trial 15 with value: 0.6070409466761999.
[I 2026-04-11 22:38:40,436] Trial 17 finished with value: 0.5929430087074536 and parameters: {'n_estimators': 631, 'max_depth': 8, 'learning_rate': 0.2859735806593851, 'subsample': 0.8815717266940143, 'colsample_bytree': 0.8171599903391297, 'min_child_weight': 10, 'reg_alpha': 0.9358085346412932, 'reg_lambda': 0.1300645349930976}. Best is trial 15 with value: 0.6070409466761999.
[I 2026-04-11 22:39:01,849] Trial 18 finished with value: 0.6077906656825187 and parameters: {'n_estimators': 841, 'max_depth': 4, 'learning_rate': 0.012870415846417427, 'subsample': 0.9405506862630254, 'colsample_bytree': 0.6780827773271122, 'min_child_weight': 8, 'reg_alpha': 0.669493854732097, 'reg_lambda': 0.16715469826577664}. Best is trial 18 with value: 0.6077906656825187.
[I 2026-04-11 22:39:22,696] Trial 19 finished with value: 0.6048237797715375 and parameters: {'n_estimators': 849, 'max_depth': 4, 'learning_rate': 0.05314695961973642, 'subsample': 0.7732158550316325, 'colsample_bytree': 0.7091166375763419, 'min_child_weight': 8, 'reg_alpha': 0.7097631075664698, 'reg_lambda': 0.002633146980864077}. Best is trial 18 with value: 0.6077906656825187.
[I 2026-04-11 22:39:45,250] Trial 20 finished with value: 0.610283919209626 and parameters: {'n_estimators': 872, 'max_depth': 4, 'learning_rate': 0.02423030099274304, 'subsample': 0.8597156274096949, 'colsample_bytree': 0.8466420304320534, 'min_child_weight': 8, 'reg_alpha': 0.2606387537221796, 'reg_lambda': 0.13127790131095235}. Best is trial 20 with value: 0.610283919209626.
[I 2026-04-11 22:40:08,004] Trial 21 finished with value: 0.607260319425933 and parameters: {'n_estimators': 876, 'max_depth': 4, 'learning_rate': 0.014808183466593088, 'subsample': 0.8659584209449782, 'colsample_bytree': 0.8523984266779236, 'min_child_weight': 8, 'reg_alpha': 0.192974903947634, 'reg_lambda': 0.13484209184125318}. Best is trial 20 with value: 0.610283919209626.
[I 2026-04-11 22:40:30,488] Trial 22 finished with value: 0.6084339685231236 and parameters: {'n_estimators': 883, 'max_depth': 4, 'learning_rate': 0.02260534986381504, 'subsample': 0.8624817768058496, 'colsample_bytree': 0.7879781237909775, 'min_child_weight': 8, 'reg_alpha': 0.23731959288916726, 'reg_lambda': 0.14128243470634191}. Best is trial 20 with value: 0.610283919209626.
[I 2026-04-11 22:40:49,352] Trial 23 finished with value: 0.6081736361419969 and parameters: {'n_estimators': 815, 'max_depth': 3, 'learning_rate': 0.024821277753211895, 'subsample': 0.8479152505915863, 'colsample_bytree': 0.7806109153003442, 'min_child_weight': 6, 'reg_alpha': 0.263214402723947, 'reg_lambda': 0.3443329081690878}. Best is trial 20 with value: 0.610283919209626.
[I 2026-04-11 22:41:18,637] Trial 24 finished with value: 0.6093214027727241 and parameters: {'n_estimators': 940, 'max_depth': 3, 'learning_rate': 0.023283422839381583, 'subsample': 0.7612382344203591, 'colsample_bytree': 0.788504238537228, 'min_child_weight': 6, 'reg_alpha': 0.25514283027606227, 'reg_lambda': 0.3220910766631909}. Best is trial 20 with value: 0.610283919209626.
[I 2026-04-11 22:41:41,674] Trial 25 finished with value: 0.6081545488700055 and parameters: {'n_estimators': 937, 'max_depth': 3, 'learning_rate': 0.04201444134899455, 'subsample': 0.7667272217070881, 'colsample_bytree': 0.8074567805483924, 'min_child_weight': 6, 'reg_alpha': 0.31358027226414364, 'reg_lambda': 0.31799813368136987}. Best is trial 20 with value: 0.610283919209626.
[I 2026-04-11 22:42:07,782] Trial 26 finished with value: 0.6116019496114448 and parameters: {'n_estimators': 921, 'max_depth': 4, 'learning_rate': 0.02112538181891555, 'subsample': 0.6553044193583468, 'colsample_bytree': 0.7944155663200462, 'min_child_weight': 4, 'reg_alpha': 0.4829390837070894, 'reg_lambda': 0.09952244910273533}. Best is trial 26 with value: 0.6116019496114448.
[I 2026-04-11 22:42:36,442] Trial 27 finished with value: 0.6098007693653898 and parameters: {'n_estimators': 940, 'max_depth': 3, 'learning_rate': 0.03683534547949941, 'subsample': 0.6483875826208774, 'colsample_bytree': 0.8803547104883805, 'min_child_weight': 4, 'reg_alpha': 0.46676360362890523, 'reg_lambda': 0.07526877549867264}. Best is trial 26 with value: 0.6116019496114448.
[I 2026-04-11 22:43:03,370] Trial 28 finished with value: 0.602286914148836 and parameters: {'n_estimators': 997, 'max_depth': 4, 'learning_rate': 0.08451883210605675, 'subsample': 0.6439427227610458, 'colsample_bytree': 0.8938616261749633, 'min_child_weight': 3, 'reg_alpha': 0.48182343462040644, 'reg_lambda': 0.20912666386647677}. Best is trial 26 with value: 0.6116019496114448.
[I 2026-04-11 22:43:25,502] Trial 29 finished with value: 0.6037514338663056 and parameters: {'n_estimators': 777, 'max_depth': 5, 'learning_rate': 0.06486826236500079, 'subsample': 0.7006937882885549, 'colsample_bytree': 0.9460323143065954, 'min_child_weight': 4, 'reg_alpha': 0.51038712727057, 'reg_lambda': 0.05376431499187926}. Best is trial 26 with value: 0.6116019496114448.
[I 2026-04-11 22:58:21,590] A new study created in memory with name: no-name-24feca89-d117-4c88-96e1-d8d5d67380c3
[I 2026-04-11 22:58:26,838] Trial 0 finished with value: 2.0129373937496373 and parameters: {'n_estimators': 610, 'max_depth': 5, 'learning_rate': 0.014627683578326315, 'subsample': 0.8425183580037399, 'colsample_bytree': 0.6846475874263814, 'min_child_weight': 4, 'reg_alpha': 0.48521199356930256, 'reg_lambda': 0.17359195581873355}. Best is trial 0 with value: 2.0129373937496373.
[I 2026-04-11 22:58:30,500] Trial 1 finished with value: 2.111708603021549 and parameters: {'n_estimators': 612, 'max_depth': 3, 'learning_rate': 0.2870083388975611, 'subsample': 0.8321370654572671, 'colsample_bytree': 0.8181023543480578, 'min_child_weight': 8, 'reg_alpha': 0.9244248048081617, 'reg_lambda': 0.28842371016995516}. Best is trial 0 with value: 2.0129373937496373.
[I 2026-04-11 22:58:34,532] Trial 2 finished with value: 2.0892340000785845 and parameters: {'n_estimators': 684, 'max_depth': 3, 'learning_rate': 0.2162599243059339, 'subsample': 0.6614988575838877, 'colsample_bytree': 0.8300186568704888, 'min_child_weight': 9, 'reg_alpha': 0.8891496677233643, 'reg_lambda': 0.003278229846578995}. Best is trial 0 with value: 2.0129373937496373.
[I 2026-04-11 22:58:36,324] Trial 3 finished with value: 2.049369407093176 and parameters: {'n_estimators': 204, 'max_depth': 5, 'learning_rate': 0.1332250425794382, 'subsample': 0.910382696768514, 'colsample_bytree': 0.8133873722842905, 'min_child_weight': 1, 'reg_alpha': 0.6413287384004643, 'reg_lambda': 0.050109845563707234}. Best is trial 0 with value: 2.0129373937496373.
[I 2026-04-11 22:58:42,979] Trial 4 finished with value: 2.0253464248837996 and parameters: {'n_estimators': 551, 'max_depth': 7, 'learning_rate': 0.029772590213207193, 'subsample': 0.7813593990074569, 'colsample_bytree': 0.7531180590699779, 'min_child_weight': 10, 'reg_alpha': 0.09338103673325815, 'reg_lambda': 0.5553300027525162}. Best is trial 0 with value: 2.0129373937496373.
[I 2026-04-11 22:58:52,602] Trial 5 finished with value: 2.1903831920358403 and parameters: {'n_estimators': 701, 'max_depth': 7, 'learning_rate': 0.13222669177319568, 'subsample': 0.732326869749864, 'colsample_bytree': 0.7140646345059822, 'min_child_weight': 5, 'reg_alpha': 0.6317630335168427, 'reg_lambda': 0.14494128959263497}. Best is trial 0 with value: 2.0129373937496373.
[I 2026-04-11 22:58:59,022] Trial 6 finished with value: 2.2955224609556124 and parameters: {'n_estimators': 224, 'max_depth': 10, 'learning_rate': 0.23581560568319807, 'subsample': 0.6053509735340512, 'colsample_bytree': 0.7684010447628212, 'min_child_weight': 9, 'reg_alpha': 0.2886874556503447, 'reg_lambda': 0.34840935493364333}. Best is trial 0 with value: 2.0129373937496373.
[I 2026-04-11 22:59:04,703] Trial 7 finished with value: 2.0095431888472115 and parameters: {'n_estimators': 836, 'max_depth': 3, 'learning_rate': 0.01092436519360029, 'subsample': 0.8515107528992949, 'colsample_bytree': 0.9676663328443948, 'min_child_weight': 6, 'reg_alpha': 0.7890741249530546, 'reg_lambda': 0.38957105227064603}. Best is trial 7 with value: 2.0095431888472115.
[I 2026-04-11 22:59:07,092] Trial 8 finished with value: 2.0211177578010937 and parameters: {'n_estimators': 248, 'max_depth': 5, 'learning_rate': 0.043363791971629366, 'subsample': 0.8781523879588234, 'colsample_bytree': 0.9641072783436225, 'min_child_weight': 1, 'reg_alpha': 0.520846153704785, 'reg_lambda': 0.28661060679804296}. Best is trial 7 with value: 2.0095431888472115.
[I 2026-04-11 22:59:16,091] Trial 9 finished with value: 2.0322106771248114 and parameters: {'n_estimators': 490, 'max_depth': 8, 'learning_rate': 0.028896723815606228, 'subsample': 0.6595529827360188, 'colsample_bytree': 0.6239959552574733, 'min_child_weight': 1, 'reg_alpha': 0.4404547563797431, 'reg_lambda': 0.8927148444590189}. Best is trial 7 with value: 2.0095431888472115.
[I 2026-04-11 22:59:42,331] Trial 10 finished with value: 2.030733402538961 and parameters: {'n_estimators': 983, 'max_depth': 9, 'learning_rate': 0.010971288429460381, 'subsample': 0.9753397294528376, 'colsample_bytree': 0.999949371134468, 'min_child_weight': 7, 'reg_alpha': 0.7793787890248524, 'reg_lambda': 0.6382227025309093}. Best is trial 7 with value: 2.0095431888472115.
[I 2026-04-11 22:59:51,092] Trial 11 finished with value: 2.0118898668570195 and parameters: {'n_estimators': 910, 'max_depth': 5, 'learning_rate': 0.01141375282740868, 'subsample': 0.811077246167391, 'colsample_bytree': 0.9070665477504374, 'min_child_weight': 4, 'reg_alpha': 0.32941396571486936, 'reg_lambda': 0.4510980589511301}. Best is trial 7 with value: 2.0095431888472115.
[I 2026-04-11 22:59:58,743] Trial 12 finished with value: 2.006511266756791 and parameters: {'n_estimators': 975, 'max_depth': 4, 'learning_rate': 0.01630451034947239, 'subsample': 0.7619481980534394, 'colsample_bytree': 0.9034021136411018, 'min_child_weight': 4, 'reg_alpha': 0.21755525929620345, 'reg_lambda': 0.7241874002415322}. Best is trial 12 with value: 2.006511266756791.
[I 2026-04-11 23:00:04,341] Trial 13 finished with value: 2.008680831218132 and parameters: {'n_estimators': 825, 'max_depth': 3, 'learning_rate': 0.01927649268430861, 'subsample': 0.9459234712550303, 'colsample_bytree': 0.89797001120552, 'min_child_weight': 6, 'reg_alpha': 0.10452601226224388, 'reg_lambda': 0.794532167527072}. Best is trial 12 with value: 2.006511266756791.
[I 2026-04-11 23:00:10,701] Trial 14 finished with value: 2.0112997236342 and parameters: {'n_estimators': 817, 'max_depth': 4, 'learning_rate': 0.021262611000401804, 'subsample': 0.9960697773179827, 'colsample_bytree': 0.8937146354489001, 'min_child_weight': 3, 'reg_alpha': 0.03591868238825402, 'reg_lambda': 0.8077799799700471}. Best is trial 12 with value: 2.006511266756791.
[I 2026-04-11 23:00:13,629] Trial 15 finished with value: 2.0233836145436817 and parameters: {'n_estimators': 381, 'max_depth': 4, 'learning_rate': 0.06986553329057411, 'subsample': 0.7443396466097667, 'colsample_bytree': 0.9005779600607372, 'min_child_weight': 6, 'reg_alpha': 0.19712413760406428, 'reg_lambda': 0.7330962326376123}. Best is trial 12 with value: 2.006511266756791.
[I 2026-04-11 23:00:24,481] Trial 16 finished with value: 2.026984203737583 and parameters: {'n_estimators': 979, 'max_depth': 6, 'learning_rate': 0.019688931486407886, 'subsample': 0.933623311778687, 'colsample_bytree': 0.8553580162069311, 'min_child_weight': 3, 'reg_alpha': 0.16960091129748, 'reg_lambda': 0.96596380269823}. Best is trial 12 with value: 2.006511266756791.
[I 2026-04-11 23:00:31,937] Trial 17 finished with value: 2.0232543514806407 and parameters: {'n_estimators': 759, 'max_depth': 4, 'learning_rate': 0.051752945051170965, 'subsample': 0.756947585558222, 'colsample_bytree': 0.9371096058375188, 'min_child_weight': 5, 'reg_alpha': 0.015196662279553352, 'reg_lambda': 0.6955727677378285}. Best is trial 12 with value: 2.006511266756791.
[I 2026-04-11 23:00:43,692] Trial 18 finished with value: 2.0221039548531845 and parameters: {'n_estimators': 895, 'max_depth': 6, 'learning_rate': 0.019447978365354873, 'subsample': 0.7064243205876629, 'colsample_bytree': 0.8835033478865829, 'min_child_weight': 7, 'reg_alpha': 0.3106302528365411, 'reg_lambda': 0.8312691950735739}. Best is trial 12 with value: 2.006511266756791.
[I 2026-04-11 23:00:50,325] Trial 19 finished with value: 2.0304015333967533 and parameters: {'n_estimators': 997, 'max_depth': 3, 'learning_rate': 0.07754886947954823, 'subsample': 0.9291684781981264, 'colsample_bytree': 0.8597081316424747, 'min_child_weight': 3, 'reg_alpha': 0.1809300519133113, 'reg_lambda': 0.5695169520493704}. Best is trial 12 with value: 2.006511266756791.
[I 2026-04-11 23:00:53,516] Trial 20 finished with value: 2.0118285945106593 and parameters: {'n_estimators': 416, 'max_depth': 4, 'learning_rate': 0.03744270149560414, 'subsample': 0.8851035565600334, 'colsample_bytree': 0.93484960353412, 'min_child_weight': 7, 'reg_alpha': 0.4003912975760978, 'reg_lambda': 0.994095149729854}. Best is trial 12 with value: 2.006511266756791.
[I 2026-04-11 23:00:59,058] Trial 21 finished with value: 2.00783467830884 and parameters: {'n_estimators': 840, 'max_depth': 3, 'learning_rate': 0.015169195961375382, 'subsample': 0.861405373212637, 'colsample_bytree': 0.9821305316917315, 'min_child_weight': 6, 'reg_alpha': 0.7796420201200224, 'reg_lambda': 0.4400159360440813}. Best is trial 12 with value: 2.006511266756791.
[I 2026-04-11 23:01:04,359] Trial 22 finished with value: 2.0110391011343 and parameters: {'n_estimators': 796, 'max_depth': 3, 'learning_rate': 0.015523776720841494, 'subsample': 0.9529908602791549, 'colsample_bytree': 0.9976599180501223, 'min_child_weight': 4, 'reg_alpha': 0.5940919971875092, 'reg_lambda': 0.6529660115703618}. Best is trial 12 with value: 2.006511266756791.
[I 2026-04-11 23:01:10,883] Trial 23 finished with value: 2.0146182298899755 and parameters: {'n_estimators': 891, 'max_depth': 4, 'learning_rate': 0.026668403932169318, 'subsample': 0.7904917595211217, 'colsample_bytree': 0.9540275188775071, 'min_child_weight': 6, 'reg_alpha': 0.11188230745997828, 'reg_lambda': 0.4861494114926098}. Best is trial 12 with value: 2.006511266756791.
[I 2026-04-11 23:01:15,705] Trial 24 finished with value: 2.0105249026869654 and parameters: {'n_estimators': 713, 'max_depth': 3, 'learning_rate': 0.014997017650233138, 'subsample': 0.89113091536546, 'colsample_bytree': 0.9220343729443798, 'min_child_weight': 5, 'reg_alpha': 0.25715551059104425, 'reg_lambda': 0.7940677360495643}. Best is trial 12 with value: 2.006511266756791.
[I 2026-04-11 23:01:22,298] Trial 25 finished with value: 2.013834980375045 and parameters: {'n_estimators': 886, 'max_depth': 4, 'learning_rate': 0.02270451177731348, 'subsample': 0.8616383751022321, 'colsample_bytree': 0.8543489695831163, 'min_child_weight': 8, 'reg_alpha': 0.749770082910441, 'reg_lambda': 0.8989669993660179}. Best is trial 12 with value: 2.006511266756791.
[I 2026-04-11 23:01:33,269] Trial 26 finished with value: 2.01891758679296 and parameters: {'n_estimators': 925, 'max_depth': 6, 'learning_rate': 0.014641814809603294, 'subsample': 0.814938365578477, 'colsample_bytree': 0.9823656726279042, 'min_child_weight': 2, 'reg_alpha': 0.9999261404824378, 'reg_lambda': 0.5357050945231938}. Best is trial 12 with value: 2.006511266756791.
[I 2026-04-11 23:01:38,454] Trial 27 finished with value: 2.007997488293457 and parameters: {'n_estimators': 834, 'max_depth': 3, 'learning_rate': 0.0401308517985248, 'subsample': 0.7028248766660682, 'colsample_bytree': 0.7847697405995876, 'min_child_weight': 5, 'reg_alpha': 0.0941700087364842, 'reg_lambda': 0.7415803694119226}. Best is trial 12 with value: 2.006511266756791.
[I 2026-04-11 23:01:44,926] Trial 28 finished with value: 2.025652016436729 and parameters: {'n_estimators': 764, 'max_depth': 5, 'learning_rate': 0.035311911281687335, 'subsample': 0.696457663412302, 'colsample_bytree': 0.7789088374704571, 'min_child_weight': 4, 'reg_alpha': 0.36626417895113655, 'reg_lambda': 0.6208998839088008}. Best is trial 12 with value: 2.006511266756791.
