[I 2026-04-10 07:47:21,197] Trial 22 finished with value: 3.6034220713704173 and parameters: {'n_estimators': 860, 'max_depth': 3, 'learning_rate': 0.024942335853401672, 'subsample': 0.7457211036908135, 'colsample_bytree': 0.7557685097395822, 'min_child_weight': 9, 'reg_alpha': 0.8217219779002319, 'reg_lambda': 0.5399074362387666}. Best is trial 18 with value: 3.6013530849903264.
[I 2026-04-10 07:47:27,390] Trial 23 finished with value: 3.6197711326180837 and parameters: {'n_estimators': 984, 'max_depth': 4, 'learning_rate': 0.03983485894736257, 'subsample': 0.8217280852997625, 'colsample_bytree': 0.8149818206304169, 'min_child_weight': 4, 'reg_alpha': 0.8154173384318856, 'reg_lambda': 0.6232510192052946}. Best is trial 18 with value: 3.6013530849903264.
[I 2026-04-10 07:47:31,280] Trial 24 finished with value: 3.615741756701607 and parameters: {'n_estimators': 672, 'max_depth': 3, 'learning_rate': 0.06126400195443786, 'subsample': 0.6587619124424121, 'colsample_bytree': 0.604262691118469, 'min_child_weight': 7, 'reg_alpha': 0.5391070889089242, 'reg_lambda': 0.818984671707663}. Best is trial 18 with value: 3.6013530849903264.
[I 2026-04-10 07:47:35,228] Trial 25 finished with value: 3.603269410477617 and parameters: {'n_estimators': 594, 'max_depth': 4, 'learning_rate': 0.02654834464432933, 'subsample': 0.724752628507015, 'colsample_bytree': 0.7033037299792706, 'min_child_weight': 2, 'reg_alpha': 0.8964243011484017, 'reg_lambda': 0.6833019192059555}. Best is trial 18 with value: 3.6013530849903264.
[I 2026-04-10 07:47:39,839] Trial 26 finished with value: 3.608535551441312 and parameters: {'n_estimators': 791, 'max_depth': 3, 'learning_rate': 0.05011558882979894, 'subsample': 0.7689170409251442, 'colsample_bytree': 0.7423847212058047, 'min_child_weight': 3, 'reg_alpha': 0.7661240877108629, 'reg_lambda': 0.46987474583318056}. Best is trial 18 with value: 3.6013530849903264.
[I 2026-04-10 07:47:44,677] Trial 27 finished with value: 3.600502223138257 and parameters: {'n_estimators': 707, 'max_depth': 4, 'learning_rate': 0.013378497241241575, 'subsample': 0.8218922559258675, 'colsample_bytree': 0.685936779994649, 'min_child_weight': 9, 'reg_alpha': 0.23117810188212193, 'reg_lambda': 0.9284156061554972}. Best is trial 27 with value: 3.600502223138257.
[I 2026-04-10 07:47:53,541] Trial 28 finished with value: 3.6191070586086025 and parameters: {'n_estimators': 900, 'max_depth': 7, 'learning_rate': 0.01331247451560067, 'subsample': 0.8190237561262834, 'colsample_bytree': 0.6721381064507992, 'min_child_weight': 9, 'reg_alpha': 0.2369030874910349, 'reg_lambda': 0.9663081464534222}. Best is trial 27 with value: 3.600502223138257.
[I 2026-04-10 07:47:58,112] Trial 29 finished with value: 3.606471899883233 and parameters: {'n_estimators': 514, 'max_depth': 6, 'learning_rate': 0.02039592355887959, 'subsample': 0.8850108730784585, 'colsample_bytree': 0.7854858641549683, 'min_child_weight': 10, 'reg_alpha': 0.05223352135485146, 'reg_lambda': 0.8869754456856869}. Best is trial 27 with value: 3.600502223138257.
[optuna] Best params: {'n_estimators': 707, 'max_depth': 4, 'learning_rate': 0.013378497241241575, 'subsample': 0.8218922559258675, 'colsample_bytree': 0.685936779994649, 'min_child_weight': 9, 'reg_alpha': 0.23117810188212193, 'reg_lambda': 0.9284156061554972}
[optuna] Optimizing hyperparameters for ast_reb classification...
[I 2026-04-10 07:55:30,507] A new study created in memory with name: no-name-6671abc0-71c2-4caf-af67-ae064f99e964
[I 2026-04-10 07:55:35,796] Trial 0 finished with value: 0.6250538856828038 and parameters: {'n_estimators': 204, 'max_depth': 5, 'learning_rate': 0.02300050571675788, 'subsample': 0.8346796073699788, 'colsample_bytree': 0.9162630578827429, 'min_child_weight': 2, 'reg_alpha': 0.3592071928946472, 'reg_lambda': 0.9670839627610474}. Best is trial 0 with value: 0.6250538856828038.
[I 2026-04-10 07:56:06,034] Trial 1 finished with value: 0.626162127448763 and parameters: {'n_estimators': 736, 'max_depth': 10, 'learning_rate': 0.01164091588712047, 'subsample': 0.9516174638906573, 'colsample_bytree': 0.769578396078697, 'min_child_weight': 1, 'reg_alpha': 0.3143281385961031, 'reg_lambda': 0.9663011173596394}. Best is trial 1 with value: 0.626162127448763.
[I 2026-04-10 07:56:31,685] Trial 2 finished with value: 0.6080055238403781 and parameters: {'n_estimators': 835, 'max_depth': 8, 'learning_rate': 0.27118922467446027, 'subsample': 0.9874066739857221, 'colsample_bytree': 0.7736847211394532, 'min_child_weight': 2, 'reg_alpha': 0.9631080069274335, 'reg_lambda': 0.9205557092027868}. Best is trial 1 with value: 0.626162127448763.
[I 2026-04-10 07:56:38,060] Trial 3 finished with value: 0.6195675552531715 and parameters: {'n_estimators': 204, 'max_depth': 6, 'learning_rate': 0.011177711616518198, 'subsample': 0.928968856790263, 'colsample_bytree': 0.6612928530099275, 'min_child_weight': 4, 'reg_alpha': 0.13633521473105914, 'reg_lambda': 0.47455298489330444}. Best is trial 1 with value: 0.626162127448763.
[I 2026-04-10 07:57:04,087] Trial 4 finished with value: 0.6241163174642514 and parameters: {'n_estimators': 627, 'max_depth': 10, 'learning_rate': 0.012456260291309418, 'subsample': 0.7588192221782377, 'colsample_bytree': 0.7422200835471692, 'min_child_weight': 3, 'reg_alpha': 0.25494034246792163, 'reg_lambda': 0.9636911748241279}. Best is trial 1 with value: 0.626162127448763.
[I 2026-04-10 07:57:32,701] Trial 5 finished with value: 0.6226960096634553 and parameters: {'n_estimators': 779, 'max_depth': 10, 'learning_rate': 0.021631277057994436, 'subsample': 0.716697322425784, 'colsample_bytree': 0.8067341344853858, 'min_child_weight': 10, 'reg_alpha': 0.6504804025606439, 'reg_lambda': 0.4117851146369951}. Best is trial 1 with value: 0.626162127448763.
[I 2026-04-10 07:57:45,186] Trial 6 finished with value: 0.6050343125781785 and parameters: {'n_estimators': 380, 'max_depth': 9, 'learning_rate': 0.15801712708841698, 'subsample': 0.9856017028345007, 'colsample_bytree': 0.8849455290115676, 'min_child_weight': 4, 'reg_alpha': 0.5388725361794233, 'reg_lambda': 0.7113345601952847}. Best is trial 1 with value: 0.626162127448763.
[I 2026-04-10 07:58:01,795] Trial 7 finished with value: 0.6156252489997676 and parameters: {'n_estimators': 538, 'max_depth': 8, 'learning_rate': 0.04124142569245678, 'subsample': 0.9973718739731581, 'colsample_bytree': 0.9983804560110323, 'min_child_weight': 3, 'reg_alpha': 0.5706135157125006, 'reg_lambda': 0.9654568757732568}. Best is trial 1 with value: 0.626162127448763.
[I 2026-04-10 07:58:11,322] Trial 8 finished with value: 0.594249792169288 and parameters: {'n_estimators': 282, 'max_depth': 8, 'learning_rate': 0.2803634578974927, 'subsample': 0.7170975159174814, 'colsample_bytree': 0.7050644197076105, 'min_child_weight': 2, 'reg_alpha': 0.8981898311341016, 'reg_lambda': 0.42564766075226124}. Best is trial 1 with value: 0.626162127448763.
[I 2026-04-10 07:58:28,960] Trial 9 finished with value: 0.6249357892362265 and parameters: {'n_estimators': 696, 'max_depth': 5, 'learning_rate': 0.035232973279906224, 'subsample': 0.9736692114307741, 'colsample_bytree': 0.9225988884323931, 'min_child_weight': 8, 'reg_alpha': 0.7063291682038599, 'reg_lambda': 0.7917450947973833}. Best is trial 1 with value: 0.626162127448763.
[I 2026-04-10 07:58:50,449] Trial 10 finished with value: 0.621442453766281 and parameters: {'n_estimators': 992, 'max_depth': 3, 'learning_rate': 0.08337687257417083, 'subsample': 0.6300907271813133, 'colsample_bytree': 0.6036730144286433, 'min_child_weight': 6, 'reg_alpha': 0.007480290189435634, 'reg_lambda': 0.11854791732124348}. Best is trial 1 with value: 0.626162127448763.
[I 2026-04-10 07:59:02,424] Trial 11 finished with value: 0.6280768987417792 and parameters: {'n_estimators': 469, 'max_depth': 4, 'learning_rate': 0.022835085054258804, 'subsample': 0.8665703152387983, 'colsample_bytree': 0.8417218769731876, 'min_child_weight': 1, 'reg_alpha': 0.3324498097116275, 'reg_lambda': 0.684734589027115}. Best is trial 11 with value: 0.6280768987417792.
[I 2026-04-10 07:59:13,671] Trial 12 finished with value: 0.6230445108866801 and parameters: {'n_estimators': 470, 'max_depth': 3, 'learning_rate': 0.019069861372505176, 'subsample': 0.8597387233620247, 'colsample_bytree': 0.8345516250250409, 'min_child_weight': 1, 'reg_alpha': 0.3807865046984189, 'reg_lambda': 0.6893679338019347}. Best is trial 11 with value: 0.6280768987417792.
[I 2026-04-10 07:59:24,656] Trial 13 finished with value: 0.6239892455400573 and parameters: {'n_estimators': 444, 'max_depth': 4, 'learning_rate': 0.08084033593181078, 'subsample': 0.891477456520675, 'colsample_bytree': 0.8419080320524056, 'min_child_weight': 6, 'reg_alpha': 0.34659268791620446, 'reg_lambda': 0.605569120082962}. Best is trial 11 with value: 0.6280768987417792.
[I 2026-04-10 07:59:52,362] Trial 14 finished with value: 0.6281457736362885 and parameters: {'n_estimators': 922, 'max_depth': 6, 'learning_rate': 0.010102821902819479, 'subsample': 0.9140695796899815, 'colsample_bytree': 0.7417942936470612, 'min_child_weight': 1, 'reg_alpha': 0.20622309386995244, 'reg_lambda': 0.19361665201259032}. Best is trial 14 with value: 0.6281457736362885.
[I 2026-04-10 08:00:18,029] Trial 15 finished with value: 0.6242113639982468 and parameters: {'n_estimators': 874, 'max_depth': 6, 'learning_rate': 0.017197448770771163, 'subsample': 0.8224267550553488, 'colsample_bytree': 0.713151779747011, 'min_child_weight': 5, 'reg_alpha': 0.18141244655006047, 'reg_lambda': 0.0373231156107032}. Best is trial 14 with value: 0.6281457736362885.
[I 2026-04-10 08:00:43,169] Trial 16 finished with value: 0.6243778328543568 and parameters: {'n_estimators': 981, 'max_depth': 5, 'learning_rate': 0.030812439683808226, 'subsample': 0.8969678899668359, 'colsample_bytree': 0.6500493648105063, 'min_child_weight': 1, 'reg_alpha': 0.05982077704152261, 'reg_lambda': 0.2235993698513171}. Best is trial 14 with value: 0.6281457736362885.
[I 2026-04-10 08:01:03,599] Trial 17 finished with value: 0.6304040251358003 and parameters: {'n_estimators': 609, 'max_depth': 7, 'learning_rate': 0.015382229360056213, 'subsample': 0.7785065955940008, 'colsample_bytree': 0.866340259080766, 'min_child_weight': 8, 'reg_alpha': 0.463962368716422, 'reg_lambda': 0.2772847836656732}. Best is trial 17 with value: 0.6304040251358003.
[I 2026-04-10 08:01:27,512] Trial 18 finished with value: 0.6284216588152841 and parameters: {'n_estimators': 660, 'max_depth': 7, 'learning_rate': 0.010017406167840413, 'subsample': 0.7411537930384584, 'colsample_bytree': 0.989934785681023, 'min_child_weight': 8, 'reg_alpha': 0.462797939682127, 'reg_lambda': 0.2761661646748707}. Best is trial 17 with value: 0.6304040251358003.
[I 2026-04-10 08:01:46,549] Trial 19 finished with value: 0.6154556297017884 and parameters: {'n_estimators': 616, 'max_depth': 7, 'learning_rate': 0.05348976093430583, 'subsample': 0.7669926007203415, 'colsample_bytree': 0.9930451989847356, 'min_child_weight': 8, 'reg_alpha': 0.4618220736340645, 'reg_lambda': 0.28185070362577586}. Best is trial 17 with value: 0.6304040251358003.
[I 2026-04-10 08:02:07,949] Trial 20 finished with value: 0.6258348383803631 and parameters: {'n_estimators': 639, 'max_depth': 7, 'learning_rate': 0.01600237611440824, 'subsample': 0.6448341262104017, 'colsample_bytree': 0.9546556675968807, 'min_child_weight': 8, 'reg_alpha': 0.7742426132126712, 'reg_lambda': 0.34525196791090995}. Best is trial 17 with value: 0.6304040251358003.
[I 2026-04-10 08:02:37,562] Trial 21 finished with value: 0.6259804929890198 and parameters: {'n_estimators': 890, 'max_depth': 7, 'learning_rate': 0.010355473437685605, 'subsample': 0.7864324741257734, 'colsample_bytree': 0.8758360339231792, 'min_child_weight': 10, 'reg_alpha': 0.4683000545424171, 'reg_lambda': 0.194945968533498}. Best is trial 17 with value: 0.6304040251358003.
[I 2026-04-10 08:02:54,662] Trial 22 finished with value: 0.6283304149630762 and parameters: {'n_estimators': 549, 'max_depth': 6, 'learning_rate': 0.015381594433390178, 'subsample': 0.7159968413730953, 'colsample_bytree': 0.9575135310294685, 'min_child_weight': 7, 'reg_alpha': 0.19391888573565258, 'reg_lambda': 0.1365518914288685}. Best is trial 17 with value: 0.6304040251358003.
[I 2026-04-10 08:03:14,097] Trial 23 finished with value: 0.6265923145430041 and parameters: {'n_estimators': 563, 'max_depth': 7, 'learning_rate': 0.01415934751648411, 'subsample': 0.7086216150647286, 'colsample_bytree': 0.9621349979207914, 'min_child_weight': 7, 'reg_alpha': 0.6585708929001156, 'reg_lambda': 0.03950988203445151}. Best is trial 17 with value: 0.6304040251358003.
[I 2026-04-10 08:03:26,878] Trial 24 finished with value: 0.6229020641498224 and parameters: {'n_estimators': 334, 'max_depth': 8, 'learning_rate': 0.030740408009856814, 'subsample': 0.6595052484032912, 'colsample_bytree': 0.9458415305258122, 'min_child_weight': 9, 'reg_alpha': 0.44651027265398446, 'reg_lambda': 0.3147192678261195}. Best is trial 17 with value: 0.6304040251358003.
[I 2026-04-10 08:03:49,286] Trial 25 finished with value: 0.6254306752486454 and parameters: {'n_estimators': 548, 'max_depth': 9, 'learning_rate': 0.015001202625986022, 'subsample': 0.6805034999938138, 'colsample_bytree': 0.893352946225626, 'min_child_weight': 7, 'reg_alpha': 0.5923042427753203, 'reg_lambda': 0.09082993023428665}. Best is trial 17 with value: 0.6304040251358003.
[I 2026-04-10 08:04:09,845] Trial 26 finished with value: 0.6228543152652429 and parameters: {'n_estimators': 698, 'max_depth': 6, 'learning_rate': 0.02512561652482088, 'subsample': 0.6025447581090309, 'colsample_bytree': 0.9673906239369272, 'min_child_weight': 9, 'reg_alpha': 0.7843316003695813, 'reg_lambda': 0.5518782222842732}. Best is trial 17 with value: 0.6304040251358003.
[I 2026-04-10 08:04:38,763] Trial 27 finished with value: 0.6140392148298124 and parameters: {'n_estimators': 794, 'max_depth': 9, 'learning_rate': 0.04932514705371078, 'subsample': 0.756014024927478, 'colsample_bytree': 0.9236347654834712, 'min_child_weight': 7, 'reg_alpha': 0.12503612643490158, 'reg_lambda': 0.13630154846987277}. Best is trial 17 with value: 0.6304040251358003.
[I 2026-04-10 08:04:54,492] Trial 28 finished with value: 0.6072864190751904 and parameters: {'n_estimators': 513, 'max_depth': 7, 'learning_rate': 0.0883399807917143, 'subsample': 0.7323262310378554, 'colsample_bytree': 0.8685693618084971, 'min_child_weight': 9, 'reg_alpha': 0.27377217576679447, 'reg_lambda': 0.2658184496964963}. Best is trial 17 with value: 0.6304040251358003.
[I 2026-04-10 08:04:58,421] Trial 29 finished with value: 0.6149684803213555 and parameters: {'n_estimators': 114, 'max_depth': 5, 'learning_rate': 0.018542771130695718, 'subsample': 0.8253032184428967, 'colsample_bytree': 0.9079734474413352, 'min_child_weight': 6, 'reg_alpha': 0.426606320543908, 'reg_lambda': 0.40082759694362863}. Best is trial 17 with value: 0.6304040251358003.
[optuna] Best params: {'n_estimators': 609, 'max_depth': 7, 'learning_rate': 0.015382229360056213, 'subsample': 0.7785065955940008, 'colsample_bytree': 0.866340259080766, 'min_child_weight': 8, 'reg_alpha': 0.463962368716422, 'reg_lambda': 0.2772847836656732}
[wf] pts_ast_reb: auc_raw=0.555 brier_raw=0.278 auc_cal=0.549 brier_cal=0.257 folds=5
[optuna] Optimizing hyperparameters for pts_ast_reb regression...
[I 2026-04-10 08:17:16,679] A new study created in memory with name: no-name-3bec4355-f8f1-40db-951d-f2f54cce273a
[I 2026-04-10 08:17:17,743] Trial 0 finished with value: 8.552040555178785 and parameters: {'n_estimators': 135, 'max_depth': 4, 'learning_rate': 0.04207297642268067, 'subsample': 0.7860919491455197, 'colsample_bytree': 0.9397547259968566, 'min_child_weight': 1, 'reg_alpha': 0.6862815999335954, 'reg_lambda': 0.7350247759756987}. Best is trial 0 with value: 8.552040555178785.
[I 2026-04-10 08:17:21,498] Trial 1 finished with value: 8.618243291117986 and parameters: {'n_estimators': 703, 'max_depth': 3, 'learning_rate': 0.10553624345028763, 'subsample': 0.8099257181650316, 'colsample_bytree': 0.906382953281047, 'min_child_weight': 2, 'reg_alpha': 0.8977516483895877, 'reg_lambda': 0.8962715440139987}. Best is trial 0 with value: 8.552040555178785.
[I 2026-04-10 08:17:27,028] Trial 2 finished with value: 9.305269211754347 and parameters: {'n_estimators': 455, 'max_depth': 8, 'learning_rate': 0.14260677663485014, 'subsample': 0.6068004726328533, 'colsample_bytree': 0.8064012453611625, 'min_child_weight': 1, 'reg_alpha': 0.3675502321726478, 'reg_lambda': 0.24840018296121769}. Best is trial 0 with value: 8.552040555178785.
[I 2026-04-10 08:17:30,869] Trial 3 finished with value: 8.546490483676342 and parameters: {'n_estimators': 704, 'max_depth': 3, 'learning_rate': 0.034368479748152214, 'subsample': 0.8970665910168942, 'colsample_bytree': 0.8581841484691339, 'min_child_weight': 9, 'reg_alpha': 0.04600140552929599, 'reg_lambda': 0.7879397716314879}. Best is trial 3 with value: 8.546490483676342.
[I 2026-04-10 08:17:32,538] Trial 4 finished with value: 8.618063455765606 and parameters: {'n_estimators': 129, 'max_depth': 8, 'learning_rate': 0.053567503382374856, 'subsample': 0.9515886421548642, 'colsample_bytree': 0.9790031826933571, 'min_child_weight': 10, 'reg_alpha': 0.022388796799757027, 'reg_lambda': 0.8046905390874187}. Best is trial 3 with value: 8.546490483676342.
[I 2026-04-10 08:17:41,368] Trial 5 finished with value: 8.894591380753056 and parameters: {'n_estimators': 541, 'max_depth': 10, 'learning_rate': 0.07573404563476147, 'subsample': 0.917855150263796, 'colsample_bytree': 0.6449937770581876, 'min_child_weight': 5, 'reg_alpha': 0.5476169774306945, 'reg_lambda': 0.49141877009281687}. Best is trial 3 with value: 8.546490483676342.
[I 2026-04-10 08:17:44,270] Trial 6 finished with value: 8.602836567309986 and parameters: {'n_estimators': 188, 'max_depth': 9, 'learning_rate': 0.02384719584705204, 'subsample': 0.7478695453553814, 'colsample_bytree': 0.7802765146701497, 'min_child_weight': 8, 'reg_alpha': 0.9369827049297618, 'reg_lambda': 0.01007653179627499}. Best is trial 3 with value: 8.546490483676342.
[I 2026-04-10 08:17:46,402] Trial 7 finished with value: 9.222037246107007 and parameters: {'n_estimators': 126, 'max_depth': 10, 'learning_rate': 0.22934856921932203, 'subsample': 0.9661653189363474, 'colsample_bytree': 0.7535804806625328, 'min_child_weight': 8, 'reg_alpha': 0.6805324095590749, 'reg_lambda': 0.26461560282143815}. Best is trial 3 with value: 8.546490483676342.
[I 2026-04-10 08:17:55,125] Trial 8 finished with value: 8.717646743352564 and parameters: {'n_estimators': 664, 'max_depth': 9, 'learning_rate': 0.03132177556392811, 'subsample': 0.8162457417061618, 'colsample_bytree': 0.8488904744515543, 'min_child_weight': 10, 'reg_alpha': 0.14932794104315839, 'reg_lambda': 0.8308309765756213}. Best is trial 3 with value: 8.546490483676342.
[I 2026-04-10 08:18:03,261] Trial 9 finished with value: 8.594246786665733 and parameters: {'n_estimators': 809, 'max_depth': 7, 'learning_rate': 0.01562421159005946, 'subsample': 0.7514977996297224, 'colsample_bytree': 0.8479838234692574, 'min_child_weight': 3, 'reg_alpha': 0.5752387150222681, 'reg_lambda': 0.458643708642953}. Best is trial 3 with value: 8.546490483676342.
[I 2026-04-10 08:18:06,343] Trial 10 finished with value: 8.552529086167201 and parameters: {'n_estimators': 379, 'max_depth': 5, 'learning_rate': 0.013334108371231583, 'subsample': 0.8811141628111394, 'colsample_bytree': 0.6549981874839008, 'min_child_weight': 6, 'reg_alpha': 0.2950077057793009, 'reg_lambda': 0.9897339854388552}. Best is trial 3 with value: 8.546490483676342.
[I 2026-04-10 08:18:11,534] Trial 11 finished with value: 8.559828287096897 and parameters: {'n_estimators': 927, 'max_depth': 3, 'learning_rate': 0.04340115753308622, 'subsample': 0.8636033287272515, 'colsample_bytree': 0.9901377528153357, 'min_child_weight': 4, 'reg_alpha': 0.7236025095727324, 'reg_lambda': 0.6800524203186009}. Best is trial 3 with value: 8.546490483676342.
[I 2026-04-10 08:18:13,997] Trial 12 finished with value: 8.555730099462894 and parameters: {'n_estimators': 308, 'max_depth': 5, 'learning_rate': 0.027896411791375277, 'subsample': 0.6914061320328253, 'colsample_bytree': 0.9171954079918119, 'min_child_weight': 7, 'reg_alpha': 0.3337748375142505, 'reg_lambda': 0.6606283025875835}. Best is trial 3 with value: 8.546490483676342.
[I 2026-04-10 08:18:21,065] Trial 13 finished with value: 8.673334945796956 and parameters: {'n_estimators': 988, 'max_depth': 5, 'learning_rate': 0.0439448652266553, 'subsample': 0.8552254014644616, 'colsample_bytree': 0.9161067841397937, 'min_child_weight': 1, 'reg_alpha': 0.7676554233984734, 'reg_lambda': 0.6588479866299173}. Best is trial 3 with value: 8.546490483676342.
[I 2026-04-10 08:18:25,390] Trial 14 finished with value: 8.635605836842 and parameters: {'n_estimators': 679, 'max_depth': 4, 'learning_rate': 0.07311429879058305, 'subsample': 0.9969778765831887, 'colsample_bytree': 0.8673769679699078, 'min_child_weight': 4, 'reg_alpha': 0.006748315050501663, 'reg_lambda': 0.7286107327162306}. Best is trial 3 with value: 8.546490483676342.
[I 2026-04-10 08:18:29,139] Trial 15 finished with value: 8.538193061683375 and parameters: {'n_estimators': 550, 'max_depth': 4, 'learning_rate': 0.018826970041372525, 'subsample': 0.7417693654166421, 'colsample_bytree': 0.7331540441480202, 'min_child_weight': 9, 'reg_alpha': 0.45005694075381114, 'reg_lambda': 0.5379586799302809}. Best is trial 15 with value: 8.538193061683375.
[I 2026-04-10 08:18:34,472] Trial 16 finished with value: 8.550591912219291 and parameters: {'n_estimators': 539, 'max_depth': 6, 'learning_rate': 0.010729372221343179, 'subsample': 0.6802627627732757, 'colsample_bytree': 0.7359037804297243, 'min_child_weight': 9, 'reg_alpha': 0.19153668258540402, 'reg_lambda': 0.3885189533768706}. Best is trial 15 with value: 8.538193061683375.
