[I 2026-04-10 06:03:30,158] Trial 11 finished with value: 0.7492961786702182 and parameters: {'n_estimators': 808, 'max_depth': 5, 'learning_rate': 0.022717401524587958, 'subsample': 0.6215588977657283, 'colsample_bytree': 0.6011701066622324, 'min_child_weight': 8, 'reg_alpha': 0.6503454455956299, 'reg_lambda': 0.47041822709155573}. Best is trial 5 with value: 0.7505814380357204.
[I 2026-04-10 06:03:50,530] Trial 12 finished with value: 0.7441883705752674 and parameters: {'n_estimators': 991, 'max_depth': 3, 'learning_rate': 0.0876575606886269, 'subsample': 0.6035270402370759, 'colsample_bytree': 0.9223187672419151, 'min_child_weight': 8, 'reg_alpha': 0.6491395358562183, 'reg_lambda': 0.013363492209783195}. Best is trial 5 with value: 0.7505814380357204.
[I 2026-04-10 06:04:06,602] Trial 13 finished with value: 0.7096697837577359 and parameters: {'n_estimators': 658, 'max_depth': 5, 'learning_rate': 0.271738703853199, 'subsample': 0.7134372087248874, 'colsample_bytree': 0.6916175908656264, 'min_child_weight': 3, 'reg_alpha': 0.5404770324268299, 'reg_lambda': 0.2719727162116578}. Best is trial 5 with value: 0.7505814380357204.
[I 2026-04-10 06:04:26,876] Trial 14 finished with value: 0.7509199497622814 and parameters: {'n_estimators': 858, 'max_depth': 4, 'learning_rate': 0.018742967616883596, 'subsample': 0.894414094578919, 'colsample_bytree': 0.6783808203897913, 'min_child_weight': 8, 'reg_alpha': 0.8006914489674399, 'reg_lambda': 0.16968783627936326}. Best is trial 14 with value: 0.7509199497622814.
[I 2026-04-10 06:04:53,829] Trial 15 finished with value: 0.746184409232509 and parameters: {'n_estimators': 909, 'max_depth': 7, 'learning_rate': 0.017590991720787433, 'subsample': 0.9004060842970356, 'colsample_bytree': 0.9167524016575938, 'min_child_weight': 9, 'reg_alpha': 0.8672636458179231, 'reg_lambda': 0.35105631760271194}. Best is trial 14 with value: 0.7509199497622814.
[I 2026-04-10 06:05:14,278] Trial 16 finished with value: 0.7507732966036419 and parameters: {'n_estimators': 863, 'max_depth': 4, 'learning_rate': 0.01798165611804251, 'subsample': 0.9168354104832516, 'colsample_bytree': 0.7800645714673943, 'min_child_weight': 7, 'reg_alpha': 0.8108470494080748, 'reg_lambda': 0.6048890679628001}. Best is trial 14 with value: 0.7509199497622814.
[I 2026-04-10 06:05:38,718] Trial 17 finished with value: 0.747943412370469 and parameters: {'n_estimators': 894, 'max_depth': 6, 'learning_rate': 0.017625242289807407, 'subsample': 0.9461583108218363, 'colsample_bytree': 0.7712566313808225, 'min_child_weight': 6, 'reg_alpha': 0.8169508536715403, 'reg_lambda': 0.6010488709530691}. Best is trial 14 with value: 0.7509199497622814.
[I 2026-04-10 06:05:49,736] Trial 18 finished with value: 0.7486863443712128 and parameters: {'n_estimators': 376, 'max_depth': 5, 'learning_rate': 0.011062950823708183, 'subsample': 0.8660883339825887, 'colsample_bytree': 0.6481033274553444, 'min_child_weight': 7, 'reg_alpha': 0.8131882218922464, 'reg_lambda': 0.5553540818426241}. Best is trial 14 with value: 0.7509199497622814.
[I 2026-04-10 06:06:07,347] Trial 19 finished with value: 0.7508051505044642 and parameters: {'n_estimators': 740, 'max_depth': 4, 'learning_rate': 0.01815243878223733, 'subsample': 0.9959101983082548, 'colsample_bytree': 0.729547890257447, 'min_child_weight': 4, 'reg_alpha': 0.5184140953014027, 'reg_lambda': 0.15860448224955048}. Best is trial 14 with value: 0.7509199497622814.
[I 2026-04-10 06:06:27,682] Trial 20 finished with value: 0.7397717295207307 and parameters: {'n_estimators': 723, 'max_depth': 7, 'learning_rate': 0.03966705584797998, 'subsample': 0.9974574120255862, 'colsample_bytree': 0.7115171801530025, 'min_child_weight': 4, 'reg_alpha': 0.5065473175393328, 'reg_lambda': 0.14278628844220947}. Best is trial 14 with value: 0.7509199497622814.
[I 2026-04-10 06:06:48,793] Trial 21 finished with value: 0.751182739701078 and parameters: {'n_estimators': 887, 'max_depth': 4, 'learning_rate': 0.017263536562977296, 'subsample': 0.9283803478645374, 'colsample_bytree': 0.8003305274369011, 'min_child_weight': 7, 'reg_alpha': 0.7644729303753384, 'reg_lambda': 0.5898327177237337}. Best is trial 21 with value: 0.751182739701078.
[I 2026-04-10 06:07:06,939] Trial 22 finished with value: 0.7509753004207977 and parameters: {'n_estimators': 765, 'max_depth': 4, 'learning_rate': 0.020661386721810768, 'subsample': 0.9438719008924491, 'colsample_bytree': 0.818529250634922, 'min_child_weight': 4, 'reg_alpha': 0.5863494400893199, 'reg_lambda': 0.11160046678865508}. Best is trial 21 with value: 0.751182739701078.
[I 2026-04-10 06:07:31,303] Trial 23 finished with value: 0.749939346681996 and parameters: {'n_estimators': 944, 'max_depth': 5, 'learning_rate': 0.01420198900773027, 'subsample': 0.9402328447352074, 'colsample_bytree': 0.8248623950960289, 'min_child_weight': 9, 'reg_alpha': 0.5945024397232255, 'reg_lambda': 0.07980447403784602}. Best is trial 21 with value: 0.751182739701078.
[I 2026-04-10 06:07:45,347] Trial 24 finished with value: 0.750834002094503 and parameters: {'n_estimators': 635, 'max_depth': 3, 'learning_rate': 0.021130621430162595, 'subsample': 0.8663254910932363, 'colsample_bytree': 0.8119877310927776, 'min_child_weight': 6, 'reg_alpha': 0.7378592658439962, 'reg_lambda': 0.2376003232277718}. Best is trial 21 with value: 0.751182739701078.
[I 2026-04-10 06:08:05,967] Trial 25 finished with value: 0.7507555198882931 and parameters: {'n_estimators': 818, 'max_depth': 4, 'learning_rate': 0.01097364705643898, 'subsample': 0.945157236800824, 'colsample_bytree': 0.8606831552694466, 'min_child_weight': 4, 'reg_alpha': 0.895650740241195, 'reg_lambda': 0.3479438700427535}. Best is trial 21 with value: 0.751182739701078.
[I 2026-04-10 06:08:29,046] Trial 26 finished with value: 0.7360259460361909 and parameters: {'n_estimators': 886, 'max_depth': 6, 'learning_rate': 0.059267575808228765, 'subsample': 0.8905279467663505, 'colsample_bytree': 0.860260887740007, 'min_child_weight': 9, 'reg_alpha': 0.7471977756405337, 'reg_lambda': 0.5241967437017395}. Best is trial 21 with value: 0.751182739701078.
[I 2026-04-10 06:08:48,644] Trial 27 finished with value: 0.7467332439754579 and parameters: {'n_estimators': 772, 'max_depth': 5, 'learning_rate': 0.03509630855229454, 'subsample': 0.8423672285897964, 'colsample_bytree': 0.7967472651696408, 'min_child_weight': 5, 'reg_alpha': 0.6399461702545837, 'reg_lambda': 0.6452035597410203}. Best is trial 21 with value: 0.751182739701078.
[I 2026-04-10 06:09:11,403] Trial 28 finished with value: 0.7511508099124634 and parameters: {'n_estimators': 935, 'max_depth': 4, 'learning_rate': 0.014263436050831446, 'subsample': 0.7978626489083885, 'colsample_bytree': 0.6553924218079916, 'min_child_weight': 7, 'reg_alpha': 0.5942199763080106, 'reg_lambda': 0.3783959205439929}. Best is trial 21 with value: 0.751182739701078.
[I 2026-04-10 06:09:33,391] Trial 29 finished with value: 0.7508450911981543 and parameters: {'n_estimators': 997, 'max_depth': 3, 'learning_rate': 0.014392957758240751, 'subsample': 0.7752764617318271, 'colsample_bytree': 0.8841337733116323, 'min_child_weight': 3, 'reg_alpha': 0.43994259862370255, 'reg_lambda': 0.8234534206374394}. Best is trial 21 with value: 0.751182739701078.
[optuna] Best params: {'n_estimators': 887, 'max_depth': 4, 'learning_rate': 0.017263536562977296, 'subsample': 0.9283803478645374, 'colsample_bytree': 0.8003305274369011, 'min_child_weight': 7, 'reg_alpha': 0.7644729303753384, 'reg_lambda': 0.5898327177237337}
[wf] three_pointers: auc_raw=0.731 brier_raw=0.204 auc_cal=0.723 brier_cal=0.197 folds=5
[optuna] Optimizing hyperparameters for three_pointers regression...
[I 2026-04-10 06:20:52,921] A new study created in memory with name: no-name-65f05190-d06c-4a1d-9df6-2c7843ba0609
[I 2026-04-10 06:20:57,006] Trial 0 finished with value: 1.470460726527373 and parameters: {'n_estimators': 684, 'max_depth': 4, 'learning_rate': 0.17214895655591161, 'subsample': 0.6885229793904314, 'colsample_bytree': 0.7837266717562571, 'min_child_weight': 7, 'reg_alpha': 0.8473182870839334, 'reg_lambda': 0.41791751679975064}. Best is trial 0 with value: 1.470460726527373.
[I 2026-04-10 06:20:59,141] Trial 1 finished with value: 1.438338627281462 and parameters: {'n_estimators': 177, 'max_depth': 8, 'learning_rate': 0.122317675730836, 'subsample': 0.9527723251806482, 'colsample_bytree': 0.9249391900749669, 'min_child_weight': 5, 'reg_alpha': 0.9141618245878198, 'reg_lambda': 0.28942926693310267}. Best is trial 1 with value: 1.438338627281462.
[I 2026-04-10 06:21:04,148] Trial 2 finished with value: 1.4053719942267153 and parameters: {'n_estimators': 937, 'max_depth': 3, 'learning_rate': 0.06386389187899533, 'subsample': 0.9083156382579752, 'colsample_bytree': 0.9806776521014875, 'min_child_weight': 8, 'reg_alpha': 0.631614367719346, 'reg_lambda': 0.727835173830147}. Best is trial 2 with value: 1.4053719942267153.
[I 2026-04-10 06:21:05,099] Trial 3 finished with value: 1.4149539971013316 and parameters: {'n_estimators': 129, 'max_depth': 3, 'learning_rate': 0.013722773327787548, 'subsample': 0.7869592435055759, 'colsample_bytree': 0.6808386575922633, 'min_child_weight': 1, 'reg_alpha': 0.3435579878949446, 'reg_lambda': 0.710686172352699}. Best is trial 2 with value: 1.4053719942267153.
[I 2026-04-10 06:21:07,312] Trial 4 finished with value: 1.4208275861414688 and parameters: {'n_estimators': 197, 'max_depth': 8, 'learning_rate': 0.06499139786563678, 'subsample': 0.6001125095860377, 'colsample_bytree': 0.6257424544848827, 'min_child_weight': 6, 'reg_alpha': 0.6297540145933099, 'reg_lambda': 0.4715461380538669}. Best is trial 2 with value: 1.4053719942267153.
[I 2026-04-10 06:21:10,671] Trial 5 finished with value: 1.4057356294710828 and parameters: {'n_estimators': 497, 'max_depth': 5, 'learning_rate': 0.05237164687373011, 'subsample': 0.9535170179402188, 'colsample_bytree': 0.6818572195524836, 'min_child_weight': 10, 'reg_alpha': 0.36140349160675744, 'reg_lambda': 0.3613073729657783}. Best is trial 2 with value: 1.4053719942267153.
[I 2026-04-10 06:21:14,903] Trial 6 finished with value: 1.41014174996397 and parameters: {'n_estimators': 523, 'max_depth': 6, 'learning_rate': 0.028175961151104573, 'subsample': 0.7112280708566955, 'colsample_bytree': 0.8415439674887939, 'min_child_weight': 4, 'reg_alpha': 0.9949596936151752, 'reg_lambda': 0.022758234804077015}. Best is trial 2 with value: 1.4053719942267153.
[I 2026-04-10 06:21:19,885] Trial 7 finished with value: 1.4342754309587558 and parameters: {'n_estimators': 725, 'max_depth': 5, 'learning_rate': 0.07476812287856888, 'subsample': 0.9455302045203536, 'colsample_bytree': 0.9101796097365188, 'min_child_weight': 1, 'reg_alpha': 0.6286879824610254, 'reg_lambda': 0.16296957276959045}. Best is trial 2 with value: 1.4053719942267153.
[I 2026-04-10 06:21:27,043] Trial 8 finished with value: 1.4219796981687207 and parameters: {'n_estimators': 651, 'max_depth': 8, 'learning_rate': 0.02745257623464125, 'subsample': 0.76688431961654, 'colsample_bytree': 0.8515814744189336, 'min_child_weight': 9, 'reg_alpha': 0.24817864869515083, 'reg_lambda': 0.34793064405335705}. Best is trial 2 with value: 1.4053719942267153.
[I 2026-04-10 06:21:30,821] Trial 9 finished with value: 1.468855391669486 and parameters: {'n_estimators': 661, 'max_depth': 3, 'learning_rate': 0.27929701134542084, 'subsample': 0.7554208829285206, 'colsample_bytree': 0.9658172141066897, 'min_child_weight': 1, 'reg_alpha': 0.5565618877960515, 'reg_lambda': 0.7797272216447128}. Best is trial 2 with value: 1.4053719942267153.
[I 2026-04-10 06:21:46,991] Trial 10 finished with value: 1.417276204920459 and parameters: {'n_estimators': 957, 'max_depth': 10, 'learning_rate': 0.011456786147513586, 'subsample': 0.8771890834306186, 'colsample_bytree': 0.9885214730961189, 'min_child_weight': 8, 'reg_alpha': 0.10688863265639115, 'reg_lambda': 0.9916672012492611}. Best is trial 2 with value: 1.4053719942267153.
[I 2026-04-10 06:21:50,014] Trial 11 finished with value: 1.4012715323026024 and parameters: {'n_estimators': 416, 'max_depth': 5, 'learning_rate': 0.03624964645643501, 'subsample': 0.8793821744877904, 'colsample_bytree': 0.7306849162199555, 'min_child_weight': 10, 'reg_alpha': 0.3945673450506395, 'reg_lambda': 0.6416338156689719}. Best is trial 11 with value: 1.4012715323026024.
[I 2026-04-10 06:21:52,428] Trial 12 finished with value: 1.3975163232295817 and parameters: {'n_estimators': 352, 'max_depth': 4, 'learning_rate': 0.03000063918902085, 'subsample': 0.8706524603860054, 'colsample_bytree': 0.7593677536419218, 'min_child_weight': 10, 'reg_alpha': 0.7529859240113403, 'reg_lambda': 0.6703821577246845}. Best is trial 12 with value: 1.3975163232295817.
[I 2026-04-10 06:21:55,032] Trial 13 finished with value: 1.3982607928129138 and parameters: {'n_estimators': 340, 'max_depth': 5, 'learning_rate': 0.027401859780882, 'subsample': 0.8566171023232767, 'colsample_bytree': 0.7481023543158999, 'min_child_weight': 10, 'reg_alpha': 0.7505165236936384, 'reg_lambda': 0.5896696411377501}. Best is trial 12 with value: 1.3975163232295817.
[I 2026-04-10 06:21:58,060] Trial 14 finished with value: 1.3993888355738975 and parameters: {'n_estimators': 337, 'max_depth': 6, 'learning_rate': 0.019012085908750267, 'subsample': 0.832928467782612, 'colsample_bytree': 0.7536789466339082, 'min_child_weight': 10, 'reg_alpha': 0.7820043514439601, 'reg_lambda': 0.6074456968708711}. Best is trial 12 with value: 1.3975163232295817.
[I 2026-04-10 06:22:00,457] Trial 15 finished with value: 1.399351732510191 and parameters: {'n_estimators': 334, 'max_depth': 4, 'learning_rate': 0.038520731257448274, 'subsample': 0.833626313636202, 'colsample_bytree': 0.8211485768904866, 'min_child_weight': 8, 'reg_alpha': 0.7249847341835174, 'reg_lambda': 0.8957034308841694}. Best is trial 12 with value: 1.3975163232295817.
[I 2026-04-10 06:22:03,599] Trial 16 finished with value: 1.4017257609218412 and parameters: {'n_estimators': 293, 'max_depth': 7, 'learning_rate': 0.018789019936578305, 'subsample': 0.8387451755028563, 'colsample_bytree': 0.7108969207113203, 'min_child_weight': 3, 'reg_alpha': 0.746668441189907, 'reg_lambda': 0.5541876164388508}. Best is trial 12 with value: 1.3975163232295817.
[I 2026-04-10 06:22:06,625] Trial 17 finished with value: 1.3979625674682783 and parameters: {'n_estimators': 437, 'max_depth': 4, 'learning_rate': 0.01684103260010671, 'subsample': 0.9066673162616102, 'colsample_bytree': 0.6202149265094388, 'min_child_weight': 9, 'reg_alpha': 0.4831240352770837, 'reg_lambda': 0.7845136675743061}. Best is trial 12 with value: 1.3975163232295817.
[I 2026-04-10 06:22:09,565] Trial 18 finished with value: 1.3976232524148933 and parameters: {'n_estimators': 424, 'max_depth': 4, 'learning_rate': 0.01772434603111077, 'subsample': 0.9113893861730478, 'colsample_bytree': 0.6094401149057547, 'min_child_weight': 7, 'reg_alpha': 0.4768892182491415, 'reg_lambda': 0.8395151169653581}. Best is trial 12 with value: 1.3975163232295817.
[I 2026-04-10 06:22:14,715] Trial 19 finished with value: 1.3965311864579133 and parameters: {'n_estimators': 785, 'max_depth': 4, 'learning_rate': 0.010919505437840812, 'subsample': 0.9973300781456443, 'colsample_bytree': 0.6596460027655076, 'min_child_weight': 6, 'reg_alpha': 0.06096299013210599, 'reg_lambda': 0.8646278378947153}. Best is trial 19 with value: 1.3965311864579133.
[I 2026-04-10 06:22:28,946] Trial 20 finished with value: 1.414384807194561 and parameters: {'n_estimators': 831, 'max_depth': 10, 'learning_rate': 0.01064656928881712, 'subsample': 0.9943968624584774, 'colsample_bytree': 0.6621671824487898, 'min_child_weight': 4, 'reg_alpha': 0.017219306660036793, 'reg_lambda': 0.9966214376323463}. Best is trial 19 with value: 1.3965311864579133.
[I 2026-04-10 06:22:32,890] Trial 21 finished with value: 1.3973412012782458 and parameters: {'n_estimators': 593, 'max_depth': 4, 'learning_rate': 0.015154893384449598, 'subsample': 0.9838420179959548, 'colsample_bytree': 0.6412708173442119, 'min_child_weight': 6, 'reg_alpha': 0.24461341175154694, 'reg_lambda': 0.8644252811546289}. Best is trial 19 with value: 1.3965311864579133.
[I 2026-04-10 06:22:37,571] Trial 22 finished with value: 1.397061089343086 and parameters: {'n_estimators': 794, 'max_depth': 3, 'learning_rate': 0.010361120786288558, 'subsample': 0.9974604731027841, 'colsample_bytree': 0.6481371694410624, 'min_child_weight': 6, 'reg_alpha': 0.17182511117161264, 'reg_lambda': 0.8803202926722207}. Best is trial 19 with value: 1.3965311864579133.
[I 2026-04-10 06:22:42,461] Trial 23 finished with value: 1.3969956151035916 and parameters: {'n_estimators': 806, 'max_depth': 3, 'learning_rate': 0.010075073364532158, 'subsample': 0.9996382065883739, 'colsample_bytree': 0.649701250175746, 'min_child_weight': 6, 'reg_alpha': 0.17375842244394768, 'reg_lambda': 0.8803873794303521}. Best is trial 19 with value: 1.3965311864579133.
[I 2026-04-10 06:22:47,319] Trial 24 finished with value: 1.397059474187544 and parameters: {'n_estimators': 809, 'max_depth': 3, 'learning_rate': 0.010425661140582599, 'subsample': 0.9849121330206534, 'colsample_bytree': 0.711164305498845, 'min_child_weight': 5, 'reg_alpha': 0.13515572106974413, 'reg_lambda': 0.917783539548457}. Best is trial 19 with value: 1.3965311864579133.
[I 2026-04-10 06:22:52,372] Trial 25 finished with value: 1.3966624414655495 and parameters: {'n_estimators': 854, 'max_depth': 3, 'learning_rate': 0.014107545642518121, 'subsample': 0.9636830629936731, 'colsample_bytree': 0.6968164031489288, 'min_child_weight': 5, 'reg_alpha': 0.0025972410335882157, 'reg_lambda': 0.9247126079930579}. Best is trial 19 with value: 1.3965311864579133.
[I 2026-04-10 06:22:57,505] Trial 26 finished with value: 1.3962783712600848 and parameters: {'n_estimators': 877, 'max_depth': 3, 'learning_rate': 0.02112664982862259, 'subsample': 0.9402596898312687, 'colsample_bytree': 0.690495262520932, 'min_child_weight': 4, 'reg_alpha': 0.03689311135039619, 'reg_lambda': 0.9428941899834924}. Best is trial 26 with value: 1.3962783712600848.
[I 2026-04-10 06:23:04,952] Trial 27 finished with value: 1.406104414505201 and parameters: {'n_estimators': 905, 'max_depth': 6, 'learning_rate': 0.022395867529602154, 'subsample': 0.9304659201697477, 'colsample_bytree': 0.6884916294292213, 'min_child_weight': 3, 'reg_alpha': 0.000370533028162659, 'reg_lambda': 0.943021933955024}. Best is trial 26 with value: 1.3962783712600848.
[I 2026-04-10 06:23:10,280] Trial 28 finished with value: 1.396658871154346 and parameters: {'n_estimators': 883, 'max_depth': 3, 'learning_rate': 0.013490151841814077, 'subsample': 0.9595049226398756, 'colsample_bytree': 0.7908370181787836, 'min_child_weight': 3, 'reg_alpha': 0.07639422465958796, 'reg_lambda': 0.8037130009560948}. Best is trial 26 with value: 1.3962783712600848.
[I 2026-04-10 06:23:17,560] Trial 29 finished with value: 1.4077403571486047 and parameters: {'n_estimators': 998, 'max_depth': 5, 'learning_rate': 0.022544039105670228, 'subsample': 0.6036911725812022, 'colsample_bytree': 0.7875593047319033, 'min_child_weight': 2, 'reg_alpha': 0.10781815405599382, 'reg_lambda': 0.7849696375120163}. Best is trial 26 with value: 1.3962783712600848.
[optuna] Best params: {'n_estimators': 877, 'max_depth': 3, 'learning_rate': 0.02112664982862259, 'subsample': 0.9402596898312687, 'colsample_bytree': 0.690495262520932, 'min_child_weight': 4, 'reg_alpha': 0.03689311135039619, 'reg_lambda': 0.9428941899834924}
[optuna] Optimizing hyperparameters for three_pointers classification...
[I 2026-04-10 06:30:15,731] A new study created in memory with name: no-name-2b4f8102-7e94-4b0b-ad3c-14acaf6cda12
[I 2026-04-10 06:30:21,366] Trial 0 finished with value: 0.7529060513335473 and parameters: {'n_estimators': 233, 'max_depth': 5, 'learning_rate': 0.013803126248341204, 'subsample': 0.8548304300013889, 'colsample_bytree': 0.7514956052879459, 'min_child_weight': 2, 'reg_alpha': 0.8389692581393342, 'reg_lambda': 0.06957302010690469}. Best is trial 0 with value: 0.7529060513335473.
[I 2026-04-10 06:30:28,010] Trial 1 finished with value: 0.7371348214657658 and parameters: {'n_estimators': 206, 'max_depth': 9, 'learning_rate': 0.10946579203357154, 'subsample': 0.6553137083609825, 'colsample_bytree': 0.6271587490779476, 'min_child_weight': 3, 'reg_alpha': 0.5770864525856533, 'reg_lambda': 0.5753102620917907}. Best is trial 0 with value: 0.7529060513335473.
[I 2026-04-10 06:30:31,799] Trial 2 finished with value: 0.7491032980862253 and parameters: {'n_estimators': 156, 'max_depth': 5, 'learning_rate': 0.15619892232253177, 'subsample': 0.6021758732394816, 'colsample_bytree': 0.7252619828661122, 'min_child_weight': 1, 'reg_alpha': 0.8631969317367705, 'reg_lambda': 0.9676718547443222}. Best is trial 0 with value: 0.7529060513335473.
[I 2026-04-10 06:30:59,027] Trial 3 finished with value: 0.7406954507620562 and parameters: {'n_estimators': 838, 'max_depth': 9, 'learning_rate': 0.033153852225876045, 'subsample': 0.6092107681274241, 'colsample_bytree': 0.9255733288839638, 'min_child_weight': 4, 'reg_alpha': 0.3071335341879289, 'reg_lambda': 0.2089041540166966}. Best is trial 0 with value: 0.7529060513335473.
[I 2026-04-10 06:31:24,731] Trial 4 finished with value: 0.7257039427940156 and parameters: {'n_estimators': 924, 'max_depth': 7, 'learning_rate': 0.257965777334935, 'subsample': 0.6216324296953047, 'colsample_bytree': 0.6256335218572613, 'min_child_weight': 2, 'reg_alpha': 0.13201432442025074, 'reg_lambda': 0.6288290976938608}. Best is trial 0 with value: 0.7529060513335473.
[I 2026-04-10 06:31:35,504] Trial 5 finished with value: 0.7432953756787981 and parameters: {'n_estimators': 490, 'max_depth': 5, 'learning_rate': 0.10168595200810861, 'subsample': 0.8529431151549552, 'colsample_bytree': 0.711567472083034, 'min_child_weight': 2, 'reg_alpha': 0.7273553921864089, 'reg_lambda': 0.9394209969433276}. Best is trial 0 with value: 0.7529060513335473.
