[I 2026-04-10 08:18:39,112] Trial 17 finished with value: 8.54599357286169 and parameters: {'n_estimators': 810, 'max_depth': 3, 'learning_rate': 0.01710115998327197, 'subsample': 0.7179460428810109, 'colsample_bytree': 0.7123169356055745, 'min_child_weight': 8, 'reg_alpha': 0.44586362288844605, 'reg_lambda': 0.54924559663561}. Best is trial 15 with value: 8.538193061683375.
[I 2026-04-10 08:18:44,534] Trial 18 finished with value: 8.547537524117496 and parameters: {'n_estimators': 860, 'max_depth': 4, 'learning_rate': 0.01982199008813819, 'subsample': 0.672492480090683, 'colsample_bytree': 0.6910959103989047, 'min_child_weight': 7, 'reg_alpha': 0.4783398272446906, 'reg_lambda': 0.3342498603152949}. Best is trial 15 with value: 8.538193061683375.
[I 2026-04-10 08:18:51,301] Trial 19 finished with value: 8.592261993269487 and parameters: {'n_estimators': 789, 'max_depth': 6, 'learning_rate': 0.018324312717198355, 'subsample': 0.620045046559975, 'colsample_bytree': 0.7218928448543965, 'min_child_weight': 8, 'reg_alpha': 0.4467129056661769, 'reg_lambda': 0.5557993827377226}. Best is trial 15 with value: 8.538193061683375.
[I 2026-04-10 08:18:55,275] Trial 20 finished with value: 8.541086970653476 and parameters: {'n_estimators': 584, 'max_depth': 4, 'learning_rate': 0.0117307129478225, 'subsample': 0.7236414550737194, 'colsample_bytree': 0.6036224189672837, 'min_child_weight': 6, 'reg_alpha': 0.24852253767904123, 'reg_lambda': 0.542618427945898}. Best is trial 15 with value: 8.538193061683375.
[I 2026-04-10 08:18:59,476] Trial 21 finished with value: 8.54158761760053 and parameters: {'n_estimators': 612, 'max_depth': 4, 'learning_rate': 0.011644182492439877, 'subsample': 0.720376304608911, 'colsample_bytree': 0.6230241227937013, 'min_child_weight': 6, 'reg_alpha': 0.2288478898105293, 'reg_lambda': 0.571105191729021}. Best is trial 15 with value: 8.538193061683375.
[I 2026-04-10 08:19:03,582] Trial 22 finished with value: 8.544691859929012 and parameters: {'n_estimators': 597, 'max_depth': 4, 'learning_rate': 0.010691275048069613, 'subsample': 0.7572026026303631, 'colsample_bytree': 0.6019077084931961, 'min_child_weight': 6, 'reg_alpha': 0.23457009319625832, 'reg_lambda': 0.5846559916907523}. Best is trial 15 with value: 8.538193061683375.
[I 2026-04-10 08:19:07,245] Trial 23 finished with value: 8.547917526241577 and parameters: {'n_estimators': 468, 'max_depth': 5, 'learning_rate': 0.012860667401075086, 'subsample': 0.7180889833460637, 'colsample_bytree': 0.6044456914046274, 'min_child_weight': 5, 'reg_alpha': 0.16579275616397982, 'reg_lambda': 0.4195087112190475}. Best is trial 15 with value: 8.538193061683375.
[I 2026-04-10 08:19:12,562] Trial 24 finished with value: 8.54490084930898 and parameters: {'n_estimators': 607, 'max_depth': 6, 'learning_rate': 0.010218527132402665, 'subsample': 0.6528962161343642, 'colsample_bytree': 0.6620351857897123, 'min_child_weight': 7, 'reg_alpha': 0.37234010477934654, 'reg_lambda': 0.15836243953908835}. Best is trial 15 with value: 8.538193061683375.
[I 2026-04-10 08:19:15,670] Trial 25 finished with value: 8.543924923230515 and parameters: {'n_estimators': 464, 'max_depth': 4, 'learning_rate': 0.022992922168634276, 'subsample': 0.7181441737890848, 'colsample_bytree': 0.6803620943558836, 'min_child_weight': 4, 'reg_alpha': 0.2842306340085735, 'reg_lambda': 0.5969294050886808}. Best is trial 15 with value: 8.538193061683375.
[I 2026-04-10 08:19:18,444] Trial 26 finished with value: 8.550995262600308 and parameters: {'n_estimators': 337, 'max_depth': 5, 'learning_rate': 0.014143427356811848, 'subsample': 0.7795562502646379, 'colsample_bytree': 0.6431238404260592, 'min_child_weight': 6, 'reg_alpha': 0.08447828852003364, 'reg_lambda': 0.5080463734412634}. Best is trial 15 with value: 8.538193061683375.
[I 2026-04-10 08:19:24,347] Trial 27 finished with value: 8.59486114693491 and parameters: {'n_estimators': 613, 'max_depth': 7, 'learning_rate': 0.021646553996433622, 'subsample': 0.647998416516947, 'colsample_bytree': 0.6224861398264889, 'min_child_weight': 5, 'reg_alpha': 0.23009219746184903, 'reg_lambda': 0.3479025466748089}. Best is trial 15 with value: 8.538193061683375.
[I 2026-04-10 08:19:27,367] Trial 28 finished with value: 8.55108139607817 and parameters: {'n_estimators': 410, 'max_depth': 4, 'learning_rate': 0.013478981676733292, 'subsample': 0.8342973645426256, 'colsample_bytree': 0.6922807032943149, 'min_child_weight': 3, 'reg_alpha': 0.4014217683670885, 'reg_lambda': 0.6358296576878054}. Best is trial 15 with value: 8.538193061683375.
[I 2026-04-10 08:19:30,503] Trial 29 finished with value: 8.543334205234613 and parameters: {'n_estimators': 513, 'max_depth': 3, 'learning_rate': 0.02717285554924257, 'subsample': 0.7774569041310899, 'colsample_bytree': 0.7696301101632717, 'min_child_weight': 7, 'reg_alpha': 0.6082581672080838, 'reg_lambda': 0.7440174533827711}. Best is trial 15 with value: 8.538193061683375.
[optuna] Best params: {'n_estimators': 550, 'max_depth': 4, 'learning_rate': 0.018826970041372525, 'subsample': 0.7417693654166421, 'colsample_bytree': 0.7331540441480202, 'min_child_weight': 9, 'reg_alpha': 0.45005694075381114, 'reg_lambda': 0.5379586799302809}
[optuna] Optimizing hyperparameters for pts_ast_reb classification...
[I 2026-04-10 08:27:01,469] A new study created in memory with name: no-name-7672e378-b77f-4b8c-b6a1-f6041981b161
[I 2026-04-10 08:27:08,894] Trial 0 finished with value: 0.571331306824382 and parameters: {'n_estimators': 244, 'max_depth': 8, 'learning_rate': 0.03603650622997856, 'subsample': 0.8648016574881606, 'colsample_bytree': 0.9987279185258715, 'min_child_weight': 6, 'reg_alpha': 0.37238784779256706, 'reg_lambda': 0.177625341322879}. Best is trial 0 with value: 0.571331306824382.
[I 2026-04-10 08:27:18,685] Trial 1 finished with value: 0.5594805483925404 and parameters: {'n_estimators': 420, 'max_depth': 6, 'learning_rate': 0.19072485890283222, 'subsample': 0.8105721524344165, 'colsample_bytree': 0.7055410327038992, 'min_child_weight': 10, 'reg_alpha': 0.1713562597784577, 'reg_lambda': 0.7965114051464942}. Best is trial 0 with value: 0.571331306824382.
[I 2026-04-10 08:27:39,501] Trial 2 finished with value: 0.5701635218121918 and parameters: {'n_estimators': 998, 'max_depth': 4, 'learning_rate': 0.1465373317941257, 'subsample': 0.9145236129285232, 'colsample_bytree': 0.7921783382634796, 'min_child_weight': 1, 'reg_alpha': 0.7808004854126, 'reg_lambda': 0.26571886652049237}. Best is trial 0 with value: 0.571331306824382.
[I 2026-04-10 08:28:02,044] Trial 3 finished with value: 0.5858501490639957 and parameters: {'n_estimators': 862, 'max_depth': 6, 'learning_rate': 0.011565732493953455, 'subsample': 0.8238980750634776, 'colsample_bytree': 0.9551399702943324, 'min_child_weight': 7, 'reg_alpha': 0.2537423611525963, 'reg_lambda': 0.576943633463787}. Best is trial 3 with value: 0.5858501490639957.
[I 2026-04-10 08:28:12,816] Trial 4 finished with value: 0.5743229719281014 and parameters: {'n_estimators': 342, 'max_depth': 8, 'learning_rate': 0.03531261615015896, 'subsample': 0.9025740719470927, 'colsample_bytree': 0.8838196876841868, 'min_child_weight': 2, 'reg_alpha': 0.06114108594499412, 'reg_lambda': 0.7916007970966655}. Best is trial 3 with value: 0.5858501490639957.
[I 2026-04-10 08:28:22,404] Trial 5 finished with value: 0.5847106754258962 and parameters: {'n_estimators': 308, 'max_depth': 7, 'learning_rate': 0.013852013248174129, 'subsample': 0.7127266881829878, 'colsample_bytree': 0.843256870373936, 'min_child_weight': 3, 'reg_alpha': 0.8444962355356888, 'reg_lambda': 0.8914378550588675}. Best is trial 3 with value: 0.5858501490639957.
[I 2026-04-10 08:28:36,384] Trial 6 finished with value: 0.5808135523487304 and parameters: {'n_estimators': 631, 'max_depth': 4, 'learning_rate': 0.05684117790348899, 'subsample': 0.7269925538806766, 'colsample_bytree': 0.9164011433179988, 'min_child_weight': 10, 'reg_alpha': 0.8765556641762199, 'reg_lambda': 0.1388604135486241}. Best is trial 3 with value: 0.5858501490639957.
[I 2026-04-10 08:29:06,961] Trial 7 finished with value: 0.5642337294006698 and parameters: {'n_estimators': 884, 'max_depth': 9, 'learning_rate': 0.2736610929135312, 'subsample': 0.969542945729025, 'colsample_bytree': 0.8738239619684389, 'min_child_weight': 2, 'reg_alpha': 0.7330168466554459, 'reg_lambda': 0.7030393337754482}. Best is trial 3 with value: 0.5858501490639957.
[I 2026-04-10 08:29:25,859] Trial 8 finished with value: 0.5778026062933566 and parameters: {'n_estimators': 932, 'max_depth': 3, 'learning_rate': 0.10934824575585915, 'subsample': 0.9473540393710109, 'colsample_bytree': 0.6619677752462428, 'min_child_weight': 10, 'reg_alpha': 0.7327160958578618, 'reg_lambda': 0.5382220357133124}. Best is trial 3 with value: 0.5858501490639957.
[I 2026-04-10 08:29:38,847] Trial 9 finished with value: 0.5805292103397904 and parameters: {'n_estimators': 279, 'max_depth': 10, 'learning_rate': 0.012262717634311556, 'subsample': 0.866735111589665, 'colsample_bytree': 0.8435522260419255, 'min_child_weight': 5, 'reg_alpha': 0.14723337606712938, 'reg_lambda': 0.9285554118580025}. Best is trial 3 with value: 0.5858501490639957.
[I 2026-04-10 08:29:56,758] Trial 10 finished with value: 0.5821144187738965 and parameters: {'n_estimators': 648, 'max_depth': 6, 'learning_rate': 0.020096107180571567, 'subsample': 0.6119804276455066, 'colsample_bytree': 0.9824363177855966, 'min_child_weight': 7, 'reg_alpha': 0.4741371022858704, 'reg_lambda': 0.4407533141266934}. Best is trial 3 with value: 0.5858501490639957.
[I 2026-04-10 08:30:01,336] Trial 11 finished with value: 0.5853175908164856 and parameters: {'n_estimators': 112, 'max_depth': 7, 'learning_rate': 0.010512712638248385, 'subsample': 0.7188730502345754, 'colsample_bytree': 0.7599357873634043, 'min_child_weight': 4, 'reg_alpha': 0.9872202716206439, 'reg_lambda': 0.9955281980437761}. Best is trial 3 with value: 0.5858501490639957.
[I 2026-04-10 08:30:05,730] Trial 12 finished with value: 0.582100038652493 and parameters: {'n_estimators': 121, 'max_depth': 6, 'learning_rate': 0.010863360782155525, 'subsample': 0.7448413345634382, 'colsample_bytree': 0.7469610693884302, 'min_child_weight': 8, 'reg_alpha': 0.9891764486476455, 'reg_lambda': 0.5809032786364923}. Best is trial 3 with value: 0.5858501490639957.
[I 2026-04-10 08:30:25,476] Trial 13 finished with value: 0.5821069185857184 and parameters: {'n_estimators': 767, 'max_depth': 5, 'learning_rate': 0.020527149578376324, 'subsample': 0.6503927218701725, 'colsample_bytree': 0.6312036163174499, 'min_child_weight': 4, 'reg_alpha': 0.3187137763789874, 'reg_lambda': 0.3828274558525658}. Best is trial 3 with value: 0.5858501490639957.
[I 2026-04-10 08:30:40,790] Trial 14 finished with value: 0.5814542920373653 and parameters: {'n_estimators': 491, 'max_depth': 7, 'learning_rate': 0.021677147091881246, 'subsample': 0.7922152862969861, 'colsample_bytree': 0.7695435054794927, 'min_child_weight': 8, 'reg_alpha': 0.6076176254420679, 'reg_lambda': 0.9941602169875501}. Best is trial 3 with value: 0.5858501490639957.
[I 2026-04-10 08:30:44,782] Trial 15 finished with value: 0.5859882659678374 and parameters: {'n_estimators': 101, 'max_depth': 8, 'learning_rate': 0.062251125424256766, 'subsample': 0.7969278313975808, 'colsample_bytree': 0.9388849379452211, 'min_child_weight': 5, 'reg_alpha': 0.5530809346021984, 'reg_lambda': 0.010819357850683664}. Best is trial 15 with value: 0.5859882659678374.
[I 2026-04-10 08:31:12,423] Trial 16 finished with value: 0.5806489685131573 and parameters: {'n_estimators': 784, 'max_depth': 9, 'learning_rate': 0.07477218913093898, 'subsample': 0.8050397265529671, 'colsample_bytree': 0.9477713338282155, 'min_child_weight': 6, 'reg_alpha': 0.5651915858303512, 'reg_lambda': 0.015130615850167718}. Best is trial 15 with value: 0.5859882659678374.
[I 2026-04-10 08:31:33,542] Trial 17 finished with value: 0.5744872578780724 and parameters: {'n_estimators': 659, 'max_depth': 8, 'learning_rate': 0.03466747978224387, 'subsample': 0.8438055756480622, 'colsample_bytree': 0.9351938401094095, 'min_child_weight': 8, 'reg_alpha': 0.2971745365330242, 'reg_lambda': 0.656260954406342}. Best is trial 15 with value: 0.5859882659678374.
[I 2026-04-10 08:31:46,946] Trial 18 finished with value: 0.5713124992251915 and parameters: {'n_estimators': 527, 'max_depth': 5, 'learning_rate': 0.0799778571517155, 'subsample': 0.7832763052544526, 'colsample_bytree': 0.9591606902138935, 'min_child_weight': 5, 'reg_alpha': 0.4611225719526612, 'reg_lambda': 0.33713524524676614}. Best is trial 15 with value: 0.5859882659678374.
[I 2026-04-10 08:32:17,362] Trial 19 finished with value: 0.5719788693174965 and parameters: {'n_estimators': 785, 'max_depth': 10, 'learning_rate': 0.04847139339006559, 'subsample': 0.6789288616141939, 'colsample_bytree': 0.9109784345130811, 'min_child_weight': 7, 'reg_alpha': 0.0019155264625556612, 'reg_lambda': 0.016502073189728017}. Best is trial 15 with value: 0.5859882659678374.
[I 2026-04-10 08:32:25,203] Trial 20 finished with value: 0.569301587781676 and parameters: {'n_estimators': 195, 'max_depth': 9, 'learning_rate': 0.10187284586713766, 'subsample': 0.7614464592752916, 'colsample_bytree': 0.8403233775394319, 'min_child_weight': 4, 'reg_alpha': 0.20823624122282408, 'reg_lambda': 0.46975889232860335}. Best is trial 15 with value: 0.5859882659678374.
[I 2026-04-10 08:32:30,317] Trial 21 finished with value: 0.5852856925732933 and parameters: {'n_estimators': 126, 'max_depth': 7, 'learning_rate': 0.01448580669231841, 'subsample': 0.6901051480567257, 'colsample_bytree': 0.7233857670417149, 'min_child_weight': 4, 'reg_alpha': 0.5666405714160134, 'reg_lambda': 0.6597251636045245}. Best is trial 15 with value: 0.5859882659678374.
[I 2026-04-10 08:32:36,310] Trial 22 finished with value: 0.586103633389039 and parameters: {'n_estimators': 199, 'max_depth': 5, 'learning_rate': 0.02493405299667604, 'subsample': 0.838301139831174, 'colsample_bytree': 0.8191104588855106, 'min_child_weight': 5, 'reg_alpha': 0.6587096025191036, 'reg_lambda': 0.2303227902786149}. Best is trial 22 with value: 0.586103633389039.
[I 2026-04-10 08:32:46,885] Trial 23 finished with value: 0.5843785452212257 and parameters: {'n_estimators': 385, 'max_depth': 5, 'learning_rate': 0.026311343742587045, 'subsample': 0.8341099656285951, 'colsample_bytree': 0.8847565670704691, 'min_child_weight': 7, 'reg_alpha': 0.6533380817853319, 'reg_lambda': 0.14493613199779748}. Best is trial 22 with value: 0.586103633389039.
[I 2026-04-10 08:32:52,229] Trial 24 finished with value: 0.5894606000955241 and parameters: {'n_estimators': 200, 'max_depth': 4, 'learning_rate': 0.04862121779752453, 'subsample': 0.8801532991183533, 'colsample_bytree': 0.8089211829994024, 'min_child_weight': 6, 'reg_alpha': 0.4124691627729886, 'reg_lambda': 0.2505631382509281}. Best is trial 24 with value: 0.5894606000955241.
[I 2026-04-10 08:32:56,637] Trial 25 finished with value: 0.5838858750800486 and parameters: {'n_estimators': 177, 'max_depth': 3, 'learning_rate': 0.05065820136132758, 'subsample': 0.8927997751478296, 'colsample_bytree': 0.8125536942374048, 'min_child_weight': 5, 'reg_alpha': 0.3970768203309251, 'reg_lambda': 0.25992178160568}. Best is trial 24 with value: 0.5894606000955241.
[I 2026-04-10 08:33:02,300] Trial 26 finished with value: 0.5872552224018396 and parameters: {'n_estimators': 218, 'max_depth': 4, 'learning_rate': 0.06788509097394252, 'subsample': 0.9359432499697126, 'colsample_bytree': 0.7953587116333092, 'min_child_weight': 6, 'reg_alpha': 0.6685486935808418, 'reg_lambda': 0.1076783348853856}. Best is trial 24 with value: 0.5894606000955241.
[I 2026-04-10 08:33:08,045] Trial 27 finished with value: 0.5872372839757075 and parameters: {'n_estimators': 220, 'max_depth': 4, 'learning_rate': 0.04284721106489996, 'subsample': 0.995578549752569, 'colsample_bytree': 0.8221049910934088, 'min_child_weight': 6, 'reg_alpha': 0.6470325991578777, 'reg_lambda': 0.2293072857030119}. Best is trial 24 with value: 0.5894606000955241.
[I 2026-04-10 08:33:18,834] Trial 28 finished with value: 0.5853048551868317 and parameters: {'n_estimators': 440, 'max_depth': 4, 'learning_rate': 0.04436575917222923, 'subsample': 0.9901828617152313, 'colsample_bytree': 0.7783881075127511, 'min_child_weight': 6, 'reg_alpha': 0.44671523573472294, 'reg_lambda': 0.08602210240125224}. Best is trial 24 with value: 0.5894606000955241.
[I 2026-04-10 08:33:24,665] Trial 29 finished with value: 0.5876068294281497 and parameters: {'n_estimators': 246, 'max_depth': 3, 'learning_rate': 0.07434112767136504, 'subsample': 0.9421942431092166, 'colsample_bytree': 0.6908767865980726, 'min_child_weight': 9, 'reg_alpha': 0.3492741300479509, 'reg_lambda': 0.3224887817192884}. Best is trial 24 with value: 0.5894606000955241.
[optuna] Best params: {'n_estimators': 200, 'max_depth': 4, 'learning_rate': 0.04862121779752453, 'subsample': 0.8801532991183533, 'colsample_bytree': 0.8089211829994024, 'min_child_weight': 6, 'reg_alpha': 0.4124691627729886, 'reg_lambda': 0.2505631382509281}
[wf] stl_blk: auc_raw=0.711 brier_raw=0.220 auc_cal=0.713 brier_cal=0.207 folds=5
[optuna] Optimizing hyperparameters for stl_blk regression...
[I 2026-04-10 08:44:53,348] A new study created in memory with name: no-name-c81dd6ef-f80f-434f-bb0d-e370d97de037
[I 2026-04-10 08:44:55,589] Trial 0 finished with value: 1.2831080615036903 and parameters: {'n_estimators': 282, 'max_depth': 6, 'learning_rate': 0.05099130284068884, 'subsample': 0.6893208151365511, 'colsample_bytree': 0.631454873700733, 'min_child_weight': 5, 'reg_alpha': 0.429021430702321, 'reg_lambda': 0.5669732742781952}. Best is trial 0 with value: 1.2831080615036903.
[I 2026-04-10 08:45:05,088] Trial 1 finished with value: 1.2958084559566208 and parameters: {'n_estimators': 886, 'max_depth': 8, 'learning_rate': 0.017781091584892623, 'subsample': 0.6460695975953645, 'colsample_bytree': 0.8343048328755729, 'min_child_weight': 8, 'reg_alpha': 0.6732006671650724, 'reg_lambda': 0.48326453159608307}. Best is trial 0 with value: 1.2831080615036903.
[I 2026-04-10 08:45:10,273] Trial 2 finished with value: 1.28147442245145 and parameters: {'n_estimators': 386, 'max_depth': 9, 'learning_rate': 0.017836253196648236, 'subsample': 0.8390548414487589, 'colsample_bytree': 0.6197364392765572, 'min_child_weight': 5, 'reg_alpha': 0.2408520976566646, 'reg_lambda': 0.6306102690564163}. Best is trial 2 with value: 1.28147442245145.
[I 2026-04-10 08:45:15,719] Trial 3 finished with value: 1.2749144640676806 and parameters: {'n_estimators': 780, 'max_depth': 5, 'learning_rate': 0.011492257713960872, 'subsample': 0.6241411334315747, 'colsample_bytree': 0.7836989779129299, 'min_child_weight': 2, 'reg_alpha': 0.4010396839405187, 'reg_lambda': 0.8031715007881169}. Best is trial 3 with value: 1.2749144640676806.
[I 2026-04-10 08:45:17,879] Trial 4 finished with value: 1.2957446291358956 and parameters: {'n_estimators': 224, 'max_depth': 7, 'learning_rate': 0.07539959590674136, 'subsample': 0.6394541416109647, 'colsample_bytree': 0.8471841700845693, 'min_child_weight': 10, 'reg_alpha': 0.338225235665085, 'reg_lambda': 0.3247493528912485}. Best is trial 3 with value: 1.2749144640676806.
[I 2026-04-10 08:45:25,164] Trial 5 finished with value: 1.3831301253835757 and parameters: {'n_estimators': 778, 'max_depth': 7, 'learning_rate': 0.15083664655236123, 'subsample': 0.8155097443689793, 'colsample_bytree': 0.7977472579933224, 'min_child_weight': 9, 'reg_alpha': 0.27374891624751063, 'reg_lambda': 0.33177702614316895}. Best is trial 3 with value: 1.2749144640676806.
[I 2026-04-10 08:45:31,744] Trial 6 finished with value: 1.2826832325912032 and parameters: {'n_estimators': 982, 'max_depth': 5, 'learning_rate': 0.03238989807528745, 'subsample': 0.8760903648254549, 'colsample_bytree': 0.648437379423729, 'min_child_weight': 9, 'reg_alpha': 0.973571843460161, 'reg_lambda': 0.6902282691910584}. Best is trial 3 with value: 1.2749144640676806.
[I 2026-04-10 08:45:40,277] Trial 7 finished with value: 1.3442277832831488 and parameters: {'n_estimators': 781, 'max_depth': 8, 'learning_rate': 0.10790560874009132, 'subsample': 0.996829849377018, 'colsample_bytree': 0.6121807466172462, 'min_child_weight': 4, 'reg_alpha': 0.8843244166710569, 'reg_lambda': 0.778774308694275}. Best is trial 3 with value: 1.2749144640676806.
[I 2026-04-10 08:45:47,974] Trial 8 finished with value: 1.3024881530496615 and parameters: {'n_estimators': 492, 'max_depth': 10, 'learning_rate': 0.030637548522163587, 'subsample': 0.6949657381627312, 'colsample_bytree': 0.827276739637785, 'min_child_weight': 9, 'reg_alpha': 0.034410935077371474, 'reg_lambda': 0.2813184269979362}. Best is trial 3 with value: 1.2749144640676806.
[I 2026-04-10 08:46:01,104] Trial 9 finished with value: 1.3617256140336227 and parameters: {'n_estimators': 670, 'max_depth': 10, 'learning_rate': 0.11523475639525575, 'subsample': 0.8031515277705982, 'colsample_bytree': 0.8741501132956799, 'min_child_weight': 8, 'reg_alpha': 0.31727589150958146, 'reg_lambda': 0.5886590259349163}. Best is trial 3 with value: 1.2749144640676806.
[I 2026-04-10 08:46:04,347] Trial 10 finished with value: 1.335980783131204 and parameters: {'n_estimators': 571, 'max_depth': 3, 'learning_rate': 0.2911155097785023, 'subsample': 0.7345402675080166, 'colsample_bytree': 0.9996784627350427, 'min_child_weight': 1, 'reg_alpha': 0.6227825367571835, 'reg_lambda': 0.9304130694383926}. Best is trial 3 with value: 1.2749144640676806.
[I 2026-04-10 08:46:06,929] Trial 11 finished with value: 1.2728258499904077 and parameters: {'n_estimators': 425, 'max_depth': 3, 'learning_rate': 0.012264896325871242, 'subsample': 0.8930433859181894, 'colsample_bytree': 0.7137241022261133, 'min_child_weight': 2, 'reg_alpha': 0.051093940978562846, 'reg_lambda': 0.9828789335069055}. Best is trial 11 with value: 1.2728258499904077.
