[I 2026-04-10 06:31:55,592] Trial 6 finished with value: 0.7458129887993667 and parameters: {'n_estimators': 937, 'max_depth': 5, 'learning_rate': 0.05268355063328704, 'subsample': 0.9621991109803082, 'colsample_bytree': 0.9644229943465603, 'min_child_weight': 6, 'reg_alpha': 0.6298099568701341, 'reg_lambda': 0.698037592326657}. Best is trial 0 with value: 0.7529060513335473.
[I 2026-04-10 06:32:10,789] Trial 7 finished with value: 0.7554159868484892 and parameters: {'n_estimators': 770, 'max_depth': 3, 'learning_rate': 0.01441511412768556, 'subsample': 0.9910272101806609, 'colsample_bytree': 0.9340118566759222, 'min_child_weight': 10, 'reg_alpha': 0.007069790938336706, 'reg_lambda': 0.6945975353446}. Best is trial 7 with value: 0.7554159868484892.
[I 2026-04-10 06:32:19,695] Trial 8 finished with value: 0.7529484488929212 and parameters: {'n_estimators': 358, 'max_depth': 6, 'learning_rate': 0.05107759507040536, 'subsample': 0.9255957663340004, 'colsample_bytree': 0.7670669311956487, 'min_child_weight': 10, 'reg_alpha': 0.44732149325660364, 'reg_lambda': 0.2008112785586904}. Best is trial 7 with value: 0.7554159868484892.
[I 2026-04-10 06:32:44,838] Trial 9 finished with value: 0.7264543511401979 and parameters: {'n_estimators': 999, 'max_depth': 6, 'learning_rate': 0.18847956090728007, 'subsample': 0.7885614280144563, 'colsample_bytree': 0.9139755441376824, 'min_child_weight': 2, 'reg_alpha': 0.281965369020873, 'reg_lambda': 0.6869943284775818}. Best is trial 7 with value: 0.7554159868484892.
[I 2026-04-10 06:32:59,506] Trial 10 finished with value: 0.7544837372067758 and parameters: {'n_estimators': 692, 'max_depth': 3, 'learning_rate': 0.01094271555890921, 'subsample': 0.9964183053444907, 'colsample_bytree': 0.8577188103319343, 'min_child_weight': 10, 'reg_alpha': 0.000271365498058688, 'reg_lambda': 0.40051591887371957}. Best is trial 7 with value: 0.7554159868484892.
[I 2026-04-10 06:33:14,491] Trial 11 finished with value: 0.7543839697223378 and parameters: {'n_estimators': 700, 'max_depth': 3, 'learning_rate': 0.010736898831703808, 'subsample': 0.993629076795615, 'colsample_bytree': 0.8578793691713907, 'min_child_weight': 10, 'reg_alpha': 0.0028486162709872105, 'reg_lambda': 0.39952107389242636}. Best is trial 7 with value: 0.7554159868484892.
[I 2026-04-10 06:33:28,448] Trial 12 finished with value: 0.7559601552548441 and parameters: {'n_estimators': 664, 'max_depth': 3, 'learning_rate': 0.020933888041739176, 'subsample': 0.9156340026425004, 'colsample_bytree': 0.8425331210667422, 'min_child_weight': 8, 'reg_alpha': 0.006174587075049599, 'reg_lambda': 0.415817306347296}. Best is trial 12 with value: 0.7559601552548441.
[I 2026-04-10 06:33:42,128] Trial 13 finished with value: 0.7561717757269166 and parameters: {'n_estimators': 650, 'max_depth': 3, 'learning_rate': 0.021804824330785243, 'subsample': 0.895015795214064, 'colsample_bytree': 0.9973888840185033, 'min_child_weight': 8, 'reg_alpha': 0.20604984561792106, 'reg_lambda': 0.8013637257693045}. Best is trial 13 with value: 0.7561717757269166.
[I 2026-04-10 06:33:54,660] Trial 14 finished with value: 0.7559764261912969 and parameters: {'n_estimators': 546, 'max_depth': 4, 'learning_rate': 0.02580307875099357, 'subsample': 0.8915697703478516, 'colsample_bytree': 0.8400197466646322, 'min_child_weight': 7, 'reg_alpha': 0.21428690658345678, 'reg_lambda': 0.8290731208934591}. Best is trial 13 with value: 0.7561717757269166.
[I 2026-04-10 06:34:06,311] Trial 15 finished with value: 0.7552344456211025 and parameters: {'n_estimators': 503, 'max_depth': 4, 'learning_rate': 0.030513760378708045, 'subsample': 0.7662674533838812, 'colsample_bytree': 0.9971230766269138, 'min_child_weight': 7, 'reg_alpha': 0.29833188386337495, 'reg_lambda': 0.8317692703548746}. Best is trial 13 with value: 0.7561717757269166.
[I 2026-04-10 06:34:22,890] Trial 16 finished with value: 0.7529396486185472 and parameters: {'n_estimators': 582, 'max_depth': 7, 'learning_rate': 0.024016360420603174, 'subsample': 0.8622361458922376, 'colsample_bytree': 0.8124075425289098, 'min_child_weight': 8, 'reg_alpha': 0.17659263937096853, 'reg_lambda': 0.8261108817019256}. Best is trial 13 with value: 0.7561717757269166.
[I 2026-04-10 06:34:32,448] Trial 17 finished with value: 0.7558840517651074 and parameters: {'n_estimators': 409, 'max_depth': 4, 'learning_rate': 0.03643900104709655, 'subsample': 0.7191458099038703, 'colsample_bytree': 0.6882415373270241, 'min_child_weight': 5, 'reg_alpha': 0.42172303601835803, 'reg_lambda': 0.8224455253376296}. Best is trial 13 with value: 0.7561717757269166.
[I 2026-04-10 06:34:54,920] Trial 18 finished with value: 0.7495815032366903 and parameters: {'n_estimators': 590, 'max_depth': 10, 'learning_rate': 0.019558521700476984, 'subsample': 0.887100210190791, 'colsample_bytree': 0.8987455177637762, 'min_child_weight': 8, 'reg_alpha': 0.18179211923535726, 'reg_lambda': 0.519169432625065}. Best is trial 13 with value: 0.7561717757269166.
[I 2026-04-10 06:35:04,548] Trial 19 finished with value: 0.7535593824614143 and parameters: {'n_estimators': 421, 'max_depth': 4, 'learning_rate': 0.06839915767149118, 'subsample': 0.8203224641142041, 'colsample_bytree': 0.9902733746369593, 'min_child_weight': 6, 'reg_alpha': 0.36775330286840435, 'reg_lambda': 0.8585291545548326}. Best is trial 13 with value: 0.7561717757269166.
[I 2026-04-10 06:35:12,065] Trial 20 finished with value: 0.756102951476477 and parameters: {'n_estimators': 314, 'max_depth': 4, 'learning_rate': 0.04069168844854234, 'subsample': 0.7383668160215971, 'colsample_bytree': 0.793362851114081, 'min_child_weight': 7, 'reg_alpha': 0.5258944448329872, 'reg_lambda': 0.7593423022927976}. Best is trial 13 with value: 0.7561717757269166.
[I 2026-04-10 06:35:19,699] Trial 21 finished with value: 0.7560510138195452 and parameters: {'n_estimators': 313, 'max_depth': 4, 'learning_rate': 0.02594430621471299, 'subsample': 0.7276900966289139, 'colsample_bytree': 0.8000672922044223, 'min_child_weight': 7, 'reg_alpha': 0.5379586169981296, 'reg_lambda': 0.761318141283877}. Best is trial 13 with value: 0.7561717757269166.
[I 2026-04-10 06:35:26,601] Trial 22 finished with value: 0.7561401340584442 and parameters: {'n_estimators': 286, 'max_depth': 4, 'learning_rate': 0.04440226521787206, 'subsample': 0.723215404612937, 'colsample_bytree': 0.7937822737081413, 'min_child_weight': 7, 'reg_alpha': 0.5526202905230043, 'reg_lambda': 0.7526187098805709}. Best is trial 13 with value: 0.7561717757269166.
[I 2026-04-10 06:35:29,358] Trial 23 finished with value: 0.7519705733724867 and parameters: {'n_estimators': 106, 'max_depth': 3, 'learning_rate': 0.03996883843751701, 'subsample': 0.7025032323498582, 'colsample_bytree': 0.7707037362057685, 'min_child_weight': 9, 'reg_alpha': 0.6789441022755935, 'reg_lambda': 0.991583236095159}. Best is trial 13 with value: 0.7561717757269166.
[I 2026-04-10 06:35:35,927] Trial 24 finished with value: 0.7543304748152082 and parameters: {'n_estimators': 274, 'max_depth': 4, 'learning_rate': 0.07167804077219055, 'subsample': 0.7627316941487506, 'colsample_bytree': 0.6844777822140636, 'min_child_weight': 6, 'reg_alpha': 0.7723645982334713, 'reg_lambda': 0.5745807820091737}. Best is trial 13 with value: 0.7561717757269166.
[I 2026-04-10 06:35:47,234] Trial 25 finished with value: 0.7529111421448254 and parameters: {'n_estimators': 420, 'max_depth': 6, 'learning_rate': 0.043771355072419825, 'subsample': 0.6633973348445874, 'colsample_bytree': 0.8762992967855484, 'min_child_weight': 5, 'reg_alpha': 0.4802725494262115, 'reg_lambda': 0.8993394168580091}. Best is trial 13 with value: 0.7561717757269166.
[I 2026-04-10 06:35:57,190] Trial 26 finished with value: 0.7436910569159529 and parameters: {'n_estimators': 316, 'max_depth': 8, 'learning_rate': 0.06623161204437057, 'subsample': 0.6871001759082618, 'colsample_bytree': 0.7866903095390242, 'min_child_weight': 9, 'reg_alpha': 0.5911568072057628, 'reg_lambda': 0.7639699880653081}. Best is trial 13 with value: 0.7561717757269166.
[I 2026-04-10 06:36:12,390] Trial 27 finished with value: 0.743797281039085 and parameters: {'n_estimators': 641, 'max_depth': 5, 'learning_rate': 0.08943401039573287, 'subsample': 0.7509819858976842, 'colsample_bytree': 0.8169015412098442, 'min_child_weight': 7, 'reg_alpha': 0.9287139879790149, 'reg_lambda': 0.7485127341658627}. Best is trial 13 with value: 0.7561717757269166.
[I 2026-04-10 06:36:23,061] Trial 28 finished with value: 0.7550481084769933 and parameters: {'n_estimators': 483, 'max_depth': 3, 'learning_rate': 0.01700597528517905, 'subsample': 0.7801544190063665, 'colsample_bytree': 0.7522998628011559, 'min_child_weight': 9, 'reg_alpha': 0.38331278638033595, 'reg_lambda': 0.6101859793261099}. Best is trial 13 with value: 0.7561717757269166.
[I 2026-04-10 06:36:29,510] Trial 29 finished with value: 0.7534570695713373 and parameters: {'n_estimators': 227, 'max_depth': 5, 'learning_rate': 0.015191400339084438, 'subsample': 0.8010945512367572, 'colsample_bytree': 0.7363305300779097, 'min_child_weight': 8, 'reg_alpha': 0.5339340810970444, 'reg_lambda': 0.4583160034741498}. Best is trial 13 with value: 0.7561717757269166.
[optuna] Best params: {'n_estimators': 650, 'max_depth': 3, 'learning_rate': 0.021804824330785243, 'subsample': 0.895015795214064, 'colsample_bytree': 0.9973888840185033, 'min_child_weight': 8, 'reg_alpha': 0.20604984561792106, 'reg_lambda': 0.8013637257693045}
[wf] pts_reb: auc_raw=0.563 brier_raw=0.274 auc_cal=0.552 brier_cal=0.249 folds=5
[optuna] Optimizing hyperparameters for pts_reb regression...
[I 2026-04-10 06:48:31,652] A new study created in memory with name: no-name-03168903-6804-4767-8298-4f16627e6e66
[I 2026-04-10 06:48:37,003] Trial 0 finished with value: 8.769071212960077 and parameters: {'n_estimators': 784, 'max_depth': 5, 'learning_rate': 0.26617836106739534, 'subsample': 0.8569803343716619, 'colsample_bytree': 0.9770459033691737, 'min_child_weight': 10, 'reg_alpha': 0.2858203892773814, 'reg_lambda': 0.726237534233908}. Best is trial 0 with value: 8.769071212960077.
[I 2026-04-10 06:48:41,976] Trial 1 finished with value: 8.013962912786813 and parameters: {'n_estimators': 635, 'max_depth': 6, 'learning_rate': 0.05155054879656133, 'subsample': 0.8105345487835007, 'colsample_bytree': 0.8142534331485334, 'min_child_weight': 2, 'reg_alpha': 0.5834302112801187, 'reg_lambda': 0.8457064574798877}. Best is trial 1 with value: 8.013962912786813.
[I 2026-04-10 06:48:48,620] Trial 2 finished with value: 8.590981631203904 and parameters: {'n_estimators': 387, 'max_depth': 10, 'learning_rate': 0.16475383945033312, 'subsample': 0.6951746472367615, 'colsample_bytree': 0.7535858779756504, 'min_child_weight': 7, 'reg_alpha': 0.7074411253889976, 'reg_lambda': 0.42937554173876835}. Best is trial 1 with value: 8.013962912786813.
[I 2026-04-10 06:48:50,273] Trial 3 finished with value: 7.949740120882709 and parameters: {'n_estimators': 215, 'max_depth': 4, 'learning_rate': 0.013600960870258555, 'subsample': 0.9034332100117349, 'colsample_bytree': 0.698691039793863, 'min_child_weight': 10, 'reg_alpha': 0.9362412995392286, 'reg_lambda': 0.31934201728699796}. Best is trial 3 with value: 7.949740120882709.
[I 2026-04-10 06:48:51,404] Trial 4 finished with value: 7.932240757556399 and parameters: {'n_estimators': 133, 'max_depth': 5, 'learning_rate': 0.057027687914274455, 'subsample': 0.8691815342954048, 'colsample_bytree': 0.896274810736913, 'min_child_weight': 10, 'reg_alpha': 0.8320950666989656, 'reg_lambda': 0.15859905200110203}. Best is trial 4 with value: 7.932240757556399.
[I 2026-04-10 06:48:56,229] Trial 5 finished with value: 8.11881246944805 and parameters: {'n_estimators': 899, 'max_depth': 3, 'learning_rate': 0.18602973225268118, 'subsample': 0.9192530310167457, 'colsample_bytree': 0.8617072147286137, 'min_child_weight': 2, 'reg_alpha': 0.687823221980931, 'reg_lambda': 0.8590256748781362}. Best is trial 4 with value: 7.932240757556399.
[I 2026-04-10 06:48:59,211] Trial 6 finished with value: 7.982665693533364 and parameters: {'n_estimators': 316, 'max_depth': 7, 'learning_rate': 0.04543023804863443, 'subsample': 0.8035080671701054, 'colsample_bytree': 0.7220571717548606, 'min_child_weight': 10, 'reg_alpha': 0.4285836349711456, 'reg_lambda': 0.607693344073807}. Best is trial 4 with value: 7.932240757556399.
[I 2026-04-10 06:49:00,533] Trial 7 finished with value: 8.132930739717652 and parameters: {'n_estimators': 171, 'max_depth': 5, 'learning_rate': 0.22303295240672444, 'subsample': 0.8096343636243715, 'colsample_bytree': 0.7194488302367732, 'min_child_weight': 8, 'reg_alpha': 0.7312289274688997, 'reg_lambda': 0.38757568347192306}. Best is trial 4 with value: 7.932240757556399.
[I 2026-04-10 06:49:06,961] Trial 8 finished with value: 7.99982737091983 and parameters: {'n_estimators': 934, 'max_depth': 5, 'learning_rate': 0.03891942519063522, 'subsample': 0.8602460773284741, 'colsample_bytree': 0.8595298344103326, 'min_child_weight': 1, 'reg_alpha': 0.4554582624871286, 'reg_lambda': 0.46580916028082353}. Best is trial 4 with value: 7.932240757556399.
[I 2026-04-10 06:49:12,511] Trial 9 finished with value: 7.944077078637303 and parameters: {'n_estimators': 494, 'max_depth': 8, 'learning_rate': 0.014785915918082053, 'subsample': 0.9774667714850281, 'colsample_bytree': 0.6107080702621405, 'min_child_weight': 6, 'reg_alpha': 0.03827576323537696, 'reg_lambda': 0.2656344014144626}. Best is trial 4 with value: 7.932240757556399.
[I 2026-04-10 06:49:21,637] Trial 10 finished with value: 8.391029193813349 and parameters: {'n_estimators': 582, 'max_depth': 9, 'learning_rate': 0.09228153668203652, 'subsample': 0.6969066389893264, 'colsample_bytree': 0.9967281907353456, 'min_child_weight': 5, 'reg_alpha': 0.9885107884517305, 'reg_lambda': 0.08885429948900209}. Best is trial 4 with value: 7.932240757556399.
[I 2026-04-10 06:49:26,365] Trial 11 finished with value: 7.962592274993586 and parameters: {'n_estimators': 391, 'max_depth': 8, 'learning_rate': 0.0148442083552776, 'subsample': 0.9957666301781686, 'colsample_bytree': 0.6231222885884141, 'min_child_weight': 5, 'reg_alpha': 0.004931613810841083, 'reg_lambda': 0.07510660420573262}. Best is trial 4 with value: 7.932240757556399.
[I 2026-04-10 06:49:30,966] Trial 12 finished with value: 7.968474047525163 and parameters: {'n_estimators': 474, 'max_depth': 7, 'learning_rate': 0.025322184943744826, 'subsample': 0.9789732809765226, 'colsample_bytree': 0.9086472484856774, 'min_child_weight': 7, 'reg_alpha': 0.013839438948756486, 'reg_lambda': 0.22075598696479345}. Best is trial 4 with value: 7.932240757556399.
[I 2026-04-10 06:49:32,443] Trial 13 finished with value: 8.087746798029288 and parameters: {'n_estimators': 120, 'max_depth': 8, 'learning_rate': 0.09531337227324518, 'subsample': 0.6157885786047488, 'colsample_bytree': 0.6269471330266657, 'min_child_weight': 4, 'reg_alpha': 0.24829829326992034, 'reg_lambda': 0.21836130631735387}. Best is trial 4 with value: 7.932240757556399.
[I 2026-04-10 06:49:38,229] Trial 14 finished with value: 7.961849352099193 and parameters: {'n_estimators': 715, 'max_depth': 6, 'learning_rate': 0.027746624979135163, 'subsample': 0.9450143513592905, 'colsample_bytree': 0.9262868580286326, 'min_child_weight': 8, 'reg_alpha': 0.8598136377682509, 'reg_lambda': 0.0014606583623346103}. Best is trial 4 with value: 7.932240757556399.
[I 2026-04-10 06:49:42,993] Trial 15 finished with value: 8.185105829597916 and parameters: {'n_estimators': 286, 'max_depth': 10, 'learning_rate': 0.08664259779231072, 'subsample': 0.8853145314118949, 'colsample_bytree': 0.7929491195442848, 'min_child_weight': 8, 'reg_alpha': 0.17167322604056234, 'reg_lambda': 0.2753825189051587}. Best is trial 4 with value: 7.932240757556399.
[I 2026-04-10 06:49:46,125] Trial 16 finished with value: 7.946983470248905 and parameters: {'n_estimators': 506, 'max_depth': 3, 'learning_rate': 0.01035425616737596, 'subsample': 0.7322377299741741, 'colsample_bytree': 0.6005478437223092, 'min_child_weight': 4, 'reg_alpha': 0.5685402608979195, 'reg_lambda': 0.5610942296935881}. Best is trial 4 with value: 7.932240757556399.
[I 2026-04-10 06:49:53,468] Trial 17 finished with value: 8.017740168876033 and parameters: {'n_estimators': 686, 'max_depth': 8, 'learning_rate': 0.0284169355656899, 'subsample': 0.9531577813226081, 'colsample_bytree': 0.6747069642491397, 'min_child_weight': 6, 'reg_alpha': 0.3741744854712175, 'reg_lambda': 0.1466022536237758}. Best is trial 4 with value: 7.932240757556399.
[I 2026-04-10 06:49:58,591] Trial 18 finished with value: 8.020242221772358 and parameters: {'n_estimators': 819, 'max_depth': 4, 'learning_rate': 0.06848318405878127, 'subsample': 0.8487543667498325, 'colsample_bytree': 0.9366879975667725, 'min_child_weight': 9, 'reg_alpha': 0.13308793501847813, 'reg_lambda': 0.3262234464230693}. Best is trial 4 with value: 7.932240757556399.
[I 2026-04-10 06:50:05,214] Trial 19 finished with value: 7.955715965404757 and parameters: {'n_estimators': 415, 'max_depth': 9, 'learning_rate': 0.017846853846441506, 'subsample': 0.7679195666594754, 'colsample_bytree': 0.8664415620127114, 'min_child_weight': 3, 'reg_alpha': 0.8188436666076184, 'reg_lambda': 0.15821189672972694}. Best is trial 4 with value: 7.932240757556399.
[I 2026-04-10 06:50:07,256] Trial 20 finished with value: 8.109159673071769 and parameters: {'n_estimators': 244, 'max_depth': 6, 'learning_rate': 0.13421502472420074, 'subsample': 0.9429878562304297, 'colsample_bytree': 0.8007845095311514, 'min_child_weight': 6, 'reg_alpha': 0.5607961362220675, 'reg_lambda': 0.5555097358950758}. Best is trial 4 with value: 7.932240757556399.
[I 2026-04-10 06:50:10,357] Trial 21 finished with value: 7.941575155107033 and parameters: {'n_estimators': 500, 'max_depth': 3, 'learning_rate': 0.01132107435133364, 'subsample': 0.7546658878504648, 'colsample_bytree': 0.660192393865762, 'min_child_weight': 4, 'reg_alpha': 0.6438168849765216, 'reg_lambda': 0.6633542442791114}. Best is trial 4 with value: 7.932240757556399.
[I 2026-04-10 06:50:14,235] Trial 22 finished with value: 7.929526871499179 and parameters: {'n_estimators': 562, 'max_depth': 4, 'learning_rate': 0.010468651052512717, 'subsample': 0.7588375280287695, 'colsample_bytree': 0.6504245208222101, 'min_child_weight': 4, 'reg_alpha': 0.7998711264461466, 'reg_lambda': 0.6821405777099002}. Best is trial 22 with value: 7.929526871499179.
[I 2026-04-10 06:50:18,364] Trial 23 finished with value: 7.929838438933718 and parameters: {'n_estimators': 601, 'max_depth': 4, 'learning_rate': 0.010172370900916763, 'subsample': 0.7613145814049924, 'colsample_bytree': 0.665817714862118, 'min_child_weight': 4, 'reg_alpha': 0.8390814071601366, 'reg_lambda': 0.9758009847283025}. Best is trial 22 with value: 7.929526871499179.
[I 2026-04-10 06:50:22,207] Trial 24 finished with value: 7.92562490979472 and parameters: {'n_estimators': 585, 'max_depth': 4, 'learning_rate': 0.021281599673943382, 'subsample': 0.6930755660384247, 'colsample_bytree': 0.7585232060022635, 'min_child_weight': 3, 'reg_alpha': 0.8154744105789798, 'reg_lambda': 0.9951718093181363}. Best is trial 24 with value: 7.92562490979472.
[I 2026-04-10 06:50:26,062] Trial 25 finished with value: 7.932405599645694 and parameters: {'n_estimators': 590, 'max_depth': 4, 'learning_rate': 0.020063284153695817, 'subsample': 0.6277053989620534, 'colsample_bytree': 0.6578957193736787, 'min_child_weight': 3, 'reg_alpha': 0.8019932826501813, 'reg_lambda': 0.9959726151538753}. Best is trial 24 with value: 7.92562490979472.
[I 2026-04-10 06:50:30,708] Trial 26 finished with value: 7.926062398046366 and parameters: {'n_estimators': 674, 'max_depth': 4, 'learning_rate': 0.010082890725943086, 'subsample': 0.6604040193839169, 'colsample_bytree': 0.7494732591753304, 'min_child_weight': 3, 'reg_alpha': 0.917728229068114, 'reg_lambda': 0.8924007768766828}. Best is trial 24 with value: 7.92562490979472.
[I 2026-04-10 06:50:34,736] Trial 27 finished with value: 7.928099112901437 and parameters: {'n_estimators': 698, 'max_depth': 3, 'learning_rate': 0.02134763164387199, 'subsample': 0.6597265254729235, 'colsample_bytree': 0.7532149067587658, 'min_child_weight': 1, 'reg_alpha': 0.9205458263814342, 'reg_lambda': 0.8625737687458498}. Best is trial 24 with value: 7.92562490979472.
[I 2026-04-10 06:50:39,178] Trial 28 finished with value: 7.927910613655879 and parameters: {'n_estimators': 770, 'max_depth': 3, 'learning_rate': 0.02038979184003218, 'subsample': 0.6478233124663573, 'colsample_bytree': 0.7619285190730156, 'min_child_weight': 1, 'reg_alpha': 0.9177305460804716, 'reg_lambda': 0.8851458251446818}. Best is trial 24 with value: 7.92562490979472.
[I 2026-04-10 06:50:43,721] Trial 29 finished with value: 7.934551930152453 and parameters: {'n_estimators': 805, 'max_depth': 3, 'learning_rate': 0.036353529762004407, 'subsample': 0.6518480598976255, 'colsample_bytree': 0.7662714510740883, 'min_child_weight': 2, 'reg_alpha': 0.9824644359663353, 'reg_lambda': 0.7826815607102933}. Best is trial 24 with value: 7.92562490979472.
[optuna] Best params: {'n_estimators': 585, 'max_depth': 4, 'learning_rate': 0.021281599673943382, 'subsample': 0.6930755660384247, 'colsample_bytree': 0.7585232060022635, 'min_child_weight': 3, 'reg_alpha': 0.8154744105789798, 'reg_lambda': 0.9951718093181363}
[optuna] Optimizing hyperparameters for pts_reb classification...
[I 2026-04-10 06:58:14,151] A new study created in memory with name: no-name-1a306bae-2716-49e6-ae4e-0ff489e7415c
[I 2026-04-10 06:58:23,586] Trial 0 finished with value: 0.5837862354941398 and parameters: {'n_estimators': 472, 'max_depth': 4, 'learning_rate': 0.12822028985611808, 'subsample': 0.7015238686144738, 'colsample_bytree': 0.6087045223052189, 'min_child_weight': 9, 'reg_alpha': 0.4676972974351401, 'reg_lambda': 0.09213293981042081}. Best is trial 0 with value: 0.5837862354941398.
