[I 2026-04-10 04:50:08,610] Trial 26 finished with value: 0.6622153997685155 and parameters: {'n_estimators': 529, 'max_depth': 4, 'learning_rate': 0.0359387130098498, 'subsample': 0.870440695986369, 'colsample_bytree': 0.6785143086329959, 'min_child_weight': 6, 'reg_alpha': 0.602881941006326, 'reg_lambda': 0.74510779744227}. Best is trial 25 with value: 0.6639707356405334.
[I 2026-04-10 04:50:20,048] Trial 27 finished with value: 0.6612693905291444 and parameters: {'n_estimators': 336, 'max_depth': 6, 'learning_rate': 0.010192153584814047, 'subsample': 0.9519235089327561, 'colsample_bytree': 0.8109529976594037, 'min_child_weight': 5, 'reg_alpha': 0.7796483183548344, 'reg_lambda': 0.9031711344301525}. Best is trial 25 with value: 0.6639707356405334.
[I 2026-04-10 04:50:33,804] Trial 28 finished with value: 0.6585563229256646 and parameters: {'n_estimators': 565, 'max_depth': 4, 'learning_rate': 0.066076415687696, 'subsample': 0.7672497495039582, 'colsample_bytree': 0.8708960411084147, 'min_child_weight': 7, 'reg_alpha': 0.4624360392653015, 'reg_lambda': 0.7803394718149353}. Best is trial 25 with value: 0.6639707356405334.
[I 2026-04-10 04:50:46,574] Trial 29 finished with value: 0.6634096905648434 and parameters: {'n_estimators': 449, 'max_depth': 5, 'learning_rate': 0.022054594511346757, 'subsample': 0.8041000771167502, 'colsample_bytree': 0.7266145446390214, 'min_child_weight': 6, 'reg_alpha': 0.971498802911126, 'reg_lambda': 0.9122364727050317}. Best is trial 25 with value: 0.6639707356405334.
[optuna] Best params: {'n_estimators': 533, 'max_depth': 4, 'learning_rate': 0.024809351145698596, 'subsample': 0.8612160637287317, 'colsample_bytree': 0.7747982336923263, 'min_child_weight': 6, 'reg_alpha': 0.6180959432546882, 'reg_lambda': 0.9151431026247016}
[wf] steals: auc_raw=0.719 brier_raw=0.200 auc_cal=0.713 brier_cal=0.189 folds=5
[optuna] Optimizing hyperparameters for steals regression...
[I 2026-04-10 05:01:34,294] A new study created in memory with name: no-name-44aba1bf-3085-4704-abeb-1effe1a355b6
[I 2026-04-10 05:01:35,640] Trial 0 finished with value: 0.984222061438503 and parameters: {'n_estimators': 227, 'max_depth': 3, 'learning_rate': 0.1222179318047989, 'subsample': 0.8597031422117463, 'colsample_bytree': 0.8229168425505421, 'min_child_weight': 10, 'reg_alpha': 0.2886411719783367, 'reg_lambda': 0.6642514889673488}. Best is trial 0 with value: 0.984222061438503.
[I 2026-04-10 05:01:37,204] Trial 1 finished with value: 1.0863059531025316 and parameters: {'n_estimators': 132, 'max_depth': 8, 'learning_rate': 0.27987280945906456, 'subsample': 0.8354437053953148, 'colsample_bytree': 0.6261902075504003, 'min_child_weight': 3, 'reg_alpha': 0.43368860156041955, 'reg_lambda': 0.46310939188882505}. Best is trial 0 with value: 0.984222061438503.
[I 2026-04-10 05:01:38,069] Trial 2 finished with value: 0.9870028033894607 and parameters: {'n_estimators': 136, 'max_depth': 3, 'learning_rate': 0.1515612397414344, 'subsample': 0.7869539253353268, 'colsample_bytree': 0.987093378667374, 'min_child_weight': 8, 'reg_alpha': 0.376303012262158, 'reg_lambda': 0.5320467100402435}. Best is trial 0 with value: 0.984222061438503.
[I 2026-04-10 05:01:42,163] Trial 3 finished with value: 0.9885575198027744 and parameters: {'n_estimators': 522, 'max_depth': 6, 'learning_rate': 0.019128862098316785, 'subsample': 0.8900755329579536, 'colsample_bytree': 0.7686044349459594, 'min_child_weight': 4, 'reg_alpha': 0.9790078358908236, 'reg_lambda': 0.7343658901997555}. Best is trial 0 with value: 0.984222061438503.
[I 2026-04-10 05:01:45,349] Trial 4 finished with value: 1.0428521747289656 and parameters: {'n_estimators': 378, 'max_depth': 6, 'learning_rate': 0.14132302526626128, 'subsample': 0.6906821255567794, 'colsample_bytree': 0.7554985049994154, 'min_child_weight': 9, 'reg_alpha': 0.23590660552531573, 'reg_lambda': 0.8199683105280167}. Best is trial 0 with value: 0.984222061438503.
[I 2026-04-10 05:01:47,955] Trial 5 finished with value: 0.9878536245588511 and parameters: {'n_estimators': 460, 'max_depth': 3, 'learning_rate': 0.07476228599824522, 'subsample': 0.9424079783718126, 'colsample_bytree': 0.7637709237572124, 'min_child_weight': 4, 'reg_alpha': 0.025062732442104663, 'reg_lambda': 0.3259241416888531}. Best is trial 0 with value: 0.984222061438503.
[I 2026-04-10 05:01:54,931] Trial 6 finished with value: 1.0954348506107103 and parameters: {'n_estimators': 856, 'max_depth': 6, 'learning_rate': 0.15986055880815597, 'subsample': 0.8794958460850031, 'colsample_bytree': 0.9658883128047209, 'min_child_weight': 3, 'reg_alpha': 0.03736295551868152, 'reg_lambda': 0.08194187699157096}. Best is trial 0 with value: 0.984222061438503.
[I 2026-04-10 05:02:12,373] Trial 7 finished with value: 1.0198687061148353 and parameters: {'n_estimators': 793, 'max_depth': 10, 'learning_rate': 0.03191624597790636, 'subsample': 0.9066846656824645, 'colsample_bytree': 0.8025908432165223, 'min_child_weight': 1, 'reg_alpha': 0.33457895609702426, 'reg_lambda': 0.4753801515601985}. Best is trial 0 with value: 0.984222061438503.
[I 2026-04-10 05:02:13,620] Trial 8 finished with value: 0.9993893638352305 and parameters: {'n_estimators': 172, 'max_depth': 4, 'learning_rate': 0.16431055165005212, 'subsample': 0.6531432283424672, 'colsample_bytree': 0.678935189060042, 'min_child_weight': 4, 'reg_alpha': 0.34540344234808396, 'reg_lambda': 0.4229933181473279}. Best is trial 0 with value: 0.984222061438503.
[I 2026-04-10 05:02:18,836] Trial 9 finished with value: 0.9922505124050696 and parameters: {'n_estimators': 557, 'max_depth': 7, 'learning_rate': 0.027412321094480625, 'subsample': 0.7200037505532341, 'colsample_bytree': 0.7263399061970389, 'min_child_weight': 8, 'reg_alpha': 0.9502667585415387, 'reg_lambda': 0.35249710860650596}. Best is trial 0 with value: 0.984222061438503.
[I 2026-04-10 05:02:20,929] Trial 10 finished with value: 0.9817556508033037 and parameters: {'n_estimators': 287, 'max_depth': 4, 'learning_rate': 0.010916180467839647, 'subsample': 0.9967525882279765, 'colsample_bytree': 0.8734526890088202, 'min_child_weight': 10, 'reg_alpha': 0.6401702533187446, 'reg_lambda': 0.9788222881446307}. Best is trial 10 with value: 0.9817556508033037.
[I 2026-04-10 05:02:23,188] Trial 11 finished with value: 0.9815477383456372 and parameters: {'n_estimators': 322, 'max_depth': 4, 'learning_rate': 0.013588091867488328, 'subsample': 0.987601310471539, 'colsample_bytree': 0.8730069596034882, 'min_child_weight': 10, 'reg_alpha': 0.6676791798509851, 'reg_lambda': 0.9976776461755579}. Best is trial 11 with value: 0.9815477383456372.
[I 2026-04-10 05:02:25,926] Trial 12 finished with value: 0.982116605871355 and parameters: {'n_estimators': 340, 'max_depth': 5, 'learning_rate': 0.01066618756450469, 'subsample': 0.9793704832910527, 'colsample_bytree': 0.8830526296002414, 'min_child_weight': 7, 'reg_alpha': 0.6923796337650936, 'reg_lambda': 0.9785867902195434}. Best is trial 11 with value: 0.9815477383456372.
[I 2026-04-10 05:02:30,218] Trial 13 finished with value: 0.9828916023212789 and parameters: {'n_estimators': 657, 'max_depth': 4, 'learning_rate': 0.010604471240236278, 'subsample': 0.9989215980997543, 'colsample_bytree': 0.8776695068301881, 'min_child_weight': 10, 'reg_alpha': 0.6750765604160999, 'reg_lambda': 0.9728500763769935}. Best is trial 11 with value: 0.9815477383456372.
[I 2026-04-10 05:02:32,575] Trial 14 finished with value: 0.9836147223695568 and parameters: {'n_estimators': 301, 'max_depth': 5, 'learning_rate': 0.01740962029955343, 'subsample': 0.9438923048719723, 'colsample_bytree': 0.9081681805927483, 'min_child_weight': 6, 'reg_alpha': 0.6206920184253675, 'reg_lambda': 0.8551401049820205}. Best is trial 11 with value: 0.9815477383456372.
[I 2026-04-10 05:02:35,292] Trial 15 finished with value: 0.9888876399944837 and parameters: {'n_estimators': 422, 'max_depth': 4, 'learning_rate': 0.04985266804728798, 'subsample': 0.7733288366339616, 'colsample_bytree': 0.9301634717718958, 'min_child_weight': 10, 'reg_alpha': 0.8130685980139762, 'reg_lambda': 0.9969773766495926}. Best is trial 11 with value: 0.9815477383456372.
[I 2026-04-10 05:02:48,379] Trial 16 finished with value: 1.0003270663926218 and parameters: {'n_estimators': 969, 'max_depth': 9, 'learning_rate': 0.01607072966760953, 'subsample': 0.9564493568452573, 'colsample_bytree': 0.8512756512667432, 'min_child_weight': 8, 'reg_alpha': 0.5318817333706181, 'reg_lambda': 0.6632107363888935}. Best is trial 11 with value: 0.9815477383456372.
[I 2026-04-10 05:02:50,488] Trial 17 finished with value: 0.9870993435840365 and parameters: {'n_estimators': 273, 'max_depth': 5, 'learning_rate': 0.035362253263652284, 'subsample': 0.9972999835303288, 'colsample_bytree': 0.9292207005615095, 'min_child_weight': 6, 'reg_alpha': 0.8253177619468671, 'reg_lambda': 0.8758958584912311}. Best is trial 11 with value: 0.9815477383456372.
[I 2026-04-10 05:02:56,526] Trial 18 finished with value: 0.9869119542716381 and parameters: {'n_estimators': 629, 'max_depth': 7, 'learning_rate': 0.012946591250072763, 'subsample': 0.8345327349963894, 'colsample_bytree': 0.8388946390283043, 'min_child_weight': 9, 'reg_alpha': 0.5492999733389471, 'reg_lambda': 0.09062542132949702}. Best is trial 11 with value: 0.9815477383456372.
[I 2026-04-10 05:02:58,391] Trial 19 finished with value: 0.9828901691687129 and parameters: {'n_estimators': 267, 'max_depth': 4, 'learning_rate': 0.02392568482502453, 'subsample': 0.918601185965798, 'colsample_bytree': 0.9486822150687146, 'min_child_weight': 9, 'reg_alpha': 0.7854283908216799, 'reg_lambda': 0.757956053838659}. Best is trial 11 with value: 0.9815477383456372.
[I 2026-04-10 05:03:01,845] Trial 20 finished with value: 0.9935994677757074 and parameters: {'n_estimators': 460, 'max_depth': 5, 'learning_rate': 0.043733748153385744, 'subsample': 0.6151811130386994, 'colsample_bytree': 0.8776369801845534, 'min_child_weight': 7, 'reg_alpha': 0.1667652918593726, 'reg_lambda': 0.5850505443498393}. Best is trial 11 with value: 0.9815477383456372.
[I 2026-04-10 05:03:04,619] Trial 21 finished with value: 0.9821413443273127 and parameters: {'n_estimators': 342, 'max_depth': 5, 'learning_rate': 0.010119446858081532, 'subsample': 0.9700276778336292, 'colsample_bytree': 0.8866858095709709, 'min_child_weight': 7, 'reg_alpha': 0.6842536420777323, 'reg_lambda': 0.9328763935157712}. Best is trial 11 with value: 0.9815477383456372.
[I 2026-04-10 05:03:06,239] Trial 22 finished with value: 0.9819848431922718 and parameters: {'n_estimators': 214, 'max_depth': 4, 'learning_rate': 0.01456724267909687, 'subsample': 0.9974183698758706, 'colsample_bytree': 0.8531712944251416, 'min_child_weight': 10, 'reg_alpha': 0.731241989901182, 'reg_lambda': 0.902805968766506}. Best is trial 11 with value: 0.9815477383456372.
[I 2026-04-10 05:03:07,635] Trial 23 finished with value: 0.9817726325316422 and parameters: {'n_estimators': 207, 'max_depth': 3, 'learning_rate': 0.015582071679853498, 'subsample': 0.9238878964949406, 'colsample_bytree': 0.8468029853157646, 'min_child_weight': 10, 'reg_alpha': 0.5941465871587726, 'reg_lambda': 0.8940416729219797}. Best is trial 11 with value: 0.9815477383456372.
[I 2026-04-10 05:03:08,453] Trial 24 finished with value: 0.9823502912949963 and parameters: {'n_estimators': 107, 'max_depth': 3, 'learning_rate': 0.02153812801076719, 'subsample': 0.9253089243918229, 'colsample_bytree': 0.8141101799287792, 'min_child_weight': 9, 'reg_alpha': 0.5971877893999653, 'reg_lambda': 0.793629213597305}. Best is trial 11 with value: 0.9815477383456372.
[I 2026-04-10 05:03:09,940] Trial 25 finished with value: 0.9822506831456581 and parameters: {'n_estimators': 217, 'max_depth': 3, 'learning_rate': 0.0134164054504825, 'subsample': 0.9563556905895466, 'colsample_bytree': 0.915161903009209, 'min_child_weight': 10, 'reg_alpha': 0.4906698122610962, 'reg_lambda': 0.8979222699589929}. Best is trial 11 with value: 0.9815477383456372.
[I 2026-04-10 05:03:12,450] Trial 26 finished with value: 0.9908751037051374 and parameters: {'n_estimators': 390, 'max_depth': 4, 'learning_rate': 0.0742607285642866, 'subsample': 0.9169022408256796, 'colsample_bytree': 0.7776526943340755, 'min_child_weight': 9, 'reg_alpha': 0.8918614904240516, 'reg_lambda': 0.6685815882475642}. Best is trial 11 with value: 0.9815477383456372.
[I 2026-04-10 05:03:14,339] Trial 27 finished with value: 0.9809813704435577 and parameters: {'n_estimators': 303, 'max_depth': 3, 'learning_rate': 0.021706586758267605, 'subsample': 0.8683507292798174, 'colsample_bytree': 0.8377186447183844, 'min_child_weight': 8, 'reg_alpha': 0.4654907458006271, 'reg_lambda': 0.20110265000163108}. Best is trial 27 with value: 0.9809813704435577.
[I 2026-04-10 05:03:16,428] Trial 28 finished with value: 0.9825434647582965 and parameters: {'n_estimators': 307, 'max_depth': 4, 'learning_rate': 0.02565434480385155, 'subsample': 0.7550173642132361, 'colsample_bytree': 0.7238853483469789, 'min_child_weight': 8, 'reg_alpha': 0.4612142721640901, 'reg_lambda': 0.20303558939919583}. Best is trial 27 with value: 0.9809813704435577.
[I 2026-04-10 05:03:19,436] Trial 29 finished with value: 0.9878139741715894 and parameters: {'n_estimators': 526, 'max_depth': 3, 'learning_rate': 0.07148602304702574, 'subsample': 0.8175812855480803, 'colsample_bytree': 0.8231758972455754, 'min_child_weight': 9, 'reg_alpha': 0.42258472490878873, 'reg_lambda': 0.004223268609932218}. Best is trial 27 with value: 0.9809813704435577.
[optuna] Best params: {'n_estimators': 303, 'max_depth': 3, 'learning_rate': 0.021706586758267605, 'subsample': 0.8683507292798174, 'colsample_bytree': 0.8377186447183844, 'min_child_weight': 8, 'reg_alpha': 0.4654907458006271, 'reg_lambda': 0.20110265000163108}
[optuna] Optimizing hyperparameters for steals classification...
[I 2026-04-10 05:10:00,849] A new study created in memory with name: no-name-9aa95ade-c60e-49ca-ab35-cf25e80dc674
[I 2026-04-10 05:10:24,966] Trial 0 finished with value: 0.7227990229633239 and parameters: {'n_estimators': 986, 'max_depth': 7, 'learning_rate': 0.16647288409563288, 'subsample': 0.9389586693925505, 'colsample_bytree': 0.6733166358705005, 'min_child_weight': 4, 'reg_alpha': 0.032118718917119704, 'reg_lambda': 0.8915727835750019}. Best is trial 0 with value: 0.7227990229633239.
[I 2026-04-10 05:10:48,049] Trial 1 finished with value: 0.7427571432466842 and parameters: {'n_estimators': 982, 'max_depth': 6, 'learning_rate': 0.03900299961057952, 'subsample': 0.8845746571856802, 'colsample_bytree': 0.7426042996483336, 'min_child_weight': 6, 'reg_alpha': 0.330033089564142, 'reg_lambda': 0.41318034437000717}. Best is trial 1 with value: 0.7427571432466842.
[I 2026-04-10 05:10:54,539] Trial 2 finished with value: 0.752568641034224 and parameters: {'n_estimators': 274, 'max_depth': 5, 'learning_rate': 0.071957006123766, 'subsample': 0.7982887294355085, 'colsample_bytree': 0.6160580386117354, 'min_child_weight': 10, 'reg_alpha': 0.8913900129491976, 'reg_lambda': 0.05184437892167837}. Best is trial 2 with value: 0.752568641034224.
[I 2026-04-10 05:11:29,363] Trial 3 finished with value: 0.7234000154674749 and parameters: {'n_estimators': 943, 'max_depth': 9, 'learning_rate': 0.13943066957791608, 'subsample': 0.723470053506585, 'colsample_bytree': 0.9551340941437804, 'min_child_weight': 2, 'reg_alpha': 0.7691134081242627, 'reg_lambda': 0.3355840099245333}. Best is trial 2 with value: 0.752568641034224.
[I 2026-04-10 05:11:42,124] Trial 4 finished with value: 0.7533327002168269 and parameters: {'n_estimators': 491, 'max_depth': 6, 'learning_rate': 0.021666201595965582, 'subsample': 0.8974142136598704, 'colsample_bytree': 0.9212202449565232, 'min_child_weight': 1, 'reg_alpha': 0.49972918357842566, 'reg_lambda': 0.06405387625773018}. Best is trial 4 with value: 0.7533327002168269.
[I 2026-04-10 05:11:49,568] Trial 5 finished with value: 0.7505652915501513 and parameters: {'n_estimators': 347, 'max_depth': 4, 'learning_rate': 0.10491202489736307, 'subsample': 0.614002664202973, 'colsample_bytree': 0.8033516605842325, 'min_child_weight': 1, 'reg_alpha': 0.9987254397559681, 'reg_lambda': 0.04651472098351861}. Best is trial 4 with value: 0.7533327002168269.
[I 2026-04-10 05:11:54,302] Trial 6 finished with value: 0.7417302016319361 and parameters: {'n_estimators': 215, 'max_depth': 4, 'learning_rate': 0.23114116474776433, 'subsample': 0.761641112678432, 'colsample_bytree': 0.853296937813009, 'min_child_weight': 4, 'reg_alpha': 0.7085040227833429, 'reg_lambda': 0.7860064513746603}. Best is trial 4 with value: 0.7533327002168269.
[I 2026-04-10 05:12:09,151] Trial 7 finished with value: 0.7311867784587436 and parameters: {'n_estimators': 771, 'max_depth': 3, 'learning_rate': 0.24150504859929237, 'subsample': 0.9522791353643267, 'colsample_bytree': 0.9863471781574448, 'min_child_weight': 6, 'reg_alpha': 0.8752252838636831, 'reg_lambda': 0.3290015788583257}. Best is trial 4 with value: 0.7533327002168269.
[I 2026-04-10 05:12:24,496] Trial 8 finished with value: 0.7234139021101584 and parameters: {'n_estimators': 505, 'max_depth': 8, 'learning_rate': 0.2404815871629868, 'subsample': 0.9909896252985625, 'colsample_bytree': 0.9191606627163136, 'min_child_weight': 4, 'reg_alpha': 0.729511634811085, 'reg_lambda': 0.9025171446937041}. Best is trial 4 with value: 0.7533327002168269.
[I 2026-04-10 05:12:32,137] Trial 9 finished with value: 0.7340736486880384 and parameters: {'n_estimators': 357, 'max_depth': 4, 'learning_rate': 0.2016539668918122, 'subsample': 0.814183504905407, 'colsample_bytree': 0.8277404724779354, 'min_child_weight': 2, 'reg_alpha': 0.16843336876528947, 'reg_lambda': 0.320626838707901}. Best is trial 4 with value: 0.7533327002168269.
[I 2026-04-10 05:12:56,156] Trial 10 finished with value: 0.7497538426567575 and parameters: {'n_estimators': 604, 'max_depth': 10, 'learning_rate': 0.012634113660254322, 'subsample': 0.8820500058028614, 'colsample_bytree': 0.8938473940023153, 'min_child_weight': 9, 'reg_alpha': 0.4879180916916695, 'reg_lambda': 0.6499248056029179}. Best is trial 4 with value: 0.7533327002168269.
[I 2026-04-10 05:12:59,916] Trial 11 finished with value: 0.7550672082947039 and parameters: {'n_estimators': 111, 'max_depth': 6, 'learning_rate': 0.03808232891895403, 'subsample': 0.8252850746346606, 'colsample_bytree': 0.629800432245754, 'min_child_weight': 10, 'reg_alpha': 0.5112205731388639, 'reg_lambda': 0.002944737201011585}. Best is trial 11 with value: 0.7550672082947039.
[I 2026-04-10 05:13:03,672] Trial 12 finished with value: 0.7554363884809153 and parameters: {'n_estimators': 111, 'max_depth': 6, 'learning_rate': 0.026535054345621773, 'subsample': 0.8633885492458411, 'colsample_bytree': 0.7327404051027355, 'min_child_weight': 8, 'reg_alpha': 0.512699237341036, 'reg_lambda': 0.16198265637851778}. Best is trial 12 with value: 0.7554363884809153.
[I 2026-04-10 05:13:07,502] Trial 13 finished with value: 0.7545289143054869 and parameters: {'n_estimators': 106, 'max_depth': 7, 'learning_rate': 0.03418481914830592, 'subsample': 0.6927464038829452, 'colsample_bytree': 0.720304852538617, 'min_child_weight': 8, 'reg_alpha': 0.32866220486246706, 'reg_lambda': 0.16137441453560858}. Best is trial 12 with value: 0.7554363884809153.
[I 2026-04-10 05:13:11,744] Trial 14 finished with value: 0.75340441946664 and parameters: {'n_estimators': 107, 'max_depth': 8, 'learning_rate': 0.01873455507098551, 'subsample': 0.8279273689572528, 'colsample_bytree': 0.6106882181353025, 'min_child_weight': 8, 'reg_alpha': 0.6038677502238181, 'reg_lambda': 0.19265269944606173}. Best is trial 12 with value: 0.7554363884809153.
[I 2026-04-10 05:13:16,681] Trial 15 finished with value: 0.7542976132604686 and parameters: {'n_estimators': 184, 'max_depth': 5, 'learning_rate': 0.054090790211363454, 'subsample': 0.8475200446113557, 'colsample_bytree': 0.6840797039236081, 'min_child_weight': 10, 'reg_alpha': 0.4047622018252475, 'reg_lambda': 0.5702636287664098}. Best is trial 12 with value: 0.7554363884809153.
[I 2026-04-10 05:13:27,051] Trial 16 finished with value: 0.7517998804914238 and parameters: {'n_estimators': 372, 'max_depth': 6, 'learning_rate': 0.028552409224493147, 'subsample': 0.7558969570873848, 'colsample_bytree': 0.7698834883067117, 'min_child_weight': 8, 'reg_alpha': 0.593587587987803, 'reg_lambda': 0.1879423587050854}. Best is trial 12 with value: 0.7554363884809153.
[I 2026-04-10 05:13:48,549] Trial 17 finished with value: 0.7528352434176256 and parameters: {'n_estimators': 647, 'max_depth': 8, 'learning_rate': 0.01142534058749916, 'subsample': 0.6667603081862858, 'colsample_bytree': 0.6655554318104827, 'min_child_weight': 7, 'reg_alpha': 0.2260167152305384, 'reg_lambda': 0.18070472232892715}. Best is trial 12 with value: 0.7554363884809153.
[I 2026-04-10 05:13:55,007] Trial 18 finished with value: 0.7526719475478645 and parameters: {'n_estimators': 250, 'max_depth': 5, 'learning_rate': 0.052901884157473406, 'subsample': 0.7783347756487562, 'colsample_bytree': 0.7214912983205699, 'min_child_weight': 9, 'reg_alpha': 0.555874072412572, 'reg_lambda': 0.025332886783221174}. Best is trial 12 with value: 0.7554363884809153.
[I 2026-04-10 05:13:58,394] Trial 19 finished with value: 0.7519309426603306 and parameters: {'n_estimators': 100, 'max_depth': 7, 'learning_rate': 0.07896607946374957, 'subsample': 0.8547619145572862, 'colsample_bytree': 0.6406831836389074, 'min_child_weight': 10, 'reg_alpha': 0.4130110908257316, 'reg_lambda': 0.5017802986700682}. Best is trial 12 with value: 0.7554363884809153.
[I 2026-04-10 05:14:07,931] Trial 20 finished with value: 0.7555310209849914 and parameters: {'n_estimators': 428, 'max_depth': 3, 'learning_rate': 0.02146530906668515, 'subsample': 0.9253882724273469, 'colsample_bytree': 0.7677694999371445, 'min_child_weight': 7, 'reg_alpha': 0.6345749154810634, 'reg_lambda': 0.2685221962755473}. Best is trial 20 with value: 0.7555310209849914.
