[I 2026-04-10 07:18:17,988] Trial 27 finished with value: 7.593960857914778 and parameters: {'n_estimators': 376, 'max_depth': 8, 'learning_rate': 0.07214933401862217, 'subsample': 0.7904446558355764, 'colsample_bytree': 0.9943255319533267, 'min_child_weight': 5, 'reg_alpha': 0.4412484186248549, 'reg_lambda': 0.2749387668940011}. Best is trial 6 with value: 7.3419732982908705.
[I 2026-04-10 07:18:19,497] Trial 28 finished with value: 7.343324094428877 and parameters: {'n_estimators': 227, 'max_depth': 3, 'learning_rate': 0.05105422037634734, 'subsample': 0.8409052693348246, 'colsample_bytree': 0.8279394227970547, 'min_child_weight': 9, 'reg_alpha': 0.6844640506056614, 'reg_lambda': 0.6403261471324817}. Best is trial 6 with value: 7.3419732982908705.
[I 2026-04-10 07:18:22,956] Trial 29 finished with value: 7.501223662865571 and parameters: {'n_estimators': 421, 'max_depth': 6, 'learning_rate': 0.08570714755417222, 'subsample': 0.8905260512455904, 'colsample_bytree': 0.761963023509556, 'min_child_weight': 9, 'reg_alpha': 0.7050960239649616, 'reg_lambda': 0.6531851937872588}. Best is trial 6 with value: 7.3419732982908705.
[optuna] Best params: {'n_estimators': 179, 'max_depth': 3, 'learning_rate': 0.06633733064559756, 'subsample': 0.7039723565914903, 'colsample_bytree': 0.8576826855262236, 'min_child_weight': 10, 'reg_alpha': 0.016580429593120116, 'reg_lambda': 0.17735828233602768}
[optuna] Optimizing hyperparameters for pts_ast classification...
[I 2026-04-10 07:25:53,545] A new study created in memory with name: no-name-282fd54a-621b-45bb-833a-c7f559e9eb1b
[I 2026-04-10 07:26:09,912] Trial 0 finished with value: 0.5644681152025955 and parameters: {'n_estimators': 817, 'max_depth': 4, 'learning_rate': 0.24411830148313657, 'subsample': 0.8568227857690343, 'colsample_bytree': 0.7747241132743283, 'min_child_weight': 5, 'reg_alpha': 0.6700154884080713, 'reg_lambda': 0.7398375893438364}. Best is trial 0 with value: 0.5644681152025955.
[I 2026-04-10 07:26:37,644] Trial 1 finished with value: 0.5701497022145037 and parameters: {'n_estimators': 958, 'max_depth': 8, 'learning_rate': 0.06123398405331938, 'subsample': 0.6290059846463472, 'colsample_bytree': 0.8682120944570918, 'min_child_weight': 9, 'reg_alpha': 0.9664055185768945, 'reg_lambda': 0.0897520829047711}. Best is trial 1 with value: 0.5701497022145037.
[I 2026-04-10 07:26:55,625] Trial 2 finished with value: 0.5790238490042746 and parameters: {'n_estimators': 790, 'max_depth': 5, 'learning_rate': 0.0588614390018903, 'subsample': 0.9742927411217689, 'colsample_bytree': 0.8970672036291919, 'min_child_weight': 9, 'reg_alpha': 0.6871894236925387, 'reg_lambda': 0.713609296686128}. Best is trial 2 with value: 0.5790238490042746.
[I 2026-04-10 07:27:10,028] Trial 3 finished with value: 0.5671276086892533 and parameters: {'n_estimators': 452, 'max_depth': 9, 'learning_rate': 0.12561151351367106, 'subsample': 0.7097637946582082, 'colsample_bytree': 0.6787764624461721, 'min_child_weight': 10, 'reg_alpha': 0.4762524303838508, 'reg_lambda': 0.07895153704509528}. Best is trial 2 with value: 0.5790238490042746.
[I 2026-04-10 07:27:19,931] Trial 4 finished with value: 0.5910169063995264 and parameters: {'n_estimators': 472, 'max_depth': 3, 'learning_rate': 0.02162777925360718, 'subsample': 0.6922634033252982, 'colsample_bytree': 0.7339012566040732, 'min_child_weight': 3, 'reg_alpha': 0.5360165686668622, 'reg_lambda': 0.162114521586741}. Best is trial 4 with value: 0.5910169063995264.
[I 2026-04-10 07:27:31,596] Trial 5 finished with value: 0.591583737248861 and parameters: {'n_estimators': 537, 'max_depth': 4, 'learning_rate': 0.053221214825166875, 'subsample': 0.850268773266001, 'colsample_bytree': 0.858496666511319, 'min_child_weight': 1, 'reg_alpha': 0.520797969957833, 'reg_lambda': 0.22362439290866643}. Best is trial 5 with value: 0.591583737248861.
[I 2026-04-10 07:27:53,356] Trial 6 finished with value: 0.5717850695159883 and parameters: {'n_estimators': 769, 'max_depth': 8, 'learning_rate': 0.07103014629208669, 'subsample': 0.9064141370915798, 'colsample_bytree': 0.9369506458870587, 'min_child_weight': 7, 'reg_alpha': 0.1574610376327833, 'reg_lambda': 0.3851922058911301}. Best is trial 5 with value: 0.591583737248861.
[I 2026-04-10 07:28:12,580] Trial 7 finished with value: 0.554865828909886 and parameters: {'n_estimators': 888, 'max_depth': 4, 'learning_rate': 0.28122318439807165, 'subsample': 0.7753051641292881, 'colsample_bytree': 0.7243855430473711, 'min_child_weight': 6, 'reg_alpha': 0.6594505000927834, 'reg_lambda': 0.9748511335674196}. Best is trial 5 with value: 0.591583737248861.
[I 2026-04-10 07:28:23,664] Trial 8 finished with value: 0.5907842338850787 and parameters: {'n_estimators': 452, 'max_depth': 5, 'learning_rate': 0.028561087994812478, 'subsample': 0.6447408797879538, 'colsample_bytree': 0.7151284868659283, 'min_child_weight': 10, 'reg_alpha': 0.9240640411779514, 'reg_lambda': 0.8672729582992565}. Best is trial 5 with value: 0.591583737248861.
[I 2026-04-10 07:28:43,688] Trial 9 finished with value: 0.5727391686862443 and parameters: {'n_estimators': 529, 'max_depth': 10, 'learning_rate': 0.02636863375204623, 'subsample': 0.8774342750871383, 'colsample_bytree': 0.7031847768923823, 'min_child_weight': 5, 'reg_alpha': 0.8208489418113321, 'reg_lambda': 0.6030767645562106}. Best is trial 5 with value: 0.591583737248861.
[I 2026-04-10 07:28:48,281] Trial 10 finished with value: 0.5755441044685813 and parameters: {'n_estimators': 161, 'max_depth': 6, 'learning_rate': 0.11217596073289601, 'subsample': 0.7852204714744209, 'colsample_bytree': 0.9910584893376632, 'min_child_weight': 1, 'reg_alpha': 0.25764705450747766, 'reg_lambda': 0.3298086179767276}. Best is trial 5 with value: 0.591583737248861.
[I 2026-04-10 07:28:54,603] Trial 11 finished with value: 0.5866549580222202 and parameters: {'n_estimators': 272, 'max_depth': 3, 'learning_rate': 0.014993692542379844, 'subsample': 0.7190793347189711, 'colsample_bytree': 0.6011845357249732, 'min_child_weight': 1, 'reg_alpha': 0.4419731378945575, 'reg_lambda': 0.26559669876228686}. Best is trial 5 with value: 0.591583737248861.
[I 2026-04-10 07:29:08,848] Trial 12 finished with value: 0.5895177747361466 and parameters: {'n_estimators': 655, 'max_depth': 3, 'learning_rate': 0.011309485949133093, 'subsample': 0.7177124974308554, 'colsample_bytree': 0.819375849072197, 'min_child_weight': 3, 'reg_alpha': 0.38280091574514413, 'reg_lambda': 0.20791631942900618}. Best is trial 5 with value: 0.591583737248861.
[I 2026-04-10 07:29:16,619] Trial 13 finished with value: 0.5906289798761761 and parameters: {'n_estimators': 349, 'max_depth': 3, 'learning_rate': 0.027200344986439026, 'subsample': 0.8311312812607391, 'colsample_bytree': 0.8148446359097676, 'min_child_weight': 3, 'reg_alpha': 0.5880198708848358, 'reg_lambda': 0.006962081255228042}. Best is trial 5 with value: 0.591583737248861.
[I 2026-04-10 07:29:32,920] Trial 14 finished with value: 0.5838106445641473 and parameters: {'n_estimators': 628, 'max_depth': 6, 'learning_rate': 0.03896654196541921, 'subsample': 0.9240451704178393, 'colsample_bytree': 0.7743779763472539, 'min_child_weight': 3, 'reg_alpha': 0.3107744506231729, 'reg_lambda': 0.4905190438316106}. Best is trial 5 with value: 0.591583737248861.
[I 2026-04-10 07:29:41,923] Trial 15 finished with value: 0.5900983419839938 and parameters: {'n_estimators': 360, 'max_depth': 4, 'learning_rate': 0.01790705764223056, 'subsample': 0.6011884486083492, 'colsample_bytree': 0.6274614646858674, 'min_child_weight': 2, 'reg_alpha': 0.01370194349745657, 'reg_lambda': 0.16018534998403133}. Best is trial 5 with value: 0.591583737248861.
[I 2026-04-10 07:29:57,739] Trial 16 finished with value: 0.5880684170763057 and parameters: {'n_estimators': 637, 'max_depth': 5, 'learning_rate': 0.04217760166638758, 'subsample': 0.6775964536303165, 'colsample_bytree': 0.8747511795504792, 'min_child_weight': 4, 'reg_alpha': 0.55513316024831, 'reg_lambda': 0.4437150470804986}. Best is trial 5 with value: 0.591583737248861.
[I 2026-04-10 07:30:01,623] Trial 17 finished with value: 0.5784762532010714 and parameters: {'n_estimators': 114, 'max_depth': 7, 'learning_rate': 0.09604142650326049, 'subsample': 0.7612184867802834, 'colsample_bytree': 0.7530049325654011, 'min_child_weight': 2, 'reg_alpha': 0.7887480129897408, 'reg_lambda': 0.2843743934622673}. Best is trial 5 with value: 0.591583737248861.
[I 2026-04-10 07:30:14,618] Trial 18 finished with value: 0.5908893704804796 and parameters: {'n_estimators': 532, 'max_depth': 4, 'learning_rate': 0.016940687986975095, 'subsample': 0.8154427263516605, 'colsample_bytree': 0.840868398384516, 'min_child_weight': 1, 'reg_alpha': 0.37230842752262205, 'reg_lambda': 0.1338142835245472}. Best is trial 5 with value: 0.591583737248861.
[I 2026-04-10 07:30:20,584] Trial 19 finished with value: 0.5890902211560161 and parameters: {'n_estimators': 264, 'max_depth': 3, 'learning_rate': 0.1742147948452944, 'subsample': 0.9710638284631439, 'colsample_bytree': 0.6650061639578319, 'min_child_weight': 4, 'reg_alpha': 0.2362308438427933, 'reg_lambda': 0.36916678250341434}. Best is trial 5 with value: 0.591583737248861.
[I 2026-04-10 07:30:37,975] Trial 20 finished with value: 0.5897298957996056 and parameters: {'n_estimators': 698, 'max_depth': 5, 'learning_rate': 0.042753021878476134, 'subsample': 0.7457220201282377, 'colsample_bytree': 0.9385978941693298, 'min_child_weight': 2, 'reg_alpha': 0.5076841308179065, 'reg_lambda': 0.0029332396615647793}. Best is trial 5 with value: 0.591583737248861.
[I 2026-04-10 07:30:50,978] Trial 21 finished with value: 0.5912131324875637 and parameters: {'n_estimators': 533, 'max_depth': 4, 'learning_rate': 0.01847792039984862, 'subsample': 0.8155635507590874, 'colsample_bytree': 0.8442340461241655, 'min_child_weight': 1, 'reg_alpha': 0.3630510270825379, 'reg_lambda': 0.14331523821372352}. Best is trial 5 with value: 0.591583737248861.
[I 2026-04-10 07:31:02,962] Trial 22 finished with value: 0.5901589293131474 and parameters: {'n_estimators': 476, 'max_depth': 4, 'learning_rate': 0.011228122282221347, 'subsample': 0.8394625453186457, 'colsample_bytree': 0.8524514027865843, 'min_child_weight': 1, 'reg_alpha': 0.4152159746572982, 'reg_lambda': 0.22041029125608738}. Best is trial 5 with value: 0.591583737248861.
[I 2026-04-10 07:31:15,662] Trial 23 finished with value: 0.5906561460571631 and parameters: {'n_estimators': 573, 'max_depth': 3, 'learning_rate': 0.022674844295555198, 'subsample': 0.8045709947282905, 'colsample_bytree': 0.9041590437233896, 'min_child_weight': 2, 'reg_alpha': 0.5671268250077245, 'reg_lambda': 0.18895823830906172}. Best is trial 5 with value: 0.591583737248861.
[I 2026-04-10 07:31:26,523] Trial 24 finished with value: 0.5867278917571797 and parameters: {'n_estimators': 387, 'max_depth': 6, 'learning_rate': 0.032774365313895826, 'subsample': 0.8854526797009425, 'colsample_bytree': 0.7921681596017, 'min_child_weight': 4, 'reg_alpha': 0.14195641475730222, 'reg_lambda': 0.5953776300031006}. Best is trial 5 with value: 0.591583737248861.
[I 2026-04-10 07:31:43,334] Trial 25 finished with value: 0.5946413246466965 and parameters: {'n_estimators': 708, 'max_depth': 4, 'learning_rate': 0.020849970023582087, 'subsample': 0.691137647585202, 'colsample_bytree': 0.7472322501679397, 'min_child_weight': 3, 'reg_alpha': 0.31770446799759067, 'reg_lambda': 0.07923167606385784}. Best is trial 25 with value: 0.5946413246466965.
[I 2026-04-10 07:32:05,607] Trial 26 finished with value: 0.5892213260857478 and parameters: {'n_estimators': 736, 'max_depth': 7, 'learning_rate': 0.01427426147178617, 'subsample': 0.9299130610950113, 'colsample_bytree': 0.9230379155747048, 'min_child_weight': 1, 'reg_alpha': 0.32831943113487927, 'reg_lambda': 0.0717198706391649}. Best is trial 25 with value: 0.5946413246466965.
[I 2026-04-10 07:32:26,546] Trial 27 finished with value: 0.5788329130649503 and parameters: {'n_estimators': 867, 'max_depth': 5, 'learning_rate': 0.08870247545372228, 'subsample': 0.8541134389112991, 'colsample_bytree': 0.9852809826031799, 'min_child_weight': 2, 'reg_alpha': 0.16745980652883063, 'reg_lambda': 0.2897986138269353}. Best is trial 25 with value: 0.5946413246466965.
[I 2026-04-10 07:32:40,745] Trial 28 finished with value: 0.5912569417871055 and parameters: {'n_estimators': 588, 'max_depth': 4, 'learning_rate': 0.020629471536659845, 'subsample': 0.7457674275647329, 'colsample_bytree': 0.8271790670857924, 'min_child_weight': 6, 'reg_alpha': 0.065142949549368, 'reg_lambda': 0.06439287779235867}. Best is trial 25 with value: 0.5946413246466965.
[I 2026-04-10 07:32:55,603] Trial 29 finished with value: 0.5860748527425373 and parameters: {'n_estimators': 589, 'max_depth': 5, 'learning_rate': 0.03435046540402335, 'subsample': 0.6776472587322326, 'colsample_bytree': 0.7702453385648559, 'min_child_weight': 7, 'reg_alpha': 0.0403336349886415, 'reg_lambda': 0.05804964046549747}. Best is trial 25 with value: 0.5946413246466965.
[optuna] Best params: {'n_estimators': 708, 'max_depth': 4, 'learning_rate': 0.020849970023582087, 'subsample': 0.691137647585202, 'colsample_bytree': 0.7472322501679397, 'min_child_weight': 3, 'reg_alpha': 0.31770446799759067, 'reg_lambda': 0.07923167606385784}
[wf] ast_reb: auc_raw=0.593 brier_raw=0.267 auc_cal=0.582 brier_cal=0.243 folds=5
[optuna] Optimizing hyperparameters for ast_reb regression...
[I 2026-04-10 07:45:02,971] A new study created in memory with name: no-name-51a46a0a-384b-481b-b0b8-372108d77a2b
[I 2026-04-10 07:45:19,316] Trial 0 finished with value: 3.693864613556 and parameters: {'n_estimators': 934, 'max_depth': 10, 'learning_rate': 0.02045321276978128, 'subsample': 0.6321843676839919, 'colsample_bytree': 0.7793873692903908, 'min_child_weight': 4, 'reg_alpha': 0.7182418875200379, 'reg_lambda': 0.6087097346760613}. Best is trial 0 with value: 3.693864613556.
[I 2026-04-10 07:45:28,542] Trial 1 finished with value: 4.199449327112463 and parameters: {'n_estimators': 588, 'max_depth': 9, 'learning_rate': 0.2515209061302779, 'subsample': 0.6172232748368975, 'colsample_bytree': 0.8882515647847993, 'min_child_weight': 7, 'reg_alpha': 0.4643092716449241, 'reg_lambda': 0.8720603617826553}. Best is trial 0 with value: 3.693864613556.
[I 2026-04-10 07:45:37,184] Trial 2 finished with value: 3.7103857516144254 and parameters: {'n_estimators': 430, 'max_depth': 10, 'learning_rate': 0.04660326976103862, 'subsample': 0.9197793056964505, 'colsample_bytree': 0.7928907672236685, 'min_child_weight': 2, 'reg_alpha': 0.9455740739804064, 'reg_lambda': 0.9657292768326133}. Best is trial 0 with value: 3.693864613556.
[I 2026-04-10 07:45:43,017] Trial 3 finished with value: 4.072810374491836 and parameters: {'n_estimators': 945, 'max_depth': 4, 'learning_rate': 0.29348795155448326, 'subsample': 0.7159799901216194, 'colsample_bytree': 0.647567493145778, 'min_child_weight': 3, 'reg_alpha': 0.8890028419964603, 'reg_lambda': 0.32398948710007036}. Best is trial 0 with value: 3.693864613556.
[I 2026-04-10 07:45:46,467] Trial 4 finished with value: 3.839069805708829 and parameters: {'n_estimators': 442, 'max_depth': 6, 'learning_rate': 0.1956282777518753, 'subsample': 0.9412586069624944, 'colsample_bytree': 0.6316685396262017, 'min_child_weight': 5, 'reg_alpha': 0.4348792508012683, 'reg_lambda': 0.1574699840750613}. Best is trial 0 with value: 3.693864613556.
[I 2026-04-10 07:46:04,918] Trial 5 finished with value: 3.7647437391009038 and parameters: {'n_estimators': 869, 'max_depth': 10, 'learning_rate': 0.0693523174470296, 'subsample': 0.7993867227623473, 'colsample_bytree': 0.9057183581589204, 'min_child_weight': 4, 'reg_alpha': 0.6842682852906267, 'reg_lambda': 0.3938452174057141}. Best is trial 0 with value: 3.693864613556.
[I 2026-04-10 07:46:09,566] Trial 6 finished with value: 4.117932012326997 and parameters: {'n_estimators': 414, 'max_depth': 8, 'learning_rate': 0.2377358977712862, 'subsample': 0.6115312014209321, 'colsample_bytree': 0.7214072168095844, 'min_child_weight': 10, 'reg_alpha': 0.13666417765343786, 'reg_lambda': 0.533442920030587}. Best is trial 0 with value: 3.693864613556.
[I 2026-04-10 07:46:14,162] Trial 7 finished with value: 3.601920712327268 and parameters: {'n_estimators': 800, 'max_depth': 3, 'learning_rate': 0.02424006628131363, 'subsample': 0.7037428600716995, 'colsample_bytree': 0.9070887296952963, 'min_child_weight': 10, 'reg_alpha': 0.25608308657577894, 'reg_lambda': 0.08504310658476077}. Best is trial 7 with value: 3.601920712327268.
[I 2026-04-10 07:46:27,603] Trial 8 finished with value: 3.66115574424332 and parameters: {'n_estimators': 648, 'max_depth': 10, 'learning_rate': 0.01777406941605826, 'subsample': 0.9715659916036488, 'colsample_bytree': 0.8586629403805135, 'min_child_weight': 2, 'reg_alpha': 0.7321396473470174, 'reg_lambda': 0.3382123837019593}. Best is trial 7 with value: 3.601920712327268.
[I 2026-04-10 07:46:29,956] Trial 9 finished with value: 3.606335875928332 and parameters: {'n_estimators': 269, 'max_depth': 5, 'learning_rate': 0.01466814251728875, 'subsample': 0.9243744247658647, 'colsample_bytree': 0.9663669610258958, 'min_child_weight': 1, 'reg_alpha': 0.6254082637676752, 'reg_lambda': 0.3457756185622435}. Best is trial 7 with value: 3.601920712327268.
[I 2026-04-10 07:46:34,071] Trial 10 finished with value: 3.6083143647559166 and parameters: {'n_estimators': 730, 'max_depth': 3, 'learning_rate': 0.04259556291584812, 'subsample': 0.7560594763767657, 'colsample_bytree': 0.996698087722035, 'min_child_weight': 10, 'reg_alpha': 0.014821575261274755, 'reg_lambda': 0.06253340403355767}. Best is trial 7 with value: 3.601920712327268.
[I 2026-04-10 07:46:35,380] Trial 11 finished with value: 3.713813831976873 and parameters: {'n_estimators': 135, 'max_depth': 5, 'learning_rate': 0.010000845870585768, 'subsample': 0.8730796587391849, 'colsample_bytree': 0.994875802863537, 'min_child_weight': 7, 'reg_alpha': 0.3427337090928816, 'reg_lambda': 0.01953418979467042}. Best is trial 7 with value: 3.601920712327268.
[I 2026-04-10 07:46:36,456] Trial 12 finished with value: 3.622316804950631 and parameters: {'n_estimators': 147, 'max_depth': 3, 'learning_rate': 0.02161643833820782, 'subsample': 0.8638912536358806, 'colsample_bytree': 0.9441501708102282, 'min_child_weight': 8, 'reg_alpha': 0.2308937193227509, 'reg_lambda': 0.16411463438910323}. Best is trial 7 with value: 3.601920712327268.
[I 2026-04-10 07:46:38,742] Trial 13 finished with value: 3.6130552238395097 and parameters: {'n_estimators': 258, 'max_depth': 5, 'learning_rate': 0.010881449043510726, 'subsample': 0.7005452290157342, 'colsample_bytree': 0.9360211877351023, 'min_child_weight': 1, 'reg_alpha': 0.6121587626773581, 'reg_lambda': 0.74232333930633}. Best is trial 7 with value: 3.601920712327268.
[I 2026-04-10 07:46:46,170] Trial 14 finished with value: 3.6584321014573575 and parameters: {'n_estimators': 787, 'max_depth': 7, 'learning_rate': 0.03144532574778792, 'subsample': 0.8433486304127672, 'colsample_bytree': 0.8425341794504363, 'min_child_weight': 8, 'reg_alpha': 0.29965739385061885, 'reg_lambda': 0.1791395462503385}. Best is trial 7 with value: 3.601920712327268.
[I 2026-04-10 07:46:48,188] Trial 15 finished with value: 3.618460525597664 and parameters: {'n_estimators': 299, 'max_depth': 4, 'learning_rate': 0.08024808233234818, 'subsample': 0.6977068923143088, 'colsample_bytree': 0.9441736132938849, 'min_child_weight': 6, 'reg_alpha': 0.57134678212431, 'reg_lambda': 0.28504593908143}. Best is trial 7 with value: 3.601920712327268.
[I 2026-04-10 07:46:52,228] Trial 16 finished with value: 3.610229096895635 and parameters: {'n_estimators': 526, 'max_depth': 5, 'learning_rate': 0.016818863216507107, 'subsample': 0.9985060429294339, 'colsample_bytree': 0.8398295510275862, 'min_child_weight': 9, 'reg_alpha': 0.13432868952522964, 'reg_lambda': 0.43753222964310445}. Best is trial 7 with value: 3.601920712327268.
[I 2026-04-10 07:46:56,853] Trial 17 finished with value: 3.603033369088368 and parameters: {'n_estimators': 731, 'max_depth': 4, 'learning_rate': 0.031100533177192326, 'subsample': 0.7824244403665059, 'colsample_bytree': 0.7389886544618515, 'min_child_weight': 1, 'reg_alpha': 0.8157266946892054, 'reg_lambda': 0.608299232638011}. Best is trial 7 with value: 3.601920712327268.
[I 2026-04-10 07:47:01,282] Trial 18 finished with value: 3.6013530849903264 and parameters: {'n_estimators': 770, 'max_depth': 3, 'learning_rate': 0.030623545539006234, 'subsample': 0.7732541789522289, 'colsample_bytree': 0.7338743545894713, 'min_child_weight': 5, 'reg_alpha': 0.8427012464501368, 'reg_lambda': 0.6677469200551788}. Best is trial 18 with value: 3.6013530849903264.
[I 2026-04-10 07:47:05,940] Trial 19 finished with value: 3.6548546389033154 and parameters: {'n_estimators': 832, 'max_depth': 3, 'learning_rate': 0.11120213948088314, 'subsample': 0.6726305903448383, 'colsample_bytree': 0.6982930734134996, 'min_child_weight': 5, 'reg_alpha': 0.9842410291786785, 'reg_lambda': 0.7670630260586689}. Best is trial 18 with value: 3.6013530849903264.
[I 2026-04-10 07:47:11,414] Trial 20 finished with value: 3.638461154076756 and parameters: {'n_estimators': 678, 'max_depth': 6, 'learning_rate': 0.031171629204877604, 'subsample': 0.7613580676806402, 'colsample_bytree': 0.6648171286588272, 'min_child_weight': 6, 'reg_alpha': 0.37536087377808236, 'reg_lambda': 0.7285365701715918}. Best is trial 18 with value: 3.6013530849903264.
[I 2026-04-10 07:47:16,237] Trial 21 finished with value: 3.6047120343057757 and parameters: {'n_estimators': 754, 'max_depth': 4, 'learning_rate': 0.03182122333666513, 'subsample': 0.790642728602628, 'colsample_bytree': 0.74910070107554, 'min_child_weight': 3, 'reg_alpha': 0.8198723868965013, 'reg_lambda': 0.6151840637922528}. Best is trial 18 with value: 3.6013530849903264.
