/Users/rithv/Library/Python/3.9/lib/python/site-packages/urllib3/__init__.py:35: NotOpenSSLWarning: urllib3 v2 only supports OpenSSL 1.1.1+, currently the 'ssl' module is compiled with 'LibreSSL 2.8.3'. See: https://github.com/urllib3/urllib3/issues/3020
  warnings.warn(
skipping incomplete per-prop bundle for 'blocks': missing reg or scaler file
skipping incomplete per-prop bundle for 'assists': missing reg or scaler file
skipping incomplete per-prop bundle for 'stl_blk': missing reg or scaler file
skipping incomplete per-prop bundle for 'steals': missing reg or scaler file
skipping incomplete per-prop bundle for 'points': missing reg or scaler file
skipping incomplete per-prop bundle for 'triple_double': missing reg or scaler file
skipping incomplete per-prop bundle for 'pts_reb': missing reg or scaler file
skipping incomplete per-prop bundle for 'double_double': missing reg or scaler file
skipping incomplete per-prop bundle for 'rebounds': missing reg or scaler file
skipping incomplete per-prop bundle for 'pts_ast': missing reg or scaler file
skipping incomplete per-prop bundle for 'ast_reb': missing reg or scaler file
skipping incomplete per-prop bundle for 'three_pointers': missing reg or scaler file
skipping incomplete per-prop bundle for 'turnovers': missing reg or scaler file
skipping incomplete per-prop bundle for 'pts_ast_reb': missing reg or scaler file
[train] building examples seasons=['2022-23', '2023-24', '2024-25', '2025-26'] max_players=300 ...
[train] season 2022-23: building examples...
[train] players processed: 10/300
[train] players processed: 20/300
[train] players processed: 30/300
[train] players processed: 40/300
[train] players processed: 50/300
[train] players processed: 60/300
[train] players processed: 70/300
[train] players processed: 80/300
[train] players processed: 90/300
[train] players processed: 100/300
[train] players processed: 110/300
[train] players processed: 120/300
[train] players processed: 130/300
[train] players processed: 140/300
[train] players processed: 150/300
[train] players processed: 160/300
[train] players processed: 170/300
[train] players processed: 180/300
[train] players processed: 190/300
[train] players processed: 200/300
[train] players processed: 210/300
[train] players processed: 220/300
[train] players processed: 230/300
[train] players processed: 240/300
[train] players processed: 250/300
[train] players processed: 260/300
[train] Skipping player 1629117 after 3 failed attempts
[train] Skipping player 203085 after 3 failed attempts
[train] Skipping player 1628977 after 3 failed attempts
[train] Skipping player 203115 after 3 failed attempts
[train] Skipping player 1628963 after 3 failed attempts
[train] Skipping player 1629629 after 3 failed attempts
[train] Skipping player 1629111 after 3 failed attempts
[train] Skipping player 1629642 after 3 failed attempts
[train] players processed: 270/300
[train] Skipping player 1630586 after 3 failed attempts
[train] Skipping player 1629312 after 3 failed attempts
[train] Skipping player 1630550 after 3 failed attempts
[train] Skipping player 1626166 after 3 failed attempts
[train] Skipping player 1629134 after 3 failed attempts
[train] Skipping player 1626157 after 3 failed attempts
[train] Skipping player 1629627 after 3 failed attempts
[train] Skipping player 1628995 after 3 failed attempts
[train] Skipping player 1630560 after 3 failed attempts
[train] Skipping player 203488 after 3 failed attempts
[train] players processed: 280/300
[train] Skipping player 1628467 after 3 failed attempts
[train] Skipping player 1629139 after 3 failed attempts
[train] Skipping player 1630688 after 3 failed attempts
[train] Skipping player 1630227 after 3 failed attempts
[train] Skipping player 1631119 after 3 failed attempts
[train] Skipping player 1630537 after 3 failed attempts
[train] Skipping player 1627884 after 3 failed attempts
[train] Skipping player 1629731 after 3 failed attempts
[train] Skipping player 1628427 after 3 failed attempts
[train] Skipping player 1629638 after 3 failed attempts
[train] players processed: 290/300
[train] Skipping player 202687 after 3 failed attempts
[train] Skipping player 201609 after 3 failed attempts
[train] Skipping player 1630164 after 3 failed attempts
[train] Skipping player 1630177 after 3 failed attempts
[train] Skipping player 203083 after 3 failed attempts
[train] Skipping player 1628988 after 3 failed attempts
[train] Skipping player 1629641 after 3 failed attempts
[train] Skipping player 1629056 after 3 failed attempts
[train] players processed: 300/300
[train] season 2023-24: building examples...
[train] players processed: 10/300
[train] players processed: 20/300
[train] players processed: 30/300
[train] players processed: 40/300
[train] players processed: 50/300
[train] Skipping player 201950 after 3 failed attempts
[train] Skipping player 1630166 after 3 failed attempts
[train] players processed: 60/300
[train] Skipping player 1630170 after 3 failed attempts
[train] Skipping player 1629652 after 3 failed attempts
[train] Skipping player 1629622 after 3 failed attempts
[train] Skipping player 1628415 after 3 failed attempts
[train] Skipping player 1631114 after 3 failed attempts
[train] Skipping player 1630169 after 3 failed attempts
[train] Skipping player 1629023 after 3 failed attempts
[train] Skipping player 1631093 after 3 failed attempts
[train] Skipping player 1630245 after 3 failed attempts
[train] Skipping player 1629627 after 3 failed attempts
[train] players processed: 70/300
[train] Skipping player 201144 after 3 failed attempts
[train] Skipping player 1631110 after 3 failed attempts
[train] Skipping player 1627741 after 3 failed attempts
[train] Skipping player 203468 after 3 failed attempts
[train] Skipping player 203915 after 3 failed attempts
[train] Skipping player 1630200 after 3 failed attempts
[train] Skipping player 1629684 after 3 failed attempts
[train] Skipping player 1628991 after 3 failed attempts
[train] Skipping player 203501 after 3 failed attempts
[train] Skipping player 1629651 after 3 failed attempts
[train] players processed: 80/300
[train] Skipping player 1631170 after 3 failed attempts
[train] Skipping player 1627752 after 3 failed attempts
[train] Skipping player 1641705 after 3 failed attempts
[train] Skipping player 1630183 after 3 failed attempts
[train] Skipping player 1627742 after 3 failed attempts
[train] Skipping player 1630567 after 3 failed attempts
[train] Skipping player 203994 after 3 failed attempts
[train] Skipping player 1626167 after 3 failed attempts
[train] Skipping player 1630560 after 3 failed attempts
[train] Skipping player 1629012 after 3 failed attempts
[train] players processed: 90/300
[train] Skipping player 1630595 after 3 failed attempts
[train] Skipping player 1630557 after 3 failed attempts
[train] Skipping player 1630180 after 3 failed attempts
[train] Skipping player 1626162 after 3 failed attempts
[train] Skipping player 1630578 after 3 failed attempts
[train] Skipping player 202710 after 3 failed attempts
[train] Skipping player 1626179 after 3 failed attempts
[train] Skipping player 1627936 after 3 failed attempts
[train] Skipping player 1629640 after 3 failed attempts
[train] Skipping player 202681 after 3 failed attempts
[train] players processed: 100/300
[train] Skipping player 1626157 after 3 failed attempts
[train] Skipping player 1630591 after 3 failed attempts
[train] players processed: 110/300
[train] players processed: 120/300
[train] players processed: 130/300
[train] players processed: 140/300
[train] players processed: 150/300
[train] players processed: 160/300
[train] players processed: 170/300
[train] players processed: 180/300
[train] players processed: 190/300
[train] players processed: 200/300
[train] players processed: 210/300
[train] players processed: 220/300
[train] players processed: 230/300
[train] players processed: 240/300
[train] players processed: 250/300
[train] players processed: 260/300
[train] players processed: 270/300
[train] players processed: 280/300
[train] players processed: 290/300
[train] players processed: 300/300
[train] season 2024-25: building examples...
[train] players processed: 10/300
[train] players processed: 20/300
[train] players processed: 30/300
[train] players processed: 40/300
[train] players processed: 50/300
[train] players processed: 60/300
[train] players processed: 70/300
[train] players processed: 80/300
[train] players processed: 90/300
[train] players processed: 100/300
[train] Skipping player 1630230 after 3 failed attempts
[train] Skipping player 201950 after 3 failed attempts
[train] Skipping player 1627824 after 3 failed attempts
[train] Skipping player 1629018 after 3 failed attempts
[train] Skipping player 1630182 after 3 failed attempts
[train] Skipping player 1641710 after 3 failed attempts
[train] Skipping player 1629651 after 3 failed attempts
[train] players processed: 110/300
[train] Skipping player 1629614 after 3 failed attempts
[train] Skipping player 1641717 after 3 failed attempts
[train] Skipping player 1627884 after 3 failed attempts
[train] Skipping player 1629060 after 3 failed attempts
[train] Skipping player 1629628 after 3 failed attempts
[train] Skipping player 1627741 after 3 failed attempts
[train] Skipping player 1630530 after 3 failed attempts
[train] Skipping player 1642258 after 3 failed attempts
[train] Skipping player 203952 after 3 failed attempts
[train] Skipping player 1642268 after 3 failed attempts
[train] players processed: 120/300
[train] Skipping player 1629640 after 3 failed attempts
[train] Skipping player 1626220 after 3 failed attempts
[train] Skipping player 1629023 after 3 failed attempts
[train] Skipping player 203468 after 3 failed attempts
[train] Skipping player 1627827 after 3 failed attempts
[train] Skipping player 1629312 after 3 failed attempts
[train] Skipping player 1642259 after 3 failed attempts
[train] Skipping player 202681 after 3 failed attempts
[train] Skipping player 1642273 after 3 failed attempts
[train] Skipping player 1629661 after 3 failed attempts
[train] players processed: 130/300
[train] Skipping player 1629130 after 3 failed attempts
[train] Skipping player 1627739 after 3 failed attempts
[train] Skipping player 1629029 after 3 failed attempts
[train] Skipping player 1630703 after 3 failed attempts
[train] Skipping player 1628976 after 3 failed attempts
[train] Skipping player 1629012 after 3 failed attempts
[train] Skipping player 201144 after 3 failed attempts
[train] Skipping player 1629599 after 3 failed attempts
[train] Skipping player 202710 after 3 failed attempts
[train] Skipping player 1630598 after 3 failed attempts
[train] players processed: 140/300
[train] players processed: 150/300
[train] players processed: 160/300
[train] players processed: 170/300
[train] players processed: 180/300
[train] players processed: 190/300
[train] players processed: 200/300
[train] Skipping player 1631170 after 3 failed attempts
[train] Skipping player 201587 after 3 failed attempts
[train] Skipping player 1630631 after 3 failed attempts
[train] Skipping player 1631110 after 3 failed attempts
[train] Skipping player 1628436 after 3 failed attempts
[train] Skipping player 1626168 after 3 failed attempts
[train] Skipping player 1631222 after 3 failed attempts
[train] Skipping player 203992 after 3 failed attempts
[train] Skipping player 1630551 after 3 failed attempts
[train] Skipping player 202331 after 3 failed attempts
[train] players processed: 210/300
[train] Skipping player 1641709 after 3 failed attempts
[train] Skipping player 1642270 after 3 failed attempts
[train] Skipping player 1641722 after 3 failed attempts
[train] Skipping player 1631213 after 3 failed attempts
[train] Skipping player 203486 after 3 failed attempts
[train] Skipping player 1642367 after 3 failed attempts
[train] Skipping player 1630552 after 3 failed attempts
[train] Skipping player 1629622 after 3 failed attempts
[train] Skipping player 1630548 after 3 failed attempts
[train] Skipping player 1641842 after 3 failed attempts
[train] players processed: 220/300
[train] Skipping player 1629750 after 3 failed attempts
[train] Skipping player 1630208 after 3 failed attempts
[train] Skipping player 1629731 after 3 failed attempts
[train] Skipping player 1641741 after 3 failed attempts
[train] Skipping player 1642275 after 3 failed attempts
[train] Skipping player 1626171 after 3 failed attempts
[train] Skipping player 1631217 after 3 failed attempts
[train] Skipping player 1630526 after 3 failed attempts
[train] Skipping player 1631323 after 3 failed attempts
[train] Skipping player 1630175 after 3 failed attempts
[train] players processed: 230/300
[train] Skipping player 1641767 after 3 failed attempts
[train] Skipping player 1629655 after 3 failed attempts
[train] Skipping player 1628381 after 3 failed attempts
[train] Skipping player 1628997 after 3 failed attempts
[train] Skipping player 204001 after 3 failed attempts
[train] Skipping player 1629634 after 3 failed attempts
[train] Skipping player 1629028 after 3 failed attempts
[train] Skipping player 1641716 after 3 failed attempts
[train] Skipping player 202695 after 3 failed attempts
[train] Skipping player 203991 after 3 failed attempts
[train] players processed: 240/300
[train] Skipping player 1628998 after 3 failed attempts
[train] Skipping player 1631109 after 3 failed attempts
[train] Skipping player 1630173 after 3 failed attempts
[train] Skipping player 1631107 after 3 failed attempts
[train] Skipping player 1642348 after 3 failed attempts
[train] Skipping player 1630249 after 3 failed attempts
[train] Skipping player 1630228 after 3 failed attempts
[train] Skipping player 1626172 after 3 failed attempts
[train] Skipping player 1629026 after 3 failed attempts
[train] players processed: 250/300
[train] players processed: 260/300
[train] players processed: 270/300
[train] players processed: 280/300
[train] players processed: 290/300
[train] players processed: 300/300
[train] season 2025-26: building examples...
[train] players processed: 10/300
[train] players processed: 20/300
[train] players processed: 30/300
[train] players processed: 40/300
[train] players processed: 50/300
[train] players processed: 60/300
[train] players processed: 70/300
[train] players processed: 80/300
[train] players processed: 90/300
[train] players processed: 100/300
[train] players processed: 110/300
[train] players processed: 120/300
[train] players processed: 130/300
[train] players processed: 140/300
[train] players processed: 150/300
[train] players processed: 160/300
[train] players processed: 170/300
[train] players processed: 180/300
[train] players processed: 190/300
[train] players processed: 200/300
[train] players processed: 210/300
[train] players processed: 220/300
[train] players processed: 230/300
[train] players processed: 240/300
[train] players processed: 250/300
[train] Skipping player 1641707 after 3 failed attempts
[train] Skipping player 1627780 after 3 failed attempts
[train] Skipping player 1627751 after 3 failed attempts
[train] Skipping player 1642272 after 3 failed attempts
[train] Skipping player 1641854 after 3 failed attempts
[train] Skipping player 1642948 after 3 failed attempts
[train] Skipping player 1630188 after 3 failed attempts
[train] Skipping player 1629020 after 3 failed attempts
[train] Skipping player 203484 after 3 failed attempts
[train] Skipping player 203994 after 3 failed attempts
[train] players processed: 260/300
[train] Skipping player 202331 after 3 failed attempts
[train] Skipping player 1629001 after 3 failed attempts
[train] Skipping player 1630568 after 3 failed attempts
[train] Skipping player 1642864 after 3 failed attempts
[train] Skipping player 1630540 after 3 failed attempts
[train] Skipping player 1629723 after 3 failed attempts
[train] Skipping player 1641711 after 3 failed attempts
[train] Skipping player 1630557 after 3 failed attempts
[train] Skipping player 203507 after 3 failed attempts
[train] Skipping player 1631172 after 3 failed attempts
[train] players processed: 270/300
[train] Skipping player 1627936 after 3 failed attempts
[train] Skipping player 1631126 after 3 failed attempts
[train] Skipping player 1629639 after 3 failed attempts
[train] Skipping player 1627824 after 3 failed attempts
[train] Skipping player 203932 after 3 failed attempts
[train] Skipping player 1641712 after 3 failed attempts
[train] Skipping player 1641765 after 3 failed attempts
[train] Skipping player 1630534 after 3 failed attempts
[train] Skipping player 1630532 after 3 failed attempts
[train] Skipping player 1629057 after 3 failed attempts
[train] players processed: 280/300
[train] Skipping player 201144 after 3 failed attempts
[train] Skipping player 1642364 after 3 failed attempts
[train] Skipping player 204456 after 3 failed attempts
[train] Skipping player 1641772 after 3 failed attempts
[train] Skipping player 1629048 after 3 failed attempts
[train] Skipping player 1642348 after 3 failed attempts
[train] Skipping player 1631114 after 3 failed attempts
[train] Skipping player 1626145 after 3 failed attempts
[train] Skipping player 201143 after 3 failed attempts
[train] Skipping player 1642265 after 3 failed attempts
[train] players processed: 290/300
[train] Skipping player 1631255 after 3 failed attempts
[train] Skipping player 1630543 after 3 failed attempts
[train] Skipping player 1629673 after 3 failed attempts
[train] Skipping player 1641738 after 3 failed attempts
[train] Skipping player 203991 after 3 failed attempts
[train] players processed: 300/300
[train] total examples: 775376
[train] training + saving models ...
[wf] points: auc_raw=0.570 brier_raw=0.272 auc_cal=0.565 brier_cal=0.250 folds=5
[optuna] Optimizing hyperparameters for points regression...
[I 2026-04-10 03:36:01,700] A new study created in memory with name: no-name-0e3ed209-62b2-4e7f-b96f-55b099213df1
[I 2026-04-10 03:36:04,854] Trial 0 finished with value: 6.845744421171597 and parameters: {'n_estimators': 347, 'max_depth': 7, 'learning_rate': 0.04338545234328099, 'subsample': 0.9645273637542919, 'colsample_bytree': 0.7694137549074046, 'min_child_weight': 3, 'reg_alpha': 0.01866134434797384, 'reg_lambda': 0.8921920146195084}. Best is trial 0 with value: 6.845744421171597.
[I 2026-04-10 03:36:08,908] Trial 1 finished with value: 6.979318716883515 and parameters: {'n_estimators': 700, 'max_depth': 4, 'learning_rate': 0.126672427650873, 'subsample': 0.7613645353240532, 'colsample_bytree': 0.7824173633720636, 'min_child_weight': 4, 'reg_alpha': 0.967670768496185, 'reg_lambda': 0.20990772025851223}. Best is trial 0 with value: 6.845744421171597.
[I 2026-04-10 03:36:11,440] Trial 2 finished with value: 6.8510712104052685 and parameters: {'n_estimators': 237, 'max_depth': 8, 'learning_rate': 0.0469998637286964, 'subsample': 0.7118987406119002, 'colsample_bytree': 0.6205433216936233, 'min_child_weight': 5, 'reg_alpha': 0.35865338168087557, 'reg_lambda': 0.6893138180043794}. Best is trial 0 with value: 6.845744421171597.
[I 2026-04-10 03:36:16,761] Trial 3 finished with value: 6.810848842429028 and parameters: {'n_estimators': 698, 'max_depth': 6, 'learning_rate': 0.019999576459778082, 'subsample': 0.6588124309387029, 'colsample_bytree': 0.8221316258471179, 'min_child_weight': 3, 'reg_alpha': 0.47911406548090985, 'reg_lambda': 0.14582641090570025}. Best is trial 3 with value: 6.810848842429028.
[I 2026-04-10 03:36:24,511] Trial 4 finished with value: 6.914963950167264 and parameters: {'n_estimators': 480, 'max_depth': 9, 'learning_rate': 0.03394433029390667, 'subsample': 0.6773516722250496, 'colsample_bytree': 0.9937333256817998, 'min_child_weight': 1, 'reg_alpha': 0.06277393384450258, 'reg_lambda': 0.3854458801148135}. Best is trial 3 with value: 6.810848842429028.
[I 2026-04-10 03:36:30,480] Trial 5 finished with value: 7.448277232877312 and parameters: {'n_estimators': 354, 'max_depth': 10, 'learning_rate': 0.2382861617647674, 'subsample': 0.8639853776751436, 'colsample_bytree': 0.6892836396908611, 'min_child_weight': 5, 'reg_alpha': 0.15067926543813448, 'reg_lambda': 0.23956552601785353}. Best is trial 3 with value: 6.810848842429028.
[I 2026-04-10 03:36:34,919] Trial 6 finished with value: 7.268535525449993 and parameters: {'n_estimators': 327, 'max_depth': 9, 'learning_rate': 0.19208991477729515, 'subsample': 0.9240536104009669, 'colsample_bytree': 0.6308822876423553, 'min_child_weight': 3, 'reg_alpha': 0.115853505592724, 'reg_lambda': 0.3690319833227895}. Best is trial 3 with value: 6.810848842429028.
[I 2026-04-10 03:36:36,939] Trial 7 finished with value: 6.787286595327722 and parameters: {'n_estimators': 307, 'max_depth': 4, 'learning_rate': 0.0316325127992569, 'subsample': 0.9372209607584518, 'colsample_bytree': 0.8019983211417719, 'min_child_weight': 1, 'reg_alpha': 0.3660598522314672, 'reg_lambda': 0.09693868805754435}. Best is trial 7 with value: 6.787286595327722.
[I 2026-04-10 03:36:40,461] Trial 8 finished with value: 6.875666023344115 and parameters: {'n_estimators': 605, 'max_depth': 4, 'learning_rate': 0.08766662486331918, 'subsample': 0.9466775251214268, 'colsample_bytree': 0.6226817586507163, 'min_child_weight': 10, 'reg_alpha': 0.4706983521817977, 'reg_lambda': 0.32882432491098945}. Best is trial 7 with value: 6.787286595327722.
[I 2026-04-10 03:36:44,840] Trial 9 finished with value: 6.836217004290442 and parameters: {'n_estimators': 755, 'max_depth': 4, 'learning_rate': 0.04148812083495621, 'subsample': 0.9856929415373237, 'colsample_bytree': 0.6951297112475753, 'min_child_weight': 6, 'reg_alpha': 0.6561366302270277, 'reg_lambda': 0.10104675849074052}. Best is trial 7 with value: 6.787286595327722.
