[I 2026-04-10 03:36:50,149] Trial 10 finished with value: 6.772401291004087 and parameters: {'n_estimators': 965, 'max_depth': 3, 'learning_rate': 0.012230050097564246, 'subsample': 0.8421459628441859, 'colsample_bytree': 0.9014365737346632, 'min_child_weight': 8, 'reg_alpha': 0.7417120240879125, 'reg_lambda': 0.00480908529660122}. Best is trial 10 with value: 6.772401291004087.
[I 2026-04-10 03:36:55,210] Trial 11 finished with value: 6.7710002947332475 and parameters: {'n_estimators': 914, 'max_depth': 3, 'learning_rate': 0.01208612576852814, 'subsample': 0.8477842935716454, 'colsample_bytree': 0.9192658761269358, 'min_child_weight': 8, 'reg_alpha': 0.7562368235053707, 'reg_lambda': 0.001505608377540324}. Best is trial 11 with value: 6.7710002947332475.
[I 2026-04-10 03:37:00,979] Trial 12 finished with value: 6.775812834692249 and parameters: {'n_estimators': 987, 'max_depth': 3, 'learning_rate': 0.010313171482926311, 'subsample': 0.8355757219305123, 'colsample_bytree': 0.9438677094686723, 'min_child_weight': 8, 'reg_alpha': 0.7718856615599465, 'reg_lambda': 0.0013733114528119744}. Best is trial 11 with value: 6.7710002947332475.
[I 2026-04-10 03:37:06,354] Trial 13 finished with value: 6.77200114010666 and parameters: {'n_estimators': 974, 'max_depth': 3, 'learning_rate': 0.01179532530374886, 'subsample': 0.787274063723798, 'colsample_bytree': 0.8929945981825267, 'min_child_weight': 8, 'reg_alpha': 0.7867927836005001, 'reg_lambda': 0.6314072962026225}. Best is trial 11 with value: 6.7710002947332475.
[I 2026-04-10 03:37:13,213] Trial 14 finished with value: 6.807347675310116 and parameters: {'n_estimators': 858, 'max_depth': 6, 'learning_rate': 0.018603869926263724, 'subsample': 0.7859668725349862, 'colsample_bytree': 0.8788472394679636, 'min_child_weight': 8, 'reg_alpha': 0.9497976362475656, 'reg_lambda': 0.6056327743276693}. Best is trial 11 with value: 6.7710002947332475.
[I 2026-04-10 03:37:19,100] Trial 15 finished with value: 6.793143791034089 and parameters: {'n_estimators': 849, 'max_depth': 5, 'learning_rate': 0.018369488059656807, 'subsample': 0.735879287268857, 'colsample_bytree': 0.8675820830134681, 'min_child_weight': 10, 'reg_alpha': 0.8248670947607473, 'reg_lambda': 0.7930771705271822}. Best is trial 11 with value: 6.7710002947332475.
[I 2026-04-10 03:37:23,664] Trial 16 finished with value: 6.839260011803322 and parameters: {'n_estimators': 851, 'max_depth': 3, 'learning_rate': 0.07461647810847652, 'subsample': 0.8773504606750684, 'colsample_bytree': 0.9509157265845786, 'min_child_weight': 7, 'reg_alpha': 0.6238294502323323, 'reg_lambda': 0.6058120944906884}. Best is trial 11 with value: 6.7710002947332475.
[I 2026-04-10 03:37:24,704] Trial 17 finished with value: 6.935862312694555 and parameters: {'n_estimators': 102, 'max_depth': 5, 'learning_rate': 0.013939163026389647, 'subsample': 0.6228941224630558, 'colsample_bytree': 0.926668464584083, 'min_child_weight': 9, 'reg_alpha': 0.8589411598353665, 'reg_lambda': 0.4836794900822341}. Best is trial 11 with value: 6.7710002947332475.
[I 2026-04-10 03:37:28,427] Trial 18 finished with value: 6.7996301722226224 and parameters: {'n_estimators': 514, 'max_depth': 5, 'learning_rate': 0.025382049950694263, 'subsample': 0.8083659244311084, 'colsample_bytree': 0.9950495162421289, 'min_child_weight': 7, 'reg_alpha': 0.6172112308975297, 'reg_lambda': 0.9624159826503571}. Best is trial 11 with value: 6.7710002947332475.
[I 2026-04-10 03:37:36,677] Trial 19 finished with value: 6.818166391424872 and parameters: {'n_estimators': 902, 'max_depth': 7, 'learning_rate': 0.014689691152842152, 'subsample': 0.8924210668817023, 'colsample_bytree': 0.8409615165016148, 'min_child_weight': 9, 'reg_alpha': 0.6870008453478382, 'reg_lambda': 0.4965372571278867}. Best is trial 11 with value: 6.7710002947332475.
[I 2026-04-10 03:37:40,883] Trial 20 finished with value: 6.781017561631611 and parameters: {'n_estimators': 763, 'max_depth': 3, 'learning_rate': 0.02614106719396558, 'subsample': 0.808659194902577, 'colsample_bytree': 0.7481346805070686, 'min_child_weight': 6, 'reg_alpha': 0.8859217648696077, 'reg_lambda': 0.7520137327240186}. Best is trial 11 with value: 6.7710002947332475.
[I 2026-04-10 03:37:46,260] Trial 21 finished with value: 6.772854266787325 and parameters: {'n_estimators': 970, 'max_depth': 3, 'learning_rate': 0.013735685966339041, 'subsample': 0.8437971177089411, 'colsample_bytree': 0.9007893378666142, 'min_child_weight': 8, 'reg_alpha': 0.7122915252342641, 'reg_lambda': 0.010529538186656251}. Best is trial 11 with value: 6.7710002947332475.
[I 2026-04-10 03:37:51,573] Trial 22 finished with value: 6.77213340756788 and parameters: {'n_estimators': 935, 'max_depth': 3, 'learning_rate': 0.010499926822909985, 'subsample': 0.7659689856468246, 'colsample_bytree': 0.9075531336232217, 'min_child_weight': 7, 'reg_alpha': 0.7649806236365537, 'reg_lambda': 0.23612844749125017}. Best is trial 11 with value: 6.7710002947332475.
[I 2026-04-10 03:37:57,394] Trial 23 finished with value: 6.77371507980394 and parameters: {'n_estimators': 919, 'max_depth': 4, 'learning_rate': 0.010942051330591548, 'subsample': 0.7522997116765592, 'colsample_bytree': 0.864664389688644, 'min_child_weight': 7, 'reg_alpha': 0.5581866151399576, 'reg_lambda': 0.2992368283447457}. Best is trial 11 with value: 6.7710002947332475.
[I 2026-04-10 03:38:03,347] Trial 24 finished with value: 6.766838223723509 and parameters: {'n_estimators': 795, 'max_depth': 5, 'learning_rate': 0.010034672342356181, 'subsample': 0.7050933934585414, 'colsample_bytree': 0.9670277122750673, 'min_child_weight': 9, 'reg_alpha': 0.8014445397114951, 'reg_lambda': 0.18222706762549137}. Best is trial 24 with value: 6.766838223723509.
[I 2026-04-10 03:38:08,975] Trial 25 finished with value: 6.787278338585014 and parameters: {'n_estimators': 791, 'max_depth': 5, 'learning_rate': 0.017436061517373858, 'subsample': 0.7067057127956318, 'colsample_bytree': 0.9625474935587963, 'min_child_weight': 9, 'reg_alpha': 0.9121788061221257, 'reg_lambda': 0.5805731742389476}. Best is trial 24 with value: 6.766838223723509.
[I 2026-04-10 03:38:14,273] Trial 26 finished with value: 6.810665760363272 and parameters: {'n_estimators': 654, 'max_depth': 6, 'learning_rate': 0.023037996689795344, 'subsample': 0.6033532247986377, 'colsample_bytree': 0.9625390024226518, 'min_child_weight': 10, 'reg_alpha': 0.8142567999278632, 'reg_lambda': 0.43733608095525955}. Best is trial 24 with value: 6.766838223723509.
[I 2026-04-10 03:38:19,434] Trial 27 finished with value: 6.7763889954306835 and parameters: {'n_estimators': 811, 'max_depth': 4, 'learning_rate': 0.01497140003122703, 'subsample': 0.7148550643970067, 'colsample_bytree': 0.9235253650848212, 'min_child_weight': 9, 'reg_alpha': 0.5627641700983028, 'reg_lambda': 0.14632100048550478}. Best is trial 24 with value: 6.766838223723509.
[I 2026-04-10 03:38:25,624] Trial 28 finished with value: 6.923066682886548 and parameters: {'n_estimators': 895, 'max_depth': 5, 'learning_rate': 0.06131556783099151, 'subsample': 0.6731930997418343, 'colsample_bytree': 0.8410895859413542, 'min_child_weight': 9, 'reg_alpha': 0.968463687364225, 'reg_lambda': 0.08247680147956837}. Best is trial 24 with value: 6.766838223723509.
[I 2026-04-10 03:38:32,005] Trial 29 finished with value: 6.782570966415994 and parameters: {'n_estimators': 623, 'max_depth': 7, 'learning_rate': 0.010164819235162086, 'subsample': 0.6468475854697062, 'colsample_bytree': 0.9836926205458079, 'min_child_weight': 6, 'reg_alpha': 0.39680136273533306, 'reg_lambda': 0.8326728700325553}. Best is trial 24 with value: 6.766838223723509.
[optuna] Best params: {'n_estimators': 795, 'max_depth': 5, 'learning_rate': 0.010034672342356181, 'subsample': 0.7050933934585414, 'colsample_bytree': 0.9670277122750673, 'min_child_weight': 9, 'reg_alpha': 0.8014445397114951, 'reg_lambda': 0.18222706762549137}
[optuna] Optimizing hyperparameters for points classification...
[I 2026-04-10 03:46:02,202] A new study created in memory with name: no-name-18c3ae71-9804-47b1-9900-e4083338ca95
[I 2026-04-10 03:46:15,741] Trial 0 finished with value: 0.6007626573423425 and parameters: {'n_estimators': 559, 'max_depth': 6, 'learning_rate': 0.018689589035123567, 'subsample': 0.6883230131406952, 'colsample_bytree': 0.6033424250218171, 'min_child_weight': 2, 'reg_alpha': 0.36922342877069037, 'reg_lambda': 0.8276278055380313}. Best is trial 0 with value: 0.6007626573423425.
[I 2026-04-10 03:46:34,059] Trial 1 finished with value: 0.5779417258392393 and parameters: {'n_estimators': 561, 'max_depth': 10, 'learning_rate': 0.09374696877017125, 'subsample': 0.9989265056155042, 'colsample_bytree': 0.8222698794099004, 'min_child_weight': 5, 'reg_alpha': 0.4449756507238225, 'reg_lambda': 0.4218210239849214}. Best is trial 0 with value: 0.6007626573423425.
[I 2026-04-10 03:47:00,791] Trial 2 finished with value: 0.5997630395102682 and parameters: {'n_estimators': 877, 'max_depth': 8, 'learning_rate': 0.014119217983385184, 'subsample': 0.6056332553914244, 'colsample_bytree': 0.6396435143751537, 'min_child_weight': 4, 'reg_alpha': 0.019746982130842583, 'reg_lambda': 0.22286884361148174}. Best is trial 0 with value: 0.6007626573423425.
[I 2026-04-10 03:47:28,214] Trial 3 finished with value: 0.5870087468760792 and parameters: {'n_estimators': 920, 'max_depth': 9, 'learning_rate': 0.06046067456863485, 'subsample': 0.960614303481175, 'colsample_bytree': 0.7673562751128071, 'min_child_weight': 8, 'reg_alpha': 0.0027046686893095195, 'reg_lambda': 0.1717447778571155}. Best is trial 0 with value: 0.6007626573423425.
[I 2026-04-10 03:47:42,783] Trial 4 finished with value: 0.5998637050392331 and parameters: {'n_estimators': 533, 'max_depth': 6, 'learning_rate': 0.014080882957178761, 'subsample': 0.6843813668957459, 'colsample_bytree': 0.8524743846533389, 'min_child_weight': 6, 'reg_alpha': 0.9620831435199452, 'reg_lambda': 0.3046378071382171}. Best is trial 0 with value: 0.6007626573423425.
[I 2026-04-10 03:47:56,712] Trial 5 finished with value: 0.5817705489974284 and parameters: {'n_estimators': 695, 'max_depth': 3, 'learning_rate': 0.23389809736185352, 'subsample': 0.7346463834099811, 'colsample_bytree': 0.898735220122743, 'min_child_weight': 1, 'reg_alpha': 0.9258103980576033, 'reg_lambda': 0.19360199485826934}. Best is trial 0 with value: 0.6007626573423425.
[I 2026-04-10 03:48:17,036] Trial 6 finished with value: 0.5901483413359337 and parameters: {'n_estimators': 572, 'max_depth': 10, 'learning_rate': 0.048868777150333324, 'subsample': 0.7138394665333287, 'colsample_bytree': 0.6310345196636493, 'min_child_weight': 5, 'reg_alpha': 0.07892337227596513, 'reg_lambda': 0.7241943864562377}. Best is trial 0 with value: 0.6007626573423425.
[I 2026-04-10 03:48:41,669] Trial 7 finished with value: 0.6008346694882 and parameters: {'n_estimators': 706, 'max_depth': 9, 'learning_rate': 0.012605257786730837, 'subsample': 0.8315434497423883, 'colsample_bytree': 0.9607089981618385, 'min_child_weight': 8, 'reg_alpha': 0.981386930794736, 'reg_lambda': 0.04558549724601668}. Best is trial 7 with value: 0.6008346694882.
[I 2026-04-10 03:48:48,359] Trial 8 finished with value: 0.5912608205004128 and parameters: {'n_estimators': 299, 'max_depth': 4, 'learning_rate': 0.19357562934394013, 'subsample': 0.6964524277815052, 'colsample_bytree': 0.7404426638506031, 'min_child_weight': 2, 'reg_alpha': 0.24100439811940744, 'reg_lambda': 0.05592885767491462}. Best is trial 7 with value: 0.6008346694882.
[I 2026-04-10 03:49:19,021] Trial 9 finished with value: 0.5878872704919895 and parameters: {'n_estimators': 856, 'max_depth': 10, 'learning_rate': 0.028510677473963065, 'subsample': 0.8528519713303531, 'colsample_bytree': 0.7606362989310851, 'min_child_weight': 7, 'reg_alpha': 0.9902021150181697, 'reg_lambda': 0.8805423408972737}. Best is trial 7 with value: 0.6008346694882.
[I 2026-04-10 03:49:23,779] Trial 10 finished with value: 0.5966823361657154 and parameters: {'n_estimators': 116, 'max_depth': 8, 'learning_rate': 0.010001761249889714, 'subsample': 0.8701074013425842, 'colsample_bytree': 0.9899364129342371, 'min_child_weight': 10, 'reg_alpha': 0.6907853078245636, 'reg_lambda': 0.6038684299499811}. Best is trial 7 with value: 0.6008346694882.
[I 2026-04-10 03:49:41,581] Trial 11 finished with value: 0.6017493588401255 and parameters: {'n_estimators': 693, 'max_depth': 6, 'learning_rate': 0.022206147679313677, 'subsample': 0.8084332227130834, 'colsample_bytree': 0.9921726857391283, 'min_child_weight': 9, 'reg_alpha': 0.5135621860322449, 'reg_lambda': 0.9277366905678113}. Best is trial 11 with value: 0.6017493588401255.
[I 2026-04-10 03:49:58,726] Trial 12 finished with value: 0.598952601965862 and parameters: {'n_estimators': 724, 'max_depth': 5, 'learning_rate': 0.03025197470387113, 'subsample': 0.8114065859847115, 'colsample_bytree': 0.9991938703556921, 'min_child_weight': 10, 'reg_alpha': 0.655992327364964, 'reg_lambda': 0.9820805729274126}. Best is trial 11 with value: 0.6017493588401255.
[I 2026-04-10 03:50:19,577] Trial 13 finished with value: 0.6004065800023621 and parameters: {'n_estimators': 765, 'max_depth': 7, 'learning_rate': 0.025147759315419627, 'subsample': 0.9068770861672508, 'colsample_bytree': 0.9253297459352324, 'min_child_weight': 8, 'reg_alpha': 0.6990123195352971, 'reg_lambda': 0.5224837129570981}. Best is trial 11 with value: 0.6017493588401255.
[I 2026-04-10 03:50:32,579] Trial 14 finished with value: 0.6003842517338286 and parameters: {'n_estimators': 419, 'max_depth': 7, 'learning_rate': 0.010498813740069455, 'subsample': 0.7802480083116164, 'colsample_bytree': 0.9307906375624533, 'min_child_weight': 9, 'reg_alpha': 0.7960526144827273, 'reg_lambda': 0.6418793242628184}. Best is trial 11 with value: 0.6017493588401255.
[I 2026-04-10 03:50:48,737] Trial 15 finished with value: 0.5984879741968077 and parameters: {'n_estimators': 685, 'max_depth': 5, 'learning_rate': 0.040432593866464896, 'subsample': 0.7850123048758441, 'colsample_bytree': 0.9556717028331226, 'min_child_weight': 8, 'reg_alpha': 0.5460127564447202, 'reg_lambda': 0.015142098761288691}. Best is trial 11 with value: 0.6017493588401255.
[I 2026-04-10 03:51:18,185] Trial 16 finished with value: 0.5946859457796441 and parameters: {'n_estimators': 998, 'max_depth': 8, 'learning_rate': 0.019428869523768967, 'subsample': 0.8983989979697904, 'colsample_bytree': 0.8725817668606601, 'min_child_weight': 7, 'reg_alpha': 0.2565722914976967, 'reg_lambda': 0.4491576735591271}. Best is trial 11 with value: 0.6017493588401255.
[I 2026-04-10 03:51:27,026] Trial 17 finished with value: 0.5964820326830338 and parameters: {'n_estimators': 361, 'max_depth': 5, 'learning_rate': 0.07610187641421426, 'subsample': 0.8287691432879619, 'colsample_bytree': 0.9557001886800153, 'min_child_weight': 9, 'reg_alpha': 0.8598250042685476, 'reg_lambda': 0.33646193226201776}. Best is trial 11 with value: 0.6017493588401255.
[I 2026-04-10 03:51:51,726] Trial 18 finished with value: 0.5880646684626718 and parameters: {'n_estimators': 777, 'max_depth': 9, 'learning_rate': 0.13025970657491356, 'subsample': 0.7632450303808851, 'colsample_bytree': 0.6915755056436395, 'min_child_weight': 9, 'reg_alpha': 0.5200388053423204, 'reg_lambda': 0.9891182593705542}. Best is trial 11 with value: 0.6017493588401255.
[I 2026-04-10 03:52:10,651] Trial 19 finished with value: 0.5989003593852317 and parameters: {'n_estimators': 637, 'max_depth': 7, 'learning_rate': 0.016647954168974743, 'subsample': 0.624187945365439, 'colsample_bytree': 0.8204601353793827, 'min_child_weight': 7, 'reg_alpha': 0.8050829821791936, 'reg_lambda': 0.7635654583069176}. Best is trial 11 with value: 0.6017493588401255.
[I 2026-04-10 03:52:20,137] Trial 20 finished with value: 0.6029006729799088 and parameters: {'n_estimators': 441, 'max_depth': 3, 'learning_rate': 0.03752921020231863, 'subsample': 0.9245394496051771, 'colsample_bytree': 0.8768211554655473, 'min_child_weight': 6, 'reg_alpha': 0.6079732007579234, 'reg_lambda': 0.5484107886581489}. Best is trial 20 with value: 0.6029006729799088.
[I 2026-04-10 03:52:29,641] Trial 21 finished with value: 0.6007349742195289 and parameters: {'n_estimators': 441, 'max_depth': 3, 'learning_rate': 0.03681496816398539, 'subsample': 0.9341416065097056, 'colsample_bytree': 0.8933927643971707, 'min_child_weight': 4, 'reg_alpha': 0.6034195703864506, 'reg_lambda': 0.6046063922599801}. Best is trial 20 with value: 0.6029006729799088.
[I 2026-04-10 03:52:36,337] Trial 22 finished with value: 0.6000767897566716 and parameters: {'n_estimators': 273, 'max_depth': 4, 'learning_rate': 0.024234626316146788, 'subsample': 0.8420721862007577, 'colsample_bytree': 0.9585669149375472, 'min_child_weight': 6, 'reg_alpha': 0.4066209392517829, 'reg_lambda': 0.5193453270468573}. Best is trial 20 with value: 0.6029006729799088.
[I 2026-04-10 03:52:54,546] Trial 23 finished with value: 0.600745225408456 and parameters: {'n_estimators': 811, 'max_depth': 4, 'learning_rate': 0.039457123791405514, 'subsample': 0.8783568732830348, 'colsample_bytree': 0.9183772360629032, 'min_child_weight': 7, 'reg_alpha': 0.2608806916632316, 'reg_lambda': 0.8749410667456108}. Best is trial 20 with value: 0.6029006729799088.
[I 2026-04-10 03:53:12,505] Trial 24 finished with value: 0.5961729372296858 and parameters: {'n_estimators': 480, 'max_depth': 9, 'learning_rate': 0.013202199403222502, 'subsample': 0.9499585708512812, 'colsample_bytree': 0.9777546688795024, 'min_child_weight': 10, 'reg_alpha': 0.7742617076216085, 'reg_lambda': 0.10304401243085615}. Best is trial 20 with value: 0.6029006729799088.
[I 2026-04-10 03:53:30,189] Trial 25 finished with value: 0.6034574836647264 and parameters: {'n_estimators': 666, 'max_depth': 6, 'learning_rate': 0.02226674606673665, 'subsample': 0.8084561083808632, 'colsample_bytree': 0.8516925576726416, 'min_child_weight': 8, 'reg_alpha': 0.34635717747454065, 'reg_lambda': 0.33565195274652654}. Best is trial 25 with value: 0.6034574836647264.
[I 2026-04-10 03:53:46,090] Trial 26 finished with value: 0.5923455223817966 and parameters: {'n_estimators': 629, 'max_depth': 6, 'learning_rate': 0.05753490212816747, 'subsample': 0.993784470740013, 'colsample_bytree': 0.8451390187907101, 'min_child_weight': 6, 'reg_alpha': 0.34336607462915814, 'reg_lambda': 0.34590934787255134}. Best is trial 25 with value: 0.6034574836647264.
[I 2026-04-10 03:53:51,485] Trial 27 finished with value: 0.6007301884208646 and parameters: {'n_estimators': 189, 'max_depth': 5, 'learning_rate': 0.021908662813620843, 'subsample': 0.7418784905888122, 'colsample_bytree': 0.7915521479089596, 'min_child_weight': 9, 'reg_alpha': 0.4656466343002155, 'reg_lambda': 0.7059179524038793}. Best is trial 25 with value: 0.6034574836647264.
[I 2026-04-10 03:54:04,882] Trial 28 finished with value: 0.6046437312690124 and parameters: {'n_estimators': 622, 'max_depth': 3, 'learning_rate': 0.03207492009245576, 'subsample': 0.6541826463610511, 'colsample_bytree': 0.8711077118699331, 'min_child_weight': 5, 'reg_alpha': 0.17543201671071595, 'reg_lambda': 0.4030914121697977}. Best is trial 28 with value: 0.6046437312690124.
[I 2026-04-10 03:54:18,077] Trial 29 finished with value: 0.6042488557990554 and parameters: {'n_estimators': 604, 'max_depth': 3, 'learning_rate': 0.03364654562588842, 'subsample': 0.6655305802541354, 'colsample_bytree': 0.8555610051721306, 'min_child_weight': 3, 'reg_alpha': 0.1548726803589764, 'reg_lambda': 0.4077922899258493}. Best is trial 28 with value: 0.6046437312690124.
[optuna] Best params: {'n_estimators': 622, 'max_depth': 3, 'learning_rate': 0.03207492009245576, 'subsample': 0.6541826463610511, 'colsample_bytree': 0.8711077118699331, 'min_child_weight': 5, 'reg_alpha': 0.17543201671071595, 'reg_lambda': 0.4030914121697977}
[wf] assists: auc_raw=0.670 brier_raw=0.238 auc_cal=0.662 brier_cal=0.227 folds=5
[optuna] Optimizing hyperparameters for assists regression...
[I 2026-04-10 04:06:22,808] A new study created in memory with name: no-name-956be0b9-63aa-4905-84ca-a7c5f0f081f7
[I 2026-04-10 04:06:30,116] Trial 0 finished with value: 2.0394173088565744 and parameters: {'n_estimators': 956, 'max_depth': 6, 'learning_rate': 0.05169499969275071, 'subsample': 0.7299577376824442, 'colsample_bytree': 0.858823632557046, 'min_child_weight': 4, 'reg_alpha': 0.15688337180430878, 'reg_lambda': 0.8988452372502863}. Best is trial 0 with value: 2.0394173088565744.
[I 2026-04-10 04:06:31,189] Trial 1 finished with value: 1.9617939091371759 and parameters: {'n_estimators': 107, 'max_depth': 6, 'learning_rate': 0.04424855126366935, 'subsample': 0.8700470457009235, 'colsample_bytree': 0.9945225962223646, 'min_child_weight': 7, 'reg_alpha': 0.6424199875903966, 'reg_lambda': 0.6510863966084348}. Best is trial 1 with value: 1.9617939091371759.
[I 2026-04-10 04:06:33,041] Trial 2 finished with value: 2.0170609682858776 and parameters: {'n_estimators': 186, 'max_depth': 7, 'learning_rate': 0.10539384255271507, 'subsample': 0.8975795375531685, 'colsample_bytree': 0.8806485337721284, 'min_child_weight': 2, 'reg_alpha': 0.8280181250024393, 'reg_lambda': 0.21229318540445408}. Best is trial 1 with value: 1.9617939091371759.
[I 2026-04-10 04:06:37,105] Trial 3 finished with value: 1.9653878522872588 and parameters: {'n_estimators': 589, 'max_depth': 5, 'learning_rate': 0.0237992400503781, 'subsample': 0.9245694416891005, 'colsample_bytree': 0.7158617259113835, 'min_child_weight': 3, 'reg_alpha': 0.46340143251952126, 'reg_lambda': 0.9169631238526675}. Best is trial 1 with value: 1.9617939091371759.
[I 2026-04-10 04:06:48,336] Trial 4 finished with value: 1.9896054114986437 and parameters: {'n_estimators': 880, 'max_depth': 9, 'learning_rate': 0.011074773874579492, 'subsample': 0.7202751219705047, 'colsample_bytree': 0.7891702994153417, 'min_child_weight': 7, 'reg_alpha': 0.1378540512727423, 'reg_lambda': 0.39833624275785073}. Best is trial 1 with value: 1.9617939091371759.
