[I 2026-04-10 08:46:09,652] Trial 12 finished with value: 1.2729280930058953 and parameters: {'n_estimators': 443, 'max_depth': 3, 'learning_rate': 0.010403417981647395, 'subsample': 0.9232345972777244, 'colsample_bytree': 0.7236618003649838, 'min_child_weight': 1, 'reg_alpha': 0.0008723193002434793, 'reg_lambda': 0.9769970325399241}. Best is trial 11 with value: 1.2728258499904077.
[I 2026-04-10 08:46:10,650] Trial 13 finished with value: 1.2792629800615793 and parameters: {'n_estimators': 137, 'max_depth': 3, 'learning_rate': 0.010905841524167485, 'subsample': 0.9373023858254894, 'colsample_bytree': 0.7230321085105389, 'min_child_weight': 3, 'reg_alpha': 0.0010982921481627803, 'reg_lambda': 0.02628132920798798}. Best is trial 11 with value: 1.2728258499904077.
[I 2026-04-10 08:46:13,425] Trial 14 finished with value: 1.2727880306482935 and parameters: {'n_estimators': 419, 'max_depth': 4, 'learning_rate': 0.018983776588294723, 'subsample': 0.9103518567572656, 'colsample_bytree': 0.7033853659349899, 'min_child_weight': 1, 'reg_alpha': 0.13312336558039467, 'reg_lambda': 0.9773378660019254}. Best is trial 14 with value: 1.2727880306482935.
[I 2026-04-10 08:46:15,624] Trial 15 finished with value: 1.2722979419607146 and parameters: {'n_estimators': 322, 'max_depth': 4, 'learning_rate': 0.025136514768238406, 'subsample': 0.8952643632987087, 'colsample_bytree': 0.7089297625131915, 'min_child_weight': 3, 'reg_alpha': 0.1673806535000117, 'reg_lambda': 0.8707973194673693}. Best is trial 15 with value: 1.2722979419607146.
[I 2026-04-10 08:46:17,905] Trial 16 finished with value: 1.2774487501267044 and parameters: {'n_estimators': 301, 'max_depth': 5, 'learning_rate': 0.03039360495454462, 'subsample': 0.9959851700012212, 'colsample_bytree': 0.7040868277874418, 'min_child_weight': 3, 'reg_alpha': 0.15476043045583304, 'reg_lambda': 0.8417661390920865}. Best is trial 15 with value: 1.2722979419607146.
[I 2026-04-10 08:46:21,624] Trial 17 finished with value: 1.273576043114645 and parameters: {'n_estimators': 584, 'max_depth': 4, 'learning_rate': 0.02068701328965097, 'subsample': 0.9526635569071102, 'colsample_bytree': 0.6680673205573234, 'min_child_weight': 6, 'reg_alpha': 0.16537323645358154, 'reg_lambda': 0.8754968438408198}. Best is trial 15 with value: 1.2722979419607146.
[I 2026-04-10 08:46:22,534] Trial 18 finished with value: 1.273685735375263 and parameters: {'n_estimators': 114, 'max_depth': 4, 'learning_rate': 0.04434718341365712, 'subsample': 0.7655697053920989, 'colsample_bytree': 0.7685603978493526, 'min_child_weight': 3, 'reg_alpha': 0.15830631678021267, 'reg_lambda': 0.73838351991829}. Best is trial 15 with value: 1.2722979419607146.
[I 2026-04-10 08:46:24,818] Trial 19 finished with value: 1.2735581075882552 and parameters: {'n_estimators': 339, 'max_depth': 4, 'learning_rate': 0.023336149603777404, 'subsample': 0.8641613860278425, 'colsample_bytree': 0.6738189181750582, 'min_child_weight': 1, 'reg_alpha': 0.5649691140655257, 'reg_lambda': 0.49257926486226894}. Best is trial 15 with value: 1.2722979419607146.
[I 2026-04-10 08:46:26,748] Trial 20 finished with value: 1.27733075955243 and parameters: {'n_estimators': 207, 'max_depth': 6, 'learning_rate': 0.040149247890047625, 'subsample': 0.9091742868225957, 'colsample_bytree': 0.913448191385895, 'min_child_weight': 4, 'reg_alpha': 0.4754205465851619, 'reg_lambda': 0.8983020940492714}. Best is trial 15 with value: 1.2722979419607146.
[I 2026-04-10 08:46:29,675] Trial 21 finished with value: 1.2727410366014371 and parameters: {'n_estimators': 422, 'max_depth': 4, 'learning_rate': 0.01481577207680216, 'subsample': 0.8705700363683057, 'colsample_bytree': 0.756306693241676, 'min_child_weight': 2, 'reg_alpha': 0.11881935249202746, 'reg_lambda': 0.9979390344924974}. Best is trial 15 with value: 1.2722979419607146.
[I 2026-04-10 08:46:32,798] Trial 22 finished with value: 1.272283091306291 and parameters: {'n_estimators': 473, 'max_depth': 4, 'learning_rate': 0.01611455066438373, 'subsample': 0.8473181098074651, 'colsample_bytree': 0.7569451716070321, 'min_child_weight': 2, 'reg_alpha': 0.1199640268860217, 'reg_lambda': 0.9100957808773917}. Best is trial 22 with value: 1.272283091306291.
[I 2026-04-10 08:46:36,619] Trial 23 finished with value: 1.2733000816825375 and parameters: {'n_estimators': 518, 'max_depth': 5, 'learning_rate': 0.014895884311132748, 'subsample': 0.8499145271470392, 'colsample_bytree': 0.7594615704270871, 'min_child_weight': 2, 'reg_alpha': 0.222469705113117, 'reg_lambda': 0.8616124948992858}. Best is trial 22 with value: 1.272283091306291.
[I 2026-04-10 08:46:40,660] Trial 24 finished with value: 1.2732229481844612 and parameters: {'n_estimators': 637, 'max_depth': 4, 'learning_rate': 0.024071729178260514, 'subsample': 0.7624215713590625, 'colsample_bytree': 0.7494710428121634, 'min_child_weight': 4, 'reg_alpha': 0.09592374376099654, 'reg_lambda': 0.7431481732095626}. Best is trial 22 with value: 1.272283091306291.
[I 2026-04-10 08:46:43,779] Trial 25 finished with value: 1.2746536197401588 and parameters: {'n_estimators': 353, 'max_depth': 6, 'learning_rate': 0.014819038566846812, 'subsample': 0.8321296363670435, 'colsample_bytree': 0.7531516355834456, 'min_child_weight': 6, 'reg_alpha': 0.23028735453946547, 'reg_lambda': 0.6816559100434468}. Best is trial 22 with value: 1.272283091306291.
[I 2026-04-10 08:46:47,507] Trial 26 finished with value: 1.2746175625025846 and parameters: {'n_estimators': 494, 'max_depth': 5, 'learning_rate': 0.014207320078598732, 'subsample': 0.9602628303198895, 'colsample_bytree': 0.8085445495768258, 'min_child_weight': 2, 'reg_alpha': 0.37113578420078186, 'reg_lambda': 0.9022546022019825}. Best is trial 22 with value: 1.272283091306291.
[I 2026-04-10 08:46:49,186] Trial 27 finished with value: 1.2770631315091052 and parameters: {'n_estimators': 243, 'max_depth': 4, 'learning_rate': 0.07004307897718963, 'subsample': 0.8803679170788691, 'colsample_bytree': 0.8757337927305954, 'min_child_weight': 3, 'reg_alpha': 0.08901684527444932, 'reg_lambda': 0.8038394579981659}. Best is trial 22 with value: 1.272283091306291.
[I 2026-04-10 08:46:53,039] Trial 28 finished with value: 1.2733260977928835 and parameters: {'n_estimators': 677, 'max_depth': 3, 'learning_rate': 0.0254135743992948, 'subsample': 0.7790646637135309, 'colsample_bytree': 0.672885130027262, 'min_child_weight': 2, 'reg_alpha': 0.8039757912754861, 'reg_lambda': 0.02804132400586473}. Best is trial 22 with value: 1.272283091306291.
[I 2026-04-10 08:46:55,177] Trial 29 finished with value: 1.2821483485106688 and parameters: {'n_estimators': 287, 'max_depth': 5, 'learning_rate': 0.05919703064206449, 'subsample': 0.7313951359421044, 'colsample_bytree': 0.6882151135463606, 'min_child_weight': 4, 'reg_alpha': 0.4552318153191667, 'reg_lambda': 0.9888848513399474}. Best is trial 22 with value: 1.272283091306291.
[optuna] Best params: {'n_estimators': 473, 'max_depth': 4, 'learning_rate': 0.01611455066438373, 'subsample': 0.8473181098074651, 'colsample_bytree': 0.7569451716070321, 'min_child_weight': 2, 'reg_alpha': 0.1199640268860217, 'reg_lambda': 0.9100957808773917}
[optuna] Optimizing hyperparameters for stl_blk classification...
[I 2026-04-10 08:54:06,013] A new study created in memory with name: no-name-50369c68-6072-4fa3-8e9e-621ec9f5b667
[I 2026-04-10 08:54:15,945] Trial 0 finished with value: 0.7421363982876846 and parameters: {'n_estimators': 334, 'max_depth': 7, 'learning_rate': 0.016897260487392797, 'subsample': 0.6283750434898208, 'colsample_bytree': 0.7135317329359733, 'min_child_weight': 9, 'reg_alpha': 0.8888486584292754, 'reg_lambda': 0.24099688980055745}. Best is trial 0 with value: 0.7421363982876846.
[I 2026-04-10 08:54:35,077] Trial 1 finished with value: 0.7351140719701823 and parameters: {'n_estimators': 669, 'max_depth': 8, 'learning_rate': 0.03176623655415412, 'subsample': 0.9919873522794589, 'colsample_bytree': 0.7182994095814222, 'min_child_weight': 4, 'reg_alpha': 0.5925387737183055, 'reg_lambda': 0.11372541207070208}. Best is trial 0 with value: 0.7421363982876846.
[I 2026-04-10 08:54:51,088] Trial 2 finished with value: 0.7434584895348305 and parameters: {'n_estimators': 665, 'max_depth': 5, 'learning_rate': 0.023885063345628586, 'subsample': 0.919764785414497, 'colsample_bytree': 0.9973167477364406, 'min_child_weight': 1, 'reg_alpha': 0.5433950813669254, 'reg_lambda': 0.7702216508815999}. Best is trial 2 with value: 0.7434584895348305.
[I 2026-04-10 08:54:56,969] Trial 3 finished with value: 0.7265307935667167 and parameters: {'n_estimators': 180, 'max_depth': 8, 'learning_rate': 0.11053441823463257, 'subsample': 0.6130024774421221, 'colsample_bytree': 0.6485866522577509, 'min_child_weight': 4, 'reg_alpha': 0.10392028809523868, 'reg_lambda': 0.6145143185885147}. Best is trial 2 with value: 0.7434584895348305.
[I 2026-04-10 08:55:00,533] Trial 4 finished with value: 0.742258729200627 and parameters: {'n_estimators': 145, 'max_depth': 3, 'learning_rate': 0.04816783619915795, 'subsample': 0.9651185556631172, 'colsample_bytree': 0.8485804372978585, 'min_child_weight': 6, 'reg_alpha': 0.7396781243765082, 'reg_lambda': 0.9813334567440222}. Best is trial 2 with value: 0.7434584895348305.
[I 2026-04-10 08:55:05,082] Trial 5 finished with value: 0.7377571207210729 and parameters: {'n_estimators': 187, 'max_depth': 3, 'learning_rate': 0.012202406499358161, 'subsample': 0.811841175664119, 'colsample_bytree': 0.8663732989225651, 'min_child_weight': 3, 'reg_alpha': 0.19319025498680376, 'reg_lambda': 0.7083846617487558}. Best is trial 2 with value: 0.7434584895348305.
[I 2026-04-10 08:55:33,938] Trial 6 finished with value: 0.7139539748930257 and parameters: {'n_estimators': 793, 'max_depth': 9, 'learning_rate': 0.21724061311578408, 'subsample': 0.7513604486760025, 'colsample_bytree': 0.6149407454489957, 'min_child_weight': 3, 'reg_alpha': 0.9366508854571071, 'reg_lambda': 0.9049916845886599}. Best is trial 2 with value: 0.7434584895348305.
[I 2026-04-10 08:55:46,008] Trial 7 finished with value: 0.7095359138542461 and parameters: {'n_estimators': 401, 'max_depth': 8, 'learning_rate': 0.23799392561099317, 'subsample': 0.7922415293590551, 'colsample_bytree': 0.6578864003399033, 'min_child_weight': 10, 'reg_alpha': 0.35593410670622994, 'reg_lambda': 0.5719828590656351}. Best is trial 2 with value: 0.7434584895348305.
[I 2026-04-10 08:56:22,696] Trial 8 finished with value: 0.7252022541539792 and parameters: {'n_estimators': 914, 'max_depth': 10, 'learning_rate': 0.06615043838477556, 'subsample': 0.6580099044244999, 'colsample_bytree': 0.9702018268631007, 'min_child_weight': 8, 'reg_alpha': 0.7447011718175478, 'reg_lambda': 0.37697761781443884}. Best is trial 2 with value: 0.7434584895348305.
[I 2026-04-10 08:56:26,921] Trial 9 finished with value: 0.7433393897905802 and parameters: {'n_estimators': 158, 'max_depth': 3, 'learning_rate': 0.07526334317681056, 'subsample': 0.6070124821683964, 'colsample_bytree': 0.7689774760406305, 'min_child_weight': 9, 'reg_alpha': 0.6407889296731499, 'reg_lambda': 0.4873049407322644}. Best is trial 2 with value: 0.7434584895348305.
[I 2026-04-10 08:56:41,638] Trial 10 finished with value: 0.742708650545289 and parameters: {'n_estimators': 554, 'max_depth': 5, 'learning_rate': 0.02795858304513919, 'subsample': 0.8995430428727659, 'colsample_bytree': 0.995428765521519, 'min_child_weight': 1, 'reg_alpha': 0.40891150432521883, 'reg_lambda': 0.7597245225772787}. Best is trial 2 with value: 0.7434584895348305.
[I 2026-04-10 08:56:56,885] Trial 11 finished with value: 0.7328441381724827 and parameters: {'n_estimators': 599, 'max_depth': 5, 'learning_rate': 0.0922004014755481, 'subsample': 0.8829008352651828, 'colsample_bytree': 0.7874336347372222, 'min_child_weight': 7, 'reg_alpha': 0.6028857743643475, 'reg_lambda': 0.420527992308716}. Best is trial 2 with value: 0.7434584895348305.
[I 2026-04-10 08:57:09,403] Trial 12 finished with value: 0.7433238197145431 and parameters: {'n_estimators': 439, 'max_depth': 5, 'learning_rate': 0.023580038194551976, 'subsample': 0.6983852644682207, 'colsample_bytree': 0.7958260132375374, 'min_child_weight': 1, 'reg_alpha': 0.49336258251450127, 'reg_lambda': 0.8034127454287456}. Best is trial 2 with value: 0.7434584895348305.
[I 2026-04-10 08:57:26,449] Trial 13 finished with value: 0.7422750031423588 and parameters: {'n_estimators': 712, 'max_depth': 4, 'learning_rate': 0.044952506193351886, 'subsample': 0.8842152672992017, 'colsample_bytree': 0.9173116599755813, 'min_child_weight': 6, 'reg_alpha': 0.720521154567358, 'reg_lambda': 0.4760519160129139}. Best is trial 2 with value: 0.7434584895348305.
[I 2026-04-10 08:57:52,965] Trial 14 finished with value: 0.7157859861303879 and parameters: {'n_estimators': 956, 'max_depth': 6, 'learning_rate': 0.1337931757094347, 'subsample': 0.7187848659059017, 'colsample_bytree': 0.7462169056415373, 'min_child_weight': 10, 'reg_alpha': 0.2731679611972697, 'reg_lambda': 0.25120286786984214}. Best is trial 2 with value: 0.7434584895348305.
[I 2026-04-10 08:58:01,375] Trial 15 finished with value: 0.7410796124441792 and parameters: {'n_estimators': 286, 'max_depth': 4, 'learning_rate': 0.011038918662382366, 'subsample': 0.8257792324693887, 'colsample_bytree': 0.8712269492088838, 'min_child_weight': 7, 'reg_alpha': 0.5601679987350171, 'reg_lambda': 0.6266711724268558}. Best is trial 2 with value: 0.7434584895348305.
[I 2026-04-10 08:58:12,844] Trial 16 finished with value: 0.7393392454650453 and parameters: {'n_estimators': 485, 'max_depth': 4, 'learning_rate': 0.0723746987569966, 'subsample': 0.9382246897049215, 'colsample_bytree': 0.9386734869213917, 'min_child_weight': 2, 'reg_alpha': 0.0002082200689591529, 'reg_lambda': 0.8520772589209169}. Best is trial 2 with value: 0.7434584895348305.
[I 2026-04-10 08:58:35,900] Trial 17 finished with value: 0.742223129657843 and parameters: {'n_estimators': 811, 'max_depth': 6, 'learning_rate': 0.01942446106865194, 'subsample': 0.765801786276122, 'colsample_bytree': 0.7630218377358586, 'min_child_weight': 5, 'reg_alpha': 0.8293485414343227, 'reg_lambda': 0.009124043078040378}. Best is trial 2 with value: 0.7434584895348305.
[I 2026-04-10 08:58:49,847] Trial 18 finished with value: 0.7434831673495204 and parameters: {'n_estimators': 624, 'max_depth': 3, 'learning_rate': 0.036200435219041815, 'subsample': 0.8467958181909375, 'colsample_bytree': 0.8226221644363305, 'min_child_weight': 8, 'reg_alpha': 0.4284308188104746, 'reg_lambda': 0.33867800084676436}. Best is trial 18 with value: 0.7434831673495204.
[I 2026-04-10 08:59:05,884] Trial 19 finished with value: 0.7418778055897632 and parameters: {'n_estimators': 677, 'max_depth': 4, 'learning_rate': 0.03819136293080178, 'subsample': 0.8485116549009166, 'colsample_bytree': 0.8368517042545319, 'min_child_weight': 8, 'reg_alpha': 0.4547892274926913, 'reg_lambda': 0.3019753711944374}. Best is trial 18 with value: 0.7434831673495204.
[I 2026-04-10 08:59:29,548] Trial 20 finished with value: 0.7427370224738932 and parameters: {'n_estimators': 825, 'max_depth': 6, 'learning_rate': 0.0147674340348021, 'subsample': 0.9206053952906396, 'colsample_bytree': 0.9451561723094113, 'min_child_weight': 5, 'reg_alpha': 0.31841052516955437, 'reg_lambda': 0.15214288948268845}. Best is trial 18 with value: 0.7434831673495204.
[I 2026-04-10 08:59:42,698] Trial 21 finished with value: 0.7424347428635955 and parameters: {'n_estimators': 612, 'max_depth': 3, 'learning_rate': 0.06243770860150863, 'subsample': 0.8532012019262699, 'colsample_bytree': 0.8870421037187103, 'min_child_weight': 9, 'reg_alpha': 0.6342921460160529, 'reg_lambda': 0.4926602028622597}. Best is trial 18 with value: 0.7434831673495204.
[I 2026-04-10 08:59:53,707] Trial 22 finished with value: 0.7436533327861132 and parameters: {'n_estimators': 500, 'max_depth': 3, 'learning_rate': 0.03265555176442232, 'subsample': 0.8559220680058993, 'colsample_bytree': 0.8315568427025899, 'min_child_weight': 8, 'reg_alpha': 0.5241123527771763, 'reg_lambda': 0.35003356212440745}. Best is trial 22 with value: 0.7436533327861132.
[I 2026-04-10 09:00:06,664] Trial 23 finished with value: 0.7435145484220673 and parameters: {'n_estimators': 530, 'max_depth': 4, 'learning_rate': 0.02376853226522869, 'subsample': 0.860186961312356, 'colsample_bytree': 0.8183439150183724, 'min_child_weight': 7, 'reg_alpha': 0.5254575576296417, 'reg_lambda': 0.33927333589113606}. Best is trial 22 with value: 0.7436533327861132.
[I 2026-04-10 09:00:17,862] Trial 24 finished with value: 0.7434714236574608 and parameters: {'n_estimators': 513, 'max_depth': 3, 'learning_rate': 0.03982250773907023, 'subsample': 0.8588090254787785, 'colsample_bytree': 0.8352378631569316, 'min_child_weight': 7, 'reg_alpha': 0.4208722614242365, 'reg_lambda': 0.3474768444488903}. Best is trial 22 with value: 0.7436533327861132.
[I 2026-04-10 09:00:26,989] Trial 25 finished with value: 0.7433717298210869 and parameters: {'n_estimators': 368, 'max_depth': 4, 'learning_rate': 0.03302773749592004, 'subsample': 0.7929505016587561, 'colsample_bytree': 0.9057137954439698, 'min_child_weight': 8, 'reg_alpha': 0.23775508286569497, 'reg_lambda': 0.16741716073914126}. Best is trial 22 with value: 0.7436533327861132.
[I 2026-04-10 09:00:37,526] Trial 26 finished with value: 0.7429561750732606 and parameters: {'n_estimators': 463, 'max_depth': 3, 'learning_rate': 0.0225167381135105, 'subsample': 0.8405210297249643, 'colsample_bytree': 0.8164445590855653, 'min_child_weight': 7, 'reg_alpha': 0.4933492581298713, 'reg_lambda': 0.41265668076431655}. Best is trial 22 with value: 0.7436533327861132.
[I 2026-04-10 09:00:44,319] Trial 27 finished with value: 0.742719312457187 and parameters: {'n_estimators': 272, 'max_depth': 4, 'learning_rate': 0.05210016011679893, 'subsample': 0.7552250167588048, 'colsample_bytree': 0.8193698710915353, 'min_child_weight': 8, 'reg_alpha': 0.36396644182964144, 'reg_lambda': 0.2859644515837889}. Best is trial 22 with value: 0.7436533327861132.
[I 2026-04-10 09:00:57,097] Trial 28 finished with value: 0.7429131211676167 and parameters: {'n_estimators': 556, 'max_depth': 3, 'learning_rate': 0.015445158789967323, 'subsample': 0.8761442913594917, 'colsample_bytree': 0.717857176302394, 'min_child_weight': 6, 'reg_alpha': 0.16629884461932493, 'reg_lambda': 0.20246701574446402}. Best is trial 22 with value: 0.7436533327861132.
[I 2026-04-10 09:01:19,708] Trial 29 finished with value: 0.7410671507146326 and parameters: {'n_estimators': 743, 'max_depth': 7, 'learning_rate': 0.018326598920806375, 'subsample': 0.9574290363657602, 'colsample_bytree': 0.799687982902424, 'min_child_weight': 9, 'reg_alpha': 0.8314243807347161, 'reg_lambda': 0.04146851897859766}. Best is trial 22 with value: 0.7436533327861132.
[optuna] Best params: {'n_estimators': 500, 'max_depth': 3, 'learning_rate': 0.03265555176442232, 'subsample': 0.8559220680058993, 'colsample_bytree': 0.8315568427025899, 'min_child_weight': 8, 'reg_alpha': 0.5241123527771763, 'reg_lambda': 0.35003356212440745}
[wf] double_double: auc_raw=0.829 brier_raw=0.083 auc_cal=0.818 brier_cal=0.086 folds=5
[optuna] Optimizing hyperparameters for double_double classification...
[I 2026-04-10 09:05:52,306] A new study created in memory with name: no-name-742086b7-895a-40fc-b4eb-3483bbe1746b
[I 2026-04-10 09:05:56,750] Trial 0 finished with value: 0.8692990826209035 and parameters: {'n_estimators': 553, 'max_depth': 6, 'learning_rate': 0.01406818915006358, 'subsample': 0.7732895788308503, 'colsample_bytree': 0.766090818849391, 'min_child_weight': 2, 'reg_alpha': 0.2058320254948406, 'reg_lambda': 0.7976166785737361}. Best is trial 0 with value: 0.8692990826209035.
[I 2026-04-10 09:06:00,222] Trial 1 finished with value: 0.8697214197422578 and parameters: {'n_estimators': 592, 'max_depth': 3, 'learning_rate': 0.011429014787904304, 'subsample': 0.8734859016700488, 'colsample_bytree': 0.8966097044596333, 'min_child_weight': 9, 'reg_alpha': 0.04856842157083785, 'reg_lambda': 0.5899455764423372}. Best is trial 1 with value: 0.8697214197422578.
[I 2026-04-10 09:06:03,077] Trial 2 finished with value: 0.8686521412441351 and parameters: {'n_estimators': 382, 'max_depth': 5, 'learning_rate': 0.03478420732027317, 'subsample': 0.6075194067094513, 'colsample_bytree': 0.8221084578675794, 'min_child_weight': 1, 'reg_alpha': 0.36486550600795364, 'reg_lambda': 0.8874786537617507}. Best is trial 1 with value: 0.8697214197422578.
[I 2026-04-10 09:06:11,958] Trial 3 finished with value: 0.8559941957798736 and parameters: {'n_estimators': 858, 'max_depth': 9, 'learning_rate': 0.03478636183201735, 'subsample': 0.7539760000097326, 'colsample_bytree': 0.9056572131837101, 'min_child_weight': 7, 'reg_alpha': 0.054821794087934084, 'reg_lambda': 0.7161938210572236}. Best is trial 1 with value: 0.8697214197422578.
[I 2026-04-10 09:06:16,735] Trial 4 finished with value: 0.8708809455484248 and parameters: {'n_estimators': 812, 'max_depth': 3, 'learning_rate': 0.011877745973177613, 'subsample': 0.8703296003361572, 'colsample_bytree': 0.9596082902535069, 'min_child_weight': 10, 'reg_alpha': 0.17652916176048827, 'reg_lambda': 0.7087443025522822}. Best is trial 4 with value: 0.8708809455484248.
[I 2026-04-10 09:06:22,018] Trial 5 finished with value: 0.8442042468963545 and parameters: {'n_estimators': 497, 'max_depth': 9, 'learning_rate': 0.1102927520231558, 'subsample': 0.6925112287291927, 'colsample_bytree': 0.8729384582904649, 'min_child_weight': 9, 'reg_alpha': 0.4702353162949674, 'reg_lambda': 0.038268690169295794}. Best is trial 4 with value: 0.8708809455484248.
[I 2026-04-10 09:06:31,124] Trial 6 finished with value: 0.8354664822511938 and parameters: {'n_estimators': 831, 'max_depth': 10, 'learning_rate': 0.2797940401914119, 'subsample': 0.9703918152447223, 'colsample_bytree': 0.8296258576694994, 'min_child_weight': 2, 'reg_alpha': 0.09703210813927854, 'reg_lambda': 0.19131536532501314}. Best is trial 4 with value: 0.8708809455484248.
