[I 2026-04-10 04:33:29,096] Trial 0 finished with value: 2.8199944081655266 and parameters: {'n_estimators': 741, 'max_depth': 7, 'learning_rate': 0.12695512429143416, 'subsample': 0.835654035420994, 'colsample_bytree': 0.6846386807853186, 'min_child_weight': 8, 'reg_alpha': 0.14144462580013983, 'reg_lambda': 0.911194987011545}. Best is trial 0 with value: 2.8199944081655266.
[I 2026-04-10 04:33:33,813] Trial 1 finished with value: 2.661769545594 and parameters: {'n_estimators': 630, 'max_depth': 6, 'learning_rate': 0.02586614529500196, 'subsample': 0.8176605321853062, 'colsample_bytree': 0.6576746678141817, 'min_child_weight': 9, 'reg_alpha': 0.6322193999460713, 'reg_lambda': 0.0211478465351439}. Best is trial 1 with value: 2.661769545594.
[I 2026-04-10 04:33:42,222] Trial 2 finished with value: 2.839294469543863 and parameters: {'n_estimators': 590, 'max_depth': 9, 'learning_rate': 0.1464584090551792, 'subsample': 0.9060726983604253, 'colsample_bytree': 0.834633530211768, 'min_child_weight': 6, 'reg_alpha': 0.2979644530517398, 'reg_lambda': 0.40962567304673103}. Best is trial 1 with value: 2.661769545594.
[I 2026-04-10 04:33:46,052] Trial 3 finished with value: 2.663083101834839 and parameters: {'n_estimators': 378, 'max_depth': 7, 'learning_rate': 0.020273229445054986, 'subsample': 0.6486575322511561, 'colsample_bytree': 0.9465199313008029, 'min_child_weight': 3, 'reg_alpha': 0.930604282720118, 'reg_lambda': 0.6115280208168895}. Best is trial 1 with value: 2.661769545594.
[I 2026-04-10 04:33:51,387] Trial 4 finished with value: 2.7242181208484806 and parameters: {'n_estimators': 333, 'max_depth': 10, 'learning_rate': 0.06549628144373283, 'subsample': 0.9276807954339663, 'colsample_bytree': 0.80332662338476, 'min_child_weight': 8, 'reg_alpha': 0.5081918581316287, 'reg_lambda': 0.09161335636218282}. Best is trial 1 with value: 2.661769545594.
[I 2026-04-10 04:33:59,050] Trial 5 finished with value: 2.6677147529578993 and parameters: {'n_estimators': 995, 'max_depth': 6, 'learning_rate': 0.019381593258229735, 'subsample': 0.7667085479058432, 'colsample_bytree': 0.6041580136694341, 'min_child_weight': 2, 'reg_alpha': 0.9123031565745259, 'reg_lambda': 0.09129615911845224}. Best is trial 1 with value: 2.661769545594.
[I 2026-04-10 04:34:08,062] Trial 6 finished with value: 2.6676450570563417 and parameters: {'n_estimators': 808, 'max_depth': 8, 'learning_rate': 0.011920470674056853, 'subsample': 0.6338549503216575, 'colsample_bytree': 0.8924505828232134, 'min_child_weight': 8, 'reg_alpha': 0.7832123721014642, 'reg_lambda': 0.9248153508480377}. Best is trial 1 with value: 2.661769545594.
[I 2026-04-10 04:34:09,320] Trial 7 finished with value: 2.6760238877548876 and parameters: {'n_estimators': 204, 'max_depth': 3, 'learning_rate': 0.23405473861146753, 'subsample': 0.7685050811947306, 'colsample_bytree': 0.7109119449694564, 'min_child_weight': 2, 'reg_alpha': 0.7369669259825026, 'reg_lambda': 0.5522154357942715}. Best is trial 1 with value: 2.661769545594.
[I 2026-04-10 04:34:16,016] Trial 8 finished with value: 2.8803639510205454 and parameters: {'n_estimators': 718, 'max_depth': 7, 'learning_rate': 0.12557140646002887, 'subsample': 0.678589223481833, 'colsample_bytree': 0.6618410995766759, 'min_child_weight': 5, 'reg_alpha': 0.32504973845395224, 'reg_lambda': 0.28304316126360574}. Best is trial 1 with value: 2.661769545594.
[I 2026-04-10 04:34:18,027] Trial 9 finished with value: 2.6761782651914694 and parameters: {'n_estimators': 144, 'max_depth': 8, 'learning_rate': 0.013191410583007955, 'subsample': 0.6087705579234952, 'colsample_bytree': 0.8709435444657584, 'min_child_weight': 6, 'reg_alpha': 0.903091405208277, 'reg_lambda': 0.4954730218943022}. Best is trial 1 with value: 2.661769545594.
[I 2026-04-10 04:34:21,157] Trial 10 finished with value: 2.6575402043424554 and parameters: {'n_estimators': 497, 'max_depth': 4, 'learning_rate': 0.04059749394221172, 'subsample': 0.988211170260859, 'colsample_bytree': 0.7594866663392944, 'min_child_weight': 10, 'reg_alpha': 0.6169715474500809, 'reg_lambda': 0.01577233294442265}. Best is trial 10 with value: 2.6575402043424554.
[I 2026-04-10 04:34:24,278] Trial 11 finished with value: 2.6604204126633593 and parameters: {'n_estimators': 501, 'max_depth': 4, 'learning_rate': 0.04313754139167269, 'subsample': 0.9769739319867251, 'colsample_bytree': 0.7425857955444204, 'min_child_weight': 10, 'reg_alpha': 0.5774619287881555, 'reg_lambda': 0.030440024820573286}. Best is trial 10 with value: 2.6575402043424554.
[I 2026-04-10 04:34:27,108] Trial 12 finished with value: 2.658942240372032 and parameters: {'n_estimators': 434, 'max_depth': 4, 'learning_rate': 0.04238537123167627, 'subsample': 0.9937200844253818, 'colsample_bytree': 0.7543218311937802, 'min_child_weight': 10, 'reg_alpha': 0.5235790317419866, 'reg_lambda': 0.2018725326614344}. Best is trial 10 with value: 2.6575402043424554.
[I 2026-04-10 04:34:29,963] Trial 13 finished with value: 2.662069834383414 and parameters: {'n_estimators': 433, 'max_depth': 4, 'learning_rate': 0.04834741739553786, 'subsample': 0.9984599168072453, 'colsample_bytree': 0.7589985931818497, 'min_child_weight': 10, 'reg_alpha': 0.3367183774107405, 'reg_lambda': 0.2476003866065385}. Best is trial 10 with value: 2.6575402043424554.
[I 2026-04-10 04:34:32,096] Trial 14 finished with value: 2.6697871050822823 and parameters: {'n_estimators': 264, 'max_depth': 5, 'learning_rate': 0.07165358027941258, 'subsample': 0.912172480102823, 'colsample_bytree': 0.7726252661025864, 'min_child_weight': 10, 'reg_alpha': 0.47030251035999715, 'reg_lambda': 0.26099197956872944}. Best is trial 10 with value: 2.6575402043424554.
[I 2026-04-10 04:34:34,946] Trial 15 finished with value: 2.649911124820918 and parameters: {'n_estimators': 488, 'max_depth': 3, 'learning_rate': 0.03492572395390087, 'subsample': 0.957247708675993, 'colsample_bytree': 0.9985386127240674, 'min_child_weight': 7, 'reg_alpha': 0.00795325471926045, 'reg_lambda': 0.1779658097651078}. Best is trial 15 with value: 2.649911124820918.
[I 2026-04-10 04:34:38,043] Trial 16 finished with value: 2.647842453492906 and parameters: {'n_estimators': 537, 'max_depth': 3, 'learning_rate': 0.02893971567261957, 'subsample': 0.8738535376109124, 'colsample_bytree': 0.9780194509686725, 'min_child_weight': 4, 'reg_alpha': 0.07147512476177709, 'reg_lambda': 0.6919652074492395}. Best is trial 16 with value: 2.647842453492906.
[I 2026-04-10 04:34:41,667] Trial 17 finished with value: 2.6474499736159616 and parameters: {'n_estimators': 630, 'max_depth': 3, 'learning_rate': 0.02893230465629174, 'subsample': 0.8699609979971918, 'colsample_bytree': 0.9996319849494363, 'min_child_weight': 4, 'reg_alpha': 0.042692979372418186, 'reg_lambda': 0.7382440568934906}. Best is trial 17 with value: 2.6474499736159616.
[I 2026-04-10 04:34:46,629] Trial 18 finished with value: 2.6462500297571334 and parameters: {'n_estimators': 887, 'max_depth': 3, 'learning_rate': 0.02705237363102984, 'subsample': 0.8579677430029987, 'colsample_bytree': 0.9931723371583009, 'min_child_weight': 4, 'reg_alpha': 0.03725216340558031, 'reg_lambda': 0.7555283467108578}. Best is trial 18 with value: 2.6462500297571334.
[I 2026-04-10 04:34:53,246] Trial 19 finished with value: 2.654035038779119 and parameters: {'n_estimators': 924, 'max_depth': 5, 'learning_rate': 0.017112800951049677, 'subsample': 0.7158017348741703, 'colsample_bytree': 0.9240447869441498, 'min_child_weight': 1, 'reg_alpha': 0.19164560884204457, 'reg_lambda': 0.8016207012172434}. Best is trial 18 with value: 2.6462500297571334.
[I 2026-04-10 04:34:59,399] Trial 20 finished with value: 2.725757928828891 and parameters: {'n_estimators': 871, 'max_depth': 5, 'learning_rate': 0.08905718765247476, 'subsample': 0.8546323361565072, 'colsample_bytree': 0.9460866394496048, 'min_child_weight': 4, 'reg_alpha': 0.21477467673823514, 'reg_lambda': 0.7603473783461039}. Best is trial 18 with value: 2.6462500297571334.
[I 2026-04-10 04:35:02,915] Trial 21 finished with value: 2.647498992494395 and parameters: {'n_estimators': 611, 'max_depth': 3, 'learning_rate': 0.02839436951212241, 'subsample': 0.8691630151001709, 'colsample_bytree': 0.9944564686773256, 'min_child_weight': 4, 'reg_alpha': 0.020754405073939775, 'reg_lambda': 0.7115705868098097}. Best is trial 18 with value: 2.6462500297571334.
[I 2026-04-10 04:35:06,743] Trial 22 finished with value: 2.649430691646794 and parameters: {'n_estimators': 672, 'max_depth': 3, 'learning_rate': 0.02668015514769226, 'subsample': 0.8731383568517058, 'colsample_bytree': 0.9975732477426881, 'min_child_weight': 4, 'reg_alpha': 0.004927598172627723, 'reg_lambda': 0.8343462851488206}. Best is trial 18 with value: 2.6462500297571334.
[I 2026-04-10 04:35:11,322] Trial 23 finished with value: 2.6444045168499146 and parameters: {'n_estimators': 798, 'max_depth': 3, 'learning_rate': 0.01729701375172236, 'subsample': 0.789820796110006, 'colsample_bytree': 0.9630232852001746, 'min_child_weight': 5, 'reg_alpha': 0.11730286777829886, 'reg_lambda': 0.6798679943990327}. Best is trial 23 with value: 2.6444045168499146.
[I 2026-04-10 04:35:16,573] Trial 24 finished with value: 2.647994308792578 and parameters: {'n_estimators': 799, 'max_depth': 4, 'learning_rate': 0.01050548648038293, 'subsample': 0.7894520522715045, 'colsample_bytree': 0.9565322496085082, 'min_child_weight': 5, 'reg_alpha': 0.11092807231332526, 'reg_lambda': 0.6572759751113202}. Best is trial 23 with value: 2.6444045168499146.
[I 2026-04-10 04:35:22,940] Trial 25 finished with value: 2.6488091110406167 and parameters: {'n_estimators': 889, 'max_depth': 5, 'learning_rate': 0.015485543000430242, 'subsample': 0.7287399266846959, 'colsample_bytree': 0.9024482531662349, 'min_child_weight': 3, 'reg_alpha': 0.25287629098487585, 'reg_lambda': 0.9887431800256464}. Best is trial 23 with value: 2.6444045168499146.
[I 2026-04-10 04:35:27,438] Trial 26 finished with value: 2.6456671481499123 and parameters: {'n_estimators': 776, 'max_depth': 3, 'learning_rate': 0.014539069360595873, 'subsample': 0.8044812230053301, 'colsample_bytree': 0.8638925313095187, 'min_child_weight': 5, 'reg_alpha': 0.4174054571651765, 'reg_lambda': 0.4390843943898763}. Best is trial 23 with value: 2.6444045168499146.
[I 2026-04-10 04:35:32,557] Trial 27 finished with value: 2.650540192878851 and parameters: {'n_estimators': 808, 'max_depth': 4, 'learning_rate': 0.02117369827916318, 'subsample': 0.7927404066688052, 'colsample_bytree': 0.8576010900106761, 'min_child_weight': 6, 'reg_alpha': 0.39312497199379104, 'reg_lambda': 0.40869315775286197}. Best is trial 23 with value: 2.6444045168499146.
[I 2026-04-10 04:35:38,150] Trial 28 finished with value: 2.6448812851178185 and parameters: {'n_estimators': 981, 'max_depth': 3, 'learning_rate': 0.013955937880304884, 'subsample': 0.7264911514275277, 'colsample_bytree': 0.9129452353771045, 'min_child_weight': 5, 'reg_alpha': 0.4260014385281153, 'reg_lambda': 0.4869485240654136}. Best is trial 23 with value: 2.6444045168499146.
[I 2026-04-10 04:35:45,853] Trial 29 finished with value: 2.650555130743137 and parameters: {'n_estimators': 950, 'max_depth': 6, 'learning_rate': 0.013414598365514091, 'subsample': 0.7289840022336849, 'colsample_bytree': 0.8297529298792377, 'min_child_weight': 7, 'reg_alpha': 0.4238906306203657, 'reg_lambda': 0.40473305820264455}. Best is trial 23 with value: 2.6444045168499146.
[optuna] Best params: {'n_estimators': 798, 'max_depth': 3, 'learning_rate': 0.01729701375172236, 'subsample': 0.789820796110006, 'colsample_bytree': 0.9630232852001746, 'min_child_weight': 5, 'reg_alpha': 0.11730286777829886, 'reg_lambda': 0.6798679943990327}
[optuna] Optimizing hyperparameters for rebounds classification...
[I 2026-04-10 04:43:13,209] A new study created in memory with name: no-name-ff598a47-c5df-4569-83e2-c468c05eab30
[I 2026-04-10 04:43:26,069] Trial 0 finished with value: 0.6457854396609816 and parameters: {'n_estimators': 587, 'max_depth': 5, 'learning_rate': 0.09307082330878473, 'subsample': 0.7137724684226621, 'colsample_bytree': 0.9499075557724703, 'min_child_weight': 7, 'reg_alpha': 0.236940133213299, 'reg_lambda': 0.12385116907716476}. Best is trial 0 with value: 0.6457854396609816.
[I 2026-04-10 04:43:52,823] Trial 1 finished with value: 0.6239164289669978 and parameters: {'n_estimators': 962, 'max_depth': 7, 'learning_rate': 0.2861402214482695, 'subsample': 0.7806525308700197, 'colsample_bytree': 0.7070046659927479, 'min_child_weight': 7, 'reg_alpha': 0.8835961502562515, 'reg_lambda': 0.8624115384810926}. Best is trial 0 with value: 0.6457854396609816.
[I 2026-04-10 04:44:00,327] Trial 2 finished with value: 0.6426883489952981 and parameters: {'n_estimators': 258, 'max_depth': 7, 'learning_rate': 0.0939615767853294, 'subsample': 0.8573757389231291, 'colsample_bytree': 0.8179585454910828, 'min_child_weight': 5, 'reg_alpha': 0.3772417996886287, 'reg_lambda': 0.35144373505421}. Best is trial 0 with value: 0.6457854396609816.
[I 2026-04-10 04:44:32,634] Trial 3 finished with value: 0.6345340266466444 and parameters: {'n_estimators': 987, 'max_depth': 9, 'learning_rate': 0.11304631607311708, 'subsample': 0.7536485777341756, 'colsample_bytree': 0.6746727126132595, 'min_child_weight': 6, 'reg_alpha': 0.34892591917961957, 'reg_lambda': 0.2485962322356412}. Best is trial 0 with value: 0.6457854396609816.
[I 2026-04-10 04:44:45,203] Trial 4 finished with value: 0.6488384966838391 and parameters: {'n_estimators': 410, 'max_depth': 8, 'learning_rate': 0.044678033323855997, 'subsample': 0.8002549686827009, 'colsample_bytree': 0.7521826986108282, 'min_child_weight': 10, 'reg_alpha': 0.19937798531738482, 'reg_lambda': 0.8243789038228334}. Best is trial 4 with value: 0.6488384966838391.
[I 2026-04-10 04:44:54,157] Trial 5 finished with value: 0.6274476233274686 and parameters: {'n_estimators': 282, 'max_depth': 8, 'learning_rate': 0.20299469581026844, 'subsample': 0.6917277467077821, 'colsample_bytree': 0.972020479862713, 'min_child_weight': 9, 'reg_alpha': 0.8522403168720548, 'reg_lambda': 0.2327088707822882}. Best is trial 4 with value: 0.6488384966838391.
[I 2026-04-10 04:44:59,639] Trial 6 finished with value: 0.6620327600396293 and parameters: {'n_estimators': 200, 'max_depth': 5, 'learning_rate': 0.0471642906556593, 'subsample': 0.7352444773056707, 'colsample_bytree': 0.838575780924321, 'min_child_weight': 3, 'reg_alpha': 0.5328185054007545, 'reg_lambda': 0.9103690507440987}. Best is trial 6 with value: 0.6620327600396293.
[I 2026-04-10 04:45:31,675] Trial 7 finished with value: 0.6561596222689442 and parameters: {'n_estimators': 829, 'max_depth': 9, 'learning_rate': 0.010567580642263368, 'subsample': 0.6347423474011826, 'colsample_bytree': 0.8952336908934417, 'min_child_weight': 1, 'reg_alpha': 0.1602870446254938, 'reg_lambda': 0.8331044103116321}. Best is trial 6 with value: 0.6620327600396293.
[I 2026-04-10 04:45:43,545] Trial 8 finished with value: 0.6291775989912448 and parameters: {'n_estimators': 500, 'max_depth': 5, 'learning_rate': 0.19912837321745164, 'subsample': 0.9539082099008496, 'colsample_bytree': 0.9169345140609286, 'min_child_weight': 1, 'reg_alpha': 0.692754687409193, 'reg_lambda': 0.8246524708283564}. Best is trial 6 with value: 0.6620327600396293.
[I 2026-04-10 04:45:57,351] Trial 9 finished with value: 0.6609742190038239 and parameters: {'n_estimators': 428, 'max_depth': 7, 'learning_rate': 0.013933008265612548, 'subsample': 0.8862618720250632, 'colsample_bytree': 0.7294423399065665, 'min_child_weight': 8, 'reg_alpha': 0.7488362032718232, 'reg_lambda': 0.42901357475665913}. Best is trial 6 with value: 0.6620327600396293.
[I 2026-04-10 04:46:00,206] Trial 10 finished with value: 0.6503716789478209 and parameters: {'n_estimators': 105, 'max_depth': 3, 'learning_rate': 0.028566474922612786, 'subsample': 0.6022033846080868, 'colsample_bytree': 0.83694088046809, 'min_child_weight': 3, 'reg_alpha': 0.5398365485837994, 'reg_lambda': 0.6694088588449019}. Best is trial 6 with value: 0.6620327600396293.
[I 2026-04-10 04:46:03,484] Trial 11 finished with value: 0.653106457927497 and parameters: {'n_estimators': 101, 'max_depth': 5, 'learning_rate': 0.014278033991246074, 'subsample': 0.9163118325089823, 'colsample_bytree': 0.6368553797830938, 'min_child_weight': 4, 'reg_alpha': 0.5721263436197312, 'reg_lambda': 0.5337884630995253}. Best is trial 6 with value: 0.6620327600396293.
[I 2026-04-10 04:46:17,059] Trial 12 finished with value: 0.6631383767875109 and parameters: {'n_estimators': 607, 'max_depth': 3, 'learning_rate': 0.023624924007721135, 'subsample': 0.8797203210818992, 'colsample_bytree': 0.7603987747851007, 'min_child_weight': 3, 'reg_alpha': 0.7252487337878216, 'reg_lambda': 0.9994511910088357}. Best is trial 12 with value: 0.6631383767875109.
[I 2026-04-10 04:46:32,834] Trial 13 finished with value: 0.6636058854571192 and parameters: {'n_estimators': 700, 'max_depth': 3, 'learning_rate': 0.031138714331801577, 'subsample': 0.8274192548686616, 'colsample_bytree': 0.7869365528132732, 'min_child_weight': 3, 'reg_alpha': 0.6704862899881793, 'reg_lambda': 0.9831343048681556}. Best is trial 13 with value: 0.6636058854571192.
[I 2026-04-10 04:46:48,493] Trial 14 finished with value: 0.6636394348992722 and parameters: {'n_estimators': 684, 'max_depth': 3, 'learning_rate': 0.025646017402584573, 'subsample': 0.8392151617280126, 'colsample_bytree': 0.7770713430490369, 'min_child_weight': 3, 'reg_alpha': 0.6804220557066846, 'reg_lambda': 0.9720602084671541}. Best is trial 14 with value: 0.6636394348992722.
[I 2026-04-10 04:47:06,717] Trial 15 finished with value: 0.6628026223247828 and parameters: {'n_estimators': 741, 'max_depth': 4, 'learning_rate': 0.027516366200393667, 'subsample': 0.8253219886368013, 'colsample_bytree': 0.7854358872797034, 'min_child_weight': 2, 'reg_alpha': 0.9896752811726365, 'reg_lambda': 0.6317910893065237}. Best is trial 14 with value: 0.6636394348992722.
[I 2026-04-10 04:47:23,554] Trial 16 finished with value: 0.6625957451052074 and parameters: {'n_estimators': 730, 'max_depth': 3, 'learning_rate': 0.020383637185081238, 'subsample': 0.9857308534053097, 'colsample_bytree': 0.6084281516673464, 'min_child_weight': 5, 'reg_alpha': 0.6409048722632827, 'reg_lambda': 0.6894358093844527}. Best is trial 14 with value: 0.6636394348992722.
[I 2026-04-10 04:47:40,543] Trial 17 finished with value: 0.6622019932000961 and parameters: {'n_estimators': 697, 'max_depth': 4, 'learning_rate': 0.03794425932306721, 'subsample': 0.8380448722108575, 'colsample_bytree': 0.8772272108643085, 'min_child_weight': 4, 'reg_alpha': 0.37543622176501856, 'reg_lambda': 0.995677657906986}. Best is trial 14 with value: 0.6636394348992722.
[I 2026-04-10 04:48:00,346] Trial 18 finished with value: 0.654746471719752 and parameters: {'n_estimators': 839, 'max_depth': 4, 'learning_rate': 0.06893078158288965, 'subsample': 0.9134580941491128, 'colsample_bytree': 0.6820989507244761, 'min_child_weight': 2, 'reg_alpha': 0.05035896047730565, 'reg_lambda': 0.02342740280295197}. Best is trial 14 with value: 0.6636394348992722.
[I 2026-04-10 04:48:25,027] Trial 19 finished with value: 0.658876462533611 and parameters: {'n_estimators': 858, 'max_depth': 6, 'learning_rate': 0.01800891038189491, 'subsample': 0.7986416993435252, 'colsample_bytree': 0.7948392567485423, 'min_child_weight': 4, 'reg_alpha': 0.8456520349846616, 'reg_lambda': 0.7237349614154835}. Best is trial 14 with value: 0.6636394348992722.
[I 2026-04-10 04:48:54,147] Trial 20 finished with value: 0.6393421553726839 and parameters: {'n_estimators': 643, 'max_depth': 10, 'learning_rate': 0.059598027136556785, 'subsample': 0.6771954205728787, 'colsample_bytree': 0.8492692650147255, 'min_child_weight': 2, 'reg_alpha': 0.4521538908740653, 'reg_lambda': 0.5928344607982712}. Best is trial 14 with value: 0.6636394348992722.
[I 2026-04-10 04:49:07,222] Trial 21 finished with value: 0.6637881660814942 and parameters: {'n_estimators': 550, 'max_depth': 3, 'learning_rate': 0.02781252921035739, 'subsample': 0.8709075540989358, 'colsample_bytree': 0.7730982436457642, 'min_child_weight': 3, 'reg_alpha': 0.7565306943744243, 'reg_lambda': 0.9950037504589979}. Best is trial 21 with value: 0.6637881660814942.
[I 2026-04-10 04:49:20,030] Trial 22 finished with value: 0.6636420889705448 and parameters: {'n_estimators': 539, 'max_depth': 3, 'learning_rate': 0.03155877401578911, 'subsample': 0.8540513898269319, 'colsample_bytree': 0.7668041678962018, 'min_child_weight': 3, 'reg_alpha': 0.7783193246072088, 'reg_lambda': 0.9295961277785052}. Best is trial 21 with value: 0.6637881660814942.
[I 2026-04-10 04:49:32,311] Trial 23 finished with value: 0.6629856170305422 and parameters: {'n_estimators': 490, 'max_depth': 4, 'learning_rate': 0.03703390664355081, 'subsample': 0.9032978959652943, 'colsample_bytree': 0.7462589706484632, 'min_child_weight': 4, 'reg_alpha': 0.7893869353952242, 'reg_lambda': 0.7461018996037324}. Best is trial 21 with value: 0.6637881660814942.
[I 2026-04-10 04:49:41,822] Trial 24 finished with value: 0.6578749530728829 and parameters: {'n_estimators': 387, 'max_depth': 3, 'learning_rate': 0.017404758432229384, 'subsample': 0.9393679607394188, 'colsample_bytree': 0.7108269707929404, 'min_child_weight': 1, 'reg_alpha': 0.929206577848793, 'reg_lambda': 0.9128008701652774}. Best is trial 21 with value: 0.6637881660814942.
[I 2026-04-10 04:49:55,259] Trial 25 finished with value: 0.6639707356405334 and parameters: {'n_estimators': 533, 'max_depth': 4, 'learning_rate': 0.024809351145698596, 'subsample': 0.8612160637287317, 'colsample_bytree': 0.7747982336923263, 'min_child_weight': 6, 'reg_alpha': 0.6180959432546882, 'reg_lambda': 0.9151431026247016}. Best is trial 25 with value: 0.6639707356405334.
