[I 2026-04-10 06:58:27,062] Trial 1 finished with value: 0.5788034936570612 and parameters: {'n_estimators': 133, 'max_depth': 6, 'learning_rate': 0.1537459211834343, 'subsample': 0.8277714457147967, 'colsample_bytree': 0.9575603145781442, 'min_child_weight': 8, 'reg_alpha': 0.2705431076646725, 'reg_lambda': 0.9392748720202486}. Best is trial 0 with value: 0.5837862354941398.
[I 2026-04-10 06:58:45,212] Trial 2 finished with value: 0.5932762405028407 and parameters: {'n_estimators': 823, 'max_depth': 5, 'learning_rate': 0.030711661869249837, 'subsample': 0.9637703613269175, 'colsample_bytree': 0.7905130792499432, 'min_child_weight': 5, 'reg_alpha': 0.7384383884226727, 'reg_lambda': 0.5378748043162465}. Best is trial 2 with value: 0.5932762405028407.
[I 2026-04-10 06:58:53,498] Trial 3 finished with value: 0.5969194970574372 and parameters: {'n_estimators': 401, 'max_depth': 3, 'learning_rate': 0.05492943510288805, 'subsample': 0.9792601792308091, 'colsample_bytree': 0.9504737900671757, 'min_child_weight': 9, 'reg_alpha': 0.05353560345602426, 'reg_lambda': 0.854571442077519}. Best is trial 3 with value: 0.5969194970574372.
[I 2026-04-10 06:59:01,727] Trial 4 finished with value: 0.5963682075619753 and parameters: {'n_estimators': 256, 'max_depth': 7, 'learning_rate': 0.011957416934692384, 'subsample': 0.6571605584803525, 'colsample_bytree': 0.9458113174855223, 'min_child_weight': 10, 'reg_alpha': 0.37521867077382565, 'reg_lambda': 0.69285609638322}. Best is trial 3 with value: 0.5969194970574372.
[I 2026-04-10 06:59:24,261] Trial 5 finished with value: 0.5844985755322676 and parameters: {'n_estimators': 617, 'max_depth': 10, 'learning_rate': 0.028955559244695717, 'subsample': 0.9780604602747403, 'colsample_bytree': 0.763231849293059, 'min_child_weight': 3, 'reg_alpha': 0.6217234476424722, 'reg_lambda': 0.960251440801357}. Best is trial 3 with value: 0.5969194970574372.
[I 2026-04-10 06:59:44,634] Trial 6 finished with value: 0.5640034188009617 and parameters: {'n_estimators': 856, 'max_depth': 6, 'learning_rate': 0.20093735116945421, 'subsample': 0.9051702474085326, 'colsample_bytree': 0.8963613971380797, 'min_child_weight': 5, 'reg_alpha': 0.1881340392565305, 'reg_lambda': 0.2762919183687871}. Best is trial 3 with value: 0.5969194970574372.
[I 2026-04-10 07:00:04,352] Trial 7 finished with value: 0.5663685043533098 and parameters: {'n_estimators': 845, 'max_depth': 5, 'learning_rate': 0.20014869470705984, 'subsample': 0.6134014555982633, 'colsample_bytree': 0.9793038431493369, 'min_child_weight': 1, 'reg_alpha': 0.5615775929832111, 'reg_lambda': 0.031120188911507807}. Best is trial 3 with value: 0.5969194970574372.
[I 2026-04-10 07:00:16,222] Trial 8 finished with value: 0.5911073892319857 and parameters: {'n_estimators': 432, 'max_depth': 7, 'learning_rate': 0.03752527272381073, 'subsample': 0.8399560058842795, 'colsample_bytree': 0.9396045992398111, 'min_child_weight': 8, 'reg_alpha': 0.314992599598103, 'reg_lambda': 0.11432514584006415}. Best is trial 3 with value: 0.5969194970574372.
[I 2026-04-10 07:00:26,304] Trial 9 finished with value: 0.5767593412989928 and parameters: {'n_estimators': 430, 'max_depth': 5, 'learning_rate': 0.12363004076101207, 'subsample': 0.7988190861939661, 'colsample_bytree': 0.8802811081851993, 'min_child_weight': 5, 'reg_alpha': 0.8654290392529919, 'reg_lambda': 0.843045008843226}. Best is trial 3 with value: 0.5969194970574372.
[I 2026-04-10 07:00:39,616] Trial 10 finished with value: 0.5932027001183768 and parameters: {'n_estimators': 653, 'max_depth': 3, 'learning_rate': 0.07067475091752258, 'subsample': 0.7403813028581141, 'colsample_bytree': 0.6925514052221872, 'min_child_weight': 7, 'reg_alpha': 0.006346479737717889, 'reg_lambda': 0.6711797827534824}. Best is trial 3 with value: 0.5969194970574372.
[I 2026-04-10 07:00:47,265] Trial 11 finished with value: 0.5908062489325638 and parameters: {'n_estimators': 198, 'max_depth': 8, 'learning_rate': 0.010227109420409813, 'subsample': 0.6251386790817929, 'colsample_bytree': 0.8620141196862965, 'min_child_weight': 10, 'reg_alpha': 0.06569881017602691, 'reg_lambda': 0.7185540751415013}. Best is trial 3 with value: 0.5969194970574372.
[I 2026-04-10 07:00:58,542] Trial 12 finished with value: 0.5895808086196698 and parameters: {'n_estimators': 285, 'max_depth': 9, 'learning_rate': 0.011759487449646826, 'subsample': 0.6930692769546216, 'colsample_bytree': 0.9967561498944563, 'min_child_weight': 10, 'reg_alpha': 0.4106234908982296, 'reg_lambda': 0.4459707852657775}. Best is trial 3 with value: 0.5969194970574372.
[I 2026-04-10 07:01:04,381] Trial 13 finished with value: 0.5940745838747012 and parameters: {'n_estimators': 252, 'max_depth': 3, 'learning_rate': 0.019261753670819948, 'subsample': 0.9008834017274725, 'colsample_bytree': 0.8391191585418107, 'min_child_weight': 7, 'reg_alpha': 0.15581939317870858, 'reg_lambda': 0.7626481554240303}. Best is trial 3 with value: 0.5969194970574372.
[I 2026-04-10 07:01:14,146] Trial 14 finished with value: 0.581591265932484 and parameters: {'n_estimators': 319, 'max_depth': 8, 'learning_rate': 0.07025593769910404, 'subsample': 0.7701097627990785, 'colsample_bytree': 0.9170938398800657, 'min_child_weight': 10, 'reg_alpha': 0.3193509282549072, 'reg_lambda': 0.5668681911618438}. Best is trial 3 with value: 0.5969194970574372.
[I 2026-04-10 07:01:17,786] Trial 15 finished with value: 0.5904853729077763 and parameters: {'n_estimators': 107, 'max_depth': 7, 'learning_rate': 0.04924071615908372, 'subsample': 0.6705164143813062, 'colsample_bytree': 0.7258322301979305, 'min_child_weight': 8, 'reg_alpha': 0.9369971077838692, 'reg_lambda': 0.8294328786924485}. Best is trial 3 with value: 0.5969194970574372.
[I 2026-04-10 07:01:26,390] Trial 16 finished with value: 0.5963076405686738 and parameters: {'n_estimators': 354, 'max_depth': 4, 'learning_rate': 0.01843960798039236, 'subsample': 0.9149577274214707, 'colsample_bytree': 0.8401564079432736, 'min_child_weight': 9, 'reg_alpha': 0.1274361879970779, 'reg_lambda': 0.4276948344621017}. Best is trial 3 with value: 0.5969194970574372.
[I 2026-04-10 07:01:43,880] Trial 17 finished with value: 0.5726633105343577 and parameters: {'n_estimators': 584, 'max_depth': 8, 'learning_rate': 0.08368096134833697, 'subsample': 0.865169946589284, 'colsample_bytree': 0.9276214110556589, 'min_child_weight': 6, 'reg_alpha': 0.3939778239379326, 'reg_lambda': 0.6341105994021623}. Best is trial 3 with value: 0.5969194970574372.
[I 2026-04-10 07:02:13,832] Trial 18 finished with value: 0.5745997474023163 and parameters: {'n_estimators': 714, 'max_depth': 10, 'learning_rate': 0.294600751228456, 'subsample': 0.6571267584208806, 'colsample_bytree': 0.9950354335264747, 'min_child_weight': 3, 'reg_alpha': 0.6738558514378075, 'reg_lambda': 0.8539056487564909}. Best is trial 3 with value: 0.5969194970574372.
[I 2026-04-10 07:02:26,545] Trial 19 finished with value: 0.5968504199768891 and parameters: {'n_estimators': 532, 'max_depth': 4, 'learning_rate': 0.01893552372575523, 'subsample': 0.7353364647120262, 'colsample_bytree': 0.8148370739103076, 'min_child_weight': 9, 'reg_alpha': 0.22046536730141475, 'reg_lambda': 0.3333796346224795}. Best is trial 3 with value: 0.5969194970574372.
[I 2026-04-10 07:02:49,389] Trial 20 finished with value: 0.5958658919035325 and parameters: {'n_estimators': 984, 'max_depth': 4, 'learning_rate': 0.019628761759023228, 'subsample': 0.7445130595475802, 'colsample_bytree': 0.6625764232445566, 'min_child_weight': 7, 'reg_alpha': 0.2205546798458312, 'reg_lambda': 0.3163117662226771}. Best is trial 3 with value: 0.5969194970574372.
[I 2026-04-10 07:03:01,298] Trial 21 finished with value: 0.5959611811961896 and parameters: {'n_estimators': 511, 'max_depth': 3, 'learning_rate': 0.014380504543270476, 'subsample': 0.7287008843880937, 'colsample_bytree': 0.8195083516983233, 'min_child_weight': 9, 'reg_alpha': 0.07485345560199845, 'reg_lambda': 0.28177581298389165}. Best is trial 3 with value: 0.5969194970574372.
[I 2026-04-10 07:03:10,297] Trial 22 finished with value: 0.5942454634864661 and parameters: {'n_estimators': 375, 'max_depth': 4, 'learning_rate': 0.04564968392243875, 'subsample': 0.7825342989066384, 'colsample_bytree': 0.7682179369968195, 'min_child_weight': 9, 'reg_alpha': 0.2466302124913086, 'reg_lambda': 0.37232770284662203}. Best is trial 3 with value: 0.5969194970574372.
[I 2026-04-10 07:03:25,639] Trial 23 finished with value: 0.5899629050033826 and parameters: {'n_estimators': 558, 'max_depth': 6, 'learning_rate': 0.026631540345717502, 'subsample': 0.6459450899304964, 'colsample_bytree': 0.9041699971650432, 'min_child_weight': 10, 'reg_alpha': 0.3899598907788669, 'reg_lambda': 0.5975625517112687}. Best is trial 3 with value: 0.5969194970574372.
[I 2026-04-10 07:03:30,882] Trial 24 finished with value: 0.5915101687212184 and parameters: {'n_estimators': 205, 'max_depth': 3, 'learning_rate': 0.014521452505897666, 'subsample': 0.7178277678308109, 'colsample_bytree': 0.9499985805286114, 'min_child_weight': 8, 'reg_alpha': 0.5122442856432963, 'reg_lambda': 0.18025178444748452}. Best is trial 3 with value: 0.5969194970574372.
[I 2026-04-10 07:03:43,979] Trial 25 finished with value: 0.5919499940413055 and parameters: {'n_estimators': 420, 'max_depth': 7, 'learning_rate': 0.023412552136675497, 'subsample': 0.6001244509739286, 'colsample_bytree': 0.8754662408692276, 'min_child_weight': 9, 'reg_alpha': 0.03262799573832738, 'reg_lambda': 0.7744469966224115}. Best is trial 3 with value: 0.5969194970574372.
[I 2026-04-10 07:04:01,543] Trial 26 finished with value: 0.58469534067333 and parameters: {'n_estimators': 720, 'max_depth': 5, 'learning_rate': 0.03763074401511807, 'subsample': 0.9991003489963747, 'colsample_bytree': 0.9670072792463017, 'min_child_weight': 6, 'reg_alpha': 0.12194412361497542, 'reg_lambda': 0.5015953178273558}. Best is trial 3 with value: 0.5969194970574372.
[I 2026-04-10 07:04:14,778] Trial 27 finished with value: 0.5973343352259594 and parameters: {'n_estimators': 512, 'max_depth': 4, 'learning_rate': 0.013854984942835914, 'subsample': 0.684450310811399, 'colsample_bytree': 0.8024900030959687, 'min_child_weight': 10, 'reg_alpha': 0.32737723447077605, 'reg_lambda': 0.6846643443223758}. Best is trial 27 with value: 0.5973343352259594.
[I 2026-04-10 07:04:27,225] Trial 28 finished with value: 0.5859393447370027 and parameters: {'n_estimators': 522, 'max_depth': 4, 'learning_rate': 0.08926463071406807, 'subsample': 0.755848578650625, 'colsample_bytree': 0.7256829092830203, 'min_child_weight': 8, 'reg_alpha': 0.31219840751446953, 'reg_lambda': 0.92015880323906}. Best is trial 27 with value: 0.5973343352259594.
[I 2026-04-10 07:04:38,411] Trial 29 finished with value: 0.5962952102876861 and parameters: {'n_estimators': 477, 'max_depth': 3, 'learning_rate': 0.015024368461354949, 'subsample': 0.6875349421292712, 'colsample_bytree': 0.6480556745798202, 'min_child_weight': 9, 'reg_alpha': 0.152640325579593, 'reg_lambda': 0.15635480894921255}. Best is trial 27 with value: 0.5973343352259594.
[optuna] Best params: {'n_estimators': 512, 'max_depth': 4, 'learning_rate': 0.013854984942835914, 'subsample': 0.684450310811399, 'colsample_bytree': 0.8024900030959687, 'min_child_weight': 10, 'reg_alpha': 0.32737723447077605, 'reg_lambda': 0.6846643443223758}
[wf] pts_ast: auc_raw=0.564 brier_raw=0.275 auc_cal=0.558 brier_cal=0.255 folds=5
[optuna] Optimizing hyperparameters for pts_ast regression...
[I 2026-04-10 07:16:43,278] A new study created in memory with name: no-name-8e6f9e4f-694b-40c9-9969-454e9add8204
[I 2026-04-10 07:16:50,327] Trial 0 finished with value: 7.651122316590074 and parameters: {'n_estimators': 572, 'max_depth': 9, 'learning_rate': 0.08653909949470852, 'subsample': 0.9265154789089506, 'colsample_bytree': 0.6557245889289057, 'min_child_weight': 6, 'reg_alpha': 0.03851276846260032, 'reg_lambda': 0.1327714091774822}. Best is trial 0 with value: 7.651122316590074.
[I 2026-04-10 07:16:56,459] Trial 1 finished with value: 8.110804075950067 and parameters: {'n_estimators': 605, 'max_depth': 7, 'learning_rate': 0.19899339840555566, 'subsample': 0.8235827188199211, 'colsample_bytree': 0.9514751983878422, 'min_child_weight': 1, 'reg_alpha': 0.8272440266845182, 'reg_lambda': 0.5849949467042627}. Best is trial 0 with value: 7.651122316590074.
[I 2026-04-10 07:17:00,875] Trial 2 finished with value: 7.498882449425036 and parameters: {'n_estimators': 622, 'max_depth': 5, 'learning_rate': 0.09258982267624308, 'subsample': 0.8577740928152702, 'colsample_bytree': 0.9232507739680056, 'min_child_weight': 1, 'reg_alpha': 0.9225040022385509, 'reg_lambda': 0.7277077437308832}. Best is trial 2 with value: 7.498882449425036.
[I 2026-04-10 07:17:04,634] Trial 3 finished with value: 7.641295861759323 and parameters: {'n_estimators': 478, 'max_depth': 6, 'learning_rate': 0.10635786252552071, 'subsample': 0.6423942932454335, 'colsample_bytree': 0.6458555957324958, 'min_child_weight': 10, 'reg_alpha': 0.6115983880557371, 'reg_lambda': 0.5712052421270716}. Best is trial 2 with value: 7.498882449425036.
[I 2026-04-10 07:17:07,836] Trial 4 finished with value: 7.349116898624894 and parameters: {'n_estimators': 411, 'max_depth': 5, 'learning_rate': 0.017514837279657802, 'subsample': 0.9769779008752022, 'colsample_bytree': 0.9656617282764692, 'min_child_weight': 8, 'reg_alpha': 0.5235804862773072, 'reg_lambda': 0.1962665152263463}. Best is trial 4 with value: 7.349116898624894.
[I 2026-04-10 07:17:15,940] Trial 5 finished with value: 7.4198726176511665 and parameters: {'n_estimators': 899, 'max_depth': 7, 'learning_rate': 0.02332549784641094, 'subsample': 0.938291616445541, 'colsample_bytree': 0.8052926889118096, 'min_child_weight': 9, 'reg_alpha': 0.11807956576909362, 'reg_lambda': 0.7216167110560712}. Best is trial 4 with value: 7.349116898624894.
[I 2026-04-10 07:17:17,116] Trial 6 finished with value: 7.3419732982908705 and parameters: {'n_estimators': 179, 'max_depth': 3, 'learning_rate': 0.06633733064559756, 'subsample': 0.7039723565914903, 'colsample_bytree': 0.8576826855262236, 'min_child_weight': 10, 'reg_alpha': 0.016580429593120116, 'reg_lambda': 0.17735828233602768}. Best is trial 6 with value: 7.3419732982908705.
[I 2026-04-10 07:17:21,766] Trial 7 finished with value: 7.372492501865767 and parameters: {'n_estimators': 477, 'max_depth': 7, 'learning_rate': 0.021543391999304665, 'subsample': 0.6671848018385113, 'colsample_bytree': 0.7421965405304415, 'min_child_weight': 4, 'reg_alpha': 0.4419235800630391, 'reg_lambda': 0.5261611990631343}. Best is trial 6 with value: 7.3419732982908705.
[I 2026-04-10 07:17:24,529] Trial 8 finished with value: 7.385227845342805 and parameters: {'n_estimators': 479, 'max_depth': 3, 'learning_rate': 0.07310316256500358, 'subsample': 0.8129745675794131, 'colsample_bytree': 0.9486025996050164, 'min_child_weight': 8, 'reg_alpha': 0.10650029774660918, 'reg_lambda': 0.5663422899846645}. Best is trial 6 with value: 7.3419732982908705.
[I 2026-04-10 07:17:36,425] Trial 9 finished with value: 7.783781433992051 and parameters: {'n_estimators': 903, 'max_depth': 9, 'learning_rate': 0.10554303817058963, 'subsample': 0.96796082805574, 'colsample_bytree': 0.9587159588069116, 'min_child_weight': 9, 'reg_alpha': 0.18649262418064871, 'reg_lambda': 0.07490252095355399}. Best is trial 6 with value: 7.3419732982908705.
[I 2026-04-10 07:17:37,542] Trial 10 finished with value: 7.346706579005675 and parameters: {'n_estimators': 160, 'max_depth': 3, 'learning_rate': 0.04102527378532468, 'subsample': 0.7199919094731249, 'colsample_bytree': 0.8527451135915167, 'min_child_weight': 5, 'reg_alpha': 0.38855474197492934, 'reg_lambda': 0.3155689925618593}. Best is trial 6 with value: 7.3419732982908705.
[I 2026-04-10 07:17:38,525] Trial 11 finished with value: 7.3561918608576 and parameters: {'n_estimators': 136, 'max_depth': 3, 'learning_rate': 0.03992478610735946, 'subsample': 0.722032870990646, 'colsample_bytree': 0.8419501593375194, 'min_child_weight': 5, 'reg_alpha': 0.3255048940868718, 'reg_lambda': 0.29809824338375207}. Best is trial 6 with value: 7.3419732982908705.
[I 2026-04-10 07:17:39,429] Trial 12 finished with value: 7.349484861112315 and parameters: {'n_estimators': 102, 'max_depth': 4, 'learning_rate': 0.04092002802473389, 'subsample': 0.7319704009317187, 'colsample_bytree': 0.8624350228066632, 'min_child_weight': 3, 'reg_alpha': 0.2920753444656221, 'reg_lambda': 0.3527433157180133}. Best is trial 6 with value: 7.3419732982908705.
[I 2026-04-10 07:17:41,119] Trial 13 finished with value: 7.3455985582184065 and parameters: {'n_estimators': 255, 'max_depth': 3, 'learning_rate': 0.04256048062661766, 'subsample': 0.7396162859099598, 'colsample_bytree': 0.7289854383572523, 'min_child_weight': 6, 'reg_alpha': 0.6711623963880884, 'reg_lambda': 0.9469965918683012}. Best is trial 6 with value: 7.3419732982908705.
[I 2026-04-10 07:17:42,931] Trial 14 finished with value: 7.479542004861487 and parameters: {'n_estimators': 268, 'max_depth': 4, 'learning_rate': 0.1776052359890096, 'subsample': 0.7631432727118617, 'colsample_bytree': 0.7279576902864058, 'min_child_weight': 7, 'reg_alpha': 0.7075244115221242, 'reg_lambda': 0.9775324610126171}. Best is trial 6 with value: 7.3419732982908705.
[I 2026-04-10 07:17:45,477] Trial 15 finished with value: 7.352514396858782 and parameters: {'n_estimators': 302, 'max_depth': 5, 'learning_rate': 0.01344982809138353, 'subsample': 0.6091471428105822, 'colsample_bytree': 0.734655698252162, 'min_child_weight': 3, 'reg_alpha': 0.7026227112345351, 'reg_lambda': 0.9095846448372441}. Best is trial 6 with value: 7.3419732982908705.
[I 2026-04-10 07:17:50,810] Trial 16 finished with value: 8.42015987527263 and parameters: {'n_estimators': 299, 'max_depth': 10, 'learning_rate': 0.28563688157426176, 'subsample': 0.6777251648007268, 'colsample_bytree': 0.7806181032355538, 'min_child_weight': 10, 'reg_alpha': 0.5881061171398088, 'reg_lambda': 0.7862742013404098}. Best is trial 6 with value: 7.3419732982908705.
[I 2026-04-10 07:17:55,607] Trial 17 finished with value: 7.419832079969728 and parameters: {'n_estimators': 764, 'max_depth': 4, 'learning_rate': 0.05624233649924766, 'subsample': 0.866674629214239, 'colsample_bytree': 0.6839801101186271, 'min_child_weight': 7, 'reg_alpha': 0.9951402184447811, 'reg_lambda': 0.4250769331427458}. Best is trial 6 with value: 7.3419732982908705.
[I 2026-04-10 07:17:57,495] Trial 18 finished with value: 7.3640367350130855 and parameters: {'n_estimators': 198, 'max_depth': 6, 'learning_rate': 0.029490574895020244, 'subsample': 0.7685028977626152, 'colsample_bytree': 0.8818280059402724, 'min_child_weight': 6, 'reg_alpha': 0.767318640722767, 'reg_lambda': 0.02772927059481739}. Best is trial 6 with value: 7.3419732982908705.
[I 2026-04-10 07:17:59,925] Trial 19 finished with value: 7.35162489830929 and parameters: {'n_estimators': 352, 'max_depth': 3, 'learning_rate': 0.06191007093268794, 'subsample': 0.6896772676768956, 'colsample_bytree': 0.7951580392305544, 'min_child_weight': 3, 'reg_alpha': 0.2206289202682704, 'reg_lambda': 0.24092294227503153}. Best is trial 6 with value: 7.3419732982908705.
[I 2026-04-10 07:18:01,805] Trial 20 finished with value: 7.388538018184926 and parameters: {'n_estimators': 240, 'max_depth': 4, 'learning_rate': 0.010132690944747086, 'subsample': 0.6071350595067038, 'colsample_bytree': 0.6048420222777174, 'min_child_weight': 8, 'reg_alpha': 0.5205009640278244, 'reg_lambda': 0.4269330947988925}. Best is trial 6 with value: 7.3419732982908705.
[I 2026-04-10 07:18:03,094] Trial 21 finished with value: 7.3493204206165785 and parameters: {'n_estimators': 189, 'max_depth': 3, 'learning_rate': 0.04007868917951621, 'subsample': 0.7291758255734668, 'colsample_bytree': 0.8881280655415265, 'min_child_weight': 5, 'reg_alpha': 0.3993737858616993, 'reg_lambda': 0.16691638264606004}. Best is trial 6 with value: 7.3419732982908705.
[I 2026-04-10 07:18:03,902] Trial 22 finished with value: 7.366201948176697 and parameters: {'n_estimators': 103, 'max_depth': 3, 'learning_rate': 0.03427607345067726, 'subsample': 0.7792248857046662, 'colsample_bytree': 0.8200385867033833, 'min_child_weight': 4, 'reg_alpha': 0.36432253601750075, 'reg_lambda': 0.318567548369213}. Best is trial 6 with value: 7.3419732982908705.
[I 2026-04-10 07:18:06,312] Trial 23 finished with value: 7.3602510579702525 and parameters: {'n_estimators': 361, 'max_depth': 4, 'learning_rate': 0.04509593359818775, 'subsample': 0.712788217731124, 'colsample_bytree': 0.763480295083464, 'min_child_weight': 7, 'reg_alpha': 0.0129627548333257, 'reg_lambda': 0.4111992134974813}. Best is trial 6 with value: 7.3419732982908705.
[I 2026-04-10 07:18:07,887] Trial 24 finished with value: 7.355741291233339 and parameters: {'n_estimators': 191, 'max_depth': 5, 'learning_rate': 0.053837644712663606, 'subsample': 0.6515850277681848, 'colsample_bytree': 0.911954721642153, 'min_child_weight': 4, 'reg_alpha': 0.620113698604343, 'reg_lambda': 0.22743986284597223}. Best is trial 6 with value: 7.3419732982908705.
[I 2026-04-10 07:18:11,876] Trial 25 finished with value: 7.45720640921308 and parameters: {'n_estimators': 683, 'max_depth': 3, 'learning_rate': 0.14325994605674114, 'subsample': 0.747659725299809, 'colsample_bytree': 0.840200610034036, 'min_child_weight': 2, 'reg_alpha': 0.24053252281140505, 'reg_lambda': 0.8512640402081013}. Best is trial 6 with value: 7.3419732982908705.
[I 2026-04-10 07:18:13,271] Trial 26 finished with value: 7.347117796131342 and parameters: {'n_estimators': 176, 'max_depth': 4, 'learning_rate': 0.028255528461475898, 'subsample': 0.7016148259273969, 'colsample_bytree': 0.7013560171573023, 'min_child_weight': 6, 'reg_alpha': 0.8285038322281821, 'reg_lambda': 0.09299604877580969}. Best is trial 6 with value: 7.3419732982908705.
