[I 2026-04-10 04:06:54,335] Trial 5 finished with value: 2.1004764742023325 and parameters: {'n_estimators': 652, 'max_depth': 7, 'learning_rate': 0.12082789962265937, 'subsample': 0.8137556602267477, 'colsample_bytree': 0.8205292862271478, 'min_child_weight': 9, 'reg_alpha': 0.16568633187234605, 'reg_lambda': 0.8827832326395693}. Best is trial 1 with value: 1.9617939091371759.
[I 2026-04-10 04:07:02,549] Trial 6 finished with value: 2.1962163854818955 and parameters: {'n_estimators': 939, 'max_depth': 6, 'learning_rate': 0.19194141911377827, 'subsample': 0.7594480879442271, 'colsample_bytree': 0.99813081688814, 'min_child_weight': 5, 'reg_alpha': 0.22768630275553103, 'reg_lambda': 0.48666444547244636}. Best is trial 1 with value: 1.9617939091371759.
[I 2026-04-10 04:07:08,664] Trial 7 finished with value: 2.0039484320456666 and parameters: {'n_estimators': 525, 'max_depth': 8, 'learning_rate': 0.03359223661241762, 'subsample': 0.949172137498425, 'colsample_bytree': 0.8047188159234517, 'min_child_weight': 2, 'reg_alpha': 0.274630283993199, 'reg_lambda': 0.923295759719653}. Best is trial 1 with value: 1.9617939091371759.
[I 2026-04-10 04:07:12,367] Trial 8 finished with value: 1.9740221008339494 and parameters: {'n_estimators': 455, 'max_depth': 6, 'learning_rate': 0.02332433266483922, 'subsample': 0.7354169501947123, 'colsample_bytree': 0.8626175356868113, 'min_child_weight': 10, 'reg_alpha': 0.017675152620169277, 'reg_lambda': 0.4149837930965701}. Best is trial 1 with value: 1.9617939091371759.
[I 2026-04-10 04:07:17,450] Trial 9 finished with value: 2.272802643744192 and parameters: {'n_estimators': 615, 'max_depth': 6, 'learning_rate': 0.2722732923392239, 'subsample': 0.7096235262854097, 'colsample_bytree': 0.7193119230102742, 'min_child_weight': 4, 'reg_alpha': 0.943986071879741, 'reg_lambda': 0.5843121255937201}. Best is trial 1 with value: 1.9617939091371759.
[I 2026-04-10 04:07:18,545] Trial 10 finished with value: 2.0042908646471838 and parameters: {'n_estimators': 155, 'max_depth': 3, 'learning_rate': 0.010760993638876743, 'subsample': 0.6136153409096344, 'colsample_bytree': 0.6021596077900548, 'min_child_weight': 7, 'reg_alpha': 0.6802331097947362, 'reg_lambda': 0.6847624237875297}. Best is trial 1 with value: 1.9617939091371759.
[I 2026-04-10 04:07:20,818] Trial 11 finished with value: 1.961373148147562 and parameters: {'n_estimators': 323, 'max_depth': 4, 'learning_rate': 0.022151217201865425, 'subsample': 0.870944593699579, 'colsample_bytree': 0.9885264043265104, 'min_child_weight': 7, 'reg_alpha': 0.5234641587906498, 'reg_lambda': 0.7403357975972404}. Best is trial 11 with value: 1.961373148147562.
[I 2026-04-10 04:07:22,880] Trial 12 finished with value: 1.9672649506510407 and parameters: {'n_estimators': 311, 'max_depth': 4, 'learning_rate': 0.05481243973861473, 'subsample': 0.8554657346914429, 'colsample_bytree': 0.9885375852019525, 'min_child_weight': 7, 'reg_alpha': 0.5189060918044993, 'reg_lambda': 0.7090924418045033}. Best is trial 11 with value: 1.961373148147562.
[I 2026-04-10 04:07:25,213] Trial 13 finished with value: 1.960924495116326 and parameters: {'n_estimators': 327, 'max_depth': 4, 'learning_rate': 0.018237441221192387, 'subsample': 0.99556038143461, 'colsample_bytree': 0.932945670859316, 'min_child_weight': 8, 'reg_alpha': 0.5792586114900135, 'reg_lambda': 0.7276340116004985}. Best is trial 13 with value: 1.960924495116326.
[I 2026-04-10 04:07:27,470] Trial 14 finished with value: 1.9621801639478356 and parameters: {'n_estimators': 355, 'max_depth': 3, 'learning_rate': 0.016450389064987355, 'subsample': 0.9988878028765499, 'colsample_bytree': 0.934422964978796, 'min_child_weight': 9, 'reg_alpha': 0.44178931347296535, 'reg_lambda': 0.7682699043095027}. Best is trial 13 with value: 1.960924495116326.
[I 2026-04-10 04:07:29,788] Trial 15 finished with value: 1.9605321648007847 and parameters: {'n_estimators': 316, 'max_depth': 4, 'learning_rate': 0.018522746194320455, 'subsample': 0.9840021671976686, 'colsample_bytree': 0.9296387442832817, 'min_child_weight': 8, 'reg_alpha': 0.6411963226610863, 'reg_lambda': 0.03989155281585638}. Best is trial 15 with value: 1.9605321648007847.
[I 2026-04-10 04:07:34,683] Trial 16 finished with value: 1.96236491548873 and parameters: {'n_estimators': 759, 'max_depth': 4, 'learning_rate': 0.015454050739518058, 'subsample': 0.9927215704553735, 'colsample_bytree': 0.9245338619595963, 'min_child_weight': 9, 'reg_alpha': 0.7168191637768712, 'reg_lambda': 0.034527763948398044}. Best is trial 15 with value: 1.9605321648007847.
[I 2026-04-10 04:07:42,037] Trial 17 finished with value: 2.058823612359635 and parameters: {'n_estimators': 440, 'max_depth': 10, 'learning_rate': 0.07736901410600897, 'subsample': 0.9557632682619719, 'colsample_bytree': 0.9243596183977663, 'min_child_weight': 8, 'reg_alpha': 0.3626184952059336, 'reg_lambda': 0.18566846468306875}. Best is trial 15 with value: 1.9605321648007847.
[I 2026-04-10 04:07:43,891] Trial 18 finished with value: 1.9644691049633083 and parameters: {'n_estimators': 232, 'max_depth': 5, 'learning_rate': 0.03098368855656568, 'subsample': 0.9506037214315779, 'colsample_bytree': 0.9424906020580228, 'min_child_weight': 10, 'reg_alpha': 0.8221249598121312, 'reg_lambda': 0.03282778546359405}. Best is trial 15 with value: 1.9605321648007847.
[I 2026-04-10 04:07:45,618] Trial 19 finished with value: 1.964325825039519 and parameters: {'n_estimators': 272, 'max_depth': 3, 'learning_rate': 0.015527394204301747, 'subsample': 0.6617967970320044, 'colsample_bytree': 0.764334897813915, 'min_child_weight': 6, 'reg_alpha': 0.6242492109158511, 'reg_lambda': 0.27015639268598857}. Best is trial 15 with value: 1.9605321648007847.
[I 2026-04-10 04:07:48,756] Trial 20 finished with value: 1.9704134983914845 and parameters: {'n_estimators': 433, 'max_depth': 5, 'learning_rate': 0.0349205256154666, 'subsample': 0.8373682065987957, 'colsample_bytree': 0.8862858318469622, 'min_child_weight': 8, 'reg_alpha': 0.8159181320103349, 'reg_lambda': 0.5411506995479918}. Best is trial 15 with value: 1.9605321648007847.
[I 2026-04-10 04:07:51,174] Trial 21 finished with value: 1.9614923805588975 and parameters: {'n_estimators': 349, 'max_depth': 4, 'learning_rate': 0.02278610783457871, 'subsample': 0.9107198538036193, 'colsample_bytree': 0.9594702078043358, 'min_child_weight': 6, 'reg_alpha': 0.5265161970636926, 'reg_lambda': 0.8055021780809427}. Best is trial 15 with value: 1.9605321648007847.
[I 2026-04-10 04:07:53,703] Trial 22 finished with value: 1.9598633807735784 and parameters: {'n_estimators': 362, 'max_depth': 4, 'learning_rate': 0.018703199631293542, 'subsample': 0.9748658935268297, 'colsample_bytree': 0.8992901100166684, 'min_child_weight': 8, 'reg_alpha': 0.5614334294711372, 'reg_lambda': 0.8105695106262449}. Best is trial 22 with value: 1.9598633807735784.
[I 2026-04-10 04:07:56,740] Trial 23 finished with value: 1.9614737244981768 and parameters: {'n_estimators': 389, 'max_depth': 5, 'learning_rate': 0.017987136156755852, 'subsample': 0.973755515403472, 'colsample_bytree': 0.8875992251679331, 'min_child_weight': 8, 'reg_alpha': 0.574134580308339, 'reg_lambda': 0.8120831558830148}. Best is trial 22 with value: 1.9598633807735784.
[I 2026-04-10 04:07:59,974] Trial 24 finished with value: 1.9610667506787276 and parameters: {'n_estimators': 520, 'max_depth': 3, 'learning_rate': 0.012680290524799517, 'subsample': 0.9257842110670349, 'colsample_bytree': 0.9081051192126894, 'min_child_weight': 9, 'reg_alpha': 0.389289967892782, 'reg_lambda': 0.9905761933610726}. Best is trial 22 with value: 1.9598633807735784.
[I 2026-04-10 04:08:01,697] Trial 25 finished with value: 1.960574912692139 and parameters: {'n_estimators': 236, 'max_depth': 4, 'learning_rate': 0.029491271907010164, 'subsample': 0.9988347680384031, 'colsample_bytree': 0.8313831766568477, 'min_child_weight': 8, 'reg_alpha': 0.7537165575490606, 'reg_lambda': 0.6195078807918805}. Best is trial 22 with value: 1.9598633807735784.
[I 2026-04-10 04:08:03,533] Trial 26 finished with value: 1.9664593605940652 and parameters: {'n_estimators': 235, 'max_depth': 5, 'learning_rate': 0.042274114449540025, 'subsample': 0.9685042455337606, 'colsample_bytree': 0.8373233063705993, 'min_child_weight': 5, 'reg_alpha': 0.7464673134297909, 'reg_lambda': 0.609152785941506}. Best is trial 22 with value: 1.9598633807735784.
[I 2026-04-10 04:08:04,484] Trial 27 finished with value: 1.9647213252651032 and parameters: {'n_estimators': 113, 'max_depth': 4, 'learning_rate': 0.02728745330769001, 'subsample': 0.8857563805990467, 'colsample_bytree': 0.7560651905143055, 'min_child_weight': 10, 'reg_alpha': 0.9237965119615992, 'reg_lambda': 0.3202971716166921}. Best is trial 22 with value: 1.9598633807735784.
[I 2026-04-10 04:08:05,723] Trial 28 finished with value: 1.9597012716889382 and parameters: {'n_estimators': 191, 'max_depth': 3, 'learning_rate': 0.06143976822112658, 'subsample': 0.9326317372698076, 'colsample_bytree': 0.8462175758134023, 'min_child_weight': 6, 'reg_alpha': 0.741021204436483, 'reg_lambda': 0.4707859261157924}. Best is trial 28 with value: 1.9597012716889382.
[I 2026-04-10 04:08:06,887] Trial 29 finished with value: 1.9623637117147241 and parameters: {'n_estimators': 178, 'max_depth': 3, 'learning_rate': 0.06461117700451122, 'subsample': 0.9299062554549686, 'colsample_bytree': 0.8591003087958536, 'min_child_weight': 6, 'reg_alpha': 0.621945109092361, 'reg_lambda': 0.17368178660739095}. Best is trial 28 with value: 1.9597012716889382.
[optuna] Best params: {'n_estimators': 191, 'max_depth': 3, 'learning_rate': 0.06143976822112658, 'subsample': 0.9326317372698076, 'colsample_bytree': 0.8462175758134023, 'min_child_weight': 6, 'reg_alpha': 0.741021204436483, 'reg_lambda': 0.4707859261157924}
[optuna] Optimizing hyperparameters for assists classification...
[I 2026-04-10 04:15:26,211] A new study created in memory with name: no-name-83478512-7f06-4c95-9017-a06e2132702c
[I 2026-04-10 04:15:29,724] Trial 0 finished with value: 0.691121418558155 and parameters: {'n_estimators': 148, 'max_depth': 4, 'learning_rate': 0.08802298941720973, 'subsample': 0.6625809442580276, 'colsample_bytree': 0.8891342201322685, 'min_child_weight': 8, 'reg_alpha': 0.813539836704429, 'reg_lambda': 0.3088556535924559}. Best is trial 0 with value: 0.691121418558155.
[I 2026-04-10 04:15:54,739] Trial 1 finished with value: 0.6676161290329846 and parameters: {'n_estimators': 696, 'max_depth': 10, 'learning_rate': 0.16930389890556755, 'subsample': 0.7024912616190342, 'colsample_bytree': 0.7127190012978438, 'min_child_weight': 3, 'reg_alpha': 0.16704510437309872, 'reg_lambda': 0.532123796627203}. Best is trial 0 with value: 0.691121418558155.
[I 2026-04-10 04:15:59,800] Trial 2 finished with value: 0.6824763658269636 and parameters: {'n_estimators': 184, 'max_depth': 6, 'learning_rate': 0.09096921183679921, 'subsample': 0.6106838421925584, 'colsample_bytree': 0.7498270571656375, 'min_child_weight': 10, 'reg_alpha': 0.7455096741089557, 'reg_lambda': 0.703873715056703}. Best is trial 0 with value: 0.691121418558155.
[I 2026-04-10 04:16:21,251] Trial 3 finished with value: 0.6824381486046027 and parameters: {'n_estimators': 817, 'max_depth': 7, 'learning_rate': 0.034494245192833256, 'subsample': 0.981657644442376, 'colsample_bytree': 0.7038873408573704, 'min_child_weight': 5, 'reg_alpha': 0.4139026181854226, 'reg_lambda': 0.44113543073974515}. Best is trial 0 with value: 0.691121418558155.
[I 2026-04-10 04:16:47,614] Trial 4 finished with value: 0.6627445202765839 and parameters: {'n_estimators': 742, 'max_depth': 10, 'learning_rate': 0.11239038426753596, 'subsample': 0.7336455237732398, 'colsample_bytree': 0.7289994198695472, 'min_child_weight': 10, 'reg_alpha': 0.5427167389873542, 'reg_lambda': 0.945442174585211}. Best is trial 0 with value: 0.691121418558155.
[I 2026-04-10 04:17:10,871] Trial 5 finished with value: 0.6721396682866367 and parameters: {'n_estimators': 610, 'max_depth': 9, 'learning_rate': 0.13025657407118177, 'subsample': 0.7200068059793109, 'colsample_bytree': 0.9657972740416201, 'min_child_weight': 1, 'reg_alpha': 0.5802864726550514, 'reg_lambda': 0.8779860356018655}. Best is trial 0 with value: 0.691121418558155.
[I 2026-04-10 04:17:15,548] Trial 6 finished with value: 0.6873073233085366 and parameters: {'n_estimators': 102, 'max_depth': 9, 'learning_rate': 0.019656817481652163, 'subsample': 0.8904870301684558, 'colsample_bytree': 0.6905854572814997, 'min_child_weight': 7, 'reg_alpha': 0.8637294959561556, 'reg_lambda': 0.7752249439560565}. Best is trial 0 with value: 0.691121418558155.
[I 2026-04-10 04:17:19,492] Trial 7 finished with value: 0.6908344515682201 and parameters: {'n_estimators': 134, 'max_depth': 6, 'learning_rate': 0.07833312152235192, 'subsample': 0.9812770262334621, 'colsample_bytree': 0.9264375880185926, 'min_child_weight': 8, 'reg_alpha': 0.6772370018341862, 'reg_lambda': 0.03714018442549438}. Best is trial 0 with value: 0.691121418558155.
[I 2026-04-10 04:17:29,096] Trial 8 finished with value: 0.6883897706944136 and parameters: {'n_estimators': 249, 'max_depth': 9, 'learning_rate': 0.022536806323704923, 'subsample': 0.7844355286244232, 'colsample_bytree': 0.908746346439058, 'min_child_weight': 10, 'reg_alpha': 0.882052278783201, 'reg_lambda': 0.4861394284664171}. Best is trial 0 with value: 0.691121418558155.
[I 2026-04-10 04:17:51,323] Trial 9 finished with value: 0.6867439267835631 and parameters: {'n_estimators': 975, 'max_depth': 5, 'learning_rate': 0.04011659195244549, 'subsample': 0.9230466787192897, 'colsample_bytree': 0.7998262451253465, 'min_child_weight': 5, 'reg_alpha': 0.3765924726615182, 'reg_lambda': 0.2744633315555576}. Best is trial 0 with value: 0.691121418558155.
[I 2026-04-10 04:17:59,086] Trial 10 finished with value: 0.68057506767662 and parameters: {'n_estimators': 372, 'max_depth': 3, 'learning_rate': 0.2551533655957263, 'subsample': 0.6038816458273844, 'colsample_bytree': 0.6152944982303463, 'min_child_weight': 7, 'reg_alpha': 0.033160628840947226, 'reg_lambda': 0.12954508305693185}. Best is trial 0 with value: 0.691121418558155.
[I 2026-04-10 04:18:07,912] Trial 11 finished with value: 0.6906709975822843 and parameters: {'n_estimators': 383, 'max_depth': 4, 'learning_rate': 0.06575314312224173, 'subsample': 0.8539186486443161, 'colsample_bytree': 0.8987466480825204, 'min_child_weight': 8, 'reg_alpha': 0.7091610624144089, 'reg_lambda': 0.00010257485589128951}. Best is trial 0 with value: 0.691121418558155.
[I 2026-04-10 04:18:21,461] Trial 12 finished with value: 0.6907756401830843 and parameters: {'n_estimators': 410, 'max_depth': 7, 'learning_rate': 0.010663090361231434, 'subsample': 0.9973787868916725, 'colsample_bytree': 0.8698714612921062, 'min_child_weight': 8, 'reg_alpha': 0.9584548479478352, 'reg_lambda': 0.25027652154193025}. Best is trial 0 with value: 0.691121418558155.
[I 2026-04-10 04:18:28,504] Trial 13 finished with value: 0.6901061155057163 and parameters: {'n_estimators': 264, 'max_depth': 5, 'learning_rate': 0.06239345042417578, 'subsample': 0.8068810370350161, 'colsample_bytree': 0.9789953476787583, 'min_child_weight': 8, 'reg_alpha': 0.7334293545328802, 'reg_lambda': 0.0114984760278602}. Best is trial 0 with value: 0.691121418558155.
[I 2026-04-10 04:18:31,179] Trial 14 finished with value: 0.6905651855968471 and parameters: {'n_estimators': 103, 'max_depth': 3, 'learning_rate': 0.22484451454013027, 'subsample': 0.6677441233519792, 'colsample_bytree': 0.8397100669606979, 'min_child_weight': 6, 'reg_alpha': 0.6187279695404166, 'reg_lambda': 0.2831960549376441}. Best is trial 0 with value: 0.691121418558155.
[I 2026-04-10 04:18:42,750] Trial 15 finished with value: 0.6780813939175747 and parameters: {'n_estimators': 439, 'max_depth': 6, 'learning_rate': 0.08018238321705161, 'subsample': 0.7957182216724568, 'colsample_bytree': 0.93154404070224, 'min_child_weight': 9, 'reg_alpha': 0.3374350643328644, 'reg_lambda': 0.1730384997353341}. Best is trial 0 with value: 0.691121418558155.
[I 2026-04-10 04:18:55,085] Trial 16 finished with value: 0.6911438187705361 and parameters: {'n_estimators': 532, 'max_depth': 4, 'learning_rate': 0.040872583880968774, 'subsample': 0.9234568013727749, 'colsample_bytree': 0.8090175435863391, 'min_child_weight': 4, 'reg_alpha': 0.9997004514127914, 'reg_lambda': 0.3936019062792469}. Best is trial 16 with value: 0.6911438187705361.
[I 2026-04-10 04:19:07,632] Trial 17 finished with value: 0.6912322502354231 and parameters: {'n_estimators': 529, 'max_depth': 4, 'learning_rate': 0.035905489115178546, 'subsample': 0.9304389703853113, 'colsample_bytree': 0.7905262475171968, 'min_child_weight': 3, 'reg_alpha': 0.9628245529403963, 'reg_lambda': 0.37208983262876116}. Best is trial 17 with value: 0.6912322502354231.
[I 2026-04-10 04:19:20,767] Trial 18 finished with value: 0.6910138005231117 and parameters: {'n_estimators': 554, 'max_depth': 4, 'learning_rate': 0.04258346543120969, 'subsample': 0.9271705332829023, 'colsample_bytree': 0.7899610674356499, 'min_child_weight': 3, 'reg_alpha': 0.9825688860383534, 'reg_lambda': 0.618945085149146}. Best is trial 17 with value: 0.6912322502354231.
[I 2026-04-10 04:19:34,205] Trial 19 finished with value: 0.6910979009337874 and parameters: {'n_estimators': 504, 'max_depth': 5, 'learning_rate': 0.025767571868383552, 'subsample': 0.8607561351087682, 'colsample_bytree': 0.8465015834507268, 'min_child_weight': 2, 'reg_alpha': 0.9762568463179908, 'reg_lambda': 0.4143945596650423}. Best is trial 17 with value: 0.6912322502354231.
[I 2026-04-10 04:19:50,249] Trial 20 finished with value: 0.6881714076031864 and parameters: {'n_estimators': 689, 'max_depth': 3, 'learning_rate': 0.013302831886176323, 'subsample': 0.935826242537872, 'colsample_bytree': 0.6467479893434549, 'min_child_weight': 4, 'reg_alpha': 0.8432560679355814, 'reg_lambda': 0.37423203513618364}. Best is trial 17 with value: 0.6912322502354231.
[I 2026-04-10 04:19:57,840] Trial 21 finished with value: 0.6914438742062976 and parameters: {'n_estimators': 302, 'max_depth': 4, 'learning_rate': 0.04953344725682542, 'subsample': 0.8423884893382273, 'colsample_bytree': 0.7724999716815644, 'min_child_weight': 4, 'reg_alpha': 0.8160256800638684, 'reg_lambda': 0.3501247871635009}. Best is trial 21 with value: 0.6914438742062976.
[I 2026-04-10 04:20:10,394] Trial 22 finished with value: 0.6917428208921809 and parameters: {'n_estimators': 501, 'max_depth': 4, 'learning_rate': 0.02929248150480511, 'subsample': 0.8483919592958339, 'colsample_bytree': 0.77001599107179, 'min_child_weight': 4, 'reg_alpha': 0.9090372806045656, 'reg_lambda': 0.5726817697627739}. Best is trial 22 with value: 0.6917428208921809.
[I 2026-04-10 04:20:18,494] Trial 23 finished with value: 0.691706323098342 and parameters: {'n_estimators': 288, 'max_depth': 5, 'learning_rate': 0.03138351672194999, 'subsample': 0.8450139415654697, 'colsample_bytree': 0.7642161618086017, 'min_child_weight': 3, 'reg_alpha': 0.8995873888668077, 'reg_lambda': 0.6188716262950007}. Best is trial 22 with value: 0.6917428208921809.
[I 2026-04-10 04:20:27,325] Trial 24 finished with value: 0.6901445146323542 and parameters: {'n_estimators': 308, 'max_depth': 5, 'learning_rate': 0.018341892603899925, 'subsample': 0.8416893400244612, 'colsample_bytree': 0.7602207768168319, 'min_child_weight': 1, 'reg_alpha': 0.7931730915222385, 'reg_lambda': 0.5958773582847737}. Best is trial 22 with value: 0.6917428208921809.
[I 2026-04-10 04:20:36,196] Trial 25 finished with value: 0.6923868486534068 and parameters: {'n_estimators': 317, 'max_depth': 5, 'learning_rate': 0.028574349797034816, 'subsample': 0.8212806485906398, 'colsample_bytree': 0.6756298279695444, 'min_child_weight': 4, 'reg_alpha': 0.9015103808847003, 'reg_lambda': 0.6846941494929935}. Best is trial 25 with value: 0.6923868486534068.
[I 2026-04-10 04:20:43,724] Trial 26 finished with value: 0.6907336895919934 and parameters: {'n_estimators': 220, 'max_depth': 7, 'learning_rate': 0.028230659638290443, 'subsample': 0.75741980365617, 'colsample_bytree': 0.6769549786616724, 'min_child_weight': 2, 'reg_alpha': 0.8940176466137273, 'reg_lambda': 0.7615073858198597}. Best is trial 25 with value: 0.6923868486534068.
[I 2026-04-10 04:20:56,634] Trial 27 finished with value: 0.6915377714615992 and parameters: {'n_estimators': 470, 'max_depth': 5, 'learning_rate': 0.015393459464073589, 'subsample': 0.8182303422254785, 'colsample_bytree': 0.6474797594317061, 'min_child_weight': 5, 'reg_alpha': 0.47800250885623746, 'reg_lambda': 0.6331230278833269}. Best is trial 25 with value: 0.6923868486534068.
[I 2026-04-10 04:21:06,620] Trial 28 finished with value: 0.6910004738693034 and parameters: {'n_estimators': 341, 'max_depth': 6, 'learning_rate': 0.028559952235515745, 'subsample': 0.8889488801807768, 'colsample_bytree': 0.7345161034942761, 'min_child_weight': 2, 'reg_alpha': 0.6376682002326861, 'reg_lambda': 0.8225553416533031}. Best is trial 25 with value: 0.6923868486534068.
[I 2026-04-10 04:21:13,470] Trial 29 finished with value: 0.6867417266080238 and parameters: {'n_estimators': 194, 'max_depth': 8, 'learning_rate': 0.0541961101560147, 'subsample': 0.766995971512404, 'colsample_bytree': 0.6630705473510822, 'min_child_weight': 6, 'reg_alpha': 0.9018816899377811, 'reg_lambda': 0.6927027215881405}. Best is trial 25 with value: 0.6923868486534068.
[optuna] Best params: {'n_estimators': 317, 'max_depth': 5, 'learning_rate': 0.028574349797034816, 'subsample': 0.8212806485906398, 'colsample_bytree': 0.6756298279695444, 'min_child_weight': 4, 'reg_alpha': 0.9015103808847003, 'reg_lambda': 0.6846941494929935}
[wf] rebounds: auc_raw=0.638 brier_raw=0.251 auc_cal=0.626 brier_cal=0.235 folds=5
[optuna] Optimizing hyperparameters for rebounds regression...
[I 2026-04-10 04:33:22,527] A new study created in memory with name: no-name-339da482-a474-48a9-bbcd-c7a29904ebe5
