[I 2026-04-10 05:36:40,806] Trial 16 finished with value: 0.7508054937132127 and parameters: {'n_estimators': 265, 'max_depth': 6, 'learning_rate': 0.020521359977603636, 'subsample': 0.857247586762488, 'colsample_bytree': 0.7412192129780043, 'min_child_weight': 10, 'reg_alpha': 0.8313868317805324, 'reg_lambda': 0.27935807352546116}. Best is trial 13 with value: 0.7531103704758156.
[I 2026-04-10 05:36:45,100] Trial 17 finished with value: 0.7532727966756323 and parameters: {'n_estimators': 209, 'max_depth': 3, 'learning_rate': 0.04321043680955516, 'subsample': 0.9525790058670206, 'colsample_bytree': 0.6232311917712141, 'min_child_weight': 6, 'reg_alpha': 0.524094112710507, 'reg_lambda': 0.5929174013729677}. Best is trial 17 with value: 0.7532727966756323.
[I 2026-04-10 05:36:49,352] Trial 18 finished with value: 0.7509764974763906 and parameters: {'n_estimators': 194, 'max_depth': 3, 'learning_rate': 0.0274457032688693, 'subsample': 0.858616905092035, 'colsample_bytree': 0.6118703204663694, 'min_child_weight': 3, 'reg_alpha': 0.5668812388935949, 'reg_lambda': 0.582341360148791}. Best is trial 17 with value: 0.7532727966756323.
[I 2026-04-10 05:36:56,303] Trial 19 finished with value: 0.7468037770479005 and parameters: {'n_estimators': 225, 'max_depth': 8, 'learning_rate': 0.04359542818471186, 'subsample': 0.9489943887206691, 'colsample_bytree': 0.6576891065994092, 'min_child_weight': 6, 'reg_alpha': 0.731401730908197, 'reg_lambda': 0.558945644067381}. Best is trial 17 with value: 0.7532727966756323.
[I 2026-04-10 05:37:07,553] Trial 20 finished with value: 0.7489279390545392 and parameters: {'n_estimators': 623, 'max_depth': 3, 'learning_rate': 0.0869659466500862, 'subsample': 0.8865290913295089, 'colsample_bytree': 0.6553023247162704, 'min_child_weight': 4, 'reg_alpha': 0.884606318547738, 'reg_lambda': 0.7010158470002976}. Best is trial 17 with value: 0.7532727966756323.
[I 2026-04-10 05:37:15,077] Trial 21 finished with value: 0.7491776393200884 and parameters: {'n_estimators': 355, 'max_depth': 4, 'learning_rate': 0.07232842251169667, 'subsample': 0.9669074554269514, 'colsample_bytree': 0.8031171873383407, 'min_child_weight': 8, 'reg_alpha': 0.38374098885141095, 'reg_lambda': 0.32432242048907295}. Best is trial 17 with value: 0.7532727966756323.
[I 2026-04-10 05:37:24,251] Trial 22 finished with value: 0.7504157668869939 and parameters: {'n_estimators': 417, 'max_depth': 5, 'learning_rate': 0.0417560121232138, 'subsample': 0.9963784510935112, 'colsample_bytree': 0.6131795806907987, 'min_child_weight': 8, 'reg_alpha': 0.5180815353975694, 'reg_lambda': 0.5271113821418595}. Best is trial 17 with value: 0.7532727966756323.
[I 2026-04-10 05:37:29,464] Trial 23 finished with value: 0.7513967404490801 and parameters: {'n_estimators': 205, 'max_depth': 4, 'learning_rate': 0.021297889925355817, 'subsample': 0.9569705773302383, 'colsample_bytree': 0.7175915768780192, 'min_child_weight': 6, 'reg_alpha': 0.4200562799296915, 'reg_lambda': 0.35861350747067555}. Best is trial 17 with value: 0.7532727966756323.
[I 2026-04-10 05:37:38,121] Trial 24 finished with value: 0.7535502371460939 and parameters: {'n_estimators': 461, 'max_depth': 3, 'learning_rate': 0.04894717659285674, 'subsample': 0.8954055571200006, 'colsample_bytree': 0.8296497732173382, 'min_child_weight': 7, 'reg_alpha': 0.5848959792526851, 'reg_lambda': 0.011225792899644482}. Best is trial 24 with value: 0.7535502371460939.
[I 2026-04-10 05:37:47,308] Trial 25 finished with value: 0.7536715909372521 and parameters: {'n_estimators': 478, 'max_depth': 3, 'learning_rate': 0.03222112356605469, 'subsample': 0.892156946246787, 'colsample_bytree': 0.8456330187076633, 'min_child_weight': 7, 'reg_alpha': 0.6709181801708454, 'reg_lambda': 0.059205615475366014}. Best is trial 25 with value: 0.7536715909372521.
[I 2026-04-10 05:37:57,794] Trial 26 finished with value: 0.7531072391368954 and parameters: {'n_estimators': 568, 'max_depth': 3, 'learning_rate': 0.043212400662688825, 'subsample': 0.8178038295610441, 'colsample_bytree': 0.8290648081565873, 'min_child_weight': 5, 'reg_alpha': 0.6959490388351718, 'reg_lambda': 0.038294972251494794}. Best is trial 25 with value: 0.7536715909372521.
[I 2026-04-10 05:38:06,684] Trial 27 finished with value: 0.7540057220896366 and parameters: {'n_estimators': 464, 'max_depth': 3, 'learning_rate': 0.035665396955746234, 'subsample': 0.8821711527168244, 'colsample_bytree': 0.9286486240475614, 'min_child_weight': 6, 'reg_alpha': 0.7827088267711126, 'reg_lambda': 0.06989502666981531}. Best is trial 27 with value: 0.7540057220896366.
[I 2026-04-10 05:38:19,664] Trial 28 finished with value: 0.7539402137109997 and parameters: {'n_estimators': 700, 'max_depth': 3, 'learning_rate': 0.020804880071617248, 'subsample': 0.8890628146579752, 'colsample_bytree': 0.9343287264630015, 'min_child_weight': 4, 'reg_alpha': 0.9724032461856622, 'reg_lambda': 0.008193051788339761}. Best is trial 27 with value: 0.7540057220896366.
[I 2026-04-10 05:38:42,386] Trial 29 finished with value: 0.7359859424014219 and parameters: {'n_estimators': 752, 'max_depth': 8, 'learning_rate': 0.03397512349248671, 'subsample': 0.8184583597001838, 'colsample_bytree': 0.9281457800196705, 'min_child_weight': 1, 'reg_alpha': 0.9819103277460595, 'reg_lambda': 0.20493274779610995}. Best is trial 27 with value: 0.7540057220896366.
[optuna] Best params: {'n_estimators': 464, 'max_depth': 3, 'learning_rate': 0.035665396955746234, 'subsample': 0.8821711527168244, 'colsample_bytree': 0.9286486240475614, 'min_child_weight': 6, 'reg_alpha': 0.7827088267711126, 'reg_lambda': 0.06989502666981531}
[wf] turnovers: auc_raw=0.729 brier_raw=0.210 auc_cal=0.722 brier_cal=0.203 folds=5
[optuna] Optimizing hyperparameters for turnovers regression...
[I 2026-04-10 05:50:12,799] A new study created in memory with name: no-name-553a9b7f-af5f-4bfd-ad5d-240340c04477
[I 2026-04-10 05:50:19,996] Trial 0 finished with value: 1.327339452527956 and parameters: {'n_estimators': 903, 'max_depth': 6, 'learning_rate': 0.08113621367886395, 'subsample': 0.8279565448531319, 'colsample_bytree': 0.9837391099063477, 'min_child_weight': 3, 'reg_alpha': 0.5517569312549895, 'reg_lambda': 0.6396673917826117}. Best is trial 0 with value: 1.327339452527956.
[I 2026-04-10 05:50:22,387] Trial 1 finished with value: 1.292147831557827 and parameters: {'n_estimators': 423, 'max_depth': 3, 'learning_rate': 0.20976384868286682, 'subsample': 0.82167134664222, 'colsample_bytree': 0.8035787484987589, 'min_child_weight': 1, 'reg_alpha': 0.39717755954646394, 'reg_lambda': 0.4497203273943501}. Best is trial 1 with value: 1.292147831557827.
[I 2026-04-10 05:50:28,795] Trial 2 finished with value: 1.2781047678443724 and parameters: {'n_estimators': 381, 'max_depth': 9, 'learning_rate': 0.018464764457034058, 'subsample': 0.7936190361532537, 'colsample_bytree': 0.8464194330761222, 'min_child_weight': 1, 'reg_alpha': 0.7932453711403097, 'reg_lambda': 0.7771455782075742}. Best is trial 2 with value: 1.2781047678443724.
[I 2026-04-10 05:50:32,430] Trial 3 finished with value: 1.2666548849565504 and parameters: {'n_estimators': 550, 'max_depth': 4, 'learning_rate': 0.013260978692366315, 'subsample': 0.7325828186607601, 'colsample_bytree': 0.7168154368503804, 'min_child_weight': 6, 'reg_alpha': 0.8739835519365599, 'reg_lambda': 0.22293410883978493}. Best is trial 3 with value: 1.2666548849565504.
[I 2026-04-10 05:50:36,622] Trial 4 finished with value: 1.2855299969333094 and parameters: {'n_estimators': 189, 'max_depth': 10, 'learning_rate': 0.02840919862735634, 'subsample': 0.9983129717475536, 'colsample_bytree': 0.9380815350478573, 'min_child_weight': 4, 'reg_alpha': 0.7888993816375144, 'reg_lambda': 0.13868845395701623}. Best is trial 3 with value: 1.2666548849565504.
[I 2026-04-10 05:50:40,011] Trial 5 finished with value: 1.267952630805951 and parameters: {'n_estimators': 407, 'max_depth': 5, 'learning_rate': 0.010450359796239211, 'subsample': 0.9576298643909259, 'colsample_bytree': 0.8146229590018563, 'min_child_weight': 1, 'reg_alpha': 0.6523008210788043, 'reg_lambda': 0.6157408534514349}. Best is trial 3 with value: 1.2666548849565504.
[I 2026-04-10 05:50:50,601] Trial 6 finished with value: 1.3550131983447309 and parameters: {'n_estimators': 650, 'max_depth': 9, 'learning_rate': 0.0825834524816858, 'subsample': 0.6003082748787761, 'colsample_bytree': 0.8987325466684233, 'min_child_weight': 5, 'reg_alpha': 0.7074841040230734, 'reg_lambda': 0.2524714898903615}. Best is trial 3 with value: 1.2666548849565504.
[I 2026-04-10 05:50:53,884] Trial 7 finished with value: 1.2684693030368406 and parameters: {'n_estimators': 430, 'max_depth': 5, 'learning_rate': 0.022617092572828908, 'subsample': 0.8035389474888731, 'colsample_bytree': 0.9984314810785934, 'min_child_weight': 8, 'reg_alpha': 0.383345436744676, 'reg_lambda': 0.7971543877719458}. Best is trial 3 with value: 1.2666548849565504.
[I 2026-04-10 05:51:06,514] Trial 8 finished with value: 1.3472441534563488 and parameters: {'n_estimators': 624, 'max_depth': 10, 'learning_rate': 0.1435600593557465, 'subsample': 0.9876479291695234, 'colsample_bytree': 0.9438161205477886, 'min_child_weight': 6, 'reg_alpha': 0.7235373008399743, 'reg_lambda': 0.18528166505278765}. Best is trial 3 with value: 1.2666548849565504.
[I 2026-04-10 05:51:16,321] Trial 9 finished with value: 1.328971552460679 and parameters: {'n_estimators': 810, 'max_depth': 8, 'learning_rate': 0.06494892938908614, 'subsample': 0.8318141748909663, 'colsample_bytree': 0.6705072771914226, 'min_child_weight': 1, 'reg_alpha': 0.4083834845263896, 'reg_lambda': 0.2225133189725551}. Best is trial 3 with value: 1.2666548849565504.
[I 2026-04-10 05:51:17,327] Trial 10 finished with value: 1.294800719819958 and parameters: {'n_estimators': 137, 'max_depth': 3, 'learning_rate': 0.010031420169401279, 'subsample': 0.6698084103677122, 'colsample_bytree': 0.6845059100410753, 'min_child_weight': 10, 'reg_alpha': 0.9906306646455854, 'reg_lambda': 0.97399770336171}. Best is trial 3 with value: 1.2666548849565504.
[I 2026-04-10 05:51:19,825] Trial 11 finished with value: 1.2699238280273437 and parameters: {'n_estimators': 301, 'max_depth': 5, 'learning_rate': 0.010795800353611239, 'subsample': 0.7181069268807865, 'colsample_bytree': 0.7281084792380702, 'min_child_weight': 7, 'reg_alpha': 0.07271113953125813, 'reg_lambda': 0.39209849186075135}. Best is trial 3 with value: 1.2666548849565504.
[I 2026-04-10 05:51:23,402] Trial 12 finished with value: 1.270965708366612 and parameters: {'n_estimators': 558, 'max_depth': 4, 'learning_rate': 0.03712889695055772, 'subsample': 0.908920281594266, 'colsample_bytree': 0.7516212230061777, 'min_child_weight': 3, 'reg_alpha': 0.9914716273768873, 'reg_lambda': 0.03786197555391538}. Best is trial 3 with value: 1.2666548849565504.
[I 2026-04-10 05:51:30,508] Trial 13 finished with value: 1.2719653728039204 and parameters: {'n_estimators': 756, 'max_depth': 7, 'learning_rate': 0.015229911994174969, 'subsample': 0.9209166282707093, 'colsample_bytree': 0.6061820252473924, 'min_child_weight': 9, 'reg_alpha': 0.5932115845481709, 'reg_lambda': 0.5933073332529153}. Best is trial 3 with value: 1.2666548849565504.
[I 2026-04-10 05:51:34,132] Trial 14 finished with value: 1.2749396172589091 and parameters: {'n_estimators': 500, 'max_depth': 5, 'learning_rate': 0.038535084506263396, 'subsample': 0.7317501456461278, 'colsample_bytree': 0.8205631065890757, 'min_child_weight': 6, 'reg_alpha': 0.9100043964360198, 'reg_lambda': 0.37058479235776387}. Best is trial 3 with value: 1.2666548849565504.
[I 2026-04-10 05:51:36,203] Trial 15 finished with value: 1.2702208363030543 and parameters: {'n_estimators': 282, 'max_depth': 4, 'learning_rate': 0.014728650593059632, 'subsample': 0.9008299429713025, 'colsample_bytree': 0.7544745506343635, 'min_child_weight': 3, 'reg_alpha': 0.12741856653911393, 'reg_lambda': 0.5603693798620641}. Best is trial 3 with value: 1.2666548849565504.
[I 2026-04-10 05:51:44,306] Trial 16 finished with value: 1.2845269886468347 and parameters: {'n_estimators': 985, 'max_depth': 6, 'learning_rate': 0.026799178048993025, 'subsample': 0.7439714934004081, 'colsample_bytree': 0.862992202650288, 'min_child_weight': 5, 'reg_alpha': 0.6205361861505236, 'reg_lambda': 0.7394207169174771}. Best is trial 3 with value: 1.2666548849565504.
[I 2026-04-10 05:51:48,817] Trial 17 finished with value: 1.265750126893303 and parameters: {'n_estimators': 692, 'max_depth': 4, 'learning_rate': 0.01344668313523899, 'subsample': 0.6681944535655825, 'colsample_bytree': 0.694695441411529, 'min_child_weight': 7, 'reg_alpha': 0.22979038376526512, 'reg_lambda': 0.33046472149920486}. Best is trial 17 with value: 1.265750126893303.
[I 2026-04-10 05:51:53,084] Trial 18 finished with value: 1.2781746220575223 and parameters: {'n_estimators': 687, 'max_depth': 4, 'learning_rate': 0.04514503196905457, 'subsample': 0.6426711324899236, 'colsample_bytree': 0.637489918418849, 'min_child_weight': 8, 'reg_alpha': 0.19953911961446297, 'reg_lambda': 0.29563309378087266}. Best is trial 17 with value: 1.265750126893303.
[I 2026-04-10 05:51:57,738] Trial 19 finished with value: 1.266663307577345 and parameters: {'n_estimators': 816, 'max_depth': 3, 'learning_rate': 0.016661615653097164, 'subsample': 0.6745757168904986, 'colsample_bytree': 0.7061084873261159, 'min_child_weight': 7, 'reg_alpha': 0.2730783567157713, 'reg_lambda': 0.013805965896579175}. Best is trial 17 with value: 1.265750126893303.
[I 2026-04-10 05:52:01,194] Trial 20 finished with value: 1.304108530118991 and parameters: {'n_estimators': 547, 'max_depth': 4, 'learning_rate': 0.1254527546954536, 'subsample': 0.7648211009085306, 'colsample_bytree': 0.6531692355734855, 'min_child_weight': 7, 'reg_alpha': 0.2646405548643212, 'reg_lambda': 0.11268281349959214}. Best is trial 17 with value: 1.265750126893303.
[I 2026-04-10 05:52:05,947] Trial 21 finished with value: 1.2659614926110023 and parameters: {'n_estimators': 827, 'max_depth': 3, 'learning_rate': 0.015500216305040625, 'subsample': 0.6825613213390432, 'colsample_bytree': 0.7155989054717532, 'min_child_weight': 7, 'reg_alpha': 0.28608914263971374, 'reg_lambda': 0.037075809959329686}. Best is trial 17 with value: 1.265750126893303.
[I 2026-04-10 05:52:10,227] Trial 22 finished with value: 1.2648870150496174 and parameters: {'n_estimators': 743, 'max_depth': 3, 'learning_rate': 0.02156420196946339, 'subsample': 0.6892389314409365, 'colsample_bytree': 0.7483372602606179, 'min_child_weight': 8, 'reg_alpha': 0.278189926546205, 'reg_lambda': 0.31872376346165043}. Best is trial 22 with value: 1.2648870150496174.
[I 2026-04-10 05:52:14,699] Trial 23 finished with value: 1.266337562872325 and parameters: {'n_estimators': 739, 'max_depth': 3, 'learning_rate': 0.022408195924821846, 'subsample': 0.6018268980736261, 'colsample_bytree': 0.7559415704884643, 'min_child_weight': 9, 'reg_alpha': 0.002060624329606131, 'reg_lambda': 0.34354835531989664}. Best is trial 22 with value: 1.2648870150496174.
[I 2026-04-10 05:52:19,828] Trial 24 finished with value: 1.2665708094160983 and parameters: {'n_estimators': 899, 'max_depth': 3, 'learning_rate': 0.0213769035089816, 'subsample': 0.6913523480900683, 'colsample_bytree': 0.76672973306059, 'min_child_weight': 8, 'reg_alpha': 0.31126961229989347, 'reg_lambda': 0.4363557372274176}. Best is trial 22 with value: 1.2648870150496174.
[I 2026-04-10 05:52:24,730] Trial 25 finished with value: 1.2688461852120754 and parameters: {'n_estimators': 879, 'max_depth': 3, 'learning_rate': 0.03138230341863034, 'subsample': 0.6333920263030868, 'colsample_bytree': 0.6895661006336663, 'min_child_weight': 10, 'reg_alpha': 0.16559964897336088, 'reg_lambda': 0.09497122283581039}. Best is trial 22 with value: 1.2648870150496174.
[I 2026-04-10 05:52:31,123] Trial 26 finished with value: 1.2668682705396903 and parameters: {'n_estimators': 995, 'max_depth': 4, 'learning_rate': 0.0129670772909567, 'subsample': 0.7027634056733197, 'colsample_bytree': 0.6237450172316934, 'min_child_weight': 9, 'reg_alpha': 0.483533734717216, 'reg_lambda': 0.5050024732223782}. Best is trial 22 with value: 1.2648870150496174.
[I 2026-04-10 05:52:37,101] Trial 27 finished with value: 1.2734784903006475 and parameters: {'n_estimators': 728, 'max_depth': 6, 'learning_rate': 0.019970440646654042, 'subsample': 0.6437504090292779, 'colsample_bytree': 0.781128689883474, 'min_child_weight': 7, 'reg_alpha': 0.3203370042920039, 'reg_lambda': 0.2867081081542333}. Best is trial 22 with value: 1.2648870150496174.
[I 2026-04-10 05:52:44,591] Trial 28 finished with value: 1.3109565303278194 and parameters: {'n_estimators': 789, 'max_depth': 7, 'learning_rate': 0.052136438297602825, 'subsample': 0.6699194375165057, 'colsample_bytree': 0.7226863542153187, 'min_child_weight': 8, 'reg_alpha': 0.2166179464093558, 'reg_lambda': 0.16085614747092097}. Best is trial 22 with value: 1.2648870150496174.
[I 2026-04-10 05:52:50,905] Trial 29 finished with value: 1.4689594630539655 and parameters: {'n_estimators': 853, 'max_depth': 5, 'learning_rate': 0.28678022547428633, 'subsample': 0.7565408188173567, 'colsample_bytree': 0.669814906563021, 'min_child_weight': 5, 'reg_alpha': 0.46990524297461844, 'reg_lambda': 0.7021722621485929}. Best is trial 22 with value: 1.2648870150496174.
[optuna] Best params: {'n_estimators': 743, 'max_depth': 3, 'learning_rate': 0.02156420196946339, 'subsample': 0.6892389314409365, 'colsample_bytree': 0.7483372602606179, 'min_child_weight': 8, 'reg_alpha': 0.278189926546205, 'reg_lambda': 0.31872376346165043}
[optuna] Optimizing hyperparameters for turnovers classification...
[I 2026-04-10 05:59:58,168] A new study created in memory with name: no-name-76ca012b-c848-415f-be7d-e61ee9a3f96b
[I 2026-04-10 06:00:20,977] Trial 0 finished with value: 0.7346062467036241 and parameters: {'n_estimators': 604, 'max_depth': 10, 'learning_rate': 0.04194236213207226, 'subsample': 0.7875111064088619, 'colsample_bytree': 0.9895624095154012, 'min_child_weight': 3, 'reg_alpha': 0.43416600220881696, 'reg_lambda': 0.7708261898403409}. Best is trial 0 with value: 0.7346062467036241.
[I 2026-04-10 06:00:48,909] Trial 1 finished with value: 0.7351776438358244 and parameters: {'n_estimators': 736, 'max_depth': 10, 'learning_rate': 0.033796461396469656, 'subsample': 0.6919173147344587, 'colsample_bytree': 0.7623749329305612, 'min_child_weight': 5, 'reg_alpha': 0.9779272222596006, 'reg_lambda': 0.898172236849997}. Best is trial 1 with value: 0.7351776438358244.
[I 2026-04-10 06:01:06,512] Trial 2 finished with value: 0.7461764410143162 and parameters: {'n_estimators': 445, 'max_depth': 9, 'learning_rate': 0.013748351151172511, 'subsample': 0.9655999999015502, 'colsample_bytree': 0.6936517066612155, 'min_child_weight': 6, 'reg_alpha': 0.3720007123224399, 'reg_lambda': 0.038329299206306455}. Best is trial 2 with value: 0.7461764410143162.
[I 2026-04-10 06:01:13,118] Trial 3 finished with value: 0.7495347414313196 and parameters: {'n_estimators': 286, 'max_depth': 4, 'learning_rate': 0.0713937859883098, 'subsample': 0.7542796053384655, 'colsample_bytree': 0.8996235919990874, 'min_child_weight': 10, 'reg_alpha': 0.24044781620723465, 'reg_lambda': 0.9367730683883693}. Best is trial 3 with value: 0.7495347414313196.
[I 2026-04-10 06:01:28,811] Trial 4 finished with value: 0.750327493767715 and parameters: {'n_estimators': 713, 'max_depth': 4, 'learning_rate': 0.027572895462866426, 'subsample': 0.6003642712762348, 'colsample_bytree': 0.68929481788263, 'min_child_weight': 1, 'reg_alpha': 0.7006957315204254, 'reg_lambda': 0.14246229942661248}. Best is trial 4 with value: 0.750327493767715.
[I 2026-04-10 06:01:45,037] Trial 5 finished with value: 0.7505814380357204 and parameters: {'n_estimators': 817, 'max_depth': 3, 'learning_rate': 0.02907850569731863, 'subsample': 0.9013678213354374, 'colsample_bytree': 0.9718968450457822, 'min_child_weight': 8, 'reg_alpha': 0.3637984613409351, 'reg_lambda': 0.4120861666758763}. Best is trial 5 with value: 0.7505814380357204.
[I 2026-04-10 06:02:05,134] Trial 6 finished with value: 0.721179063886138 and parameters: {'n_estimators': 822, 'max_depth': 6, 'learning_rate': 0.16644962517449724, 'subsample': 0.8637490797120218, 'colsample_bytree': 0.825595757749243, 'min_child_weight': 2, 'reg_alpha': 0.0992046539221596, 'reg_lambda': 0.2939333690260053}. Best is trial 5 with value: 0.7505814380357204.
[I 2026-04-10 06:02:09,899] Trial 7 finished with value: 0.7459181379412401 and parameters: {'n_estimators': 117, 'max_depth': 8, 'learning_rate': 0.026635088863343478, 'subsample': 0.9736479994639722, 'colsample_bytree': 0.7447423137488891, 'min_child_weight': 7, 'reg_alpha': 0.9563553312050878, 'reg_lambda': 0.7131873280331759}. Best is trial 5 with value: 0.7505814380357204.
[I 2026-04-10 06:02:30,313] Trial 8 finished with value: 0.736485797599669 and parameters: {'n_estimators': 497, 'max_depth': 10, 'learning_rate': 0.05108477717033977, 'subsample': 0.8381546807040349, 'colsample_bytree': 0.6212718680993623, 'min_child_weight': 1, 'reg_alpha': 0.07989433147483149, 'reg_lambda': 0.21217195924653853}. Best is trial 5 with value: 0.7505814380357204.
[I 2026-04-10 06:02:48,990] Trial 9 finished with value: 0.7232889057739228 and parameters: {'n_estimators': 551, 'max_depth': 9, 'learning_rate': 0.13062144805686648, 'subsample': 0.8154086010223348, 'colsample_bytree': 0.8559608710016674, 'min_child_weight': 5, 'reg_alpha': 0.18857757568909939, 'reg_lambda': 0.7632512516195241}. Best is trial 5 with value: 0.7505814380357204.
[I 2026-04-10 06:03:10,001] Trial 10 finished with value: 0.7498147721279317 and parameters: {'n_estimators': 969, 'max_depth': 3, 'learning_rate': 0.011560877322049898, 'subsample': 0.9159132503999969, 'colsample_bytree': 0.9997444922653869, 'min_child_weight': 10, 'reg_alpha': 0.6919747137271068, 'reg_lambda': 0.44983016839483814}. Best is trial 5 with value: 0.7505814380357204.
