[I 2026-04-10 09:06:33,698] Trial 7 finished with value: 0.8458652029702519 and parameters: {'n_estimators': 229, 'max_depth': 9, 'learning_rate': 0.1578583237168974, 'subsample': 0.8862783469877418, 'colsample_bytree': 0.87751035923693, 'min_child_weight': 9, 'reg_alpha': 0.3934883416320001, 'reg_lambda': 0.9866908083774332}. Best is trial 4 with value: 0.8708809455484248.
[I 2026-04-10 09:06:36,446] Trial 8 finished with value: 0.8630933126744739 and parameters: {'n_estimators': 152, 'max_depth': 10, 'learning_rate': 0.02217985947932768, 'subsample': 0.716555391522868, 'colsample_bytree': 0.9673936588930605, 'min_child_weight': 2, 'reg_alpha': 0.9865766214712264, 'reg_lambda': 0.7762959650858127}. Best is trial 4 with value: 0.8708809455484248.
[I 2026-04-10 09:06:38,073] Trial 9 finished with value: 0.871895974260251 and parameters: {'n_estimators': 248, 'max_depth': 3, 'learning_rate': 0.04249404656254975, 'subsample': 0.7834028424362159, 'colsample_bytree': 0.7210902172204933, 'min_child_weight': 7, 'reg_alpha': 0.8910459282769057, 'reg_lambda': 0.1566569686706233}. Best is trial 9 with value: 0.871895974260251.
[I 2026-04-10 09:06:40,186] Trial 10 finished with value: 0.8649976322756823 and parameters: {'n_estimators': 264, 'max_depth': 5, 'learning_rate': 0.0824091319613144, 'subsample': 0.6172505954984706, 'colsample_bytree': 0.650444286991862, 'min_child_weight': 5, 'reg_alpha': 0.8539937199034008, 'reg_lambda': 0.26719593296424843}. Best is trial 9 with value: 0.871895974260251.
[I 2026-04-10 09:06:44,453] Trial 11 finished with value: 0.8694456077446387 and parameters: {'n_estimators': 722, 'max_depth': 3, 'learning_rate': 0.04591864453803515, 'subsample': 0.8471425574892804, 'colsample_bytree': 0.7165625670576213, 'min_child_weight': 6, 'reg_alpha': 0.6842839997901535, 'reg_lambda': 0.4588331604538065}. Best is trial 9 with value: 0.871895974260251.
[I 2026-04-10 09:06:50,706] Trial 12 finished with value: 0.8707998243726542 and parameters: {'n_estimators': 975, 'max_depth': 4, 'learning_rate': 0.021630023246862064, 'subsample': 0.9451950941413894, 'colsample_bytree': 0.6042537591754236, 'min_child_weight': 10, 'reg_alpha': 0.6882107925321916, 'reg_lambda': 0.4596789030769579}. Best is trial 9 with value: 0.871895974260251.
[I 2026-04-10 09:06:57,143] Trial 13 finished with value: 0.8669546806411411 and parameters: {'n_estimators': 677, 'max_depth': 7, 'learning_rate': 0.019237870875576785, 'subsample': 0.8400152679806718, 'colsample_bytree': 0.9884916519628745, 'min_child_weight': 7, 'reg_alpha': 0.636907646197589, 'reg_lambda': 0.003422410623333566}. Best is trial 9 with value: 0.871895974260251.
[I 2026-04-10 09:06:59,456] Trial 14 finished with value: 0.8716739050415798 and parameters: {'n_estimators': 362, 'max_depth': 3, 'learning_rate': 0.06593662227063066, 'subsample': 0.917809163763319, 'colsample_bytree': 0.7236021577451315, 'min_child_weight': 4, 'reg_alpha': 0.2547573248811645, 'reg_lambda': 0.2860032481662257}. Best is trial 9 with value: 0.871895974260251.
[I 2026-04-10 09:07:01,958] Trial 15 finished with value: 0.8708685238683849 and parameters: {'n_estimators': 365, 'max_depth': 4, 'learning_rate': 0.07016960214599818, 'subsample': 0.9455442204226001, 'colsample_bytree': 0.7294557371261257, 'min_child_weight': 4, 'reg_alpha': 0.31211721835666445, 'reg_lambda': 0.27962588111627484}. Best is trial 9 with value: 0.871895974260251.
[I 2026-04-10 09:07:03,254] Trial 16 finished with value: 0.8663249775142241 and parameters: {'n_estimators': 116, 'max_depth': 7, 'learning_rate': 0.051158285392299156, 'subsample': 0.8153125036077921, 'colsample_bytree': 0.6888036077606022, 'min_child_weight': 4, 'reg_alpha': 0.5467608249440564, 'reg_lambda': 0.16494775561756425}. Best is trial 9 with value: 0.871895974260251.
[I 2026-04-10 09:07:06,129] Trial 17 finished with value: 0.8667463006208812 and parameters: {'n_estimators': 407, 'max_depth': 4, 'learning_rate': 0.1256986271197376, 'subsample': 0.9945334573135686, 'colsample_bytree': 0.7807809032017382, 'min_child_weight': 4, 'reg_alpha': 0.9365488539942506, 'reg_lambda': 0.34488459065517085}. Best is trial 9 with value: 0.871895974260251.
[I 2026-04-10 09:07:08,464] Trial 18 finished with value: 0.8699009003436498 and parameters: {'n_estimators': 290, 'max_depth': 5, 'learning_rate': 0.03438187095744989, 'subsample': 0.9172390494728042, 'colsample_bytree': 0.6528792871217023, 'min_child_weight': 7, 'reg_alpha': 0.8167750599880722, 'reg_lambda': 0.126500550709891}. Best is trial 9 with value: 0.871895974260251.
[I 2026-04-10 09:07:12,359] Trial 19 finished with value: 0.8555201439089659 and parameters: {'n_estimators': 456, 'max_depth': 6, 'learning_rate': 0.07147625122540317, 'subsample': 0.6799968670775834, 'colsample_bytree': 0.746996709058003, 'min_child_weight': 5, 'reg_alpha': 0.25556135590810547, 'reg_lambda': 0.40495127480383464}. Best is trial 9 with value: 0.871895974260251.
[I 2026-04-10 09:07:13,674] Trial 20 finished with value: 0.8676842642157256 and parameters: {'n_estimators': 196, 'max_depth': 3, 'learning_rate': 0.20804512931767374, 'subsample': 0.7917145520349819, 'colsample_bytree': 0.6830720711521558, 'min_child_weight': 6, 'reg_alpha': 0.5465037478570991, 'reg_lambda': 0.5850948390580889}. Best is trial 9 with value: 0.871895974260251.
[I 2026-04-10 09:07:15,646] Trial 21 finished with value: 0.8707653478729521 and parameters: {'n_estimators': 312, 'max_depth': 3, 'learning_rate': 0.09817655150297486, 'subsample': 0.8949539052546429, 'colsample_bytree': 0.802697219251767, 'min_child_weight': 10, 'reg_alpha': 0.1893140705189793, 'reg_lambda': 0.6115944303769688}. Best is trial 9 with value: 0.871895974260251.
[I 2026-04-10 09:07:22,368] Trial 22 finished with value: 0.8712931425228078 and parameters: {'n_estimators': 997, 'max_depth': 4, 'learning_rate': 0.010101996869721621, 'subsample': 0.8260595900541736, 'colsample_bytree': 0.7095446976696909, 'min_child_weight': 8, 'reg_alpha': 0.1233809868578361, 'reg_lambda': 0.29301841782355204}. Best is trial 9 with value: 0.871895974260251.
[I 2026-04-10 09:07:28,687] Trial 23 finished with value: 0.8710360897970856 and parameters: {'n_estimators': 939, 'max_depth': 4, 'learning_rate': 0.017419580156820737, 'subsample': 0.746220664303339, 'colsample_bytree': 0.7028571959156373, 'min_child_weight': 8, 'reg_alpha': 0.1164259991236416, 'reg_lambda': 0.27072110976107455}. Best is trial 9 with value: 0.871895974260251.
[I 2026-04-10 09:07:33,316] Trial 24 finished with value: 0.8724207268660152 and parameters: {'n_estimators': 684, 'max_depth': 4, 'learning_rate': 0.027820122050974165, 'subsample': 0.8274135200861357, 'colsample_bytree': 0.6547041472884432, 'min_child_weight': 8, 'reg_alpha': 0.30963416050356996, 'reg_lambda': 0.09505348075463688}. Best is trial 24 with value: 0.8724207268660152.
[I 2026-04-10 09:07:38,085] Trial 25 finished with value: 0.869519630817529 and parameters: {'n_estimators': 626, 'max_depth': 5, 'learning_rate': 0.027807723547071287, 'subsample': 0.798406463595099, 'colsample_bytree': 0.6096525983475235, 'min_child_weight': 8, 'reg_alpha': 0.42977252355910944, 'reg_lambda': 0.09476748234958349}. Best is trial 24 with value: 0.8724207268660152.
[I 2026-04-10 09:07:41,434] Trial 26 finished with value: 0.8709407724155555 and parameters: {'n_estimators': 492, 'max_depth': 3, 'learning_rate': 0.04516086033976709, 'subsample': 0.9264786172130897, 'colsample_bytree': 0.6512250624493222, 'min_child_weight': 3, 'reg_alpha': 0.29282425681921115, 'reg_lambda': 0.20134752087493657}. Best is trial 24 with value: 0.8724207268660152.
[I 2026-04-10 09:07:46,211] Trial 27 finished with value: 0.8658945282752928 and parameters: {'n_estimators': 699, 'max_depth': 4, 'learning_rate': 0.061542040673686134, 'subsample': 0.8526739379152954, 'colsample_bytree': 0.7485758867620238, 'min_child_weight': 6, 'reg_alpha': 0.3338073250602053, 'reg_lambda': 0.07350210088104506}. Best is trial 24 with value: 0.8724207268660152.
[I 2026-04-10 09:07:49,326] Trial 28 finished with value: 0.865734820960495 and parameters: {'n_estimators': 334, 'max_depth': 6, 'learning_rate': 0.027524533085348652, 'subsample': 0.7414287172267092, 'colsample_bytree': 0.6637928715585599, 'min_child_weight': 5, 'reg_alpha': 0.7779205512352735, 'reg_lambda': 0.2135202185400027}. Best is trial 24 with value: 0.8724207268660152.
[I 2026-04-10 09:07:54,341] Trial 29 finished with value: 0.8695165887734377 and parameters: {'n_estimators': 546, 'max_depth': 6, 'learning_rate': 0.014887566186851366, 'subsample': 0.7705974542337473, 'colsample_bytree': 0.7772155991271835, 'min_child_weight': 3, 'reg_alpha': 0.24018248513856044, 'reg_lambda': 0.36727179973713653}. Best is trial 24 with value: 0.8724207268660152.
[optuna] Best params: {'n_estimators': 684, 'max_depth': 4, 'learning_rate': 0.027820122050974165, 'subsample': 0.8274135200861357, 'colsample_bytree': 0.6547041472884432, 'min_child_weight': 8, 'reg_alpha': 0.30963416050356996, 'reg_lambda': 0.09505348075463688}
[wf] triple_double: auc_raw=0.848 brier_raw=0.007 auc_cal=0.813 brier_cal=0.007 folds=5
[optuna] Optimizing hyperparameters for triple_double classification...
[I 2026-04-10 09:12:04,211] A new study created in memory with name: no-name-872cbff3-faee-481c-8515-3d9d5ffce329
[I 2026-04-10 09:12:05,674] Trial 0 finished with value: 0.9575387232518578 and parameters: {'n_estimators': 226, 'max_depth': 4, 'learning_rate': 0.0140762963239373, 'subsample': 0.7061314844343282, 'colsample_bytree': 0.6782143465044405, 'min_child_weight': 5, 'reg_alpha': 0.6817017103504717, 'reg_lambda': 0.9986979501274049}. Best is trial 0 with value: 0.9575387232518578.
[I 2026-04-10 09:12:11,033] Trial 1 finished with value: 0.9389247023010117 and parameters: {'n_estimators': 648, 'max_depth': 8, 'learning_rate': 0.08118488388060803, 'subsample': 0.9909653742956464, 'colsample_bytree': 0.8526612623948666, 'min_child_weight': 3, 'reg_alpha': 0.7781447951265447, 'reg_lambda': 0.6608152991109681}. Best is trial 0 with value: 0.9575387232518578.
[I 2026-04-10 09:12:17,003] Trial 2 finished with value: 0.9243844569791387 and parameters: {'n_estimators': 856, 'max_depth': 5, 'learning_rate': 0.2212771761116803, 'subsample': 0.6010063062381208, 'colsample_bytree': 0.949433900062208, 'min_child_weight': 4, 'reg_alpha': 0.4424544528149157, 'reg_lambda': 0.7318490618087999}. Best is trial 0 with value: 0.9575387232518578.
[I 2026-04-10 09:12:20,925] Trial 3 finished with value: 0.9558375861760229 and parameters: {'n_estimators': 510, 'max_depth': 6, 'learning_rate': 0.018706933823585584, 'subsample': 0.7527619575003789, 'colsample_bytree': 0.7413212716029106, 'min_child_weight': 3, 'reg_alpha': 0.4876868771936391, 'reg_lambda': 0.14405678530008537}. Best is trial 0 with value: 0.9575387232518578.
[I 2026-04-10 09:12:25,183] Trial 4 finished with value: 0.9478556719491449 and parameters: {'n_estimators': 477, 'max_depth': 8, 'learning_rate': 0.03206774057169516, 'subsample': 0.6468709204686974, 'colsample_bytree': 0.9823741873790629, 'min_child_weight': 3, 'reg_alpha': 0.5440664786029988, 'reg_lambda': 0.7288276421662462}. Best is trial 0 with value: 0.9575387232518578.
[I 2026-04-10 09:12:30,654] Trial 5 finished with value: 0.9407019428776077 and parameters: {'n_estimators': 738, 'max_depth': 5, 'learning_rate': 0.08411219900861455, 'subsample': 0.9617281361775594, 'colsample_bytree': 0.8117578735161345, 'min_child_weight': 9, 'reg_alpha': 0.3722548648246766, 'reg_lambda': 0.11273927813068019}. Best is trial 0 with value: 0.9575387232518578.
[I 2026-04-10 09:12:35,390] Trial 6 finished with value: 0.9280732384277912 and parameters: {'n_estimators': 629, 'max_depth': 10, 'learning_rate': 0.198307195160703, 'subsample': 0.8945427123013489, 'colsample_bytree': 0.8530410875830107, 'min_child_weight': 10, 'reg_alpha': 0.12703143403395067, 'reg_lambda': 0.3432104683646966}. Best is trial 0 with value: 0.9575387232518578.
[I 2026-04-10 09:12:41,268] Trial 7 finished with value: 0.9270391261527442 and parameters: {'n_estimators': 836, 'max_depth': 4, 'learning_rate': 0.20531068470592992, 'subsample': 0.8808098072513617, 'colsample_bytree': 0.6912115346863686, 'min_child_weight': 1, 'reg_alpha': 0.0650604552590972, 'reg_lambda': 0.8495099802283977}. Best is trial 0 with value: 0.9575387232518578.
[I 2026-04-10 09:12:42,467] Trial 8 finished with value: 0.9282791655474976 and parameters: {'n_estimators': 126, 'max_depth': 7, 'learning_rate': 0.13340118435672868, 'subsample': 0.630390973839268, 'colsample_bytree': 0.8608362899902726, 'min_child_weight': 6, 'reg_alpha': 0.11349440222263218, 'reg_lambda': 0.3770935834992286}. Best is trial 0 with value: 0.9575387232518578.
[I 2026-04-10 09:12:45,785] Trial 9 finished with value: 0.9570462888351687 and parameters: {'n_estimators': 486, 'max_depth': 4, 'learning_rate': 0.01753042524664886, 'subsample': 0.8222075053046208, 'colsample_bytree': 0.8342014568839675, 'min_child_weight': 7, 'reg_alpha': 0.5690587473618952, 'reg_lambda': 0.18664346087495542}. Best is trial 0 with value: 0.9575387232518578.
[I 2026-04-10 09:12:46,711] Trial 10 finished with value: 0.9592644820485272 and parameters: {'n_estimators': 130, 'max_depth': 3, 'learning_rate': 0.03602358429334947, 'subsample': 0.7201193881434769, 'colsample_bytree': 0.6210479923075931, 'min_child_weight': 8, 'reg_alpha': 0.9871518602326481, 'reg_lambda': 0.9262772024213682}. Best is trial 10 with value: 0.9592644820485272.
[I 2026-04-10 09:12:47,629] Trial 11 finished with value: 0.9596875279792282 and parameters: {'n_estimators': 128, 'max_depth': 3, 'learning_rate': 0.03651064227792408, 'subsample': 0.7203420273593419, 'colsample_bytree': 0.6043979676223954, 'min_child_weight': 8, 'reg_alpha': 0.9397936949553005, 'reg_lambda': 0.9916491949665605}. Best is trial 11 with value: 0.9596875279792282.
[I 2026-04-10 09:12:49,574] Trial 12 finished with value: 0.9590115498254096 and parameters: {'n_estimators': 295, 'max_depth': 3, 'learning_rate': 0.039496701964122895, 'subsample': 0.7268641649492182, 'colsample_bytree': 0.6008935718726054, 'min_child_weight': 8, 'reg_alpha': 0.9945233380538981, 'reg_lambda': 0.9996264611428879}. Best is trial 11 with value: 0.9596875279792282.
[I 2026-04-10 09:12:51,602] Trial 13 finished with value: 0.9613662816724864 and parameters: {'n_estimators': 315, 'max_depth': 3, 'learning_rate': 0.028740672926680658, 'subsample': 0.7912772905570155, 'colsample_bytree': 0.6142584886107608, 'min_child_weight': 8, 'reg_alpha': 0.9874577434039784, 'reg_lambda': 0.8698536513909634}. Best is trial 13 with value: 0.9613662816724864.
[I 2026-04-10 09:12:53,757] Trial 14 finished with value: 0.9577356970185334 and parameters: {'n_estimators': 354, 'max_depth': 3, 'learning_rate': 0.01049506957063172, 'subsample': 0.801931511666999, 'colsample_bytree': 0.7025454641556491, 'min_child_weight': 10, 'reg_alpha': 0.8543971581388603, 'reg_lambda': 0.6126925814664435}. Best is trial 13 with value: 0.9613662816724864.
[I 2026-04-10 09:12:56,302] Trial 15 finished with value: 0.9501074402363685 and parameters: {'n_estimators': 332, 'max_depth': 5, 'learning_rate': 0.0547607335371949, 'subsample': 0.8680304529218758, 'colsample_bytree': 0.6461136606044128, 'min_child_weight': 7, 'reg_alpha': 0.855607792012844, 'reg_lambda': 0.844062538758301}. Best is trial 13 with value: 0.9613662816724864.
[I 2026-04-10 09:12:58,079] Trial 16 finished with value: 0.9604798997224461 and parameters: {'n_estimators': 222, 'max_depth': 6, 'learning_rate': 0.024041535170655833, 'subsample': 0.7680690513724957, 'colsample_bytree': 0.7581099168926426, 'min_child_weight': 8, 'reg_alpha': 0.7413671763049452, 'reg_lambda': 0.5439542484650025}. Best is trial 13 with value: 0.9613662816724864.
[I 2026-04-10 09:13:01,933] Trial 17 finished with value: 0.9562360103858896 and parameters: {'n_estimators': 425, 'max_depth': 10, 'learning_rate': 0.02287254106916702, 'subsample': 0.7772206815696161, 'colsample_bytree': 0.7700611247131145, 'min_child_weight': 6, 'reg_alpha': 0.6997067701328017, 'reg_lambda': 0.4836148793984154}. Best is trial 13 with value: 0.9613662816724864.
[I 2026-04-10 09:13:03,762] Trial 18 finished with value: 0.9604619930163847 and parameters: {'n_estimators': 219, 'max_depth': 7, 'learning_rate': 0.023050167016622502, 'subsample': 0.6717983878060954, 'colsample_bytree': 0.7677293390047835, 'min_child_weight': 9, 'reg_alpha': 0.31049695598038624, 'reg_lambda': 0.5079654100278044}. Best is trial 13 with value: 0.9613662816724864.
[I 2026-04-10 09:13:11,864] Trial 19 finished with value: 0.9381726206464321 and parameters: {'n_estimators': 956, 'max_depth': 9, 'learning_rate': 0.06132056034115451, 'subsample': 0.8344458978020737, 'colsample_bytree': 0.8954887771290689, 'min_child_weight': 7, 'reg_alpha': 0.6538630589119239, 'reg_lambda': 0.27075033036083523}. Best is trial 13 with value: 0.9613662816724864.
[I 2026-04-10 09:13:13,759] Trial 20 finished with value: 0.9576506401647417 and parameters: {'n_estimators': 249, 'max_depth': 6, 'learning_rate': 0.012255038018242811, 'subsample': 0.922583146922522, 'colsample_bytree': 0.7288806042052084, 'min_child_weight': 9, 'reg_alpha': 0.8294605229196489, 'reg_lambda': 0.033327698475382195}. Best is trial 13 with value: 0.9613662816724864.
[I 2026-04-10 09:13:16,870] Trial 21 finished with value: 0.9572074491897216 and parameters: {'n_estimators': 374, 'max_depth': 7, 'learning_rate': 0.024830268316319945, 'subsample': 0.6794206108011862, 'colsample_bytree': 0.7733292166802992, 'min_child_weight': 9, 'reg_alpha': 0.25790879474958983, 'reg_lambda': 0.5125351563382214}. Best is trial 13 with value: 0.9613662816724864.
[I 2026-04-10 09:13:18,652] Trial 22 finished with value: 0.9581878413465843 and parameters: {'n_estimators': 209, 'max_depth': 8, 'learning_rate': 0.01777248618967163, 'subsample': 0.7669654675115225, 'colsample_bytree': 0.7723930795253022, 'min_child_weight': 10, 'reg_alpha': 0.3021444514432807, 'reg_lambda': 0.5338352369685058}. Best is trial 13 with value: 0.9613662816724864.
[I 2026-04-10 09:13:20,257] Trial 23 finished with value: 0.9597367714208971 and parameters: {'n_estimators': 189, 'max_depth': 6, 'learning_rate': 0.02546393546219933, 'subsample': 0.6650774637358168, 'colsample_bytree': 0.6670938336211227, 'min_child_weight': 8, 'reg_alpha': 0.21281409173112786, 'reg_lambda': 0.45041759196248354}. Best is trial 13 with value: 0.9613662816724864.
[I 2026-04-10 09:13:22,616] Trial 24 finished with value: 0.955031784403259 and parameters: {'n_estimators': 271, 'max_depth': 7, 'learning_rate': 0.049448423228310126, 'subsample': 0.8465841824344557, 'colsample_bytree': 0.7303990889711935, 'min_child_weight': 9, 'reg_alpha': 0.4009809972756562, 'reg_lambda': 0.6006449817962958}. Best is trial 13 with value: 0.9613662816724864.
[I 2026-04-10 09:13:26,277] Trial 25 finished with value: 0.9579013340496014 and parameters: {'n_estimators': 408, 'max_depth': 9, 'learning_rate': 0.02172898317636202, 'subsample': 0.7968570865614374, 'colsample_bytree': 0.8955527627099262, 'min_child_weight': 7, 'reg_alpha': 0.6152529505223736, 'reg_lambda': 0.7491207215829854}. Best is trial 13 with value: 0.9613662816724864.
[I 2026-04-10 09:13:27,731] Trial 26 finished with value: 0.9594054973587608 and parameters: {'n_estimators': 183, 'max_depth': 5, 'learning_rate': 0.030239344643418452, 'subsample': 0.6901845630245178, 'colsample_bytree': 0.8001889191327223, 'min_child_weight': 6, 'reg_alpha': 0.7543885493413063, 'reg_lambda': 0.34013002712050505}. Best is trial 13 with value: 0.9613662816724864.
[I 2026-04-10 09:13:30,310] Trial 27 finished with value: 0.956531471035903 and parameters: {'n_estimators': 299, 'max_depth': 9, 'learning_rate': 0.015085750771230654, 'subsample': 0.752552375121792, 'colsample_bytree': 0.6574715394560136, 'min_child_weight': 5, 'reg_alpha': 0.935077352593267, 'reg_lambda': 0.4064973075179531}. Best is trial 13 with value: 0.9613662816724864.
[I 2026-04-10 09:13:35,125] Trial 28 finished with value: 0.9431462082549915 and parameters: {'n_estimators': 587, 'max_depth': 6, 'learning_rate': 0.04874321431855698, 'subsample': 0.8021655977747556, 'colsample_bytree': 0.7089477719292256, 'min_child_weight': 9, 'reg_alpha': 0.7596390203176426, 'reg_lambda': 0.25720902322584777}. Best is trial 13 with value: 0.9613662816724864.
[I 2026-04-10 09:13:36,525] Trial 29 finished with value: 0.9591883785477662 and parameters: {'n_estimators': 206, 'max_depth': 4, 'learning_rate': 0.01390285490446768, 'subsample': 0.697397265768115, 'colsample_bytree': 0.74914464995357, 'min_child_weight': 8, 'reg_alpha': 0.9089199108477359, 'reg_lambda': 0.5750161714560617}. Best is trial 13 with value: 0.9613662816724864.
[optuna] Best params: {'n_estimators': 315, 'max_depth': 3, 'learning_rate': 0.028740672926680658, 'subsample': 0.7912772905570155, 'colsample_bytree': 0.6142584886107608, 'min_child_weight': 8, 'reg_alpha': 0.9874577434039784, 'reg_lambda': 0.8698536513909634}
[train] done. props trained: ['points', 'assists', 'rebounds', 'steals', 'blocks', 'turnovers', 'three_pointers', 'pts_reb', 'pts_ast', 'ast_reb', 'pts_ast_reb', 'stl_blk', 'double_double', 'triple_double']
