[I 2026-04-10 05:14:17,209] Trial 21 finished with value: 0.7557621163455011 and parameters: {'n_estimators': 416, 'max_depth': 3, 'learning_rate': 0.01893375378342131, 'subsample': 0.9274065113580142, 'colsample_bytree': 0.7567698021073224, 'min_child_weight': 7, 'reg_alpha': 0.6308427437027633, 'reg_lambda': 0.2607841884542715}. Best is trial 21 with value: 0.7557621163455011.
[I 2026-04-10 05:14:26,946] Trial 22 finished with value: 0.7557523140094894 and parameters: {'n_estimators': 435, 'max_depth': 3, 'learning_rate': 0.017279145498924547, 'subsample': 0.9325409100967622, 'colsample_bytree': 0.7643906726132716, 'min_child_weight': 7, 'reg_alpha': 0.6613821598193405, 'reg_lambda': 0.2845314753714785}. Best is trial 21 with value: 0.7557621163455011.
[I 2026-04-10 05:14:36,994] Trial 23 finished with value: 0.7555505786434131 and parameters: {'n_estimators': 435, 'max_depth': 3, 'learning_rate': 0.014846122083714525, 'subsample': 0.9453151267661777, 'colsample_bytree': 0.7824769774007931, 'min_child_weight': 5, 'reg_alpha': 0.6608928259103485, 'reg_lambda': 0.42000312027419423}. Best is trial 21 with value: 0.7557621163455011.
[I 2026-04-10 05:14:51,295] Trial 24 finished with value: 0.7556734369387751 and parameters: {'n_estimators': 663, 'max_depth': 3, 'learning_rate': 0.014866866063523434, 'subsample': 0.9924075061816127, 'colsample_bytree': 0.841519850246145, 'min_child_weight': 5, 'reg_alpha': 0.8043853406004687, 'reg_lambda': 0.43516259028799464}. Best is trial 21 with value: 0.7557621163455011.
[I 2026-04-10 05:15:05,527] Trial 25 finished with value: 0.7554428352210862 and parameters: {'n_estimators': 660, 'max_depth': 3, 'learning_rate': 0.015915836847807775, 'subsample': 0.9917903741936787, 'colsample_bytree': 0.8609432109493422, 'min_child_weight': 5, 'reg_alpha': 0.8250395164900788, 'reg_lambda': 0.42786418731415793}. Best is trial 21 with value: 0.7557621163455011.
[I 2026-04-10 05:15:23,354] Trial 26 finished with value: 0.7558460943920295 and parameters: {'n_estimators': 738, 'max_depth': 4, 'learning_rate': 0.01060940883329254, 'subsample': 0.9718417912031686, 'colsample_bytree': 0.8188059611250774, 'min_child_weight': 7, 'reg_alpha': 0.9486769282773356, 'reg_lambda': 0.6213903170506386}. Best is trial 26 with value: 0.7558460943920295.
[I 2026-04-10 05:15:42,760] Trial 27 finished with value: 0.7554196927755139 and parameters: {'n_estimators': 817, 'max_depth': 4, 'learning_rate': 0.011573013093751772, 'subsample': 0.9125928902485658, 'colsample_bytree': 0.8128581799162992, 'min_child_weight': 7, 'reg_alpha': 0.892437788313015, 'reg_lambda': 0.7016374528671885}. Best is trial 26 with value: 0.7558460943920295.
[I 2026-04-10 05:15:59,872] Trial 28 finished with value: 0.7533830047709403 and parameters: {'n_estimators': 752, 'max_depth': 4, 'learning_rate': 0.025410336552329858, 'subsample': 0.9728412812005761, 'colsample_bytree': 0.7022373943533312, 'min_child_weight': 6, 'reg_alpha': 0.9397893649812425, 'reg_lambda': 0.5816269264984126}. Best is trial 26 with value: 0.7558460943920295.
[I 2026-04-10 05:16:15,131] Trial 29 finished with value: 0.7557010809367366 and parameters: {'n_estimators': 556, 'max_depth': 5, 'learning_rate': 0.010899017823523843, 'subsample': 0.9575230301243992, 'colsample_bytree': 0.877477310319214, 'min_child_weight': 7, 'reg_alpha': 0.017293626831771103, 'reg_lambda': 0.7909288729178505}. Best is trial 26 with value: 0.7558460943920295.
[optuna] Best params: {'n_estimators': 738, 'max_depth': 4, 'learning_rate': 0.01060940883329254, 'subsample': 0.9718417912031686, 'colsample_bytree': 0.8188059611250774, 'min_child_weight': 7, 'reg_alpha': 0.9486769282773356, 'reg_lambda': 0.6213903170506386}
[wf] blocks: auc_raw=0.721 brier_raw=0.166 auc_cal=0.712 brier_cal=0.159 folds=5
[optuna] Optimizing hyperparameters for blocks regression...
[I 2026-04-10 05:25:51,652] A new study created in memory with name: no-name-af112a96-7fd2-42e0-9c0c-775255257aeb
[I 2026-04-10 05:26:05,296] Trial 0 finished with value: 0.8730724199365741 and parameters: {'n_estimators': 786, 'max_depth': 10, 'learning_rate': 0.2505552928954823, 'subsample': 0.6832787046937733, 'colsample_bytree': 0.988774302914446, 'min_child_weight': 5, 'reg_alpha': 0.801923473898233, 'reg_lambda': 0.0764099674397124}. Best is trial 0 with value: 0.8730724199365741.
[I 2026-04-10 05:26:06,884] Trial 1 finished with value: 0.7846678618665478 and parameters: {'n_estimators': 110, 'max_depth': 9, 'learning_rate': 0.03194513729167394, 'subsample': 0.7437786491407201, 'colsample_bytree': 0.735285433399128, 'min_child_weight': 9, 'reg_alpha': 0.51014402040003, 'reg_lambda': 0.49073501636663475}. Best is trial 1 with value: 0.7846678618665478.
[I 2026-04-10 05:26:11,420] Trial 2 finished with value: 0.7810874697097582 and parameters: {'n_estimators': 755, 'max_depth': 4, 'learning_rate': 0.01688492694882197, 'subsample': 0.6287024974159565, 'colsample_bytree': 0.9319977362732914, 'min_child_weight': 10, 'reg_alpha': 0.6106041403864159, 'reg_lambda': 0.7207825529274098}. Best is trial 2 with value: 0.7810874697097582.
[I 2026-04-10 05:26:23,523] Trial 3 finished with value: 0.8104513787411829 and parameters: {'n_estimators': 741, 'max_depth': 10, 'learning_rate': 0.03475711525949676, 'subsample': 0.933506663503291, 'colsample_bytree': 0.9659280357504831, 'min_child_weight': 7, 'reg_alpha': 0.2225092944027217, 'reg_lambda': 0.0567679484956114}. Best is trial 2 with value: 0.7810874697097582.
[I 2026-04-10 05:26:29,292] Trial 4 finished with value: 0.7798959278789312 and parameters: {'n_estimators': 956, 'max_depth': 4, 'learning_rate': 0.014486640525650539, 'subsample': 0.6867005780438953, 'colsample_bytree': 0.7621552169326492, 'min_child_weight': 3, 'reg_alpha': 0.8620968881891158, 'reg_lambda': 0.07153227732224166}. Best is trial 4 with value: 0.7798959278789312.
[I 2026-04-10 05:26:31,554] Trial 5 finished with value: 0.7896416839349667 and parameters: {'n_estimators': 403, 'max_depth': 3, 'learning_rate': 0.109890953361445, 'subsample': 0.8658874895173624, 'colsample_bytree': 0.7619723380798392, 'min_child_weight': 2, 'reg_alpha': 0.1084989918382937, 'reg_lambda': 0.5973373030118531}. Best is trial 4 with value: 0.7798959278789312.
[I 2026-04-10 05:26:34,863] Trial 6 finished with value: 0.7800178829096022 and parameters: {'n_estimators': 272, 'max_depth': 8, 'learning_rate': 0.010323718348232785, 'subsample': 0.6048427652303814, 'colsample_bytree': 0.6366946608576531, 'min_child_weight': 2, 'reg_alpha': 0.6148187053847887, 'reg_lambda': 0.4762920666434196}. Best is trial 4 with value: 0.7798959278789312.
[I 2026-04-10 05:26:36,517] Trial 7 finished with value: 0.7792602051936116 and parameters: {'n_estimators': 246, 'max_depth': 4, 'learning_rate': 0.023854582642956743, 'subsample': 0.7796447694497596, 'colsample_bytree': 0.6391227322518472, 'min_child_weight': 8, 'reg_alpha': 0.9103223199955598, 'reg_lambda': 0.41774427811320824}. Best is trial 7 with value: 0.7792602051936116.
[I 2026-04-10 05:26:40,775] Trial 8 finished with value: 0.8567967360088421 and parameters: {'n_estimators': 348, 'max_depth': 8, 'learning_rate': 0.27442970100732017, 'subsample': 0.9414104506349534, 'colsample_bytree': 0.8774578906484758, 'min_child_weight': 7, 'reg_alpha': 0.6019495566592421, 'reg_lambda': 0.6763077649959491}. Best is trial 7 with value: 0.7792602051936116.
[I 2026-04-10 05:26:45,514] Trial 9 finished with value: 0.7811420096868535 and parameters: {'n_estimators': 873, 'max_depth': 3, 'learning_rate': 0.03344724069923154, 'subsample': 0.7184730113726144, 'colsample_bytree': 0.8258107290727101, 'min_child_weight': 2, 'reg_alpha': 0.7743174853026313, 'reg_lambda': 0.7940380302824167}. Best is trial 7 with value: 0.7792602051936116.
[I 2026-04-10 05:26:49,842] Trial 10 finished with value: 0.7951366043749865 and parameters: {'n_estimators': 560, 'max_depth': 6, 'learning_rate': 0.05872588038787421, 'subsample': 0.8323899380721863, 'colsample_bytree': 0.6250643545735561, 'min_child_weight': 8, 'reg_alpha': 0.9632754125155178, 'reg_lambda': 0.3056111467443965}. Best is trial 7 with value: 0.7792602051936116.
[I 2026-04-10 05:26:53,746] Trial 11 finished with value: 0.7813082437060228 and parameters: {'n_estimators': 540, 'max_depth': 5, 'learning_rate': 0.01606274999630262, 'subsample': 0.7842731652503324, 'colsample_bytree': 0.7142910254056347, 'min_child_weight': 4, 'reg_alpha': 0.9512142636535965, 'reg_lambda': 0.2678965479368224}. Best is trial 7 with value: 0.7792602051936116.
[I 2026-04-10 05:27:00,537] Trial 12 finished with value: 0.7856403680731612 and parameters: {'n_estimators': 969, 'max_depth': 5, 'learning_rate': 0.01793118650319134, 'subsample': 0.6777785158981451, 'colsample_bytree': 0.6882375536391842, 'min_child_weight': 4, 'reg_alpha': 0.7724884448887417, 'reg_lambda': 0.24627528000495574}. Best is trial 7 with value: 0.7792602051936116.
[I 2026-04-10 05:27:01,509] Trial 13 finished with value: 0.7882917812955899 and parameters: {'n_estimators': 103, 'max_depth': 5, 'learning_rate': 0.01092078124888156, 'subsample': 0.7801807776038878, 'colsample_bytree': 0.8027772849875302, 'min_child_weight': 5, 'reg_alpha': 0.30574215756234635, 'reg_lambda': 0.3743032880013137}. Best is trial 7 with value: 0.7792602051936116.
[I 2026-04-10 05:27:05,105] Trial 14 finished with value: 0.790719324556509 and parameters: {'n_estimators': 590, 'max_depth': 4, 'learning_rate': 0.05963711026129323, 'subsample': 0.8549647378987206, 'colsample_bytree': 0.6564754703590863, 'min_child_weight': 1, 'reg_alpha': 0.9973953982356856, 'reg_lambda': 0.15036341236679174}. Best is trial 7 with value: 0.7792602051936116.
[I 2026-04-10 05:27:07,266] Trial 15 finished with value: 0.7811228540042032 and parameters: {'n_estimators': 252, 'max_depth': 6, 'learning_rate': 0.02502190385913954, 'subsample': 0.6767918536992914, 'colsample_bytree': 0.8573634193473246, 'min_child_weight': 7, 'reg_alpha': 0.839389314094277, 'reg_lambda': 0.956129321490619}. Best is trial 7 with value: 0.7792602051936116.
[I 2026-04-10 05:27:10,136] Trial 16 finished with value: 0.7793539073697188 and parameters: {'n_estimators': 452, 'max_depth': 4, 'learning_rate': 0.023691430972453513, 'subsample': 0.9995881947759103, 'colsample_bytree': 0.6025760537750074, 'min_child_weight': 4, 'reg_alpha': 0.6913966947486745, 'reg_lambda': 0.1621807677350336}. Best is trial 7 with value: 0.7792602051936116.
[I 2026-04-10 05:27:14,161] Trial 17 finished with value: 0.8137572977739104 and parameters: {'n_estimators': 459, 'max_depth': 7, 'learning_rate': 0.10889397075627615, 'subsample': 0.9946888548759631, 'colsample_bytree': 0.6094213442855306, 'min_child_weight': 6, 'reg_alpha': 0.37101068997807474, 'reg_lambda': 0.4059157329612469}. Best is trial 7 with value: 0.7792602051936116.
[I 2026-04-10 05:27:15,510] Trial 18 finished with value: 0.7787531649062518 and parameters: {'n_estimators': 211, 'max_depth': 3, 'learning_rate': 0.02497193801543867, 'subsample': 0.9133678566383421, 'colsample_bytree': 0.6671979776005559, 'min_child_weight': 10, 'reg_alpha': 0.6890744000598237, 'reg_lambda': 0.2119821772773447}. Best is trial 18 with value: 0.7787531649062518.
[I 2026-04-10 05:27:16,829] Trial 19 finished with value: 0.7775930911894386 and parameters: {'n_estimators': 213, 'max_depth': 3, 'learning_rate': 0.047357096580736516, 'subsample': 0.9010649841099758, 'colsample_bytree': 0.6692028402443944, 'min_child_weight': 10, 'reg_alpha': 0.4786255447841003, 'reg_lambda': 0.5929326481348001}. Best is trial 19 with value: 0.7775930911894386.
[I 2026-04-10 05:27:17,902] Trial 20 finished with value: 0.7783026226445645 and parameters: {'n_estimators': 169, 'max_depth': 3, 'learning_rate': 0.0844323553969764, 'subsample': 0.90903839118738, 'colsample_bytree': 0.687360921607722, 'min_child_weight': 10, 'reg_alpha': 0.4469968726505521, 'reg_lambda': 0.8537815876747775}. Best is trial 19 with value: 0.7775930911894386.
[I 2026-04-10 05:27:19,087] Trial 21 finished with value: 0.7781084808042181 and parameters: {'n_estimators': 189, 'max_depth': 3, 'learning_rate': 0.08082199997653856, 'subsample': 0.9073073552123956, 'colsample_bytree': 0.6943918914239066, 'min_child_weight': 10, 'reg_alpha': 0.4656286326692963, 'reg_lambda': 0.9219789669648556}. Best is trial 19 with value: 0.7775930911894386.
[I 2026-04-10 05:27:20,223] Trial 22 finished with value: 0.7791981103639228 and parameters: {'n_estimators': 184, 'max_depth': 3, 'learning_rate': 0.10966301526479814, 'subsample': 0.8999576232400073, 'colsample_bytree': 0.6999764121979096, 'min_child_weight': 9, 'reg_alpha': 0.44156708841441294, 'reg_lambda': 0.9856561179120306}. Best is trial 19 with value: 0.7775930911894386.
[I 2026-04-10 05:27:21,219] Trial 23 finished with value: 0.7781129705306286 and parameters: {'n_estimators': 154, 'max_depth': 3, 'learning_rate': 0.07891575398160189, 'subsample': 0.9629536778054447, 'colsample_bytree': 0.7439789991506338, 'min_child_weight': 10, 'reg_alpha': 0.4761510015394413, 'reg_lambda': 0.8681461568583799}. Best is trial 19 with value: 0.7775930911894386.
[I 2026-04-10 05:27:23,550] Trial 24 finished with value: 0.814455983874365 and parameters: {'n_estimators': 334, 'max_depth': 5, 'learning_rate': 0.18888952407584073, 'subsample': 0.9620674197242463, 'colsample_bytree': 0.7454858766572259, 'min_child_weight': 9, 'reg_alpha': 0.2700056053002343, 'reg_lambda': 0.8858218918374894}. Best is trial 19 with value: 0.7775930911894386.
[I 2026-04-10 05:27:25,360] Trial 25 finished with value: 0.7781511687423541 and parameters: {'n_estimators': 304, 'max_depth': 3, 'learning_rate': 0.04481781477536077, 'subsample': 0.8798604917462636, 'colsample_bytree': 0.7115660850207012, 'min_child_weight': 10, 'reg_alpha': 0.5168244751344646, 'reg_lambda': 0.5865477320351825}. Best is trial 19 with value: 0.7775930911894386.
[I 2026-04-10 05:27:26,426] Trial 26 finished with value: 0.7812380590942071 and parameters: {'n_estimators': 150, 'max_depth': 4, 'learning_rate': 0.07686201050795892, 'subsample': 0.8254581313010062, 'colsample_bytree': 0.780253162706009, 'min_child_weight': 8, 'reg_alpha': 0.3866676845649456, 'reg_lambda': 0.7639289216253786}. Best is trial 19 with value: 0.7775930911894386.
[I 2026-04-10 05:27:29,156] Trial 27 finished with value: 0.8167956347145523 and parameters: {'n_estimators': 350, 'max_depth': 6, 'learning_rate': 0.15602038582569747, 'subsample': 0.959604960562405, 'colsample_bytree': 0.668227850813845, 'min_child_weight': 9, 'reg_alpha': 0.19085008229104, 'reg_lambda': 0.9027980037463891}. Best is trial 19 with value: 0.7775930911894386.
[I 2026-04-10 05:27:32,801] Trial 28 finished with value: 0.7811416604584409 and parameters: {'n_estimators': 655, 'max_depth': 3, 'learning_rate': 0.04529383969534546, 'subsample': 0.9647014158759737, 'colsample_bytree': 0.7273746122197131, 'min_child_weight': 10, 'reg_alpha': 0.02686360285843792, 'reg_lambda': 0.6355900348565937}. Best is trial 19 with value: 0.7775930911894386.
[I 2026-04-10 05:27:34,882] Trial 29 finished with value: 0.7977236813479008 and parameters: {'n_estimators': 215, 'max_depth': 7, 'learning_rate': 0.07983213543467946, 'subsample': 0.826671406213745, 'colsample_bytree': 0.8061380529442841, 'min_child_weight': 8, 'reg_alpha': 0.5494687114497877, 'reg_lambda': 0.8112047324890466}. Best is trial 19 with value: 0.7775930911894386.
[optuna] Best params: {'n_estimators': 213, 'max_depth': 3, 'learning_rate': 0.047357096580736516, 'subsample': 0.9010649841099758, 'colsample_bytree': 0.6692028402443944, 'min_child_weight': 10, 'reg_alpha': 0.4786255447841003, 'reg_lambda': 0.5929326481348001}
[optuna] Optimizing hyperparameters for blocks classification...
[I 2026-04-10 05:33:21,978] A new study created in memory with name: no-name-a484a4c5-e58d-49cc-bedb-cca98ff951d9
[I 2026-04-10 05:33:45,149] Trial 0 finished with value: 0.7319388021110987 and parameters: {'n_estimators': 864, 'max_depth': 9, 'learning_rate': 0.03273015304037704, 'subsample': 0.6912662057701393, 'colsample_bytree': 0.8954482698085815, 'min_child_weight': 9, 'reg_alpha': 0.11137978644015967, 'reg_lambda': 0.13860459037654627}. Best is trial 0 with value: 0.7319388021110987.
[I 2026-04-10 05:33:52,388] Trial 1 finished with value: 0.7523756776803348 and parameters: {'n_estimators': 375, 'max_depth': 4, 'learning_rate': 0.056023647034234764, 'subsample': 0.9799263368140686, 'colsample_bytree': 0.7941471763099022, 'min_child_weight': 8, 'reg_alpha': 0.4650707925467471, 'reg_lambda': 0.3919272887326024}. Best is trial 1 with value: 0.7523756776803348.
[I 2026-04-10 05:34:01,579] Trial 2 finished with value: 0.7486577025846609 and parameters: {'n_estimators': 432, 'max_depth': 5, 'learning_rate': 0.05758045538789267, 'subsample': 0.9108587787931417, 'colsample_bytree': 0.8957770783412242, 'min_child_weight': 4, 'reg_alpha': 0.9653311568088787, 'reg_lambda': 0.7775388151217744}. Best is trial 1 with value: 0.7523756776803348.
[I 2026-04-10 05:34:28,913] Trial 3 finished with value: 0.720190719671974 and parameters: {'n_estimators': 870, 'max_depth': 10, 'learning_rate': 0.13608166480505166, 'subsample': 0.9216812811549719, 'colsample_bytree': 0.6390802360772486, 'min_child_weight': 5, 'reg_alpha': 0.4770540042881941, 'reg_lambda': 0.7693982935913766}. Best is trial 1 with value: 0.7523756776803348.
[I 2026-04-10 05:34:37,512] Trial 4 finished with value: 0.7507713563557823 and parameters: {'n_estimators': 488, 'max_depth': 3, 'learning_rate': 0.0854902238978108, 'subsample': 0.7490217465097201, 'colsample_bytree': 0.8653035823121469, 'min_child_weight': 3, 'reg_alpha': 0.3335453361791788, 'reg_lambda': 0.9753383969295767}. Best is trial 1 with value: 0.7523756776803348.
[I 2026-04-10 05:34:54,423] Trial 5 finished with value: 0.7047377349969003 and parameters: {'n_estimators': 524, 'max_depth': 10, 'learning_rate': 0.29041713349705855, 'subsample': 0.6009524560093864, 'colsample_bytree': 0.874950346077113, 'min_child_weight': 9, 'reg_alpha': 0.6420854728276525, 'reg_lambda': 0.8499262772320008}. Best is trial 1 with value: 0.7523756776803348.
[I 2026-04-10 05:35:10,229] Trial 6 finished with value: 0.7449705798221514 and parameters: {'n_estimators': 799, 'max_depth': 5, 'learning_rate': 0.03972334368374428, 'subsample': 0.6409072641114432, 'colsample_bytree': 0.8358166563533836, 'min_child_weight': 10, 'reg_alpha': 0.5030071662178395, 'reg_lambda': 0.9851612073973701}. Best is trial 1 with value: 0.7523756776803348.
[I 2026-04-10 05:35:18,510] Trial 7 finished with value: 0.751853973563431 and parameters: {'n_estimators': 381, 'max_depth': 4, 'learning_rate': 0.013095620079321206, 'subsample': 0.7088255166834443, 'colsample_bytree': 0.800108548747146, 'min_child_weight': 5, 'reg_alpha': 0.22706422890076006, 'reg_lambda': 0.46581891304842904}. Best is trial 1 with value: 0.7523756776803348.
[I 2026-04-10 05:35:29,659] Trial 8 finished with value: 0.7415572667138096 and parameters: {'n_estimators': 659, 'max_depth': 3, 'learning_rate': 0.13656841646166007, 'subsample': 0.6792026542361191, 'colsample_bytree': 0.955044023525077, 'min_child_weight': 9, 'reg_alpha': 0.6921861878495603, 'reg_lambda': 0.8133036565914602}. Best is trial 1 with value: 0.7523756776803348.
[I 2026-04-10 05:35:49,177] Trial 9 finished with value: 0.7150313489289379 and parameters: {'n_estimators': 895, 'max_depth': 6, 'learning_rate': 0.12349038641942615, 'subsample': 0.7859121795423967, 'colsample_bytree': 0.9753260345068917, 'min_child_weight': 7, 'reg_alpha': 0.41842561854831883, 'reg_lambda': 0.145578048446535}. Best is trial 1 with value: 0.7523756776803348.
[I 2026-04-10 05:35:53,756] Trial 10 finished with value: 0.7476792456201117 and parameters: {'n_estimators': 139, 'max_depth': 7, 'learning_rate': 0.01671986574925245, 'subsample': 0.9943190881955086, 'colsample_bytree': 0.6928983390001583, 'min_child_weight': 7, 'reg_alpha': 0.003671031268409952, 'reg_lambda': 0.4343687437396069}. Best is trial 1 with value: 0.7523756776803348.
[I 2026-04-10 05:36:00,645] Trial 11 finished with value: 0.7514063073618545 and parameters: {'n_estimators': 288, 'max_depth': 4, 'learning_rate': 0.014768440027225336, 'subsample': 0.8520309970056258, 'colsample_bytree': 0.7562255020155645, 'min_child_weight': 6, 'reg_alpha': 0.27132204423812223, 'reg_lambda': 0.41823411231229696}. Best is trial 1 with value: 0.7523756776803348.
[I 2026-04-10 05:36:10,579] Trial 12 finished with value: 0.7499195361161524 and parameters: {'n_estimators': 314, 'max_depth': 7, 'learning_rate': 0.010166981063035352, 'subsample': 0.753690474909129, 'colsample_bytree': 0.770923530322578, 'min_child_weight': 1, 'reg_alpha': 0.19038534730649725, 'reg_lambda': 0.2968563813807785}. Best is trial 1 with value: 0.7523756776803348.
[I 2026-04-10 05:36:17,406] Trial 13 finished with value: 0.7531103704758156 and parameters: {'n_estimators': 312, 'max_depth': 4, 'learning_rate': 0.028018071814698307, 'subsample': 0.9993110754513066, 'colsample_bytree': 0.728695057106215, 'min_child_weight': 7, 'reg_alpha': 0.6075181313530404, 'reg_lambda': 0.5895491368918041}. Best is trial 13 with value: 0.7531103704758156.
[I 2026-04-10 05:36:21,284] Trial 14 finished with value: 0.7509634822486702 and parameters: {'n_estimators': 138, 'max_depth': 5, 'learning_rate': 0.026697645967959694, 'subsample': 0.9887743619047402, 'colsample_bytree': 0.6955831884410657, 'min_child_weight': 7, 'reg_alpha': 0.7889536643482484, 'reg_lambda': 0.6522449500147292}. Best is trial 13 with value: 0.7531103704758156.
[I 2026-04-10 05:36:33,346] Trial 15 finished with value: 0.7481913251922363 and parameters: {'n_estimators': 621, 'max_depth': 4, 'learning_rate': 0.058623820662398005, 'subsample': 0.9314772025050574, 'colsample_bytree': 0.7138904348154402, 'min_child_weight': 8, 'reg_alpha': 0.6047755930603191, 'reg_lambda': 0.6457891101408668}. Best is trial 13 with value: 0.7531103704758156.
